Warning on use of the timeseries module: If the inherent timescales of the system are long compared to those being analyzed, this statistical inefficiency may be an underestimate.  The estimate presumes the use of many statistically independent samples.  Tests should be performed to assess whether this condition is satisfied.   Be cautious in the interpretation of the data.

****** PyMBAR will use 64-bit JAX! *******
* JAX is currently set to 32-bit bitsize *
* which is its default.                  *
*                                        *
* PyMBAR requires 64-bit mode and WILL   *
* enable JAX's 64-bit mode when called.  *
*                                        *
* This MAY cause problems with other     *
* Uses of JAX in the same code.          *
******************************************

2024-09-22 15:21:29.017 | DEBUG    | alchemlyb.preprocessing.subsampling:statistical_inefficiency:520 - Running statistical inefficiency analysis.
2024-09-22 15:21:29.574 | DEBUG    | alchemlyb.preprocessing.subsampling:statistical_inefficiency:522 - Statistical inefficiency: 96.60.
2024-09-22 15:21:29.575 | DEBUG    | alchemlyb.preprocessing.subsampling:statistical_inefficiency:528 - Number of uncorrelated samples: 10305.
2024-09-22 15:21:30.384 | DEBUG    | alchemlyb.preprocessing.subsampling:statistical_inefficiency:520 - Running statistical inefficiency analysis.
2024-09-22 15:21:30.393 | DEBUG    | alchemlyb.preprocessing.subsampling:statistical_inefficiency:522 - Statistical inefficiency: 1.00.
2024-09-22 15:21:30.393 | DEBUG    | alchemlyb.preprocessing.subsampling:statistical_inefficiency:528 - Number of uncorrelated samples: 999501.
/projects/liwh2139/software/anaconda/envs/openff-toolkit/lib/python3.9/site-packages/alchemlyb/estimators/mbar_.py:106: FutureWarning: When grouping with a length-1 list-like, you will need to pass a length-1 tuple to get_group in a future version of pandas. Pass `(name,)` instead of `name` to silence this warning.
  (len(groups.get_group(i)) if i in groups.groups else 0)

******* JAX 64-bit mode is now on! *******
*     JAX is now set to 64-bit mode!     *
*   This MAY cause problems with other   *
*      uses of JAX in the same code.     *
******************************************

/projects/liwh2139/software/anaconda/envs/openff-toolkit/lib/python3.9/site-packages/alchemlyb/estimators/bar_.py:97: FutureWarning: When grouping with a length-1 list-like, you will need to pass a length-1 tuple to get_group in a future version of pandas. Pass `(name,)` instead of `name` to silence this warning.
  (len(groups.get_group(i)) if i in groups.groups else 0)
/projects/liwh2139/software/anaconda/envs/openff-toolkit/lib/python3.9/site-packages/alchemlyb/estimators/bar_.py:106: FutureWarning: When grouping with a length-1 list-like, you will need to pass a length-1 tuple to get_group in a future version of pandas. Pass `(name,)` instead of `name` to silence this warning.
  uk = groups.get_group(self._states_[k])
/projects/liwh2139/software/anaconda/envs/openff-toolkit/lib/python3.9/site-packages/alchemlyb/estimators/bar_.py:111: FutureWarning: When grouping with a length-1 list-like, you will need to pass a length-1 tuple to get_group in a future version of pandas. Pass `(name,)` instead of `name` to silence this warning.
  uk1 = groups.get_group(self._states_[k + 1])
FE differences in units of Kb_T between each lambda window (TI):
            0.00      0.09      0.18  ...      0.86      0.93      1.00
0.000   0.000000  2.262391  4.424033  ...  6.412566  4.317411  3.636058
0.090  -2.262391  0.000000  2.161642  ...  4.150175  2.055020  1.373667
0.180  -4.424033 -2.161642  0.000000  ...  1.988533 -0.106622 -0.787975
0.300  -7.133787 -4.871396 -2.709754  ... -0.721221 -2.816376 -3.497729
0.420  -9.543476 -7.281085 -5.119443  ... -3.130910 -5.226065 -5.907418
0.495 -10.769212 -8.506820 -6.345179  ... -4.356645 -6.451801 -7.133154
0.570 -11.710495 -9.448104 -7.286462  ... -5.297929 -7.393084 -8.074437
0.625 -12.105949 -9.843557 -7.681916  ... -5.693382 -7.788537 -8.469891
0.680 -12.061198 -9.798807 -7.637165  ... -5.648632 -7.743787 -8.425140
0.720 -11.572534 -9.310143 -7.148501  ... -5.159968 -7.255123 -7.936476
0.760 -10.540067 -8.277676 -6.116034  ... -4.127501 -6.222656 -6.904009
0.810  -8.575186 -6.312795 -4.151153  ... -2.162620 -4.257775 -4.939128
0.860  -6.412566 -4.150175 -1.988533  ...  0.000000 -2.095155 -2.776508
0.930  -4.317411 -2.055020  0.106622  ...  2.095155  0.000000 -0.681353
1.000  -3.636058 -1.373667  0.787975  ...  2.776508  0.681353  0.000000

[15 rows x 15 columns]

Endpoint differences (TI)
3.6360579679642333

TI error
           0.00      0.09      0.18  ...      0.86      0.93      1.00
0.000  0.000000  0.017991  0.031961  ...  0.134906  0.139704  0.141195
0.090  0.017991  0.000000  0.018986  ...  0.132433  0.137318  0.138834
0.180  0.031961  0.018986  0.000000  ...  0.129099  0.134106  0.135657
0.300  0.048435  0.041048  0.028513  ...  0.122105  0.127387  0.129019
0.420  0.066488  0.061316  0.053738  ...  0.113821  0.119470  0.121209
0.495  0.076825  0.072395  0.066099  ...  0.107222  0.113200  0.115035
0.570  0.087065  0.083183  0.077765  ...  0.099597  0.106006  0.107962
0.625  0.094603  0.091043  0.086121  ...  0.091778  0.098696  0.100795
0.680  0.103345  0.100096  0.095641  ...  0.082498  0.090131  0.092424
0.720  0.109922  0.106873  0.102713  ...  0.072506  0.081085  0.083627
0.760  0.117732  0.114890  0.111031  ...  0.055834  0.066597  0.069669
0.810  0.127949  0.125340  0.121812  ...  0.027881  0.045772  0.050137
0.860  0.134906  0.132433  0.129099  ...  0.000000  0.024756  0.032117
0.930  0.139704  0.137318  0.134106  ...  0.024756  0.000000  0.013405
1.000  0.141195  0.138834  0.135657  ...  0.032117  0.013405  0.000000

[15 rows x 15 columns]

TI error endpoint difference
0.14119450949546575
FE differences in units of Kb_T between each lambda window (MBAR):
            0.00      0.09      0.18  ...      0.86      0.93      1.00
0.000   0.000000  2.222660  4.366315  ...  6.534864  4.420097  3.737773
0.090  -2.222660  0.000000  2.143655  ...  4.312204  2.197437  1.515114
0.180  -4.366315 -2.143655  0.000000  ...  2.168550  0.053782 -0.628541
0.300  -7.058295 -4.835635 -2.691981  ... -0.523431 -2.638198 -3.320522
0.420  -9.463291 -7.240631 -5.096976  ... -2.928427 -5.043194 -5.725518
0.495 -10.733191 -8.510531 -6.366877  ... -4.198327 -6.313094 -6.995418
0.570 -11.706627 -9.483967 -7.340312  ... -5.171763 -7.286530 -7.968853
0.625 -12.114833 -9.892174 -7.748519  ... -5.579969 -7.694737 -8.377060
0.680 -12.088952 -9.866292 -7.722637  ... -5.554088 -7.668855 -8.351179
0.720 -11.639219 -9.416560 -7.272905  ... -5.104355 -7.219123 -7.901446
0.760 -10.663789 -8.441129 -6.297474  ... -4.128925 -6.243692 -6.926015
0.810  -8.694662 -6.472003 -4.328348  ... -2.159798 -4.274566 -4.956889
0.860  -6.534864 -4.312204 -2.168550  ...  0.000000 -2.114767 -2.797091
0.930  -4.420097 -2.197437 -0.053782  ...  2.114767  0.000000 -0.682323
1.000  -3.737773 -1.515114  0.628541  ...  2.797091  0.682323  0.000000

[15 rows x 15 columns]

Endpoint differences (MBAR)
3.737773440689425

MBAR error
           0.00      0.09      0.18  ...      0.86      0.93      1.00
0.000  0.000000  0.001493  0.002854  ...  0.013131  0.013596  0.013829
0.090  0.001493  0.000000  0.001560  ...  0.012828  0.013304  0.013542
0.180  0.002854  0.001560  0.000000  ...  0.012465  0.012955  0.013199
0.300  0.004597  0.003672  0.002419  ...  0.011817  0.012332  0.012588
0.420  0.006269  0.005608  0.004724  ...  0.011012  0.011563  0.011835
0.495  0.007238  0.006673  0.005945  ...  0.010417  0.010998  0.011284
0.570  0.008193  0.007700  0.007079  ...  0.009682  0.010304  0.010609
0.625  0.008941  0.008491  0.007932  ...  0.008983  0.009651  0.009976
0.680  0.009780  0.009370  0.008867  ...  0.008046  0.008785  0.009141
0.720  0.010475  0.010093  0.009628  ...  0.007038  0.007875  0.008270
0.760  0.011286  0.010933  0.010504  ...  0.005356  0.006413  0.006895
0.810  0.012393  0.012072  0.011686  ...  0.002371  0.003888  0.004610
0.860  0.013131  0.012828  0.012465  ...  0.000000  0.001800  0.002774
0.930  0.013596  0.013304  0.012955  ...  0.001800  0.000000  0.001126
1.000  0.013829  0.013542  0.013199  ...  0.002774  0.001126  0.000000

[15 rows x 15 columns]

MBAR error endpoint difference
0.013828711547264063
FE differences in units of Kb_T between each lambda window (BAR):
            0.00      0.09      0.18  ...      0.86      0.93      1.00
0.000   0.000000  2.221412  4.362917  ...  6.524915  4.409953  3.729077
0.090  -2.221412  0.000000  2.141505  ...  4.303504  2.188541  1.507666
0.180  -4.362917 -2.141505  0.000000  ...  2.161998  0.047036 -0.633839
0.300  -7.053692 -4.832280 -2.690775  ... -0.528777 -2.643739 -3.324615
0.420  -9.458112 -7.236700 -5.095195  ... -2.933197 -5.048159 -5.729035
0.495 -10.728266 -8.506854 -6.365349  ... -4.203351 -6.318313 -6.999189
0.570 -11.700259 -9.478848 -7.337342  ... -5.175344 -7.290306 -7.971182
0.625 -12.109453 -9.888041 -7.746536  ... -5.584538 -7.699500 -8.380376
0.680 -12.083199 -9.861788 -7.720283  ... -5.558284 -7.673246 -8.354122
0.720 -11.632925 -9.411513 -7.270008  ... -5.108010 -7.222972 -7.903848
0.760 -10.657155 -8.435744 -6.294239  ... -4.132240 -6.247202 -6.928078
0.810  -8.687199 -6.465787 -4.324282  ... -2.162283 -4.277246 -4.958121
0.860  -6.524915 -4.303504 -2.161998  ...  0.000000 -2.114962 -2.795838
0.930  -4.409953 -2.188541 -0.047036  ...  2.114962  0.000000 -0.680876
1.000  -3.729077 -1.507666  0.633839  ...  2.795838  0.680876  0.000000

[15 rows x 15 columns]

Endpoint differences (BAR)
3.7290774176756263

BAR error
           0.00      0.09      0.18  ...      0.86      0.93      1.00
0.000  0.000000  0.001879       NaN  ...       NaN       NaN       NaN
0.090  0.001879  0.000000  0.001998  ...       NaN       NaN       NaN
0.180       NaN  0.001998  0.000000  ...       NaN       NaN       NaN
0.300       NaN       NaN  0.002954  ...       NaN       NaN       NaN
0.420       NaN       NaN       NaN  ...       NaN       NaN       NaN
0.495       NaN       NaN       NaN  ...       NaN       NaN       NaN
0.570       NaN       NaN       NaN  ...       NaN       NaN       NaN
0.625       NaN       NaN       NaN  ...       NaN       NaN       NaN
0.680       NaN       NaN       NaN  ...       NaN       NaN       NaN
0.720       NaN       NaN       NaN  ...       NaN       NaN       NaN
0.760       NaN       NaN       NaN  ...       NaN       NaN       NaN
0.810       NaN       NaN       NaN  ...  0.002882       NaN       NaN
0.860       NaN       NaN       NaN  ...  0.000000  0.002277       NaN
0.930       NaN       NaN       NaN  ...  0.002277  0.000000  0.001319
1.000       NaN       NaN       NaN  ...       NaN  0.001319  0.000000

[15 rows x 15 columns]

BAR error endpoint difference
nan
