                      :-) GROMACS - gmx mdrun, 2022.4 (-:

Copyright 1991-2022 The GROMACS Authors.
GROMACS is free software; you can redistribute it and/or modify it
under the terms of the GNU Lesser General Public License
as published by the Free Software Foundation; either version 2.1
of the License, or (at your option) any later version.

                         Current GROMACS contributors:
       Mark Abraham           Andrey Alekseenko           Cathrine Bergh      
      Christian Blau            Eliane Briand               Kevin Boyd        
     Oliver Fleetwood         Stefan Fleischmann           Vytas Gapsys       
       Gaurav Garg           Gilles Gouaillardet            Alan Gray         
      Victor Holanda           M. Eric Irrgang              Joe Jordan        
    Christoph Junghans        Prashanth Kanduri           Sebastian Kehl      
     Sebastian Keller          Carsten Kutzner           Magnus Lundborg      
       Pascal Merz              Dmitry Morozov             Szilard Pall       
      Roland Schulz             Michael Shirts         David van der Spoel    
     Alessandra Villa      Sebastian Wingbermuehle        Artem Zhmurov       

                         Previous GROMACS contributors:
        Emile Apol             Rossen Apostolov           James Barnett       
  Herman J.C. Berendsen          Par Bjelkmar           Viacheslav Bolnykh    
    Aldert van Buuren          Carlo Camilloni           Rudi van Drunen      
      Anton Feenstra           Gerrit Groenhof            Bert de Groot       
      Anca Hamuraru           Vincent Hindriksen         Aleksei Iupinov      
   Dimitrios Karkoulis           Peter Kasson               Jiri Kraus        
       Per Larsson             Justin A. Lemkul           Viveca Lindahl      
      Erik Marklund           Pieter Meulenhoff           Vedran Miletic      
      Teemu Murtola              Sander Pronk            Alexey Shvetsov      
      Alfons Sijbers            Peter Tieleman             Jon Vincent        
     Teemu Virolainen         Christian Wennberg           Maarten Wolf       

                  Coordinated by the GROMACS project leaders:
                    Paul Bauer, Berk Hess, and Erik Lindahl

GROMACS:      gmx mdrun, version 2022.4
Executable:   /usr/local/bin/gmx
Data prefix:  /usr/local
Working dir:  /home/lindseywhitmore/projects/lennard-jones-miniproject/anthracene/switch_poential-switch/prod
Process ID:   1475986
Command line:
  gmx mdrun -deffnm anthracene_prod

GROMACS version:    2022.4
Precision:          mixed
Memory model:       64 bit
MPI library:        thread_mpi
OpenMP support:     enabled (GMX_OPENMP_MAX_THREADS = 128)
GPU support:        disabled
SIMD instructions:  AVX2_256
CPU FFT library:    fftw-3.3.8-sse2-avx-avx2-avx2_128
GPU FFT library:    none
RDTSCP usage:       enabled
TNG support:        enabled
Hwloc support:      disabled
Tracing support:    disabled
C compiler:         /usr/bin/cc GNU 9.4.0
C compiler flags:   -mavx2 -mfma -Wno-missing-field-initializers -fexcess-precision=fast -funroll-all-loops -O3 -DNDEBUG
C++ compiler:       /usr/bin/c++ GNU 9.4.0
C++ compiler flags: -mavx2 -mfma -Wno-missing-field-initializers -fexcess-precision=fast -funroll-all-loops -fopenmp 


Running on 1 node with total 8 cores, 16 processing units
Hardware detected:
  CPU info:
    Vendor: Intel
    Brand:  Intel(R) Xeon(R) Silver 4110 CPU @ 2.10GHz
    Family: 6   Model: 85   Stepping: 4
    Features: aes apic avx avx2 avx512f avx512cd avx512bw avx512vl clfsh cmov cx8 cx16 f16c fma hle htt intel lahf mmx msr nonstop_tsc pcid pclmuldq pdcm pdpe1gb popcnt pse rdrnd rdtscp rtm sse2 sse3 sse4.1 sse4.2 ssse3 tdt x2apic
    Number of AVX-512 FMA units: 1 (AVX2 is faster w/o 2 AVX-512 FMA units)
  Hardware topology: Basic
    Packages, cores, and logical processors:
    [indices refer to OS logical processors]
      Package  0: [   0   8] [   1   9] [   2  10] [   3  11] [   4  12] [   5  13] [   6  14] [   7  15]
    CPU limit set by OS: -1   Recommended max number of threads: 16


++++ PLEASE READ AND CITE THE FOLLOWING REFERENCE ++++
M. J. Abraham, T. Murtola, R. Schulz, S. Páll, J. C. Smith, B. Hess, E.
Lindahl
GROMACS: High performance molecular simulations through multi-level
parallelism from laptops to supercomputers
SoftwareX 1 (2015) pp. 19-25
-------- -------- --- Thank You --- -------- --------


++++ PLEASE READ AND CITE THE FOLLOWING REFERENCE ++++
S. Páll, M. J. Abraham, C. Kutzner, B. Hess, E. Lindahl
Tackling Exascale Software Challenges in Molecular Dynamics Simulations with
GROMACS
In S. Markidis & E. Laure (Eds.), Solving Software Challenges for Exascale 8759 (2015) pp. 3-27
-------- -------- --- Thank You --- -------- --------


++++ PLEASE READ AND CITE THE FOLLOWING REFERENCE ++++
S. Pronk, S. Páll, R. Schulz, P. Larsson, P. Bjelkmar, R. Apostolov, M. R.
Shirts, J. C. Smith, P. M. Kasson, D. van der Spoel, B. Hess, and E. Lindahl
GROMACS 4.5: a high-throughput and highly parallel open source molecular
simulation toolkit
Bioinformatics 29 (2013) pp. 845-54
-------- -------- --- Thank You --- -------- --------


++++ PLEASE READ AND CITE THE FOLLOWING REFERENCE ++++
B. Hess and C. Kutzner and D. van der Spoel and E. Lindahl
GROMACS 4: Algorithms for highly efficient, load-balanced, and scalable
molecular simulation
J. Chem. Theory Comput. 4 (2008) pp. 435-447
-------- -------- --- Thank You --- -------- --------


++++ PLEASE READ AND CITE THE FOLLOWING REFERENCE ++++
D. van der Spoel, E. Lindahl, B. Hess, G. Groenhof, A. E. Mark and H. J. C.
Berendsen
GROMACS: Fast, Flexible and Free
J. Comp. Chem. 26 (2005) pp. 1701-1719
-------- -------- --- Thank You --- -------- --------


++++ PLEASE READ AND CITE THE FOLLOWING REFERENCE ++++
E. Lindahl and B. Hess and D. van der Spoel
GROMACS 3.0: A package for molecular simulation and trajectory analysis
J. Mol. Mod. 7 (2001) pp. 306-317
-------- -------- --- Thank You --- -------- --------


++++ PLEASE READ AND CITE THE FOLLOWING REFERENCE ++++
H. J. C. Berendsen, D. van der Spoel and R. van Drunen
GROMACS: A message-passing parallel molecular dynamics implementation
Comp. Phys. Comm. 91 (1995) pp. 43-56
-------- -------- --- Thank You --- -------- --------


++++ PLEASE CITE THE DOI FOR THIS VERSION OF GROMACS ++++
https://doi.org/10.5281/zenodo.7323393
-------- -------- --- Thank You --- -------- --------

Input Parameters:
   integrator                     = md-vv
   tinit                          = 0
   dt                             = 0.002
   nsteps                         = 100000000
   init-step                      = 0
   simulation-part                = 1
   mts                            = false
   comm-mode                      = Linear
   nstcomm                        = 1
   bd-fric                        = 0
   ld-seed                        = 1056963488
   emtol                          = 10
   emstep                         = 0.01
   niter                          = 20
   fcstep                         = 0
   nstcgsteep                     = 1000
   nbfgscorr                      = 10
   rtpi                           = 0.05
   nstxout                        = 0
   nstvout                        = 0
   nstfout                        = 0
   nstlog                         = 1000
   nstcalcenergy                  = 1
   nstenergy                      = 1000
   nstxout-compressed             = 1000
   compressed-x-precision         = 1000
   cutoff-scheme                  = Verlet
   nstlist                        = 10
   pbc                            = xyz
   periodic-molecules             = false
   verlet-buffer-tolerance        = 0.005
   rlist                          = 0.9
   coulombtype                    = PME
   coulomb-modifier               = Potential-shift
   rcoulomb-switch                = 0
   rcoulomb                       = 0.9
   epsilon-r                      = 1
   epsilon-rf                     = inf
   vdw-type                       = Cut-off
   vdw-modifier                   = Potential-switch
   rvdw-switch                    = 0.75
   rvdw                           = 0.9
   DispCorr                       = EnerPres
   table-extension                = 1
   fourierspacing                 = 0.1
   fourier-nx                     = 36
   fourier-ny                     = 36
   fourier-nz                     = 36
   pme-order                      = 6
   ewald-rtol                     = 1e-06
   ewald-rtol-lj                  = 0.001
   lj-pme-comb-rule               = Geometric
   ewald-geometry                 = 3d
   epsilon-surface                = 0
   tcoupl                         = V-rescale
   nsttcouple                     = 10
   nh-chain-length                = 0
   print-nose-hoover-chain-variables = false
   pcoupl                         = No
   pcoupltype                     = Isotropic
   nstpcouple                     = -1
   tau-p                          = 1
   compressibility (3x3):
      compressibility[    0]={ 0.00000e+00,  0.00000e+00,  0.00000e+00}
      compressibility[    1]={ 0.00000e+00,  0.00000e+00,  0.00000e+00}
      compressibility[    2]={ 0.00000e+00,  0.00000e+00,  0.00000e+00}
   ref-p (3x3):
      ref-p[    0]={ 0.00000e+00,  0.00000e+00,  0.00000e+00}
      ref-p[    1]={ 0.00000e+00,  0.00000e+00,  0.00000e+00}
      ref-p[    2]={ 0.00000e+00,  0.00000e+00,  0.00000e+00}
   refcoord-scaling               = No
   posres-com (3):
      posres-com[0]= 0.00000e+00
      posres-com[1]= 0.00000e+00
      posres-com[2]= 0.00000e+00
   posres-comB (3):
      posres-comB[0]= 0.00000e+00
      posres-comB[1]= 0.00000e+00
      posres-comB[2]= 0.00000e+00
   QMMM                           = false
qm-opts:
   ngQM                           = 0
   constraint-algorithm           = Lincs
   continuation                   = false
   Shake-SOR                      = false
   shake-tol                      = 0.0001
   lincs-order                    = 4
   lincs-iter                     = 2
   lincs-warnangle                = 30
   nwall                          = 0
   wall-type                      = 9-3
   wall-r-linpot                  = -1
   wall-atomtype[0]               = -1
   wall-atomtype[1]               = -1
   wall-density[0]                = 0
   wall-density[1]                = 0
   wall-ewald-zfac                = 3
   pull                           = false
   awh                            = false
   rotation                       = false
   interactiveMD                  = false
   disre                          = No
   disre-weighting                = Conservative
   disre-mixed                    = false
   dr-fc                          = 1000
   dr-tau                         = 0
   nstdisreout                    = 100
   orire-fc                       = 0
   orire-tau                      = 0
   nstorireout                    = 100
   free-energy                    = expanded
   init-lambda                    = -1
   init-lambda-state              = 0
   delta-lambda                   = 0
   nstdhdl                        = 100
   n-lambdas                      = 8
   separate-dvdl:
       fep-lambdas =   FALSE
      mass-lambdas =   FALSE
      coul-lambdas =   FALSE
       vdw-lambdas =   TRUE
    bonded-lambdas =   FALSE
 restraint-lambdas =   FALSE
temperature-lambdas =   FALSE
all-lambdas:
       fep-lambdas =            0           0           0           0           0           0           0           0
      mass-lambdas =            0           0           0           0           0           0           0           0
      coul-lambdas =            0           0           0           0           0           0           0           0
       vdw-lambdas =            0        0.18        0.42        0.57        0.68        0.76        0.86           1
    bonded-lambdas =            0           0           0           0           0           0           0           0
 restraint-lambdas =            0           0           0           0           0           0           0           0
temperature-lambdas =            0           0           0           0           0           0           0           0
   calc-lambda-neighbors          = -1
   dhdl-print-energy              = total
   sc-alpha                       = 0.5
   sc-power                       = 1
   sc-r-power                     = 6
   sc-sigma                       = 0.3
   sc-sigma-min                   = 0.3
   sc-coul                        = false
   dh-hist-size                   = 0
   dh-hist-spacing                = 0.1
   separate-dhdl-file             = yes
   dhdl-derivatives               = yes
   sc-function                    = beutler
   sc-gapsys-scale-linpoint-lj    = 0.85
   sc-gapsys-scale-linpoint-q     = 0.3
   sc-gapsys-sigma-lj             = 0.3
   nstexpanded                    = 100
   lmc-stats                      = no
   lmc-move                       = metropolized-gibbs
   lmc-weights-equil              = no
   lmc-seed                       = -268765457
   mc-temperature                 = 300
   lmc-repeats                    = 1
   lmc-gibbsdelta                 = -1
   lmc-forced-nstart              = 0
   symmetrized-transition-matrix  = false
   nst-transition-matrix          = 100000
   mininum-var-min                = 100
   weight-c-range                 = 0
   wl-scale                       = 0.8
   wl-ratio                       = 0.8
   init-wl-delta                  = 1
   wl-oneovert                    = false
      init-lambda-weights (8):
      init-lambda-weights[0]= 0.00000e+00
      init-lambda-weights[1]= 4.32298e+00
      init-lambda-weights[2]= 9.25799e+00
      init-lambda-weights[3]= 1.14556e+01
      init-lambda-weights[4]= 1.18864e+01
      init-lambda-weights[5]= 1.04365e+01
      init-lambda-weights[6]= 6.22252e+00
      init-lambda-weights[7]= 3.39715e+00
   init-weights                   = false
   cos-acceleration               = 0
   deform (3x3):
      deform[    0]={ 0.00000e+00,  0.00000e+00,  0.00000e+00}
      deform[    1]={ 0.00000e+00,  0.00000e+00,  0.00000e+00}
      deform[    2]={ 0.00000e+00,  0.00000e+00,  0.00000e+00}
   simulated-tempering            = false
   swapcoords                     = no
   userint1                       = 0
   userint2                       = 0
   userint3                       = 0
   userint4                       = 0
   userreal1                      = 0
   userreal2                      = 0
   userreal3                      = 0
   userreal4                      = 0
   applied-forces:
     electric-field:
       x:
         E0                       = 0
         omega                    = 0
         t0                       = 0
         sigma                    = 0
       y:
         E0                       = 0
         omega                    = 0
         t0                       = 0
         sigma                    = 0
       z:
         E0                       = 0
         omega                    = 0
         t0                       = 0
         sigma                    = 0
     density-guided-simulation:
       active                     = false
       group                      = protein
       similarity-measure         = inner-product
       atom-spreading-weight      = unity
       force-constant             = 1e+09
       gaussian-transform-spreading-width = 0.2
       gaussian-transform-spreading-range-in-multiples-of-width = 4
       reference-density-filename = reference.mrc
       nst                        = 1
       normalize-densities        = true
       adaptive-force-scaling     = false
       adaptive-force-scaling-time-constant = 4
       shift-vector               = 
       transformation-matrix      = 
     qmmm-cp2k:
       active                     = false
       qmgroup                    = System
       qmmethod                   = PBE
       qmfilenames                = 
       qmcharge                   = 0
       qmmultiplicity             = 1
grpopts:
   nrdf:        6477
   ref-t:         300
   tau-t:           2
annealing:          No
annealing-npoints:           0
   acc:	           0           0           0
   nfreeze:           N           N           N
   energygrp-flags[  0]: 0

Changing nstlist from 10 to 100, rlist from 0.9 to 1.004


Initializing Domain Decomposition on 1 ranks
Dynamic load balancing: auto
Using update groups, nr 1087, average size 3.0 atoms, max. radius 0.078 nm
Minimum cell size due to atom displacement: 0.525 nm
Initial maximum distances in bonded interactions:
    two-body bonded interactions: 0.743 nm, LJC Pairs NB, atoms 1 14
  multi-body bonded interactions: 0.290 nm, Improper Dih., atoms 11 14
Minimum cell size due to bonded interactions: 0.319 nm
Using 0 separate PME ranks because: there are too few total ranks for efficient splitting
Optimizing the DD grid for 1 cells with a minimum initial size of 0.525 nm
The maximum allowed number of cells is: X 6 Y 6 Z 6
Domain decomposition grid 1 x 1 x 1, separate PME ranks 0
PME domain decomposition: 1 x 1 x 1

The initial number of communication pulses is:
The initial domain decomposition cell size is:

The maximum allowed distance for atom groups involved in interactions is:
                 non-bonded interactions           1.160 nm
            two-body bonded interactions  (-rdd)   1.160 nm
          multi-body bonded interactions  (-rdd)   1.160 nm

When dynamic load balancing gets turned on, these settings will change to:
The maximum number of communication pulses is:
The minimum size for domain decomposition cells is 1.160 nm
The requested allowed shrink of DD cells (option -dds) is: 0.80
The allowed shrink of domain decomposition cells is:
The maximum allowed distance for atom groups involved in interactions is:
                 non-bonded interactions           1.160 nm
            two-body bonded interactions  (-rdd)   1.160 nm
          multi-body bonded interactions  (-rdd)   1.160 nm

Using 1 MPI thread
Using 16 OpenMP threads 

Pinning threads with an auto-selected logical cpu stride of 1
System total charge, top. A: 0.000 top. B: 0.000
Will do PME sum in reciprocal space for electrostatic interactions.

++++ PLEASE READ AND CITE THE FOLLOWING REFERENCE ++++
U. Essmann, L. Perera, M. L. Berkowitz, T. Darden, H. Lee and L. G. Pedersen 
A smooth particle mesh Ewald method
J. Chem. Phys. 103 (1995) pp. 8577-8592
-------- -------- --- Thank You --- -------- --------

Using a Gaussian width (1/beta) of 0.260197 nm for Ewald
Potential shift: LJ r^-12: 0.000e+00 r^-6: 0.000e+00, Ewald -1.111e-06
Initialized non-bonded Coulomb Ewald tables, spacing: 8.41e-04 size: 2384

Generated table with 1002 data points for 1-4 COUL.
Tabscale = 500 points/nm
Generated table with 1002 data points for 1-4 LJ6.
Tabscale = 500 points/nm
Generated table with 1002 data points for 1-4 LJ12.
Tabscale = 500 points/nm
Long Range LJ corr.: <C6> 2.8384e-04


Using SIMD 4x8 nonbonded short-range kernels

Using a dual 4x8 pair-list setup updated with dynamic pruning:
  outer list: updated every 100 steps, buffer 0.104 nm, rlist 1.004 nm
  inner list: updated every  41 steps, buffer 0.001 nm, rlist 0.901 nm
At tolerance 0.005 kJ/mol/ps per atom, equivalent classical 1x1 list would be:
  outer list: updated every 100 steps, buffer 0.221 nm, rlist 1.121 nm
  inner list: updated every  41 steps, buffer 0.119 nm, rlist 1.019 nm
There are 14 atoms and 0 charges for free energy perturbation
Removing pbc first time

Linking all bonded interactions to atoms


++++ PLEASE READ AND CITE THE FOLLOWING REFERENCE ++++
S. Miyamoto and P. A. Kollman
SETTLE: An Analytical Version of the SHAKE and RATTLE Algorithms for Rigid
Water Models
J. Comp. Chem. 13 (1992) pp. 952-962
-------- -------- --- Thank You --- -------- --------


Using the modular simulator.
Initial vector of lambda components:[     0.0000     0.0000     0.0000     0.0000     0.0000     0.0000     0.0000 ]
There are: 3233 Atoms
Center of mass motion removal mode is Linear
We have the following groups for center of mass motion removal:
  0:  rest

Started mdrun on rank 0 Mon Jul  1 09:05:40 2024


Atom distribution over 1 domains: av 3233 stddev 0 min 3233 max 3233

Constraining the starting coordinates (step 0)
RMS relative constraint deviation after constraining: 0.00e+00
Initial temperature: 300.73 K
             MC-lambda information
  Nvdw-lambdas    Count   G(in kT)  dG(in kT)
  1  0.000        0    0.00000    4.32298 <<
  2  0.180        0    4.32298    4.93501   
  3  0.420        0    9.25799    2.19758   
  4  0.570        0   11.45557    0.43086   
  5  0.680        0   11.88643   -1.44990   
  6  0.760        0   10.43653   -4.21401   
  7  0.860        0    6.22252   -2.82537   
  8  1.000        0    3.39715    0.00000   

           Step           Time
              0        0.00000

   Energies (kJ/mol)
           Bond          Angle  Improper Dih.          LJ-14     Coulomb-14
    2.28046e+01    2.07722e+01    2.44704e+01    1.26135e+02    0.00000e+00
        LJ (SR)  Disper. corr.   Coulomb (SR)   Coul. recip.      Potential
    6.60095e+03   -3.38764e+02   -4.97359e+04    6.10565e+02   -4.26689e+04
    Kinetic En.   Total Energy  Conserved En.    Temperature Pres. DC (bar)
    8.09758e+03   -3.45714e+04   -3.45714e+04    3.00730e+02   -1.70982e+02
 Pressure (bar)       dVvdw/dl
   -1.21062e+02    6.70481e+01

             MC-lambda information
  Nvdw-lambdas    Count   G(in kT)  dG(in kT)
  1  0.000        7    0.00000    4.32298   
  2  0.180        3    4.32298    4.93501 <<
  3  0.420        0    9.25799    2.19758   
  4  0.570        0   11.45557    0.43086   
  5  0.680        0   11.88643   -1.44990   
  6  0.760        0   10.43653   -4.21401   
  7  0.860        0    6.22252   -2.82537   
  8  1.000        0    3.39715    0.00000   

           Step           Time
           1000        2.00000

   Energies (kJ/mol)
           Bond          Angle  Improper Dih.          LJ-14     Coulomb-14
    3.69969e+01    2.14584e+01    1.49677e+01    1.19917e+02    0.00000e+00
        LJ (SR)  Disper. corr.   Coulomb (SR)   Coul. recip.      Potential
    6.61524e+03   -3.36702e+02   -4.97559e+04    6.33801e+02   -4.26503e+04
    Kinetic En.   Total Energy  Conserved En.    Temperature Pres. DC (bar)
    8.12140e+03   -3.45289e+04   -3.45672e+04    3.01615e+02   -1.69942e+02
 Pressure (bar)       dVvdw/dl
   -1.95796e+02    6.61393e+01

             MC-lambda information
  Nvdw-lambdas    Count   G(in kT)  dG(in kT)
  1  0.000       10    0.00000    4.32298   
  2  0.180       10    4.32298    4.93501 <<
  3  0.420        0    9.25799    2.19758   
  4  0.570        0   11.45557    0.43086   
  5  0.680        0   11.88643   -1.44990   
  6  0.760        0   10.43653   -4.21401   
  7  0.860        0    6.22252   -2.82537   
  8  1.000        0    3.39715    0.00000   

           Step           Time
           2000        4.00000

   Energies (kJ/mol)
           Bond          Angle  Improper Dih.          LJ-14     Coulomb-14
    6.25567e+01    1.89241e+01    7.05098e+00    1.01935e+02    0.00000e+00
        LJ (SR)  Disper. corr.   Coulomb (SR)   Coul. recip.      Potential
    6.65757e+03   -3.36702e+02   -4.98629e+04    6.14342e+02   -4.27372e+04
    Kinetic En.   Total Energy  Conserved En.    Temperature Pres. DC (bar)
    8.09029e+03   -3.46469e+04   -3.45703e+04    3.00459e+02   -1.69942e+02
 Pressure (bar)       dVvdw/dl
   -3.18405e+02    6.69715e+01

             MC-lambda information
  Nvdw-lambdas    Count   G(in kT)  dG(in kT)
  1  0.000       14    0.00000    4.32298   
  2  0.180       16    4.32298    4.93501 <<
  3  0.420        0    9.25799    2.19758   
  4  0.570        0   11.45557    0.43086   
  5  0.680        0   11.88643   -1.44990   
  6  0.760        0   10.43653   -4.21401   
  7  0.860        0    6.22252   -2.82537   
  8  1.000        0    3.39715    0.00000   

           Step           Time
           3000        6.00000

   Energies (kJ/mol)
           Bond          Angle  Improper Dih.          LJ-14     Coulomb-14
    4.74282e+01    1.02368e+01    1.15735e+01    1.12020e+02    0.00000e+00
        LJ (SR)  Disper. corr.   Coulomb (SR)   Coul. recip.      Potential
    6.73078e+03   -3.36702e+02   -4.99884e+04    6.07552e+02   -4.28056e+04
    Kinetic En.   Total Energy  Conserved En.    Temperature Pres. DC (bar)
    8.15359e+03   -3.46520e+04   -3.45727e+04    3.02810e+02   -1.69942e+02
 Pressure (bar)       dVvdw/dl
   -1.46105e+02    6.70418e+01

             MC-lambda information
  Nvdw-lambdas    Count   G(in kT)  dG(in kT)
  1  0.000       19    0.00000    4.32298   
  2  0.180       21    4.32298    4.93501 <<
  3  0.420        0    9.25799    2.19758   
  4  0.570        0   11.45557    0.43086   
  5  0.680        0   11.88643   -1.44990   
  6  0.760        0   10.43653   -4.21401   
  7  0.860        0    6.22252   -2.82537   
  8  1.000        0    3.39715    0.00000   

           Step           Time
           4000        8.00000

   Energies (kJ/mol)
           Bond          Angle  Improper Dih.          LJ-14     Coulomb-14
    2.39667e+01    6.18736e+00    1.58613e+01    1.30238e+02    0.00000e+00
        LJ (SR)  Disper. corr.   Coulomb (SR)   Coul. recip.      Potential
    6.84079e+03   -3.36702e+02   -4.98385e+04    6.21870e+02   -4.25363e+04
    Kinetic En.   Total Energy  Conserved En.    Temperature Pres. DC (bar)
    8.01889e+03   -3.45174e+04   -3.45711e+04    2.97808e+02   -1.69942e+02
 Pressure (bar)       dVvdw/dl
    4.23877e+02    7.45255e+01

             MC-lambda information
  Nvdw-lambdas    Count   G(in kT)  dG(in kT)
  1  0.000       27    0.00000    4.32298 <<
  2  0.180       23    4.32298    4.93501   
  3  0.420        0    9.25799    2.19758   
  4  0.570        0   11.45557    0.43086   
  5  0.680        0   11.88643   -1.44990   
  6  0.760        0   10.43653   -4.21401   
  7  0.860        0    6.22252   -2.82537   
  8  1.000        0    3.39715    0.00000   

           Step           Time
           5000       10.00000

   Energies (kJ/mol)
           Bond          Angle  Improper Dih.          LJ-14     Coulomb-14
    2.89886e+01    7.34350e+00    1.38941e+01    1.19978e+02    0.00000e+00
        LJ (SR)  Disper. corr.   Coulomb (SR)   Coul. recip.      Potential
    6.17088e+03   -3.38764e+02   -4.90792e+04    6.59507e+02   -4.24174e+04
    Kinetic En.   Total Energy  Conserved En.    Temperature Pres. DC (bar)
    8.03514e+03   -3.43822e+04   -3.45937e+04    2.98411e+02   -1.70982e+02
 Pressure (bar)       dVvdw/dl
   -6.13371e+02    5.01470e+01

             MC-lambda information
  Nvdw-lambdas    Count   G(in kT)  dG(in kT)
  1  0.000       27    0.00000    4.32298   
  2  0.180       26    4.32298    4.93501 <<
  3  0.420        4    9.25799    2.19758   
  4  0.570        3   11.45557    0.43086   
  5  0.680        0   11.88643   -1.44990   
  6  0.760        0   10.43653   -4.21401   
  7  0.860        0    6.22252   -2.82537   
  8  1.000        0    3.39715    0.00000   

           Step           Time
           6000       12.00000

   Energies (kJ/mol)
           Bond          Angle  Improper Dih.          LJ-14     Coulomb-14
    2.33768e+01    8.93238e+00    1.09339e+01    1.22898e+02    0.00000e+00
        LJ (SR)  Disper. corr.   Coulomb (SR)   Coul. recip.      Potential
    6.54109e+03   -3.36702e+02   -4.95046e+04    6.39449e+02   -4.24946e+04
    Kinetic En.   Total Energy  Conserved En.    Temperature Pres. DC (bar)
    8.15004e+03   -3.43446e+04   -3.45839e+04    3.02679e+02   -1.69942e+02
 Pressure (bar)       dVvdw/dl
   -1.24665e+02    4.43395e+01

             MC-lambda information
  Nvdw-lambdas    Count   G(in kT)  dG(in kT)
  1  0.000       32    0.00000    4.32298 <<
  2  0.180       31    4.32298    4.93501   
  3  0.420        4    9.25799    2.19758   
  4  0.570        3   11.45557    0.43086   
  5  0.680        0   11.88643   -1.44990   
  6  0.760        0   10.43653   -4.21401   
  7  0.860        0    6.22252   -2.82537   
  8  1.000        0    3.39715    0.00000   

           Step           Time
           7000       14.00000

   Energies (kJ/mol)
           Bond          Angle  Improper Dih.          LJ-14     Coulomb-14
    4.82191e+01    1.65512e+01    1.02057e+01    1.18827e+02    0.00000e+00
        LJ (SR)  Disper. corr.   Coulomb (SR)   Coul. recip.      Potential
    6.61459e+03   -3.38764e+02   -4.96925e+04    6.35209e+02   -4.25876e+04
    Kinetic En.   Total Energy  Conserved En.    Temperature Pres. DC (bar)
    8.18153e+03   -3.44061e+04   -3.45878e+04    3.03848e+02   -1.70982e+02
 Pressure (bar)       dVvdw/dl
   -1.12131e+02    6.85617e+01

             MC-lambda information
  Nvdw-lambdas    Count   G(in kT)  dG(in kT)
  1  0.000       37    0.00000    4.32298   
  2  0.180       35    4.32298    4.93501 <<
  3  0.420        5    9.25799    2.19758   
  4  0.570        3   11.45557    0.43086   
  5  0.680        0   11.88643   -1.44990   
  6  0.760        0   10.43653   -4.21401   
  7  0.860        0    6.22252   -2.82537   
  8  1.000        0    3.39715    0.00000   

           Step           Time
           8000       16.00000

   Energies (kJ/mol)
           Bond          Angle  Improper Dih.          LJ-14     Coulomb-14
    3.38421e+01    1.42968e+01    9.55624e+00    1.28324e+02    0.00000e+00
        LJ (SR)  Disper. corr.   Coulomb (SR)   Coul. recip.      Potential
    6.69085e+03   -3.36702e+02   -4.95080e+04    6.38841e+02   -4.23290e+04
    Kinetic En.   Total Energy  Conserved En.    Temperature Pres. DC (bar)
    7.96781e+03   -3.43611e+04   -3.45785e+04    2.95911e+02   -1.69942e+02
 Pressure (bar)       dVvdw/dl
    2.46427e+02    6.85145e+01

             MC-lambda information
  Nvdw-lambdas    Count   G(in kT)  dG(in kT)
  1  0.000       41    0.00000    4.32298   
  2  0.180       38    4.32298    4.93501   
  3  0.420        8    9.25799    2.19758 <<
  4  0.570        3   11.45557    0.43086   
  5  0.680        0   11.88643   -1.44990   
  6  0.760        0   10.43653   -4.21401   
  7  0.860        0    6.22252   -2.82537   
  8  1.000        0    3.39715    0.00000   

           Step           Time
           9000       18.00000

   Energies (kJ/mol)
           Bond          Angle  Improper Dih.          LJ-14     Coulomb-14
    1.63647e+01    9.00863e+00    7.35830e+00    1.30636e+02    0.00000e+00
        LJ (SR)  Disper. corr.   Coulomb (SR)   Coul. recip.      Potential
    6.78309e+03   -3.33953e+02   -4.98921e+04    6.26690e+02   -4.26529e+04
    Kinetic En.   Total Energy  Conserved En.    Temperature Pres. DC (bar)
    7.97026e+03   -3.46827e+04   -3.45719e+04    2.96002e+02   -1.68554e+02
 Pressure (bar)       dVvdw/dl
    2.55066e+02    7.69552e+01

             MC-lambda information
  Nvdw-lambdas    Count   G(in kT)  dG(in kT)
  1  0.000       41    0.00000    4.32298   
  2  0.180       40    4.32298    4.93501   
  3  0.420       10    9.25799    2.19758 <<
  4  0.570        7   11.45557    0.43086   
  5  0.680        2   11.88643   -1.44990   
  6  0.760        0   10.43653   -4.21401   
  7  0.860        0    6.22252   -2.82537   
  8  1.000        0    3.39715    0.00000   

           Step           Time
          10000       20.00000

   Energies (kJ/mol)
           Bond          Angle  Improper Dih.          LJ-14     Coulomb-14
    2.67735e+01    1.70249e+01    7.10355e+00    1.27524e+02    0.00000e+00
        LJ (SR)  Disper. corr.   Coulomb (SR)   Coul. recip.      Potential
    6.45895e+03   -3.33953e+02   -4.96430e+04    6.58722e+02   -4.26808e+04
    Kinetic En.   Total Energy  Conserved En.    Temperature Pres. DC (bar)
    7.93646e+03   -3.47444e+04   -3.45955e+04    2.94747e+02   -1.68554e+02
 Pressure (bar)       dVvdw/dl
   -3.21014e+02    6.70014e+01

             MC-lambda information
  Nvdw-lambdas    Count   G(in kT)  dG(in kT)
  1  0.000       46    0.00000    4.32298 <<
  2  0.180       43    4.32298    4.93501   
  3  0.420       12    9.25799    2.19758   
  4  0.570        7   11.45557    0.43086   
  5  0.680        2   11.88643   -1.44990   
  6  0.760        0   10.43653   -4.21401   
  7  0.860        0    6.22252   -2.82537   
  8  1.000        0    3.39715    0.00000   

           Step           Time
          11000       22.00000

   Energies (kJ/mol)
           Bond          Angle  Improper Dih.          LJ-14     Coulomb-14
    4.10298e+01    1.16516e+01    3.79768e+00    1.13765e+02    0.00000e+00
        LJ (SR)  Disper. corr.   Coulomb (SR)   Coul. recip.      Potential
    6.87701e+03   -3.38764e+02   -5.01036e+04    6.07685e+02   -4.27875e+04
    Kinetic En.   Total Energy  Conserved En.    Temperature Pres. DC (bar)
    8.02745e+03   -3.47600e+04   -3.46220e+04    2.98126e+02   -1.70982e+02
 Pressure (bar)       dVvdw/dl
    2.40116e+02    6.85213e+01

             MC-lambda information
  Nvdw-lambdas    Count   G(in kT)  dG(in kT)
  1  0.000       54    0.00000    4.32298   
  2  0.180       45    4.32298    4.93501 <<
  3  0.420       12    9.25799    2.19758   
  4  0.570        7   11.45557    0.43086   
  5  0.680        2   11.88643   -1.44990   
  6  0.760        0   10.43653   -4.21401   
  7  0.860        0    6.22252   -2.82537   
  8  1.000        0    3.39715    0.00000   

           Step           Time
          12000       24.00000

   Energies (kJ/mol)
           Bond          Angle  Improper Dih.          LJ-14     Coulomb-14
    4.37576e+01    9.86542e+00    3.19626e+00    1.09949e+02    0.00000e+00
        LJ (SR)  Disper. corr.   Coulomb (SR)   Coul. recip.      Potential
    6.96100e+03   -3.36702e+02   -5.05865e+04    6.56275e+02   -4.31392e+04
    Kinetic En.   Total Energy  Conserved En.    Temperature Pres. DC (bar)
    8.02881e+03   -3.51104e+04   -3.46152e+04    2.98176e+02   -1.69942e+02
 Pressure (bar)       dVvdw/dl
    1.99965e+00    8.18364e+01

             MC-lambda information
  Nvdw-lambdas    Count   G(in kT)  dG(in kT)
  1  0.000       59    0.00000    4.32298   
  2  0.180       50    4.32298    4.93501 <<
  3  0.420       12    9.25799    2.19758   
  4  0.570        7   11.45557    0.43086   
  5  0.680        2   11.88643   -1.44990   
  6  0.760        0   10.43653   -4.21401   
  7  0.860        0    6.22252   -2.82537   
  8  1.000        0    3.39715    0.00000   

           Step           Time
          13000       26.00000

   Energies (kJ/mol)
           Bond          Angle  Improper Dih.          LJ-14     Coulomb-14
    1.97687e+01    3.49357e+00    1.23898e+01    1.24437e+02    0.00000e+00
        LJ (SR)  Disper. corr.   Coulomb (SR)   Coul. recip.      Potential
    6.32849e+03   -3.36702e+02   -4.97391e+04    5.90998e+02   -4.29962e+04
    Kinetic En.   Total Energy  Conserved En.    Temperature Pres. DC (bar)
    7.94644e+03   -3.50498e+04   -3.46189e+04    2.95117e+02   -1.69942e+02
 Pressure (bar)       dVvdw/dl
   -7.02918e+02    7.82084e+01

             MC-lambda information
  Nvdw-lambdas    Count   G(in kT)  dG(in kT)
  1  0.000       66    0.00000    4.32298   
  2  0.180       52    4.32298    4.93501   
  3  0.420       13    9.25799    2.19758 <<
  4  0.570        7   11.45557    0.43086   
  5  0.680        2   11.88643   -1.44990   
  6  0.760        0   10.43653   -4.21401   
  7  0.860        0    6.22252   -2.82537   
  8  1.000        0    3.39715    0.00000   

           Step           Time
          14000       28.00000

   Energies (kJ/mol)
           Bond          Angle  Improper Dih.          LJ-14     Coulomb-14
    2.35502e+01    9.63365e+00    9.37990e+00    1.35114e+02    0.00000e+00
        LJ (SR)  Disper. corr.   Coulomb (SR)   Coul. recip.      Potential
    6.87469e+03   -3.33953e+02   -5.02968e+04    6.44576e+02   -4.29339e+04
    Kinetic En.   Total Energy  Conserved En.    Temperature Pres. DC (bar)
    7.95382e+03   -3.49800e+04   -3.46132e+04    2.95391e+02   -1.68554e+02
 Pressure (bar)       dVvdw/dl
    2.40787e+02    3.63471e+01

             MC-lambda information
  Nvdw-lambdas    Count   G(in kT)  dG(in kT)
  1  0.000       66    0.00000    4.32298   
  2  0.180       52    4.32298    4.93501   
  3  0.420       15    9.25799    2.19758   
  4  0.570       12   11.45557    0.43086   
  5  0.680        5   11.88643   -1.44990 <<
  6  0.760        0   10.43653   -4.21401   
  7  0.860        0    6.22252   -2.82537   
  8  1.000        0    3.39715    0.00000   

           Step           Time
          15000       30.00000

   Energies (kJ/mol)
           Bond          Angle  Improper Dih.          LJ-14     Coulomb-14
    2.14517e+01    1.97997e+01    1.49859e+01    1.24408e+02    0.00000e+00
        LJ (SR)  Disper. corr.   Coulomb (SR)   Coul. recip.      Potential
    7.04095e+03   -3.30974e+02   -5.01640e+04    6.07439e+02   -4.26659e+04
    Kinetic En.   Total Energy  Conserved En.    Temperature Pres. DC (bar)
    7.84994e+03   -3.48160e+04   -3.46068e+04    2.91533e+02   -1.67051e+02
 Pressure (bar)       dVvdw/dl
    5.15234e+02   -3.84264e+01

             MC-lambda information
  Nvdw-lambdas    Count   G(in kT)  dG(in kT)
  1  0.000       66    0.00000    4.32298   
  2  0.180       52    4.32298    4.93501   
  3  0.420       15    9.25799    2.19758   
  4  0.570       12   11.45557    0.43086   
  5  0.680       10   11.88643   -1.44990 <<
  6  0.760        5   10.43653   -4.21401   
  7  0.860        0    6.22252   -2.82537   
  8  1.000        0    3.39715    0.00000   

           Step           Time
          16000       32.00000

   Energies (kJ/mol)
           Bond          Angle  Improper Dih.          LJ-14     Coulomb-14
    3.26104e+01    2.16081e+01    1.36309e+01    1.17180e+02    0.00000e+00
        LJ (SR)  Disper. corr.   Coulomb (SR)   Coul. recip.      Potential
    6.60021e+03   -3.30974e+02   -4.97739e+04    6.31089e+02   -4.26886e+04
    Kinetic En.   Total Energy  Conserved En.    Temperature Pres. DC (bar)
    8.10078e+03   -3.45878e+04   -3.45995e+04    3.00849e+02   -1.67051e+02
 Pressure (bar)       dVvdw/dl
   -1.77134e+02   -2.84299e+01

Writing checkpoint, step 16900 at Mon Jul  1 09:21:48 2024


             MC-lambda information
  Nvdw-lambdas    Count   G(in kT)  dG(in kT)
  1  0.000       67    0.00000    4.32298   
  2  0.180       55    4.32298    4.93501 <<
  3  0.420       16    9.25799    2.19758   
  4  0.570       13   11.45557    0.43086   
  5  0.680       12   11.88643   -1.44990   
  6  0.760        7   10.43653   -4.21401   
  7  0.860        0    6.22252   -2.82537   
  8  1.000        0    3.39715    0.00000   

           Step           Time
          17000       34.00000

   Energies (kJ/mol)
           Bond          Angle  Improper Dih.          LJ-14     Coulomb-14
    3.19530e+01    1.67820e+01    5.73488e+00    1.13372e+02    0.00000e+00
        LJ (SR)  Disper. corr.   Coulomb (SR)   Coul. recip.      Potential
    6.73890e+03   -3.36702e+02   -4.98452e+04    6.29508e+02   -4.26456e+04
    Kinetic En.   Total Energy  Conserved En.    Temperature Pres. DC (bar)
    8.12716e+03   -3.45185e+04   -3.46239e+04    3.01829e+02   -1.69942e+02
 Pressure (bar)       dVvdw/dl
    4.59834e+01    6.17660e+01

             MC-lambda information
  Nvdw-lambdas    Count   G(in kT)  dG(in kT)
  1  0.000       68    0.00000    4.32298   
  2  0.180       56    4.32298    4.93501   
  3  0.420       20    9.25799    2.19758   
  4  0.570       16   11.45557    0.43086 <<
  5  0.680       13   11.88643   -1.44990   
  6  0.760        7   10.43653   -4.21401   
  7  0.860        0    6.22252   -2.82537   
  8  1.000        0    3.39715    0.00000   

           Step           Time
          18000       36.00000

   Energies (kJ/mol)
           Bond          Angle  Improper Dih.          LJ-14     Coulomb-14
    4.97506e+01    1.24305e+01    1.11964e+01    1.06088e+02    0.00000e+00
        LJ (SR)  Disper. corr.   Coulomb (SR)   Coul. recip.      Potential
    6.95910e+03   -3.32234e+02   -5.02653e+04    6.34549e+02   -4.28244e+04
    Kinetic En.   Total Energy  Conserved En.    Temperature Pres. DC (bar)
    8.02190e+03   -3.48025e+04   -3.45917e+04    2.97920e+02   -1.67687e+02
 Pressure (bar)       dVvdw/dl
   -3.24599e+01    9.70004e+00

             MC-lambda information
  Nvdw-lambdas    Count   G(in kT)  dG(in kT)
  1  0.000       69    0.00000    4.32298 <<
  2  0.180       57    4.32298    4.93501   
  3  0.420       25    9.25799    2.19758   
  4  0.570       19   11.45557    0.43086   
  5  0.680       13   11.88643   -1.44990   
  6  0.760        7   10.43653   -4.21401   
  7  0.860        0    6.22252   -2.82537   
  8  1.000        0    3.39715    0.00000   

           Step           Time
          19000       38.00000

   Energies (kJ/mol)
           Bond          Angle  Improper Dih.          LJ-14     Coulomb-14
    3.49604e+01    1.32432e+01    1.64134e+01    1.34236e+02    0.00000e+00
        LJ (SR)  Disper. corr.   Coulomb (SR)   Coul. recip.      Potential
    6.65023e+03   -3.38764e+02   -4.99975e+04    6.46992e+02   -4.28402e+04
    Kinetic En.   Total Energy  Conserved En.    Temperature Pres. DC (bar)
    7.80658e+03   -3.50336e+04   -3.46197e+04    2.89923e+02   -1.70982e+02
 Pressure (bar)       dVvdw/dl
    2.66796e+01    6.54887e+01

             MC-lambda information
  Nvdw-lambdas    Count   G(in kT)  dG(in kT)
  1  0.000       75    0.00000    4.32298   
  2  0.180       61    4.32298    4.93501 <<
  3  0.420       25    9.25799    2.19758   
  4  0.570       19   11.45557    0.43086   
  5  0.680       13   11.88643   -1.44990   
  6  0.760        7   10.43653   -4.21401   
  7  0.860        0    6.22252   -2.82537   
  8  1.000        0    3.39715    0.00000   

           Step           Time
          20000       40.00000

   Energies (kJ/mol)
           Bond          Angle  Improper Dih.          LJ-14     Coulomb-14
    1.95245e+01    1.78608e+01    8.81309e+00    1.23548e+02    0.00000e+00
        LJ (SR)  Disper. corr.   Coulomb (SR)   Coul. recip.      Potential
    6.41059e+03   -3.36702e+02   -4.98694e+04    5.99981e+02   -4.30258e+04
    Kinetic En.   Total Energy  Conserved En.    Temperature Pres. DC (bar)
    7.89031e+03   -3.51355e+04   -3.46098e+04    2.93033e+02   -1.69942e+02
 Pressure (bar)       dVvdw/dl
   -4.74146e+02    6.01227e+01

             MC-lambda information
  Nvdw-lambdas    Count   G(in kT)  dG(in kT)
  1  0.000       77    0.00000    4.32298   
  2  0.180       64    4.32298    4.93501   
  3  0.420       29    9.25799    2.19758 <<
  4  0.570       20   11.45557    0.43086   
  5  0.680       13   11.88643   -1.44990   
  6  0.760        7   10.43653   -4.21401   
  7  0.860        0    6.22252   -2.82537   
  8  1.000        0    3.39715    0.00000   

           Step           Time
          21000       42.00000

   Energies (kJ/mol)
           Bond          Angle  Improper Dih.          LJ-14     Coulomb-14
    4.48427e+01    1.26139e+01    1.05564e+01    1.14220e+02    0.00000e+00
        LJ (SR)  Disper. corr.   Coulomb (SR)   Coul. recip.      Potential
    6.63493e+03   -3.33953e+02   -5.00222e+04    6.06676e+02   -4.29323e+04
    Kinetic En.   Total Energy  Conserved En.    Temperature Pres. DC (bar)
    7.87901e+03   -3.50533e+04   -3.45963e+04    2.92613e+02   -1.68554e+02
 Pressure (bar)       dVvdw/dl
   -4.56489e+02    4.10668e+01

             MC-lambda information
  Nvdw-lambdas    Count   G(in kT)  dG(in kT)
  1  0.000       79    0.00000    4.32298   
  2  0.180       69    4.32298    4.93501 <<
  3  0.420       31    9.25799    2.19758   
  4  0.570       20   11.45557    0.43086   
  5  0.680       14   11.88643   -1.44990   
  6  0.760        7   10.43653   -4.21401   
  7  0.860        0    6.22252   -2.82537   
  8  1.000        0    3.39715    0.00000   

           Step           Time
          22000       44.00000

   Energies (kJ/mol)
           Bond          Angle  Improper Dih.          LJ-14     Coulomb-14
    2.50843e+01    8.86703e+00    2.59504e+01    1.21501e+02    0.00000e+00
        LJ (SR)  Disper. corr.   Coulomb (SR)   Coul. recip.      Potential
    6.44713e+03   -3.36702e+02   -4.97007e+04    6.33238e+02   -4.27756e+04
    Kinetic En.   Total Energy  Conserved En.    Temperature Pres. DC (bar)
    7.89706e+03   -3.48786e+04   -3.46222e+04    2.93283e+02   -1.69942e+02
 Pressure (bar)       dVvdw/dl
   -5.57136e+02    7.93334e+01

Writing checkpoint, step 22500 at Mon Jul  1 09:36:41 2024


