Warning on use of the timeseries module: If the inherent timescales of the system are long compared to those being analyzed, this statistical inefficiency may be an underestimate.  The estimate presumes the use of many statistically independent samples.  Tests should be performed to assess whether this condition is satisfied.   Be cautious in the interpretation of the data.

****** PyMBAR will use 64-bit JAX! *******
* JAX is currently set to 32-bit bitsize *
* which is its default.                  *
*                                        *
* PyMBAR requires 64-bit mode and WILL   *
* enable JAX's 64-bit mode when called.  *
*                                        *
* This MAY cause problems with other     *
* Uses of JAX in the same code.          *
******************************************

2024-09-22 17:37:11.690 | DEBUG    | alchemlyb.preprocessing.subsampling:statistical_inefficiency:520 - Running statistical inefficiency analysis.
2024-09-22 17:37:12.415 | DEBUG    | alchemlyb.preprocessing.subsampling:statistical_inefficiency:522 - Statistical inefficiency: 96.67.
2024-09-22 17:37:12.415 | DEBUG    | alchemlyb.preprocessing.subsampling:statistical_inefficiency:528 - Number of uncorrelated samples: 10305.
2024-09-22 17:37:15.940 | DEBUG    | alchemlyb.preprocessing.subsampling:statistical_inefficiency:520 - Running statistical inefficiency analysis.
2024-09-22 17:37:15.948 | DEBUG    | alchemlyb.preprocessing.subsampling:statistical_inefficiency:522 - Statistical inefficiency: 1.00.
2024-09-22 17:37:15.948 | DEBUG    | alchemlyb.preprocessing.subsampling:statistical_inefficiency:528 - Number of uncorrelated samples: 999501.
2024-09-22 17:37:19.611 | DEBUG    | alchemlyb.preprocessing.subsampling:statistical_inefficiency:520 - Running statistical inefficiency analysis.
2024-09-22 17:37:20.368 | DEBUG    | alchemlyb.preprocessing.subsampling:statistical_inefficiency:522 - Statistical inefficiency: 104.46.
2024-09-22 17:37:20.369 | DEBUG    | alchemlyb.preprocessing.subsampling:statistical_inefficiency:528 - Number of uncorrelated samples: 9520.
2024-09-22 17:37:23.858 | DEBUG    | alchemlyb.preprocessing.subsampling:statistical_inefficiency:520 - Running statistical inefficiency analysis.
2024-09-22 17:37:23.866 | DEBUG    | alchemlyb.preprocessing.subsampling:statistical_inefficiency:522 - Statistical inefficiency: 1.00.
2024-09-22 17:37:23.867 | DEBUG    | alchemlyb.preprocessing.subsampling:statistical_inefficiency:528 - Number of uncorrelated samples: 999501.
2024-09-22 17:37:27.724 | DEBUG    | alchemlyb.preprocessing.subsampling:statistical_inefficiency:520 - Running statistical inefficiency analysis.
2024-09-22 17:37:28.311 | DEBUG    | alchemlyb.preprocessing.subsampling:statistical_inefficiency:522 - Statistical inefficiency: 96.38.
2024-09-22 17:37:28.312 | DEBUG    | alchemlyb.preprocessing.subsampling:statistical_inefficiency:528 - Number of uncorrelated samples: 10305.
2024-09-22 17:37:31.806 | DEBUG    | alchemlyb.preprocessing.subsampling:statistical_inefficiency:520 - Running statistical inefficiency analysis.
2024-09-22 17:37:31.815 | DEBUG    | alchemlyb.preprocessing.subsampling:statistical_inefficiency:522 - Statistical inefficiency: 1.00.
2024-09-22 17:37:31.815 | DEBUG    | alchemlyb.preprocessing.subsampling:statistical_inefficiency:528 - Number of uncorrelated samples: 999501.
2024-09-22 17:37:35.870 | DEBUG    | alchemlyb.preprocessing.subsampling:statistical_inefficiency:520 - Running statistical inefficiency analysis.
2024-09-22 17:37:36.342 | DEBUG    | alchemlyb.preprocessing.subsampling:statistical_inefficiency:522 - Statistical inefficiency: 89.53.
2024-09-22 17:37:36.343 | DEBUG    | alchemlyb.preprocessing.subsampling:statistical_inefficiency:528 - Number of uncorrelated samples: 11106.
2024-09-22 17:37:39.901 | DEBUG    | alchemlyb.preprocessing.subsampling:statistical_inefficiency:520 - Running statistical inefficiency analysis.
2024-09-22 17:37:39.909 | DEBUG    | alchemlyb.preprocessing.subsampling:statistical_inefficiency:522 - Statistical inefficiency: 1.00.
2024-09-22 17:37:39.915 | DEBUG    | alchemlyb.preprocessing.subsampling:statistical_inefficiency:528 - Number of uncorrelated samples: 999501.
2024-09-22 17:37:44.184 | DEBUG    | alchemlyb.preprocessing.subsampling:statistical_inefficiency:520 - Running statistical inefficiency analysis.
2024-09-22 17:37:44.658 | DEBUG    | alchemlyb.preprocessing.subsampling:statistical_inefficiency:522 - Statistical inefficiency: 96.35.
2024-09-22 17:37:44.659 | DEBUG    | alchemlyb.preprocessing.subsampling:statistical_inefficiency:528 - Number of uncorrelated samples: 10305.
2024-09-22 17:37:48.130 | DEBUG    | alchemlyb.preprocessing.subsampling:statistical_inefficiency:520 - Running statistical inefficiency analysis.
2024-09-22 17:37:48.138 | DEBUG    | alchemlyb.preprocessing.subsampling:statistical_inefficiency:522 - Statistical inefficiency: 1.00.
2024-09-22 17:37:48.139 | DEBUG    | alchemlyb.preprocessing.subsampling:statistical_inefficiency:528 - Number of uncorrelated samples: 999501.
2024-09-22 17:37:52.195 | DEBUG    | alchemlyb.preprocessing.subsampling:statistical_inefficiency:520 - Running statistical inefficiency analysis.
2024-09-22 17:37:52.825 | DEBUG    | alchemlyb.preprocessing.subsampling:statistical_inefficiency:522 - Statistical inefficiency: 97.53.
2024-09-22 17:37:52.826 | DEBUG    | alchemlyb.preprocessing.subsampling:statistical_inefficiency:528 - Number of uncorrelated samples: 10199.
2024-09-22 17:37:56.275 | DEBUG    | alchemlyb.preprocessing.subsampling:statistical_inefficiency:520 - Running statistical inefficiency analysis.
2024-09-22 17:37:56.283 | DEBUG    | alchemlyb.preprocessing.subsampling:statistical_inefficiency:522 - Statistical inefficiency: 1.00.
2024-09-22 17:37:56.284 | DEBUG    | alchemlyb.preprocessing.subsampling:statistical_inefficiency:528 - Number of uncorrelated samples: 999501.
2024-09-22 17:37:59.823 | DEBUG    | alchemlyb.preprocessing.subsampling:statistical_inefficiency:520 - Running statistical inefficiency analysis.
2024-09-22 17:38:00.471 | DEBUG    | alchemlyb.preprocessing.subsampling:statistical_inefficiency:522 - Statistical inefficiency: 97.61.
2024-09-22 17:38:00.472 | DEBUG    | alchemlyb.preprocessing.subsampling:statistical_inefficiency:528 - Number of uncorrelated samples: 10199.
2024-09-22 17:38:04.074 | DEBUG    | alchemlyb.preprocessing.subsampling:statistical_inefficiency:520 - Running statistical inefficiency analysis.
2024-09-22 17:38:04.082 | DEBUG    | alchemlyb.preprocessing.subsampling:statistical_inefficiency:522 - Statistical inefficiency: 1.00.
2024-09-22 17:38:04.083 | DEBUG    | alchemlyb.preprocessing.subsampling:statistical_inefficiency:528 - Number of uncorrelated samples: 999501.
2024-09-22 17:38:06.664 | DEBUG    | alchemlyb.preprocessing.subsampling:statistical_inefficiency:520 - Running statistical inefficiency analysis.
2024-09-22 17:38:07.165 | DEBUG    | alchemlyb.preprocessing.subsampling:statistical_inefficiency:522 - Statistical inefficiency: 92.41.
2024-09-22 17:38:07.166 | DEBUG    | alchemlyb.preprocessing.subsampling:statistical_inefficiency:528 - Number of uncorrelated samples: 10748.
2024-09-22 17:38:10.640 | DEBUG    | alchemlyb.preprocessing.subsampling:statistical_inefficiency:520 - Running statistical inefficiency analysis.
2024-09-22 17:38:10.648 | DEBUG    | alchemlyb.preprocessing.subsampling:statistical_inefficiency:522 - Statistical inefficiency: 1.00.
2024-09-22 17:38:10.649 | DEBUG    | alchemlyb.preprocessing.subsampling:statistical_inefficiency:528 - Number of uncorrelated samples: 999501.
2024-09-22 17:38:14.049 | DEBUG    | alchemlyb.preprocessing.subsampling:statistical_inefficiency:520 - Running statistical inefficiency analysis.
2024-09-22 17:38:14.585 | DEBUG    | alchemlyb.preprocessing.subsampling:statistical_inefficiency:522 - Statistical inefficiency: 96.29.
2024-09-22 17:38:14.586 | DEBUG    | alchemlyb.preprocessing.subsampling:statistical_inefficiency:528 - Number of uncorrelated samples: 10305.
2024-09-22 17:38:17.952 | DEBUG    | alchemlyb.preprocessing.subsampling:statistical_inefficiency:520 - Running statistical inefficiency analysis.
2024-09-22 17:38:17.961 | DEBUG    | alchemlyb.preprocessing.subsampling:statistical_inefficiency:522 - Statistical inefficiency: 1.00.
2024-09-22 17:38:17.961 | DEBUG    | alchemlyb.preprocessing.subsampling:statistical_inefficiency:528 - Number of uncorrelated samples: 999501.
2024-09-22 17:38:20.852 | DEBUG    | alchemlyb.preprocessing.subsampling:statistical_inefficiency:520 - Running statistical inefficiency analysis.
2024-09-22 17:38:21.594 | DEBUG    | alchemlyb.preprocessing.subsampling:statistical_inefficiency:522 - Statistical inefficiency: 92.24.
2024-09-22 17:38:21.595 | DEBUG    | alchemlyb.preprocessing.subsampling:statistical_inefficiency:528 - Number of uncorrelated samples: 10748.
2024-09-22 17:38:25.028 | DEBUG    | alchemlyb.preprocessing.subsampling:statistical_inefficiency:520 - Running statistical inefficiency analysis.
2024-09-22 17:38:25.036 | DEBUG    | alchemlyb.preprocessing.subsampling:statistical_inefficiency:522 - Statistical inefficiency: 1.00.
2024-09-22 17:38:25.037 | DEBUG    | alchemlyb.preprocessing.subsampling:statistical_inefficiency:528 - Number of uncorrelated samples: 999501.
/projects/liwh2139/software/anaconda/envs/openff-toolkit/lib/python3.9/site-packages/alchemlyb/estimators/mbar_.py:106: FutureWarning: When grouping with a length-1 list-like, you will need to pass a length-1 tuple to get_group in a future version of pandas. Pass `(name,)` instead of `name` to silence this warning.
  (len(groups.get_group(i)) if i in groups.groups else 0)

******* JAX 64-bit mode is now on! *******
*     JAX is now set to 64-bit mode!     *
*   This MAY cause problems with other   *
*      uses of JAX in the same code.     *
******************************************

/projects/liwh2139/software/anaconda/envs/openff-toolkit/lib/python3.9/site-packages/alchemlyb/estimators/bar_.py:97: FutureWarning: When grouping with a length-1 list-like, you will need to pass a length-1 tuple to get_group in a future version of pandas. Pass `(name,)` instead of `name` to silence this warning.
  (len(groups.get_group(i)) if i in groups.groups else 0)
/projects/liwh2139/software/anaconda/envs/openff-toolkit/lib/python3.9/site-packages/alchemlyb/estimators/bar_.py:106: FutureWarning: When grouping with a length-1 list-like, you will need to pass a length-1 tuple to get_group in a future version of pandas. Pass `(name,)` instead of `name` to silence this warning.
  uk = groups.get_group(self._states_[k])
/projects/liwh2139/software/anaconda/envs/openff-toolkit/lib/python3.9/site-packages/alchemlyb/estimators/bar_.py:111: FutureWarning: When grouping with a length-1 list-like, you will need to pass a length-1 tuple to get_group in a future version of pandas. Pass `(name,)` instead of `name` to silence this warning.
  uk1 = groups.get_group(self._states_[k + 1])
XVG file paths:
/gpfs/alpine1/scratch/liwh2139/more_lambdas/new_cutoffs/2024.3/85_9/85_9_force_switch-potential-shift/sim_data/sim_4/85_9_force_switch-potential-shift.xvg
/gpfs/alpine1/scratch/liwh2139/more_lambdas/new_cutoffs/2024.3/85_9/85_9_force_switch-potential-shift/sim_data/sim_1/85_9_force_switch-potential-shift.xvg
/gpfs/alpine1/scratch/liwh2139/more_lambdas/new_cutoffs/2024.3/85_9/85_9_force_switch-potential-shift/sim_data/sim_6/85_9_force_switch-potential-shift.xvg
/gpfs/alpine1/scratch/liwh2139/more_lambdas/new_cutoffs/2024.3/85_9/85_9_force_switch-potential-shift/sim_data/sim_3/85_9_force_switch-potential-shift.xvg
/gpfs/alpine1/scratch/liwh2139/more_lambdas/new_cutoffs/2024.3/85_9/85_9_force_switch-potential-shift/sim_data/sim_5/85_9_force_switch-potential-shift.xvg
/gpfs/alpine1/scratch/liwh2139/more_lambdas/new_cutoffs/2024.3/85_9/85_9_force_switch-potential-shift/sim_data/sim_7/85_9_force_switch-potential-shift.xvg
/gpfs/alpine1/scratch/liwh2139/more_lambdas/new_cutoffs/2024.3/85_9/85_9_force_switch-potential-shift/sim_data/sim_0/85_9_force_switch-potential-shift.xvg
/gpfs/alpine1/scratch/liwh2139/more_lambdas/new_cutoffs/2024.3/85_9/85_9_force_switch-potential-shift/sim_data/sim_9/85_9_force_switch-potential-shift.xvg
/gpfs/alpine1/scratch/liwh2139/more_lambdas/new_cutoffs/2024.3/85_9/85_9_force_switch-potential-shift/sim_data/sim_2/85_9_force_switch-potential-shift.xvg
/gpfs/alpine1/scratch/liwh2139/more_lambdas/new_cutoffs/2024.3/85_9/85_9_force_switch-potential-shift/sim_data/sim_8/85_9_force_switch-potential-shift.xvg
FE differences in units of Kb_T between each lambda window (TI):
            0.00      0.09      0.18  ...      0.86      0.93      1.00
0.000   0.000000  2.211247  4.343612  ...  6.529001  4.444856  3.742273
0.090  -2.211247  0.000000  2.132365  ...  4.317754  2.233609  1.531026
0.180  -4.343612 -2.132365  0.000000  ...  2.185389  0.101244 -0.601339
0.300  -7.016279 -4.805032 -2.672667  ... -0.487278 -2.571424 -3.274007
0.420  -9.402088 -7.190840 -5.058476  ... -2.873086 -4.957232 -5.659815
0.495 -10.663426 -8.452179 -6.319814  ... -4.134425 -6.218570 -6.921153
0.570 -11.621788 -9.410540 -7.278176  ... -5.092786 -7.176932 -7.879515
0.625 -12.004659 -9.793412 -7.661047  ... -5.475658 -7.559804 -8.262387
0.680 -11.941901 -9.730654 -7.598289  ... -5.412900 -7.497045 -8.199628
0.720 -11.482402 -9.271155 -7.138790  ... -4.953401 -7.037546 -7.740129
0.760 -10.502852 -8.291605 -6.159240  ... -3.973850 -6.057996 -6.760579
0.810  -8.610420 -6.399173 -4.266808  ... -2.081419 -4.165564 -4.868147
0.860  -6.529001 -4.317754 -2.185389  ...  0.000000 -2.084145 -2.786728
0.930  -4.444856 -2.233609 -0.101244  ...  2.084145  0.000000 -0.702583
1.000  -3.742273 -1.531026  0.601339  ...  2.786728  0.702583  0.000000

[15 rows x 15 columns]

Endpoint differences (TI)
3.7422728559027094

TI error
           0.00      0.09      0.18  ...      0.86      0.93      1.00
0.000  0.000000  0.005999  0.010771  ...  0.042703  0.044226  0.044698
0.090  0.005999  0.000000  0.006440  ...  0.041822  0.043375  0.043857
0.180  0.010771  0.006440  0.000000  ...  0.040600  0.042199  0.042693
0.300  0.016221  0.013732  0.009375  ...  0.038257  0.039950  0.040472
0.420  0.021872  0.020096  0.017412  ...  0.035463  0.037283  0.037842
0.495  0.025105  0.023574  0.021332  ...  0.033457  0.035380  0.035968
0.570  0.028145  0.026788  0.024838  ...  0.030930  0.033000  0.033631
0.625  0.030514  0.029268  0.027494  ...  0.028616  0.030842  0.031515
0.680  0.033056  0.031908  0.030289  ...  0.025622  0.028086  0.028824
0.720  0.035086  0.034007  0.032493  ...  0.022777  0.025518  0.026328
0.760  0.037244  0.036229  0.034812  ...  0.017969  0.021337  0.022299
0.810  0.040353  0.039418  0.038120  ...  0.009052  0.014639  0.016009
0.860  0.042703  0.041822  0.040600  ...  0.000000  0.007848  0.010177
0.930  0.044226  0.043375  0.042199  ...  0.007848  0.000000  0.004231
1.000  0.044698  0.043857  0.042693  ...  0.010177  0.004231  0.000000

[15 rows x 15 columns]

TI error endpoint difference
0.044698344208879436
FE differences in units of Kb_T between each lambda window (MBAR):
            0.00      0.09      0.18  ...      0.86      0.93      1.00
0.000   0.000000  2.212941  4.345823  ...  6.480244  4.367255  3.686001
0.090  -2.212941  0.000000  2.132882  ...  4.267303  2.154314  1.473060
0.180  -4.345823 -2.132882  0.000000  ...  2.134421  0.021432 -0.659822
0.300  -7.023628 -4.810687 -2.677805  ... -0.543384 -2.656373 -3.337626
0.420  -9.415311 -7.202370 -5.069488  ... -2.935067 -5.048056 -5.729310
0.495 -10.675867 -8.462926 -6.330044  ... -4.195623 -6.308612 -6.989866
0.570 -11.639289 -9.426348 -7.293466  ... -5.159045 -7.272034 -7.953288
0.625 -12.041072 -9.828131 -7.695249  ... -5.560828 -7.673817 -8.355070
0.680 -12.011290 -9.798349 -7.665467  ... -5.531046 -7.644035 -8.325289
0.720 -11.563539 -9.350598 -7.217716  ... -5.083295 -7.196284 -7.877538
0.760 -10.595883 -8.382941 -6.250059  ... -4.115638 -6.228627 -6.909881
0.810  -8.635887 -6.422946 -4.290063  ... -2.155642 -4.268631 -4.949885
0.860  -6.480244 -4.267303 -2.134421  ...  0.000000 -2.112989 -2.794243
0.930  -4.367255 -2.154314 -0.021432  ...  2.112989  0.000000 -0.681254
1.000  -3.686001 -1.473060  0.659822  ...  2.794243  0.681254  0.000000

[15 rows x 15 columns]

Endpoint differences (MBAR)
3.686001377854625

MBAR error
           0.00      0.09      0.18  ...      0.86      0.93      1.00
0.000  0.000000  0.000480  0.000917  ...  0.004132  0.004280  0.004355
0.090  0.000480  0.000000  0.000500  ...  0.004033  0.004185  0.004261
0.180  0.000917  0.000500  0.000000  ...  0.003915  0.004071  0.004149
0.300  0.001470  0.001171  0.000769  ...  0.003707  0.003872  0.003954
0.420  0.001996  0.001782  0.001497  ...  0.003451  0.003627  0.003714
0.495  0.002300  0.002116  0.001882  ...  0.003263  0.003449  0.003540
0.570  0.002598  0.002437  0.002236  ...  0.003032  0.003231  0.003329
0.625  0.002829  0.002682  0.002501  ...  0.002815  0.003028  0.003132
0.680  0.003087  0.002953  0.002790  ...  0.002524  0.002760  0.002874
0.720  0.003301  0.003176  0.003025  ...  0.002213  0.002480  0.002606
0.760  0.003551  0.003435  0.003296  ...  0.001689  0.002025  0.002179
0.810  0.003898  0.003793  0.003667  ...  0.000751  0.001232  0.001460
0.860  0.004132  0.004033  0.003915  ...  0.000000  0.000571  0.000879
0.930  0.004280  0.004185  0.004071  ...  0.000571  0.000000  0.000356
1.000  0.004355  0.004261  0.004149  ...  0.000879  0.000356  0.000000

[15 rows x 15 columns]

MBAR error endpoint difference
0.004354632086859638
FE differences in units of Kb_T between each lambda window (BAR):
            0.00      0.09      0.18  ...      0.86      0.93      1.00
0.000   0.000000  2.212070  4.344116  ...  6.474249  4.362050  3.681232
0.090  -2.212070  0.000000  2.132046  ...  4.262180  2.149980  1.469163
0.180  -4.344116 -2.132046  0.000000  ...  2.130134  0.017934 -0.662883
0.300  -7.021121 -4.809052 -2.677006  ... -0.546872 -2.659071 -3.339889
0.420  -9.412939 -7.200869 -5.068823  ... -2.938690 -5.050889 -5.731706
0.495 -10.672565 -8.460495 -6.328449  ... -4.198316 -6.310515 -6.991332
0.570 -11.635343 -9.423273 -7.291227  ... -5.161093 -7.273293 -7.954110
0.625 -12.036441 -9.824371 -7.692325  ... -5.562192 -7.674391 -8.355209
0.680 -12.006030 -9.793960 -7.661914  ... -5.531780 -7.643980 -8.324797
0.720 -11.557851 -9.345782 -7.213736  ... -5.083602 -7.195802 -7.876619
0.760 -10.590502 -8.378432 -6.246386  ... -4.116252 -6.228452 -6.909269
0.810  -8.629823 -6.417753 -4.285707  ... -2.155574 -4.267773 -4.948590
0.860  -6.474249 -4.262180 -2.130134  ...  0.000000 -2.112199 -2.793017
0.930  -4.362050 -2.149980 -0.017934  ...  2.112199  0.000000 -0.680817
1.000  -3.681232 -1.469163  0.662883  ...  2.793017  0.680817  0.000000

[15 rows x 15 columns]

Endpoint differences (BAR)
3.6812324521648843

BAR error
           0.00      0.09     0.18  ...      0.86      0.93      1.00
0.000  0.000000  0.000604      NaN  ...       NaN       NaN       NaN
0.090  0.000604  0.000000  0.00064  ...       NaN       NaN       NaN
0.180       NaN  0.000640  0.00000  ...       NaN       NaN       NaN
0.300       NaN       NaN  0.00094  ...       NaN       NaN       NaN
0.420       NaN       NaN      NaN  ...       NaN       NaN       NaN
0.495       NaN       NaN      NaN  ...       NaN       NaN       NaN
0.570       NaN       NaN      NaN  ...       NaN       NaN       NaN
0.625       NaN       NaN      NaN  ...       NaN       NaN       NaN
0.680       NaN       NaN      NaN  ...       NaN       NaN       NaN
0.720       NaN       NaN      NaN  ...       NaN       NaN       NaN
0.760       NaN       NaN      NaN  ...       NaN       NaN       NaN
0.810       NaN       NaN      NaN  ...  0.000912       NaN       NaN
0.860       NaN       NaN      NaN  ...  0.000000  0.000724       NaN
0.930       NaN       NaN      NaN  ...  0.000724  0.000000  0.000417
1.000       NaN       NaN      NaN  ...       NaN  0.000417  0.000000

[15 rows x 15 columns]

BAR error endpoint difference
nan
                          0.00          0.09  ...          0.93          1.00
time  vdw-lambda                              ...                            
100.0 0.76        4.082638e+04 -12349.295765  ... -13731.799228 -13730.630757
100.2 0.76        1.250280e+05 -12542.784959  ... -13799.313187 -13797.597032
100.4 0.76        1.242681e+04 -12971.221868  ... -13821.145335 -13819.431739
100.6 0.76        3.225456e+05 -11951.520569  ... -13828.779471 -13827.602584
100.8 0.72        2.582789e+09 -11762.984712  ... -13789.213127 -13788.145499

[5 rows x 15 columns]
Index([  0.0,  0.09,  0.18,   0.3,  0.42, 0.495,  0.57, 0.625,  0.68,  0.72,
        0.76,  0.81,  0.86,  0.93,   1.0],
      dtype='object')
