Warning on use of the timeseries module: If the inherent timescales of the system are long compared to those being analyzed, this statistical inefficiency may be an underestimate.  The estimate presumes the use of many statistically independent samples.  Tests should be performed to assess whether this condition is satisfied.   Be cautious in the interpretation of the data.

****** PyMBAR will use 64-bit JAX! *******
* JAX is currently set to 32-bit bitsize *
* which is its default.                  *
*                                        *
* PyMBAR requires 64-bit mode and WILL   *
* enable JAX's 64-bit mode when called.  *
*                                        *
* This MAY cause problems with other     *
* Uses of JAX in the same code.          *
******************************************

2024-09-22 13:32:58.092 | DEBUG    | alchemlyb.preprocessing.subsampling:statistical_inefficiency:520 - Running statistical inefficiency analysis.
2024-09-22 13:32:58.983 | DEBUG    | alchemlyb.preprocessing.subsampling:statistical_inefficiency:522 - Statistical inefficiency: 106.58.
2024-09-22 13:32:58.984 | DEBUG    | alchemlyb.preprocessing.subsampling:statistical_inefficiency:528 - Number of uncorrelated samples: 9342.
2024-09-22 13:32:59.837 | DEBUG    | alchemlyb.preprocessing.subsampling:statistical_inefficiency:520 - Running statistical inefficiency analysis.
2024-09-22 13:32:59.845 | DEBUG    | alchemlyb.preprocessing.subsampling:statistical_inefficiency:522 - Statistical inefficiency: 1.00.
2024-09-22 13:32:59.846 | DEBUG    | alchemlyb.preprocessing.subsampling:statistical_inefficiency:528 - Number of uncorrelated samples: 999501.
/projects/liwh2139/software/anaconda/envs/openff-toolkit/lib/python3.9/site-packages/alchemlyb/estimators/mbar_.py:106: FutureWarning: When grouping with a length-1 list-like, you will need to pass a length-1 tuple to get_group in a future version of pandas. Pass `(name,)` instead of `name` to silence this warning.
  (len(groups.get_group(i)) if i in groups.groups else 0)

******* JAX 64-bit mode is now on! *******
*     JAX is now set to 64-bit mode!     *
*   This MAY cause problems with other   *
*      uses of JAX in the same code.     *
******************************************

/projects/liwh2139/software/anaconda/envs/openff-toolkit/lib/python3.9/site-packages/alchemlyb/estimators/bar_.py:97: FutureWarning: When grouping with a length-1 list-like, you will need to pass a length-1 tuple to get_group in a future version of pandas. Pass `(name,)` instead of `name` to silence this warning.
  (len(groups.get_group(i)) if i in groups.groups else 0)
/projects/liwh2139/software/anaconda/envs/openff-toolkit/lib/python3.9/site-packages/alchemlyb/estimators/bar_.py:106: FutureWarning: When grouping with a length-1 list-like, you will need to pass a length-1 tuple to get_group in a future version of pandas. Pass `(name,)` instead of `name` to silence this warning.
  uk = groups.get_group(self._states_[k])
/projects/liwh2139/software/anaconda/envs/openff-toolkit/lib/python3.9/site-packages/alchemlyb/estimators/bar_.py:111: FutureWarning: When grouping with a length-1 list-like, you will need to pass a length-1 tuple to get_group in a future version of pandas. Pass `(name,)` instead of `name` to silence this warning.
  uk1 = groups.get_group(self._states_[k + 1])
FE differences in units of Kb_T between each lambda window (TI):
            0.00      0.09      0.18  ...      0.86      0.93      1.00
0.000   0.000000  2.204607  4.337605  ...  6.418225  4.319448  3.617805
0.090  -2.204607  0.000000  2.132998  ...  4.213618  2.114841  1.413198
0.180  -4.337605 -2.132998  0.000000  ...  2.080620 -0.018156 -0.719799
0.300  -6.976576 -4.771969 -2.638971  ... -0.558351 -2.657127 -3.358771
0.420  -9.302052 -7.097445 -4.964447  ... -2.883828 -4.982604 -5.684247
0.495 -10.543639 -8.339032 -6.206034  ... -4.125414 -6.224190 -6.925833
0.570 -11.536008 -9.331401 -7.198403  ... -5.117783 -7.216559 -7.918202
0.625 -11.946659 -9.742052 -7.609054  ... -5.528434 -7.627211 -8.328854
0.680 -11.904063 -9.699456 -7.566458  ... -5.485839 -7.584615 -8.286258
0.720 -11.455214 -9.250607 -7.117610  ... -5.036990 -7.135766 -7.837409
0.760 -10.444817 -8.240210 -6.107212  ... -4.026592 -6.125368 -6.827011
0.810  -8.515208 -6.310601 -4.177603  ... -2.096983 -4.195759 -4.897402
0.860  -6.418225 -4.213618 -2.080620  ...  0.000000 -2.098776 -2.800419
0.930  -4.319448 -2.114841  0.018156  ...  2.098776  0.000000 -0.701643
1.000  -3.617805 -1.413198  0.719799  ...  2.800419  0.701643  0.000000

[15 rows x 15 columns]

Endpoint differences (TI)
3.617805322750258

TI error
           0.00      0.09      0.18  ...      0.86      0.93      1.00
0.000  0.000000  0.020651  0.036499  ...  0.144494  0.149262  0.150811
0.090  0.020651  0.000000  0.021462  ...  0.141446  0.146314  0.147893
0.180  0.036499  0.021462  0.000000  ...  0.137518  0.142521  0.144141
0.300  0.054001  0.045217  0.030805  ...  0.130043  0.135321  0.137027
0.420  0.073224  0.067009  0.058263  ...  0.120128  0.125824  0.127657
0.495  0.084930  0.079634  0.072429  ...  0.113194  0.119221  0.121154
0.570  0.095334  0.090648  0.084389  ...  0.104473  0.110975  0.113049
0.625  0.103427  0.099125  0.093435  ...  0.096726  0.103715  0.105931
0.680  0.111756  0.107786  0.102578  ...  0.087079  0.094782  0.097202
0.720  0.118183  0.114436  0.109545  ...  0.078452  0.086922  0.089555
0.760  0.125218  0.121688  0.117100  ...  0.061279  0.071805  0.074971
0.810  0.136646  0.133419  0.129248  ...  0.030215  0.048102  0.052710
0.860  0.144494  0.141446  0.137518  ...  0.000000  0.025598  0.033464
0.930  0.149262  0.146314  0.142521  ...  0.025598  0.000000  0.014066
1.000  0.150811  0.147893  0.144141  ...  0.033464  0.014066  0.000000

[15 rows x 15 columns]

TI error endpoint difference
0.15081053352965368
FE differences in units of Kb_T between each lambda window (MBAR):
            0.00      0.09      0.18  ...      0.86      0.93      1.00
0.000   0.000000  2.212828  4.345827  ...  6.464611  4.350787  3.669423
0.090  -2.212828  0.000000  2.132999  ...  4.251782  2.137959  1.456594
0.180  -4.345827 -2.132999  0.000000  ...  2.118784  0.004960 -0.676405
0.300  -7.022883 -4.810055 -2.677056  ... -0.558272 -2.672096 -3.353460
0.420  -9.415491 -7.202663 -5.069664  ... -2.950880 -5.064704 -5.746068
0.495 -10.678097 -8.465269 -6.332270  ... -4.213486 -6.327310 -7.008674
0.570 -11.642019 -9.429190 -7.296191  ... -5.177408 -7.291232 -7.972596
0.625 -12.042973 -9.830144 -7.697145  ... -5.578362 -7.692186 -8.373550
0.680 -12.013862 -9.801033 -7.668034  ... -5.549251 -7.663075 -8.344439
0.720 -11.567185 -9.354357 -7.221358  ... -5.102574 -7.216398 -7.897762
0.760 -10.597276 -8.384448 -6.251449  ... -4.132665 -6.246489 -6.927853
0.810  -8.625953 -6.413125 -4.280126  ... -2.161343 -4.275167 -4.956531
0.860  -6.464611 -4.251782 -2.118784  ...  0.000000 -2.113824 -2.795188
0.930  -4.350787 -2.137959 -0.004960  ...  2.113824  0.000000 -0.681364
1.000  -3.669423 -1.456594  0.676405  ...  2.795188  0.681364  0.000000

[15 rows x 15 columns]

Endpoint differences (MBAR)
3.6694226952280804

MBAR error
           0.00      0.09      0.18  ...      0.86      0.93      1.00
0.000  0.000000  0.001520  0.002900  ...  0.013088  0.013551  0.013783
0.090  0.001520  0.000000  0.001581  ...  0.012775  0.013249  0.013487
0.180  0.002900  0.001581  0.000000  ...  0.012402  0.012890  0.013134
0.300  0.004651  0.003706  0.002435  ...  0.011746  0.012260  0.012516
0.420  0.006311  0.005631  0.004731  ...  0.010942  0.011492  0.011765
0.495  0.007266  0.006686  0.005942  ...  0.010351  0.010931  0.011217
0.570  0.008208  0.007699  0.007063  ...  0.009622  0.010244  0.010549
0.625  0.008941  0.008476  0.007904  ...  0.008937  0.009602  0.009927
0.680  0.009760  0.009336  0.008819  ...  0.008016  0.008752  0.009107
0.720  0.010440  0.010045  0.009567  ...  0.007025  0.007857  0.008250
0.760  0.011243  0.010877  0.010437  ...  0.005344  0.006395  0.006876
0.810  0.012355  0.012023  0.011626  ...  0.002355  0.003868  0.004589
0.860  0.013088  0.012775  0.012402  ...  0.000000  0.001794  0.002765
0.930  0.013551  0.013249  0.012890  ...  0.001794  0.000000  0.001120
1.000  0.013783  0.013487  0.013134  ...  0.002765  0.001120  0.000000

[15 rows x 15 columns]

MBAR error endpoint difference
0.013783459912987557
FE differences in units of Kb_T between each lambda window (BAR):
            0.00      0.09      0.18  ...      0.86      0.93      1.00
0.000   0.000000  2.211112  4.341845  ...  6.451349  4.337726  3.657258
0.090  -2.211112  0.000000  2.130733  ...  4.240237  2.126615  1.446147
0.180  -4.341845 -2.130733  0.000000  ...  2.109504 -0.004119 -0.684587
0.300  -7.017294 -4.806183 -2.675449  ... -0.565946 -2.679568 -3.360036
0.420  -9.409788 -7.198677 -5.067943  ... -2.958439 -5.072062 -5.752530
0.495 -10.671580 -8.460469 -6.329735  ... -4.220231 -6.333854 -7.014322
0.570 -11.633236 -9.422125 -7.291391  ... -5.181888 -7.295510 -7.975978
0.625 -12.032634 -9.821522 -7.690789  ... -5.581285 -7.694908 -8.375375
0.680 -12.004538 -9.793426 -7.662693  ... -5.553189 -7.666812 -8.347279
0.720 -11.558143 -9.347032 -7.216298  ... -5.106794 -7.220417 -7.900885
0.760 -10.586046 -8.374935 -6.244201  ... -4.134697 -6.248320 -6.928788
0.810  -8.611739 -6.400627 -4.269894  ... -2.160390 -4.274013 -4.954480
0.860  -6.451349 -4.240237 -2.109504  ...  0.000000 -2.113623 -2.794090
0.930  -4.337726 -2.126615  0.004119  ...  2.113623  0.000000 -0.680468
1.000  -3.657258 -1.446147  0.684587  ...  2.794090  0.680468  0.000000

[15 rows x 15 columns]

Endpoint differences (BAR)
3.6572584783945694

BAR error
           0.00      0.09      0.18  ...      0.86      0.93      1.00
0.000  0.000000  0.001916       NaN  ...       NaN       NaN       NaN
0.090  0.001916  0.000000  0.002025  ...       NaN       NaN       NaN
0.180       NaN  0.002025  0.000000  ...       NaN       NaN       NaN
0.300       NaN       NaN  0.002981  ...       NaN       NaN       NaN
0.420       NaN       NaN       NaN  ...       NaN       NaN       NaN
0.495       NaN       NaN       NaN  ...       NaN       NaN       NaN
0.570       NaN       NaN       NaN  ...       NaN       NaN       NaN
0.625       NaN       NaN       NaN  ...       NaN       NaN       NaN
0.680       NaN       NaN       NaN  ...       NaN       NaN       NaN
0.720       NaN       NaN       NaN  ...       NaN       NaN       NaN
0.760       NaN       NaN       NaN  ...       NaN       NaN       NaN
0.810       NaN       NaN       NaN  ...  0.002871       NaN       NaN
0.860       NaN       NaN       NaN  ...  0.000000  0.002280       NaN
0.930       NaN       NaN       NaN  ...  0.002280  0.000000  0.001313
1.000       NaN       NaN       NaN  ...       NaN  0.001313  0.000000

[15 rows x 15 columns]

BAR error endpoint difference
nan
