Warning on use of the timeseries module: If the inherent timescales of the system are long compared to those being analyzed, this statistical inefficiency may be an underestimate.  The estimate presumes the use of many statistically independent samples.  Tests should be performed to assess whether this condition is satisfied.   Be cautious in the interpretation of the data.

****** PyMBAR will use 64-bit JAX! *******
* JAX is currently set to 32-bit bitsize *
* which is its default.                  *
*                                        *
* PyMBAR requires 64-bit mode and WILL   *
* enable JAX's 64-bit mode when called.  *
*                                        *
* This MAY cause problems with other     *
* Uses of JAX in the same code.          *
******************************************

2024-09-22 13:54:34.401 | DEBUG    | alchemlyb.preprocessing.subsampling:statistical_inefficiency:520 - Running statistical inefficiency analysis.
2024-09-22 13:54:35.271 | DEBUG    | alchemlyb.preprocessing.subsampling:statistical_inefficiency:522 - Statistical inefficiency: 97.53.
2024-09-22 13:54:35.272 | DEBUG    | alchemlyb.preprocessing.subsampling:statistical_inefficiency:528 - Number of uncorrelated samples: 10199.
2024-09-22 13:54:36.163 | DEBUG    | alchemlyb.preprocessing.subsampling:statistical_inefficiency:520 - Running statistical inefficiency analysis.
2024-09-22 13:54:36.171 | DEBUG    | alchemlyb.preprocessing.subsampling:statistical_inefficiency:522 - Statistical inefficiency: 1.00.
2024-09-22 13:54:36.172 | DEBUG    | alchemlyb.preprocessing.subsampling:statistical_inefficiency:528 - Number of uncorrelated samples: 999501.
/projects/liwh2139/software/anaconda/envs/openff-toolkit/lib/python3.9/site-packages/alchemlyb/estimators/mbar_.py:106: FutureWarning: When grouping with a length-1 list-like, you will need to pass a length-1 tuple to get_group in a future version of pandas. Pass `(name,)` instead of `name` to silence this warning.
  (len(groups.get_group(i)) if i in groups.groups else 0)

******* JAX 64-bit mode is now on! *******
*     JAX is now set to 64-bit mode!     *
*   This MAY cause problems with other   *
*      uses of JAX in the same code.     *
******************************************

/projects/liwh2139/software/anaconda/envs/openff-toolkit/lib/python3.9/site-packages/alchemlyb/estimators/bar_.py:97: FutureWarning: When grouping with a length-1 list-like, you will need to pass a length-1 tuple to get_group in a future version of pandas. Pass `(name,)` instead of `name` to silence this warning.
  (len(groups.get_group(i)) if i in groups.groups else 0)
/projects/liwh2139/software/anaconda/envs/openff-toolkit/lib/python3.9/site-packages/alchemlyb/estimators/bar_.py:106: FutureWarning: When grouping with a length-1 list-like, you will need to pass a length-1 tuple to get_group in a future version of pandas. Pass `(name,)` instead of `name` to silence this warning.
  uk = groups.get_group(self._states_[k])
/projects/liwh2139/software/anaconda/envs/openff-toolkit/lib/python3.9/site-packages/alchemlyb/estimators/bar_.py:111: FutureWarning: When grouping with a length-1 list-like, you will need to pass a length-1 tuple to get_group in a future version of pandas. Pass `(name,)` instead of `name` to silence this warning.
  uk1 = groups.get_group(self._states_[k + 1])
FE differences in units of Kb_T between each lambda window (TI):
            0.00      0.09      0.18  ...      0.86      0.93      1.00
0.000   0.000000  2.155009  4.248373  ...  6.306744  4.211240  3.510777
0.090  -2.155009  0.000000  2.093364  ...  4.151734  2.056231  1.355767
0.180  -4.248373 -2.093364  0.000000  ...  2.058370 -0.037133 -0.737597
0.300  -6.913929 -4.758920 -2.665556  ... -0.607186 -2.702690 -3.403153
0.420  -9.277226 -7.122217 -5.028853  ... -2.970483 -5.065986 -5.766450
0.495 -10.505816 -8.350807 -6.257443  ... -4.199073 -6.294577 -6.995040
0.570 -11.417175 -9.262166 -7.168802  ... -5.110431 -7.205935 -7.906398
0.625 -11.806024 -9.651015 -7.557651  ... -5.499280 -7.594784 -8.295247
0.680 -11.784404 -9.629395 -7.536031  ... -5.477661 -7.573165 -8.273628
0.720 -11.331087 -9.176078 -7.082714  ... -5.024344 -7.119848 -7.820311
0.760 -10.359673 -8.204663 -6.111299  ... -4.052929 -6.148433 -6.848896
0.810  -8.442264 -6.287255 -4.193891  ... -2.135521 -4.231025 -4.931488
0.860  -6.306744 -4.151734 -2.058370  ...  0.000000 -2.095504 -2.795967
0.930  -4.211240 -2.056231  0.037133  ...  2.095504  0.000000 -0.700463
1.000  -3.510777 -1.355767  0.737597  ...  2.795967  0.700463  0.000000

[15 rows x 15 columns]

Endpoint differences (TI)
3.510776614548388

TI error
           0.00      0.09      0.18  ...      0.86      0.93      1.00
0.000  0.000000  0.021245  0.038078  ...  0.137898  0.142318  0.143734
0.090  0.021245  0.000000  0.022219  ...  0.134386  0.138918  0.140368
0.180  0.038078  0.022219  0.000000  ...  0.130087  0.134764  0.136258
0.300  0.055380  0.045942  0.031205  ...  0.121898  0.126877  0.128463
0.420  0.074401  0.067670  0.058671  ...  0.111526  0.116947  0.118666
0.495  0.085254  0.079447  0.071937  ...  0.104968  0.110711  0.112525
0.570  0.094096  0.088870  0.082225  ...  0.097162  0.103339  0.105281
0.625  0.100963  0.096111  0.090002  ...  0.090082  0.096713  0.098784
0.680  0.108616  0.104121  0.098510  ...  0.080182  0.087565  0.089848
0.720  0.115074  0.110841  0.105588  ...  0.070972  0.079219  0.081735
0.760  0.121475  0.117473  0.112530  ...  0.056895  0.066900  0.069862
0.810  0.130416  0.126697  0.122128  ...  0.028746  0.045441  0.049699
0.860  0.137898  0.134386  0.130087  ...  0.000000  0.024047  0.031357
0.930  0.142318  0.138918  0.134764  ...  0.024047  0.000000  0.013149
1.000  0.143734  0.140368  0.136258  ...  0.031357  0.013149  0.000000

[15 rows x 15 columns]

TI error endpoint difference
0.14373395166832442
FE differences in units of Kb_T between each lambda window (MBAR):
            0.00      0.09      0.18  ...      0.86      0.93      1.00
0.000   0.000000  2.186287  4.294433  ...  6.259837  4.148220  3.470359
0.090  -2.186287  0.000000  2.108146  ...  4.073550  1.961933  1.284072
0.180  -4.294433 -2.108146  0.000000  ...  1.965404 -0.146213 -0.824074
0.300  -6.938303 -4.752016 -2.643870  ... -0.678466 -2.790084 -3.467945
0.420  -9.294780 -7.108493 -5.000347  ... -3.034943 -5.146561 -5.824422
0.495 -10.534347 -8.348060 -6.239914  ... -4.274510 -6.386127 -7.063988
0.570 -11.481631 -9.295344 -7.187198  ... -5.221794 -7.333411 -8.011272
0.625 -11.877381 -9.691094 -7.582948  ... -5.617543 -7.729161 -8.407022
0.680 -11.842242 -9.655955 -7.547809  ... -5.582405 -7.694022 -8.371883
0.720 -11.386435 -9.200148 -7.092002  ... -5.126598 -7.238215 -7.916076
0.760 -10.404550 -8.218263 -6.110117  ... -4.144713 -6.256330 -6.934191
0.810  -8.423858 -6.237571 -4.129425  ... -2.164020 -4.275638 -4.953499
0.860  -6.259837 -4.073550 -1.965404  ...  0.000000 -2.111618 -2.789479
0.930  -4.148220 -1.961933  0.146213  ...  2.111618  0.000000 -0.677861
1.000  -3.470359 -1.284072  0.824074  ...  2.789479  0.677861  0.000000

[15 rows x 15 columns]

Endpoint differences (MBAR)
3.4703586373021427

MBAR error
           0.00      0.09      0.18  ...      0.86      0.93      1.00
0.000  0.000000  0.001603  0.003041  ...  0.013016  0.013451  0.013669
0.090  0.001603  0.000000  0.001648  ...  0.012669  0.013115  0.013339
0.180  0.003041  0.001648  0.000000  ...  0.012264  0.012724  0.012955
0.300  0.004840  0.003837  0.002509  ...  0.011565  0.012052  0.012295
0.420  0.006510  0.005783  0.004837  ...  0.010726  0.011250  0.011510
0.495  0.007455  0.006831  0.006045  ...  0.010122  0.010675  0.010949
0.570  0.008370  0.007819  0.007144  ...  0.009393  0.009987  0.010279
0.625  0.009075  0.008569  0.007958  ...  0.008710  0.009347  0.009659
0.680  0.009863  0.009400  0.008847  ...  0.007792  0.008498  0.008840
0.720  0.010518  0.010085  0.009571  ...  0.006809  0.007609  0.007989
0.760  0.011283  0.010881  0.010406  ...  0.005166  0.006180  0.006645
0.810  0.012328  0.011960  0.011531  ...  0.002274  0.003732  0.004430
0.860  0.013016  0.012669  0.012264  ...  0.000000  0.001730  0.002670
0.930  0.013451  0.013115  0.012724  ...  0.001730  0.000000  0.001085
1.000  0.013669  0.013339  0.012955  ...  0.002670  0.001085  0.000000

[15 rows x 15 columns]

MBAR error endpoint difference
0.013669475508530314
FE differences in units of Kb_T between each lambda window (BAR):
            0.00      0.09      0.18  ...      0.86      0.93      1.00
0.000   0.000000  2.184280  4.292231  ...  6.256515  4.144306  3.467384
0.090  -2.184280  0.000000  2.107951  ...  4.072235  1.960027  1.283104
0.180  -4.292231 -2.107951  0.000000  ...  1.964283 -0.147925 -0.824848
0.300  -6.937913 -4.753634 -2.645682  ... -0.681399 -2.793607 -3.470530
0.420  -9.293321 -7.109041 -5.001089  ... -3.036806 -5.149014 -5.825937
0.495 -10.535449 -8.351169 -6.243218  ... -4.278934 -6.391142 -7.068065
0.570 -11.481304 -9.297024 -7.189073  ... -5.224789 -7.336998 -8.013920
0.625 -11.874622 -9.690342 -7.582391  ... -5.618107 -7.730315 -8.407238
0.680 -11.838410 -9.654130 -7.546179  ... -5.581896 -7.694104 -8.371027
0.720 -11.383646 -9.199367 -7.091415  ... -5.127132 -7.239340 -7.916263
0.760 -10.403247 -8.218967 -6.111016  ... -4.146732 -6.258941 -6.935863
0.810  -8.422485 -6.238206 -4.130254  ... -2.165971 -4.278179 -4.955102
0.860  -6.256515 -4.072235 -1.964283  ...  0.000000 -2.112208 -2.789131
0.930  -4.144306 -1.960027  0.147925  ...  2.112208  0.000000 -0.676923
1.000  -3.467384 -1.283104  0.824848  ...  2.789131  0.676923  0.000000

[15 rows x 15 columns]

Endpoint differences (BAR)
3.467383551154996

BAR error
           0.00      0.09      0.18  ...      0.86      0.93     1.00
0.000  0.000000  0.002028       NaN  ...       NaN       NaN      NaN
0.090  0.002028  0.000000  0.002115  ...       NaN       NaN      NaN
0.180       NaN  0.002115  0.000000  ...       NaN       NaN      NaN
0.300       NaN       NaN  0.003069  ...       NaN       NaN      NaN
0.420       NaN       NaN       NaN  ...       NaN       NaN      NaN
0.495       NaN       NaN       NaN  ...       NaN       NaN      NaN
0.570       NaN       NaN       NaN  ...       NaN       NaN      NaN
0.625       NaN       NaN       NaN  ...       NaN       NaN      NaN
0.680       NaN       NaN       NaN  ...       NaN       NaN      NaN
0.720       NaN       NaN       NaN  ...       NaN       NaN      NaN
0.760       NaN       NaN       NaN  ...       NaN       NaN      NaN
0.810       NaN       NaN       NaN  ...  0.002766       NaN      NaN
0.860       NaN       NaN       NaN  ...  0.000000  0.002193      NaN
0.930       NaN       NaN       NaN  ...  0.002193  0.000000  0.00127
1.000       NaN       NaN       NaN  ...       NaN  0.001270  0.00000

[15 rows x 15 columns]

BAR error endpoint difference
nan
