./75_8_force_switch-potential-shift/sim_0_75_8_force_switch_analysis.log

Endpoint differences (TI)
3.829639039263651
--

Endpoint differences (MBAR)
3.885100273650451
--

Endpoint differences (BAR)
3.8837533565045805
./75_8_force_switch-potential-shift/sim_1_75_8_force_switch_analysis.log

Endpoint differences (TI)
3.856527067349693
--

Endpoint differences (MBAR)
3.8807998669961545
--

Endpoint differences (BAR)
3.8749428848515586
./75_8_force_switch-potential-shift/sim_2_75_8_force_switch_analysis.log

Endpoint differences (TI)
4.000909155941114
--

Endpoint differences (MBAR)
3.8852103854117015
--

Endpoint differences (BAR)
3.8810232181901068
./75_8_force_switch-potential-shift/sim_3_75_8_force_switch_analysis.log

Endpoint differences (TI)
4.061558953872699
--

Endpoint differences (MBAR)
3.9274285048025863
--

Endpoint differences (BAR)
3.9207674449777907
./75_8_force_switch-potential-shift/sim_4_75_8_force_switch_analysis.log

Endpoint differences (TI)
4.010517062306875
--

Endpoint differences (MBAR)
3.9448646850662215
--

Endpoint differences (BAR)
3.9349092417179747
./75_8_force_switch-potential-shift/sim_5_75_8_force_switch_analysis.log

Endpoint differences (TI)
3.795730826276988
--

Endpoint differences (MBAR)
3.934338770818151
--

Endpoint differences (BAR)
3.92829208961502
./75_8_force_switch-potential-shift/sim_6_75_8_force_switch_analysis.log

Endpoint differences (TI)
3.9099491561734006
--

Endpoint differences (MBAR)
3.9609275492602443
--

Endpoint differences (BAR)
3.953336067002178
./75_8_force_switch-potential-shift/sim_7_75_8_force_switch_analysis.log

Endpoint differences (TI)
4.037206550285194
--

Endpoint differences (MBAR)
3.9713799456840846
--

Endpoint differences (BAR)
3.9681864798907625
./75_8_force_switch-potential-shift/sim_8_75_8_force_switch_analysis.log

Endpoint differences (TI)
4.0556416697313695
--

Endpoint differences (MBAR)
3.9315846603094453
--

Endpoint differences (BAR)
3.9261404830241005
./75_8_force_switch-potential-shift/sim_9_75_8_force_switch_analysis.log

Endpoint differences (TI)
3.8754408667889795
--

Endpoint differences (MBAR)
3.8959472814532443
--

Endpoint differences (BAR)
3.8926211139294598
./75_8_shift-force-switch/sim_0_75_8_shift-force-switch_analysis.log

Endpoint differences (TI)
3.694898892690455
--

Endpoint differences (MBAR)
3.9250013119387592
--

Endpoint differences (BAR)
3.918144275214223
./75_8_shift-force-switch/sim_1_75_8_shift-force-switch_analysis.log

Endpoint differences (TI)
3.9013115209786604
--

Endpoint differences (MBAR)
3.9484833948788314
--

Endpoint differences (BAR)
3.9423794952444524
./75_8_shift-force-switch/sim_2_75_8_shift-force-switch_analysis.log

Endpoint differences (TI)
3.815591303480272
--

Endpoint differences (MBAR)
3.9558717255075884
--

Endpoint differences (BAR)
3.949235035429959
./75_8_shift-force-switch/sim_3_75_8_shift-force-switch_analysis.log

Endpoint differences (TI)
4.094566347453174
--

Endpoint differences (MBAR)
3.9222193868555895
--

Endpoint differences (BAR)
3.9203571248257094
./75_8_shift-force-switch/sim_4_75_8_shift-force-switch_analysis.log

Endpoint differences (TI)
3.692214838980088
--

Endpoint differences (MBAR)
3.931937888761153
--

Endpoint differences (BAR)
3.9292785380183073
./75_8_shift-force-switch/sim_5_75_8_shift-force-switch_analysis.log

Endpoint differences (TI)
4.435064329176479
--

Endpoint differences (MBAR)
3.9345074405668736
--

Endpoint differences (BAR)
3.9291588216643687
./75_8_shift-force-switch/sim_6_75_8_shift-force-switch_analysis.log

Endpoint differences (TI)
4.004745517781048
--

Endpoint differences (MBAR)
3.9830988952372746
--

Endpoint differences (BAR)
3.9758147925103637
./75_8_shift-force-switch/sim_7_75_8_shift-force-switch_analysis.log

Endpoint differences (TI)
4.037440753320504
--

Endpoint differences (MBAR)
3.9897773862984867
--

Endpoint differences (BAR)
3.984106577197008
./75_8_shift-force-switch/sim_8_75_8_shift-force-switch_analysis.log

Endpoint differences (TI)
3.7214592396186745
--

Endpoint differences (MBAR)
3.849486943152481
--

Endpoint differences (BAR)
3.8402960120500502
./75_8_shift-force-switch/sim_9_75_8_shift-force-switch_analysis.log

Endpoint differences (TI)
3.9396843818683025
--

Endpoint differences (MBAR)
3.9166647032736925
--

Endpoint differences (BAR)
3.9072014033727185
./75_8_switch-potential-switch/sim_0_75_8_switch-potential-switch_analysis.log

Endpoint differences (TI)
3.4315502422374697
--

Endpoint differences (MBAR)
3.4475425713406107
--

Endpoint differences (BAR)
3.442210668001705
./75_8_switch-potential-switch/sim_1_75_8_switch-potential-switch_analysis.log

Endpoint differences (TI)
3.4134837725569573
--

Endpoint differences (MBAR)
3.4764046405039064
--

Endpoint differences (BAR)
3.4750573829809706
./75_8_switch-potential-switch/sim_2_75_8_switch-potential-switch_analysis.log

Endpoint differences (TI)
3.683499873324455
--

Endpoint differences (MBAR)
3.4991449412952615
--

Endpoint differences (BAR)
3.487715796588951
./75_8_switch-potential-switch/sim_3_75_8_switch-potential-switch_analysis.log

Endpoint differences (TI)
3.6918474275622906
--

Endpoint differences (MBAR)
3.478884754174869
--

Endpoint differences (BAR)
3.4713726762997346
./75_8_switch-potential-switch/sim_4_75_8_switch-potential-switch_analysis.log

Endpoint differences (TI)
3.5681717284609302
--

Endpoint differences (MBAR)
3.451676507244118
--

Endpoint differences (BAR)
3.439914351544158
./75_8_switch-potential-switch/sim_5_75_8_switch-potential-switch_analysis.log

Endpoint differences (TI)
3.6716878163044226
--

Endpoint differences (MBAR)
3.508902159110603
--

Endpoint differences (BAR)
3.5081612401266993
./75_8_switch-potential-switch/sim_6_75_8_switch-potential-switch_analysis.log

Endpoint differences (TI)
3.595559276663951
--

Endpoint differences (MBAR)
3.4971819414987646
--

Endpoint differences (BAR)
3.492064960234571
./75_8_switch-potential-switch/sim_7_75_8_switch-potential-switch_analysis.log

Endpoint differences (TI)
3.2638229149427724
--

Endpoint differences (MBAR)
3.50904274837937
--

Endpoint differences (BAR)
3.5038914171259714
./75_8_switch-potential-switch/sim_8_75_8_switch-potential-switch_analysis.log

Endpoint differences (TI)
3.229849976775621
--

Endpoint differences (MBAR)
3.4363905250260256
--

Endpoint differences (BAR)
3.4376101828267007
./75_8_switch-potential-switch/sim_9_75_8_switch-potential-switch_analysis.log

Endpoint differences (TI)
3.607406768137179
--

Endpoint differences (MBAR)
3.520833223654405
--

Endpoint differences (BAR)
3.5109567992693496
