./75_8_force_switch-potential-shift/sim_0_75_8_force_switch_analysis.log

TI error endpoint difference
0.1559804272482778
--

MBAR error endpoint difference
0.013967852550549015
--

BAR error endpoint difference
nan
./75_8_force_switch-potential-shift/sim_1_75_8_force_switch_analysis.log

TI error endpoint difference
0.16077784590410887
--

MBAR error endpoint difference
0.015234050310174963
--

BAR error endpoint difference
nan
./75_8_force_switch-potential-shift/sim_2_75_8_force_switch_analysis.log

TI error endpoint difference
0.14873715583765534
--

MBAR error endpoint difference
0.013954572310280088
--

BAR error endpoint difference
nan
./75_8_force_switch-potential-shift/sim_3_75_8_force_switch_analysis.log

TI error endpoint difference
0.15477331793577903
--

MBAR error endpoint difference
0.013983451701078009
--

BAR error endpoint difference
nan
./75_8_force_switch-potential-shift/sim_4_75_8_force_switch_analysis.log

TI error endpoint difference
0.15053883129890927
--

MBAR error endpoint difference
0.013989205830357617
--

BAR error endpoint difference
nan
./75_8_force_switch-potential-shift/sim_5_75_8_force_switch_analysis.log

TI error endpoint difference
0.14943513084630186
--

MBAR error endpoint difference
0.013963194118008733
--

BAR error endpoint difference
nan
./75_8_force_switch-potential-shift/sim_6_75_8_force_switch_analysis.log

TI error endpoint difference
0.14505623528414244
--

MBAR error endpoint difference
0.013960466120767618
--

BAR error endpoint difference
nan
./75_8_force_switch-potential-shift/sim_7_75_8_force_switch_analysis.log

TI error endpoint difference
0.14391580788453548
--

MBAR error endpoint difference
0.013957921726215145
--

BAR error endpoint difference
nan
./75_8_force_switch-potential-shift/sim_8_75_8_force_switch_analysis.log

TI error endpoint difference
0.1544827693680957
--

MBAR error endpoint difference
0.019770331013506903
--

BAR error endpoint difference
nan
./75_8_force_switch-potential-shift/sim_9_75_8_force_switch_analysis.log

TI error endpoint difference
0.14296891134428374
--

MBAR error endpoint difference
0.01395805103725987
--

BAR error endpoint difference
nan
./75_8_shift-force-switch/sim_0_75_8_shift-force-switch_analysis.log

TI error endpoint difference
0.15134402304157996
--

MBAR error endpoint difference
0.013993700338240898
--

BAR error endpoint difference
nan
./75_8_shift-force-switch/sim_1_75_8_shift-force-switch_analysis.log

TI error endpoint difference
0.14205758947652788
--

MBAR error endpoint difference
0.013968905138703873
--

BAR error endpoint difference
nan
./75_8_shift-force-switch/sim_2_75_8_shift-force-switch_analysis.log

TI error endpoint difference
0.143560681246153
--

MBAR error endpoint difference
0.014024360435200809
--

BAR error endpoint difference
nan
./75_8_shift-force-switch/sim_3_75_8_shift-force-switch_analysis.log

TI error endpoint difference
0.1509079806806026
--

MBAR error endpoint difference
0.0140455270062414
--

BAR error endpoint difference
nan
./75_8_shift-force-switch/sim_4_75_8_shift-force-switch_analysis.log

TI error endpoint difference
0.1484134119988134
--

MBAR error endpoint difference
0.01401353694957184
--

BAR error endpoint difference
nan
./75_8_shift-force-switch/sim_5_75_8_shift-force-switch_analysis.log

TI error endpoint difference
0.1478385357097292
--

MBAR error endpoint difference
0.014028178622246881
--

BAR error endpoint difference
nan
./75_8_shift-force-switch/sim_6_75_8_shift-force-switch_analysis.log

TI error endpoint difference
0.150075736550513
--

MBAR error endpoint difference
0.014042200172193368
--

BAR error endpoint difference
nan
./75_8_shift-force-switch/sim_7_75_8_shift-force-switch_analysis.log

TI error endpoint difference
0.15119645206608268
--

MBAR error endpoint difference
0.01402970799183533
--

BAR error endpoint difference
nan
./75_8_shift-force-switch/sim_8_75_8_shift-force-switch_analysis.log

TI error endpoint difference
0.15243386114566204
--

MBAR error endpoint difference
0.013986623736374834
--

BAR error endpoint difference
nan
./75_8_shift-force-switch/sim_9_75_8_shift-force-switch_analysis.log

TI error endpoint difference
0.1451825859740071
--

MBAR error endpoint difference
0.013990450153179665
--

BAR error endpoint difference
nan
./75_8_switch-potential-switch/sim_0_75_8_switch-potential-switch_analysis.log

TI error endpoint difference
0.13640735239648108
--

MBAR error endpoint difference
0.013673260382388409
--

BAR error endpoint difference
nan
./75_8_switch-potential-switch/sim_1_75_8_switch-potential-switch_analysis.log

TI error endpoint difference
0.13757745984654932
--

MBAR error endpoint difference
0.0136604145575786
--

BAR error endpoint difference
nan
./75_8_switch-potential-switch/sim_2_75_8_switch-potential-switch_analysis.log

TI error endpoint difference
0.13741209119945402
--

MBAR error endpoint difference
0.013669889322774699
--

BAR error endpoint difference
nan
./75_8_switch-potential-switch/sim_3_75_8_switch-potential-switch_analysis.log

TI error endpoint difference
0.13535794021826347
--

MBAR error endpoint difference
0.013683816061871511
--

BAR error endpoint difference
nan
./75_8_switch-potential-switch/sim_4_75_8_switch-potential-switch_analysis.log

TI error endpoint difference
0.1415593552061316
--

MBAR error endpoint difference
0.013688163943230492
--

BAR error endpoint difference
nan
./75_8_switch-potential-switch/sim_5_75_8_switch-potential-switch_analysis.log

TI error endpoint difference
0.1491442124656066
--

MBAR error endpoint difference
0.013677737332667179
--

BAR error endpoint difference
nan
./75_8_switch-potential-switch/sim_6_75_8_switch-potential-switch_analysis.log

TI error endpoint difference
0.1347773219949441
--

MBAR error endpoint difference
0.01366203136313681
--

BAR error endpoint difference
nan
./75_8_switch-potential-switch/sim_7_75_8_switch-potential-switch_analysis.log

TI error endpoint difference
0.13769467649961215
--

MBAR error endpoint difference
0.013656078941506855
--

BAR error endpoint difference
nan
./75_8_switch-potential-switch/sim_8_75_8_switch-potential-switch_analysis.log

TI error endpoint difference
0.1451439736239001
--

MBAR error endpoint difference
0.013689382872967878
--

BAR error endpoint difference
nan
./75_8_switch-potential-switch/sim_9_75_8_switch-potential-switch_analysis.log

TI error endpoint difference
0.13955121562140332
--

MBAR error endpoint difference
0.013662331666102123
--

BAR error endpoint difference
nan
