                      :-) GROMACS - gmx mdrun, 2022.4 (-:

Copyright 1991-2022 The GROMACS Authors.
GROMACS is free software; you can redistribute it and/or modify it
under the terms of the GNU Lesser General Public License
as published by the Free Software Foundation; either version 2.1
of the License, or (at your option) any later version.

                         Current GROMACS contributors:
       Mark Abraham           Andrey Alekseenko           Cathrine Bergh      
      Christian Blau            Eliane Briand               Kevin Boyd        
     Oliver Fleetwood         Stefan Fleischmann           Vytas Gapsys       
       Gaurav Garg           Gilles Gouaillardet            Alan Gray         
      Victor Holanda           M. Eric Irrgang              Joe Jordan        
    Christoph Junghans        Prashanth Kanduri           Sebastian Kehl      
     Sebastian Keller          Carsten Kutzner           Magnus Lundborg      
       Pascal Merz              Dmitry Morozov             Szilard Pall       
      Roland Schulz             Michael Shirts         David van der Spoel    
     Alessandra Villa      Sebastian Wingbermuehle        Artem Zhmurov       

                         Previous GROMACS contributors:
        Emile Apol             Rossen Apostolov           James Barnett       
  Herman J.C. Berendsen          Par Bjelkmar           Viacheslav Bolnykh    
    Aldert van Buuren          Carlo Camilloni           Rudi van Drunen      
      Anton Feenstra           Gerrit Groenhof            Bert de Groot       
      Anca Hamuraru           Vincent Hindriksen         Aleksei Iupinov      
   Dimitrios Karkoulis           Peter Kasson               Jiri Kraus        
       Per Larsson             Justin A. Lemkul           Viveca Lindahl      
      Erik Marklund           Pieter Meulenhoff           Vedran Miletic      
      Teemu Murtola              Sander Pronk            Alexey Shvetsov      
      Alfons Sijbers            Peter Tieleman             Jon Vincent        
     Teemu Virolainen         Christian Wennberg           Maarten Wolf       

                  Coordinated by the GROMACS project leaders:
                    Paul Bauer, Berk Hess, and Erik Lindahl

GROMACS:      gmx mdrun, version 2022.4
Executable:   /usr/local/bin/gmx
Data prefix:  /usr/local
Working dir:  /home/lindseywhitmore/projects/lennard-jones-miniproject/anthracene/shift_force-switch/NVT
Process ID:   1476525
Command line:
  gmx mdrun -v -deffnm nvt

GROMACS version:    2022.4
Precision:          mixed
Memory model:       64 bit
MPI library:        thread_mpi
OpenMP support:     enabled (GMX_OPENMP_MAX_THREADS = 128)
GPU support:        disabled
SIMD instructions:  AVX2_256
CPU FFT library:    fftw-3.3.8-sse2-avx-avx2-avx2_128
GPU FFT library:    none
RDTSCP usage:       enabled
TNG support:        enabled
Hwloc support:      disabled
Tracing support:    disabled
C compiler:         /usr/bin/cc GNU 9.4.0
C compiler flags:   -mavx2 -mfma -Wno-missing-field-initializers -fexcess-precision=fast -funroll-all-loops -O3 -DNDEBUG
C++ compiler:       /usr/bin/c++ GNU 9.4.0
C++ compiler flags: -mavx2 -mfma -Wno-missing-field-initializers -fexcess-precision=fast -funroll-all-loops -fopenmp 


Running on 1 node with total 8 cores, 16 processing units
Hardware detected:
  CPU info:
    Vendor: Intel
    Brand:  Intel(R) Xeon(R) Silver 4110 CPU @ 2.10GHz
    Family: 6   Model: 85   Stepping: 4
    Features: aes apic avx avx2 avx512f avx512cd avx512bw avx512vl clfsh cmov cx8 cx16 f16c fma hle htt intel lahf mmx msr nonstop_tsc pcid pclmuldq pdcm pdpe1gb popcnt pse rdrnd rdtscp rtm sse2 sse3 sse4.1 sse4.2 ssse3 tdt x2apic
    Number of AVX-512 FMA units: 1 (AVX2 is faster w/o 2 AVX-512 FMA units)
  Hardware topology: Basic
    Packages, cores, and logical processors:
    [indices refer to OS logical processors]
      Package  0: [   0   8] [   1   9] [   2  10] [   3  11] [   4  12] [   5  13] [   6  14] [   7  15]
    CPU limit set by OS: -1   Recommended max number of threads: 16


++++ PLEASE READ AND CITE THE FOLLOWING REFERENCE ++++
M. J. Abraham, T. Murtola, R. Schulz, S. Páll, J. C. Smith, B. Hess, E.
Lindahl
GROMACS: High performance molecular simulations through multi-level
parallelism from laptops to supercomputers
SoftwareX 1 (2015) pp. 19-25
-------- -------- --- Thank You --- -------- --------


++++ PLEASE READ AND CITE THE FOLLOWING REFERENCE ++++
S. Páll, M. J. Abraham, C. Kutzner, B. Hess, E. Lindahl
Tackling Exascale Software Challenges in Molecular Dynamics Simulations with
GROMACS
In S. Markidis & E. Laure (Eds.), Solving Software Challenges for Exascale 8759 (2015) pp. 3-27
-------- -------- --- Thank You --- -------- --------


++++ PLEASE READ AND CITE THE FOLLOWING REFERENCE ++++
S. Pronk, S. Páll, R. Schulz, P. Larsson, P. Bjelkmar, R. Apostolov, M. R.
Shirts, J. C. Smith, P. M. Kasson, D. van der Spoel, B. Hess, and E. Lindahl
GROMACS 4.5: a high-throughput and highly parallel open source molecular
simulation toolkit
Bioinformatics 29 (2013) pp. 845-54
-------- -------- --- Thank You --- -------- --------


++++ PLEASE READ AND CITE THE FOLLOWING REFERENCE ++++
B. Hess and C. Kutzner and D. van der Spoel and E. Lindahl
GROMACS 4: Algorithms for highly efficient, load-balanced, and scalable
molecular simulation
J. Chem. Theory Comput. 4 (2008) pp. 435-447
-------- -------- --- Thank You --- -------- --------


++++ PLEASE READ AND CITE THE FOLLOWING REFERENCE ++++
D. van der Spoel, E. Lindahl, B. Hess, G. Groenhof, A. E. Mark and H. J. C.
Berendsen
GROMACS: Fast, Flexible and Free
J. Comp. Chem. 26 (2005) pp. 1701-1719
-------- -------- --- Thank You --- -------- --------


++++ PLEASE READ AND CITE THE FOLLOWING REFERENCE ++++
E. Lindahl and B. Hess and D. van der Spoel
GROMACS 3.0: A package for molecular simulation and trajectory analysis
J. Mol. Mod. 7 (2001) pp. 306-317
-------- -------- --- Thank You --- -------- --------


++++ PLEASE READ AND CITE THE FOLLOWING REFERENCE ++++
H. J. C. Berendsen, D. van der Spoel and R. van Drunen
GROMACS: A message-passing parallel molecular dynamics implementation
Comp. Phys. Comm. 91 (1995) pp. 43-56
-------- -------- --- Thank You --- -------- --------


++++ PLEASE CITE THE DOI FOR THIS VERSION OF GROMACS ++++
https://doi.org/10.5281/zenodo.7323393
-------- -------- --- Thank You --- -------- --------

Input Parameters:
   integrator                     = md-vv
   tinit                          = 0
   dt                             = 0.002
   nsteps                         = 50000
   init-step                      = 0
   simulation-part                = 1
   mts                            = false
   comm-mode                      = Linear
   nstcomm                        = 100
   bd-fric                        = 0
   ld-seed                        = -408952898
   emtol                          = 10
   emstep                         = 0.01
   niter                          = 20
   fcstep                         = 0
   nstcgsteep                     = 1000
   nbfgscorr                      = 10
   rtpi                           = 0.05
   nstxout                        = 0
   nstvout                        = 0
   nstfout                        = 0
   nstlog                         = 1000
   nstcalcenergy                  = 1
   nstenergy                      = 1000
   nstxout-compressed             = 1000
   compressed-x-precision         = 1000
   cutoff-scheme                  = Verlet
   nstlist                        = 10
   pbc                            = xyz
   periodic-molecules             = false
   verlet-buffer-tolerance        = 0.005
   rlist                          = 0.9
   coulombtype                    = PME
   coulomb-modifier               = Potential-shift
   rcoulomb-switch                = 0
   rcoulomb                       = 0.9
   epsilon-r                      = 1
   epsilon-rf                     = inf
   vdw-type                       = Cut-off
   vdw-modifier                   = Force-switch
   rvdw-switch                    = 0.75
   rvdw                           = 0.9
   DispCorr                       = EnerPres
   table-extension                = 1
   fourierspacing                 = 0.1
   fourier-nx                     = 36
   fourier-ny                     = 36
   fourier-nz                     = 36
   pme-order                      = 4
   ewald-rtol                     = 1e-06
   ewald-rtol-lj                  = 0.001
   lj-pme-comb-rule               = Geometric
   ewald-geometry                 = 3d
   epsilon-surface                = 0
   tcoupl                         = V-rescale
   nsttcouple                     = 10
   nh-chain-length                = 0
   print-nose-hoover-chain-variables = false
   pcoupl                         = No
   pcoupltype                     = Isotropic
   nstpcouple                     = -1
   tau-p                          = 1
   compressibility (3x3):
      compressibility[    0]={ 0.00000e+00,  0.00000e+00,  0.00000e+00}
      compressibility[    1]={ 0.00000e+00,  0.00000e+00,  0.00000e+00}
      compressibility[    2]={ 0.00000e+00,  0.00000e+00,  0.00000e+00}
   ref-p (3x3):
      ref-p[    0]={ 0.00000e+00,  0.00000e+00,  0.00000e+00}
      ref-p[    1]={ 0.00000e+00,  0.00000e+00,  0.00000e+00}
      ref-p[    2]={ 0.00000e+00,  0.00000e+00,  0.00000e+00}
   refcoord-scaling               = No
   posres-com (3):
      posres-com[0]= 0.00000e+00
      posres-com[1]= 0.00000e+00
      posres-com[2]= 0.00000e+00
   posres-comB (3):
      posres-comB[0]= 0.00000e+00
      posres-comB[1]= 0.00000e+00
      posres-comB[2]= 0.00000e+00
   QMMM                           = false
qm-opts:
   ngQM                           = 0
   constraint-algorithm           = Lincs
   continuation                   = false
   Shake-SOR                      = false
   shake-tol                      = 0.0001
   lincs-order                    = 4
   lincs-iter                     = 2
   lincs-warnangle                = 30
   nwall                          = 0
   wall-type                      = 9-3
   wall-r-linpot                  = -1
   wall-atomtype[0]               = -1
   wall-atomtype[1]               = -1
   wall-density[0]                = 0
   wall-density[1]                = 0
   wall-ewald-zfac                = 3
   pull                           = false
   awh                            = false
   rotation                       = false
   interactiveMD                  = false
   disre                          = No
   disre-weighting                = Conservative
   disre-mixed                    = false
   dr-fc                          = 1000
   dr-tau                         = 0
   nstdisreout                    = 100
   orire-fc                       = 0
   orire-tau                      = 0
   nstorireout                    = 100
   free-energy                    = no
   cos-acceleration               = 0
   deform (3x3):
      deform[    0]={ 0.00000e+00,  0.00000e+00,  0.00000e+00}
      deform[    1]={ 0.00000e+00,  0.00000e+00,  0.00000e+00}
      deform[    2]={ 0.00000e+00,  0.00000e+00,  0.00000e+00}
   simulated-tempering            = false
   swapcoords                     = no
   userint1                       = 0
   userint2                       = 0
   userint3                       = 0
   userint4                       = 0
   userreal1                      = 0
   userreal2                      = 0
   userreal3                      = 0
   userreal4                      = 0
   applied-forces:
     electric-field:
       x:
         E0                       = 0
         omega                    = 0
         t0                       = 0
         sigma                    = 0
       y:
         E0                       = 0
         omega                    = 0
         t0                       = 0
         sigma                    = 0
       z:
         E0                       = 0
         omega                    = 0
         t0                       = 0
         sigma                    = 0
     density-guided-simulation:
       active                     = false
       group                      = protein
       similarity-measure         = inner-product
       atom-spreading-weight      = unity
       force-constant             = 1e+09
       gaussian-transform-spreading-width = 0.2
       gaussian-transform-spreading-range-in-multiples-of-width = 4
       reference-density-filename = reference.mrc
       nst                        = 1
       normalize-densities        = true
       adaptive-force-scaling     = false
       adaptive-force-scaling-time-constant = 4
       shift-vector               = 
       transformation-matrix      = 
     qmmm-cp2k:
       active                     = false
       qmgroup                    = System
       qmmethod                   = PBE
       qmfilenames                = 
       qmcharge                   = 0
       qmmultiplicity             = 1
grpopts:
   nrdf:        6477
   ref-t:         300
   tau-t:         0.1
annealing:          No
annealing-npoints:           0
   acc:	           0           0           0
   nfreeze:           N           N           N
   energygrp-flags[  0]: 0

Changing nstlist from 10 to 100, rlist from 0.9 to 0.913


Initializing Domain Decomposition on 1 ranks
Dynamic load balancing: auto
Using update groups, nr 1087, average size 3.0 atoms, max. radius 0.078 nm
Minimum cell size due to atom displacement: 0.525 nm
Initial maximum distances in bonded interactions:
    two-body bonded interactions: 0.375 nm, LJ-14, atoms 4 5
  multi-body bonded interactions: 0.287 nm, Improper Dih., atoms 5 6
Minimum cell size due to bonded interactions: 0.316 nm
Using 0 separate PME ranks because: there are too few total ranks for efficient splitting
Optimizing the DD grid for 1 cells with a minimum initial size of 0.525 nm
The maximum allowed number of cells is: X 6 Y 6 Z 6
Domain decomposition grid 1 x 1 x 1, separate PME ranks 0
PME domain decomposition: 1 x 1 x 1

The initial number of communication pulses is:
The initial domain decomposition cell size is:

The maximum allowed distance for atom groups involved in interactions is:
                 non-bonded interactions           1.069 nm
            two-body bonded interactions  (-rdd)   1.069 nm
          multi-body bonded interactions  (-rdd)   1.069 nm

When dynamic load balancing gets turned on, these settings will change to:
The maximum number of communication pulses is:
The minimum size for domain decomposition cells is 1.069 nm
The requested allowed shrink of DD cells (option -dds) is: 0.80
The allowed shrink of domain decomposition cells is:
The maximum allowed distance for atom groups involved in interactions is:
                 non-bonded interactions           1.069 nm
            two-body bonded interactions  (-rdd)   1.069 nm
          multi-body bonded interactions  (-rdd)   1.069 nm

Using 1 MPI thread
Using 16 OpenMP threads 

Pinning threads with an auto-selected logical cpu stride of 1
System total charge: 0.000
Will do PME sum in reciprocal space for electrostatic interactions.

++++ PLEASE READ AND CITE THE FOLLOWING REFERENCE ++++
U. Essmann, L. Perera, M. L. Berkowitz, T. Darden, H. Lee and L. G. Pedersen 
A smooth particle mesh Ewald method
J. Chem. Phys. 103 (1995) pp. 8577-8592
-------- -------- --- Thank You --- -------- --------

Using a Gaussian width (1/beta) of 0.260197 nm for Ewald
Potential shift: LJ r^-12: -8.360e+00 r^-6: -3.005e+00, Ewald -1.111e-06
Initialized non-bonded Coulomb Ewald tables, spacing: 8.41e-04 size: 1071

Generated table with 956 data points for 1-4 COUL.
Tabscale = 500 points/nm
Generated table with 956 data points for 1-4 LJ6.
Tabscale = 500 points/nm
Generated table with 956 data points for 1-4 LJ12.
Tabscale = 500 points/nm
Long Range LJ corr.: <C6> 2.8387e-04


Using SIMD 4x8 nonbonded short-range kernels

Using a dual 4x8 pair-list setup updated with dynamic pruning:
  outer list: updated every 100 steps, buffer 0.013 nm, rlist 0.913 nm
  inner list: updated every  82 steps, buffer 0.001 nm, rlist 0.901 nm
At tolerance 0.005 kJ/mol/ps per atom, equivalent classical 1x1 list would be:
  outer list: updated every 100 steps, buffer 0.194 nm, rlist 1.094 nm
  inner list: updated every  82 steps, buffer 0.170 nm, rlist 1.070 nm
Removing pbc first time

Linking all bonded interactions to atoms


++++ PLEASE READ AND CITE THE FOLLOWING REFERENCE ++++
S. Miyamoto and P. A. Kollman
SETTLE: An Analytical Version of the SHAKE and RATTLE Algorithms for Rigid
Water Models
J. Comp. Chem. 13 (1992) pp. 952-962
-------- -------- --- Thank You --- -------- --------


Using the modular simulator.
There are: 3233 Atoms
Center of mass motion removal mode is Linear
We have the following groups for center of mass motion removal:
  0:  rest

Started mdrun on rank 0 Mon Jul  1 09:25:09 2024


Atom distribution over 1 domains: av 3233 stddev 0 min 3233 max 3233

Constraining the starting coordinates (step 0)
RMS relative constraint deviation after constraining: 0.00e+00
Initial temperature: 302.301 K
           Step           Time
              0        0.00000

   Energies (kJ/mol)
           Bond          Angle  Improper Dih.          LJ-14     Coulomb-14
    1.11850e+01    2.72189e+00    1.94647e-01    1.17768e+02    0.00000e+00
        LJ (SR)  Disper. corr.   Coulomb (SR)   Coul. recip.      Potential
    7.90103e+03   -6.48923e+02   -5.95151e+04    2.87458e+02   -5.18437e+04
    Kinetic En.   Total Energy  Conserved En.    Temperature Pres. DC (bar)
    8.13988e+03   -4.37038e+04   -4.37038e+04    3.02301e+02   -3.28234e+02
 Pressure (bar)
   -4.50294e+03

           Step           Time
           1000        2.00000

   Energies (kJ/mol)
           Bond          Angle  Improper Dih.          LJ-14     Coulomb-14
    3.88829e+01    8.96171e+00    9.94663e+00    1.20853e+02    0.00000e+00
        LJ (SR)  Disper. corr.   Coulomb (SR)   Coul. recip.      Potential
    6.82452e+03   -6.48923e+02   -4.97974e+04    6.20797e+02   -4.28224e+04
    Kinetic En.   Total Energy  Conserved En.    Temperature Pres. DC (bar)
    8.31448e+03   -3.45079e+04   -4.36432e+04    3.08785e+02   -3.28234e+02
 Pressure (bar)
   -3.09615e+02

           Step           Time
           2000        4.00000

   Energies (kJ/mol)
           Bond          Angle  Improper Dih.          LJ-14     Coulomb-14
    5.26514e+01    8.72162e+00    1.25423e+01    1.13017e+02    0.00000e+00
        LJ (SR)  Disper. corr.   Coulomb (SR)   Coul. recip.      Potential
    7.03462e+03   -6.48923e+02   -4.99823e+04    5.82259e+02   -4.28274e+04
    Kinetic En.   Total Energy  Conserved En.    Temperature Pres. DC (bar)
    8.22324e+03   -3.46042e+04   -4.36447e+04    3.05397e+02   -3.28234e+02
 Pressure (bar)
   -1.66706e+01

           Step           Time
           3000        6.00000

   Energies (kJ/mol)
           Bond          Angle  Improper Dih.          LJ-14     Coulomb-14
    3.80810e+01    7.47565e+00    3.56187e+00    1.11859e+02    0.00000e+00
        LJ (SR)  Disper. corr.   Coulomb (SR)   Coul. recip.      Potential
    7.01075e+03   -6.48923e+02   -4.97511e+04    6.09506e+02   -4.26188e+04
    Kinetic En.   Total Energy  Conserved En.    Temperature Pres. DC (bar)
    8.24493e+03   -3.43739e+04   -4.36479e+04    3.06203e+02   -3.28234e+02
 Pressure (bar)
    8.64456e+01

           Step           Time
           4000        8.00000

   Energies (kJ/mol)
           Bond          Angle  Improper Dih.          LJ-14     Coulomb-14
    1.98810e+01    8.10193e+00    4.67504e+00    1.23775e+02    0.00000e+00
        LJ (SR)  Disper. corr.   Coulomb (SR)   Coul. recip.      Potential
    6.82716e+03   -6.48923e+02   -4.96771e+04    6.46940e+02   -4.26955e+04
    Kinetic En.   Total Energy  Conserved En.    Temperature Pres. DC (bar)
    7.91940e+03   -3.47761e+04   -4.36505e+04    2.94113e+02   -3.28234e+02
 Pressure (bar)
   -1.90432e+02

           Step           Time
           5000       10.00000

   Energies (kJ/mol)
           Bond          Angle  Improper Dih.          LJ-14     Coulomb-14
    2.33555e+01    3.08251e+00    4.94672e+00    1.38709e+02    0.00000e+00
        LJ (SR)  Disper. corr.   Coulomb (SR)   Coul. recip.      Potential
    7.09965e+03   -6.48923e+02   -4.97263e+04    6.74301e+02   -4.24312e+04
    Kinetic En.   Total Energy  Conserved En.    Temperature Pres. DC (bar)
    7.83145e+03   -3.45998e+04   -4.36500e+04    2.90847e+02   -3.28234e+02
 Pressure (bar)
    6.72952e+02

           Step           Time
           6000       12.00000

   Energies (kJ/mol)
           Bond          Angle  Improper Dih.          LJ-14     Coulomb-14
    3.14604e+01    9.96094e+00    7.24046e+00    1.23857e+02    0.00000e+00
        LJ (SR)  Disper. corr.   Coulomb (SR)   Coul. recip.      Potential
    7.06663e+03   -6.48923e+02   -4.97140e+04    6.44855e+02   -4.24789e+04
    Kinetic En.   Total Energy  Conserved En.    Temperature Pres. DC (bar)
    8.05112e+03   -3.44278e+04   -4.36520e+04    2.99005e+02   -3.28234e+02
 Pressure (bar)
    2.37220e+02

           Step           Time
           7000       14.00000

   Energies (kJ/mol)
           Bond          Angle  Improper Dih.          LJ-14     Coulomb-14
    4.14613e+01    1.17634e+01    8.36775e+00    1.06409e+02    0.00000e+00
        LJ (SR)  Disper. corr.   Coulomb (SR)   Coul. recip.      Potential
    6.62137e+03   -6.48923e+02   -4.95960e+04    5.98298e+02   -4.28573e+04
    Kinetic En.   Total Energy  Conserved En.    Temperature Pres. DC (bar)
    8.08897e+03   -3.47683e+04   -4.36571e+04    3.00410e+02   -3.28234e+02
 Pressure (bar)
   -8.46143e+02

           Step           Time
           8000       16.00000

   Energies (kJ/mol)
           Bond          Angle  Improper Dih.          LJ-14     Coulomb-14
    5.15623e+01    1.06293e+01    1.19442e+01    1.05711e+02    0.00000e+00
        LJ (SR)  Disper. corr.   Coulomb (SR)   Coul. recip.      Potential
    7.19782e+03   -6.48923e+02   -4.98533e+04    6.53382e+02   -4.24711e+04
    Kinetic En.   Total Energy  Conserved En.    Temperature Pres. DC (bar)
    8.11961e+03   -3.43515e+04   -4.36556e+04    3.01548e+02   -3.28234e+02
 Pressure (bar)
    3.63100e+02

           Step           Time
           9000       18.00000

   Energies (kJ/mol)
           Bond          Angle  Improper Dih.          LJ-14     Coulomb-14
    2.02947e+01    1.29385e+01    8.61474e+00    1.35330e+02    0.00000e+00
        LJ (SR)  Disper. corr.   Coulomb (SR)   Coul. recip.      Potential
    6.59593e+03   -6.48923e+02   -4.94646e+04    6.39937e+02   -4.27005e+04
    Kinetic En.   Total Energy  Conserved En.    Temperature Pres. DC (bar)
    7.81726e+03   -3.48832e+04   -4.36605e+04    2.90320e+02   -3.28234e+02
 Pressure (bar)
   -5.11859e+02

           Step           Time
          10000       20.00000

   Energies (kJ/mol)
           Bond          Angle  Improper Dih.          LJ-14     Coulomb-14
    3.25560e+01    1.42381e+01    3.98562e+00    1.21518e+02    0.00000e+00
        LJ (SR)  Disper. corr.   Coulomb (SR)   Coul. recip.      Potential
    6.65086e+03   -6.48923e+02   -4.91540e+04    6.79798e+02   -4.22999e+04
    Kinetic En.   Total Energy  Conserved En.    Temperature Pres. DC (bar)
    8.17356e+03   -3.41264e+04   -4.36600e+04    3.03552e+02   -3.28234e+02
 Pressure (bar)
   -1.77906e+02

Writing checkpoint, step 10300 at Mon Jul  1 09:40:12 2024


           Step           Time
          11000       22.00000

   Energies (kJ/mol)
           Bond          Angle  Improper Dih.          LJ-14     Coulomb-14
    3.52296e+01    1.63845e+01    8.56888e+00    1.09008e+02    0.00000e+00
        LJ (SR)  Disper. corr.   Coulomb (SR)   Coul. recip.      Potential
    6.91378e+03   -6.48923e+02   -4.96029e+04    6.37407e+02   -4.25314e+04
    Kinetic En.   Total Energy  Conserved En.    Temperature Pres. DC (bar)
    8.18233e+03   -3.43491e+04   -4.36645e+04    3.03878e+02   -3.28234e+02
 Pressure (bar)
   -3.87525e+01

           Step           Time
          12000       24.00000

   Energies (kJ/mol)
           Bond          Angle  Improper Dih.          LJ-14     Coulomb-14
    3.57412e+01    1.75385e+01    1.09954e+01    1.22654e+02    0.00000e+00
        LJ (SR)  Disper. corr.   Coulomb (SR)   Coul. recip.      Potential
    6.65611e+03   -6.48923e+02   -4.95476e+04    6.45926e+02   -4.27075e+04
    Kinetic En.   Total Energy  Conserved En.    Temperature Pres. DC (bar)
    8.09383e+03   -3.46137e+04   -4.36673e+04    3.00591e+02   -3.28234e+02
 Pressure (bar)
   -5.09262e+02

           Step           Time
          13000       26.00000

   Energies (kJ/mol)
           Bond          Angle  Improper Dih.          LJ-14     Coulomb-14
    2.31885e+01    1.67130e+01    7.29040e+00    1.25700e+02    0.00000e+00
        LJ (SR)  Disper. corr.   Coulomb (SR)   Coul. recip.      Potential
    7.03395e+03   -6.48923e+02   -4.99839e+04    6.68849e+02   -4.27571e+04
    Kinetic En.   Total Energy  Conserved En.    Temperature Pres. DC (bar)
    8.08554e+03   -3.46716e+04   -4.36705e+04    3.00283e+02   -3.28234e+02
 Pressure (bar)
    2.06671e+02

           Step           Time
          14000       28.00000

   Energies (kJ/mol)
           Bond          Angle  Improper Dih.          LJ-14     Coulomb-14
    4.77787e+01    1.17088e+01    1.33015e+01    1.08154e+02    0.00000e+00
        LJ (SR)  Disper. corr.   Coulomb (SR)   Coul. recip.      Potential
    7.02095e+03   -6.48923e+02   -4.98453e+04    6.39783e+02   -4.26526e+04
    Kinetic En.   Total Energy  Conserved En.    Temperature Pres. DC (bar)
    7.90177e+03   -3.47508e+04   -4.36711e+04    2.93458e+02   -3.28234e+02
 Pressure (bar)
   -8.63497e+01

           Step           Time
          15000       30.00000

   Energies (kJ/mol)
           Bond          Angle  Improper Dih.          LJ-14     Coulomb-14
    2.44233e+01    1.70280e+01    9.32768e+00    1.25396e+02    0.00000e+00
        LJ (SR)  Disper. corr.   Coulomb (SR)   Coul. recip.      Potential
    7.37338e+03   -6.48923e+02   -5.02162e+04    6.21783e+02   -4.26938e+04
    Kinetic En.   Total Energy  Conserved En.    Temperature Pres. DC (bar)
    7.90522e+03   -3.47885e+04   -4.36750e+04    2.93587e+02   -3.28234e+02
 Pressure (bar)
    6.84901e+02

           Step           Time
          16000       32.00000

   Energies (kJ/mol)
           Bond          Angle  Improper Dih.          LJ-14     Coulomb-14
    2.28278e+01    7.55287e+00    2.59951e+01    1.22280e+02    0.00000e+00
        LJ (SR)  Disper. corr.   Coulomb (SR)   Coul. recip.      Potential
    6.84091e+03   -6.48923e+02   -4.97145e+04    6.24765e+02   -4.27191e+04
    Kinetic En.   Total Energy  Conserved En.    Temperature Pres. DC (bar)
    8.17800e+03   -3.45411e+04   -4.36769e+04    3.03717e+02   -3.28234e+02
 Pressure (bar)
   -2.25579e+02

           Step           Time
          17000       34.00000

   Energies (kJ/mol)
           Bond          Angle  Improper Dih.          LJ-14     Coulomb-14
    2.68616e+01    1.20659e+01    5.16707e+00    1.18241e+02    0.00000e+00
        LJ (SR)  Disper. corr.   Coulomb (SR)   Coul. recip.      Potential
    6.96621e+03   -6.48923e+02   -4.98770e+04    6.44319e+02   -4.27531e+04
    Kinetic En.   Total Energy  Conserved En.    Temperature Pres. DC (bar)
    8.22014e+03   -3.45329e+04   -4.36793e+04    3.05282e+02   -3.28234e+02
 Pressure (bar)
    2.93558e+01

           Step           Time
          18000       36.00000

   Energies (kJ/mol)
           Bond          Angle  Improper Dih.          LJ-14     Coulomb-14
    4.12429e+01    7.84588e+00    1.42811e+01    1.20896e+02    0.00000e+00
        LJ (SR)  Disper. corr.   Coulomb (SR)   Coul. recip.      Potential
    7.35148e+03   -6.48923e+02   -5.00681e+04    6.69455e+02   -4.25118e+04
    Kinetic En.   Total Energy  Conserved En.    Temperature Pres. DC (bar)
    8.24057e+03   -3.42713e+04   -4.36810e+04    3.06041e+02   -3.28234e+02
 Pressure (bar)
    8.53610e+02

           Step           Time
          19000       38.00000

   Energies (kJ/mol)
           Bond          Angle  Improper Dih.          LJ-14     Coulomb-14
    2.18343e+01    1.13741e+01    2.11414e+01    1.37201e+02    0.00000e+00
        LJ (SR)  Disper. corr.   Coulomb (SR)   Coul. recip.      Potential
    6.61256e+03   -6.48923e+02   -4.94097e+04    6.46566e+02   -4.26080e+04
    Kinetic En.   Total Energy  Conserved En.    Temperature Pres. DC (bar)
    8.12838e+03   -3.44796e+04   -4.36837e+04    3.01874e+02   -3.28234e+02
 Pressure (bar)
   -5.11818e+02

           Step           Time
          20000       40.00000

   Energies (kJ/mol)
           Bond          Angle  Improper Dih.          LJ-14     Coulomb-14
    5.39829e+01    1.05865e+01    1.71337e+01    9.83732e+01    0.00000e+00
        LJ (SR)  Disper. corr.   Coulomb (SR)   Coul. recip.      Potential
    7.09121e+03   -6.48923e+02   -4.98234e+04    5.95906e+02   -4.26052e+04
    Kinetic En.   Total Energy  Conserved En.    Temperature Pres. DC (bar)
    7.98546e+03   -3.46197e+04   -4.36868e+04    2.96566e+02   -3.28234e+02
 Pressure (bar)
   -1.23308e+02

           Step           Time
          21000       42.00000

   Energies (kJ/mol)
           Bond          Angle  Improper Dih.          LJ-14     Coulomb-14
    3.47215e+01    1.53675e+01    7.12868e+00    1.10873e+02    0.00000e+00
        LJ (SR)  Disper. corr.   Coulomb (SR)   Coul. recip.      Potential
    6.83037e+03   -6.48923e+02   -4.97016e+04    6.59944e+02   -4.26921e+04
    Kinetic En.   Total Energy  Conserved En.    Temperature Pres. DC (bar)
    8.21339e+03   -3.44787e+04   -4.36883e+04    3.05031e+02   -3.28234e+02
 Pressure (bar)
   -2.94934e+02

           Step           Time
          22000       44.00000

   Energies (kJ/mol)
           Bond          Angle  Improper Dih.          LJ-14     Coulomb-14
    1.37628e+01    9.93654e+00    2.30267e+01    1.34516e+02    0.00000e+00
        LJ (SR)  Disper. corr.   Coulomb (SR)   Coul. recip.      Potential
    6.86265e+03   -6.48923e+02   -4.97837e+04    6.61154e+02   -4.27276e+04
    Kinetic En.   Total Energy  Conserved En.    Temperature Pres. DC (bar)
    8.11288e+03   -3.46147e+04   -4.36915e+04    3.01298e+02   -3.28234e+02
 Pressure (bar)
   -1.51134e+02

           Step           Time
          23000       46.00000

   Energies (kJ/mol)
           Bond          Angle  Improper Dih.          LJ-14     Coulomb-14
    1.56663e+01    1.90526e+01    1.16506e+01    1.24679e+02    0.00000e+00
        LJ (SR)  Disper. corr.   Coulomb (SR)   Coul. recip.      Potential
    6.83283e+03   -6.48923e+02   -4.97776e+04    5.83512e+02   -4.28391e+04
    Kinetic En.   Total Energy  Conserved En.    Temperature Pres. DC (bar)
    7.86441e+03   -3.49747e+04   -4.36931e+04    2.92071e+02   -3.28234e+02
 Pressure (bar)
   -3.26713e+02

           Step           Time
          24000       48.00000

   Energies (kJ/mol)
           Bond          Angle  Improper Dih.          LJ-14     Coulomb-14
    3.35825e+01    1.81212e+01    1.33561e+01    1.15575e+02    0.00000e+00
        LJ (SR)  Disper. corr.   Coulomb (SR)   Coul. recip.      Potential
    6.87647e+03   -6.48923e+02   -4.96359e+04    6.36683e+02   -4.25910e+04
    Kinetic En.   Total Energy  Conserved En.    Temperature Pres. DC (bar)
    8.19617e+03   -3.43948e+04   -4.36930e+04    3.04392e+02   -3.28234e+02
 Pressure (bar)
   -1.80594e+02

           Step           Time
          25000       50.00000

   Energies (kJ/mol)
           Bond          Angle  Improper Dih.          LJ-14     Coulomb-14
    3.74043e+01    1.16861e+01    5.45017e+00    1.11340e+02    0.00000e+00
        LJ (SR)  Disper. corr.   Coulomb (SR)   Coul. recip.      Potential
    7.15292e+03   -6.48923e+02   -4.99276e+04    6.45078e+02   -4.26126e+04
    Kinetic En.   Total Energy  Conserved En.    Temperature Pres. DC (bar)
    7.92768e+03   -3.46849e+04   -4.36978e+04    2.94421e+02   -3.28234e+02
 Pressure (bar)
    1.54848e+02

           Step           Time
          26000       52.00000

   Energies (kJ/mol)
           Bond          Angle  Improper Dih.          LJ-14     Coulomb-14
    3.31672e+01    1.41614e+01    1.79162e+01    1.20492e+02    0.00000e+00
        LJ (SR)  Disper. corr.   Coulomb (SR)   Coul. recip.      Potential
    6.82474e+03   -6.48923e+02   -4.96646e+04    6.10823e+02   -4.26922e+04
    Kinetic En.   Total Energy  Conserved En.    Temperature Pres. DC (bar)
    8.02411e+03   -3.46681e+04   -4.37005e+04    2.98002e+02   -3.28234e+02
 Pressure (bar)
   -3.06340e+02

           Step           Time
          27000       54.00000

   Energies (kJ/mol)
           Bond          Angle  Improper Dih.          LJ-14     Coulomb-14
    2.39766e+01    1.26474e+01    2.41277e+01    1.32625e+02    0.00000e+00
        LJ (SR)  Disper. corr.   Coulomb (SR)   Coul. recip.      Potential
    7.18094e+03   -6.48923e+02   -4.97661e+04    6.05987e+02   -4.24348e+04
    Kinetic En.   Total Energy  Conserved En.    Temperature Pres. DC (bar)
    8.22334e+03   -3.42114e+04   -4.37011e+04    3.05401e+02   -3.28234e+02
 Pressure (bar)
    6.67430e+02

           Step           Time
          28000       56.00000

   Energies (kJ/mol)
           Bond          Angle  Improper Dih.          LJ-14     Coulomb-14
    2.22695e+01    1.14379e+01    1.69151e+01    1.23813e+02    0.00000e+00
        LJ (SR)  Disper. corr.   Coulomb (SR)   Coul. recip.      Potential
    6.99930e+03   -6.48923e+02   -4.98480e+04    6.44983e+02   -4.26782e+04
    Kinetic En.   Total Energy  Conserved En.    Temperature Pres. DC (bar)
    8.46175e+03   -3.42164e+04   -4.37041e+04    3.14255e+02   -3.28234e+02
 Pressure (bar)
    1.72936e+02

           Step           Time
          29000       58.00000

   Energies (kJ/mol)
           Bond          Angle  Improper Dih.          LJ-14     Coulomb-14
    3.19485e+01    1.84913e+01    2.11265e+01    1.12987e+02    0.00000e+00
        LJ (SR)  Disper. corr.   Coulomb (SR)   Coul. recip.      Potential
    7.01090e+03   -6.48923e+02   -4.94516e+04    6.23436e+02   -4.22816e+04
    Kinetic En.   Total Energy  Conserved En.    Temperature Pres. DC (bar)
    8.22130e+03   -3.40603e+04   -4.37038e+04    3.05325e+02   -3.28234e+02
 Pressure (bar)
    2.41196e+02

           Step           Time
          30000       60.00000

   Energies (kJ/mol)
           Bond          Angle  Improper Dih.          LJ-14     Coulomb-14
    5.03451e+01    6.80435e+00    5.25245e+00    9.81458e+01    0.00000e+00
        LJ (SR)  Disper. corr.   Coulomb (SR)   Coul. recip.      Potential
    7.28969e+03   -6.48923e+02   -5.01890e+04    6.67702e+02   -4.27200e+04
    Kinetic En.   Total Energy  Conserved En.    Temperature Pres. DC (bar)
    8.03021e+03   -3.46898e+04   -4.37099e+04    2.98228e+02   -3.28234e+02
 Pressure (bar)
    2.35917e+02

           Step           Time
          31000       62.00000

   Energies (kJ/mol)
           Bond          Angle  Improper Dih.          LJ-14     Coulomb-14
    1.73312e+01    1.51214e+01    1.15478e+01    1.35602e+02    0.00000e+00
        LJ (SR)  Disper. corr.   Coulomb (SR)   Coul. recip.      Potential
    6.84265e+03   -6.48923e+02   -4.96705e+04    6.18643e+02   -4.26786e+04
    Kinetic En.   Total Energy  Conserved En.    Temperature Pres. DC (bar)
    7.84349e+03   -3.48351e+04   -4.37098e+04    2.91294e+02   -3.28234e+02
 Pressure (bar)
   -5.80826e+01

           Step           Time
          32000       64.00000

   Energies (kJ/mol)
           Bond          Angle  Improper Dih.          LJ-14     Coulomb-14
    2.48478e+01    9.71735e+00    1.10991e+01    1.32711e+02    0.00000e+00
        LJ (SR)  Disper. corr.   Coulomb (SR)   Coul. recip.      Potential
    6.76212e+03   -6.48923e+02   -4.98010e+04    6.36682e+02   -4.28727e+04
    Kinetic En.   Total Energy  Conserved En.    Temperature Pres. DC (bar)
    8.54705e+03   -3.43257e+04   -4.37126e+04    3.17423e+02   -3.28234e+02
 Pressure (bar)
   -1.94039e+02

           Step           Time
          33000       66.00000

   Energies (kJ/mol)
           Bond          Angle  Improper Dih.          LJ-14     Coulomb-14
    2.03297e+01    4.95567e+00    1.26538e+01    1.28817e+02    0.00000e+00
        LJ (SR)  Disper. corr.   Coulomb (SR)   Coul. recip.      Potential
    6.64713e+03   -6.48923e+02   -4.96898e+04    6.25743e+02   -4.28991e+04
    Kinetic En.   Total Energy  Conserved En.    Temperature Pres. DC (bar)
    7.95068e+03   -3.49484e+04   -4.37151e+04    2.95275e+02   -3.28234e+02
 Pressure (bar)
   -5.84354e+02

           Step           Time
          34000       68.00000

   Energies (kJ/mol)
           Bond          Angle  Improper Dih.          LJ-14     Coulomb-14
    4.15233e+01    9.46452e+00    8.59516e+00    1.07486e+02    0.00000e+00
        LJ (SR)  Disper. corr.   Coulomb (SR)   Coul. recip.      Potential
    6.91599e+03   -6.48923e+02   -4.95448e+04    6.23784e+02   -4.24869e+04
    Kinetic En.   Total Energy  Conserved En.    Temperature Pres. DC (bar)
    8.23297e+03   -3.42539e+04   -4.37161e+04    3.05759e+02   -3.28234e+02
 Pressure (bar)
   -1.18411e+02

           Step           Time
          35000       70.00000

   Energies (kJ/mol)
           Bond          Angle  Improper Dih.          LJ-14     Coulomb-14
    5.41570e+01    1.20012e+01    5.97773e+00    1.05141e+02    0.00000e+00
        LJ (SR)  Disper. corr.   Coulomb (SR)   Coul. recip.      Potential
    6.66660e+03   -6.48923e+02   -4.94022e+04    6.37428e+02   -4.25698e+04
    Kinetic En.   Total Energy  Conserved En.    Temperature Pres. DC (bar)
    7.95430e+03   -3.46155e+04   -4.37180e+04    2.95409e+02   -3.28234e+02
 Pressure (bar)
   -6.30202e+02

           Step           Time
          36000       72.00000

   Energies (kJ/mol)
           Bond          Angle  Improper Dih.          LJ-14     Coulomb-14
    3.13850e+01    1.02931e+01    1.12913e+01    1.16360e+02    0.00000e+00
        LJ (SR)  Disper. corr.   Coulomb (SR)   Coul. recip.      Potential
    7.12656e+03   -6.48923e+02   -5.02942e+04    6.40469e+02   -4.30067e+04
    Kinetic En.   Total Energy  Conserved En.    Temperature Pres. DC (bar)
    8.15649e+03   -3.48502e+04   -4.37245e+04    3.02918e+02   -3.28234e+02
 Pressure (bar)
   -3.37680e+01

           Step           Time
          37000       74.00000

   Energies (kJ/mol)
           Bond          Angle  Improper Dih.          LJ-14     Coulomb-14
    2.02640e+01    8.60680e+00    6.15512e+00    1.25188e+02    0.00000e+00
        LJ (SR)  Disper. corr.   Coulomb (SR)   Coul. recip.      Potential
    7.17849e+03   -6.48923e+02   -5.04396e+04    6.43091e+02   -4.31068e+04
    Kinetic En.   Total Energy  Conserved En.    Temperature Pres. DC (bar)
    8.15711e+03   -3.49497e+04   -4.37254e+04    3.02941e+02   -3.28234e+02
 Pressure (bar)
    1.17836e+02

           Step           Time
          38000       76.00000

   Energies (kJ/mol)
           Bond          Angle  Improper Dih.          LJ-14     Coulomb-14
    2.10796e+01    5.03995e+00    1.45921e+01    1.30253e+02    0.00000e+00
        LJ (SR)  Disper. corr.   Coulomb (SR)   Coul. recip.      Potential
    7.11734e+03   -6.48923e+02   -4.99369e+04    6.03818e+02   -4.26937e+04
    Kinetic En.   Total Energy  Conserved En.    Temperature Pres. DC (bar)
    8.26671e+03   -3.44270e+04   -4.37257e+04    3.07011e+02   -3.28234e+02
 Pressure (bar)
    3.76800e+02

           Step           Time
          39000       78.00000

   Energies (kJ/mol)
           Bond          Angle  Improper Dih.          LJ-14     Coulomb-14
    2.46042e+01    5.76365e+00    9.04883e+00    1.20806e+02    0.00000e+00
        LJ (SR)  Disper. corr.   Coulomb (SR)   Coul. recip.      Potential
    6.64236e+03   -6.48923e+02   -4.95128e+04    6.37209e+02   -4.27219e+04
    Kinetic En.   Total Energy  Conserved En.    Temperature Pres. DC (bar)
    8.34801e+03   -3.43739e+04   -4.37268e+04    3.10031e+02   -3.28234e+02
 Pressure (bar)
   -3.86334e+02

           Step           Time
          40000       80.00000

   Energies (kJ/mol)
           Bond          Angle  Improper Dih.          LJ-14     Coulomb-14
    3.06186e+01    1.62462e+01    1.60145e+01    1.15525e+02    0.00000e+00
        LJ (SR)  Disper. corr.   Coulomb (SR)   Coul. recip.      Potential
    6.96739e+03   -6.48923e+02   -4.98033e+04    6.43240e+02   -4.26632e+04
    Kinetic En.   Total Energy  Conserved En.    Temperature Pres. DC (bar)
    7.99640e+03   -3.46668e+04   -4.37299e+04    2.96973e+02   -3.28234e+02
 Pressure (bar)
   -4.97294e+01

           Step           Time
          41000       82.00000

   Energies (kJ/mol)
           Bond          Angle  Improper Dih.          LJ-14     Coulomb-14
    2.36377e+01    1.74012e+01    2.79843e+01    1.19597e+02    0.00000e+00
        LJ (SR)  Disper. corr.   Coulomb (SR)   Coul. recip.      Potential
    7.15848e+03   -6.48923e+02   -4.98256e+04    6.58526e+02   -4.24689e+04
    Kinetic En.   Total Energy  Conserved En.    Temperature Pres. DC (bar)
    8.13122e+03   -3.43377e+04   -4.37296e+04    3.01980e+02   -3.28234e+02
 Pressure (bar)
    5.73363e+02

           Step           Time
          42000       84.00000

   Energies (kJ/mol)
           Bond          Angle  Improper Dih.          LJ-14     Coulomb-14
    2.55575e+01    1.53616e+01    2.20140e+01    1.15712e+02    0.00000e+00
        LJ (SR)  Disper. corr.   Coulomb (SR)   Coul. recip.      Potential
    7.18372e+03   -6.48923e+02   -4.99430e+04    6.73035e+02   -4.25565e+04
    Kinetic En.   Total Energy  Conserved En.    Temperature Pres. DC (bar)
    7.88260e+03   -3.46739e+04   -4.37340e+04    2.92746e+02   -3.28234e+02
 Pressure (bar)
    4.07713e+02

           Step           Time
          43000       86.00000

   Energies (kJ/mol)
           Bond          Angle  Improper Dih.          LJ-14     Coulomb-14
    2.69754e+01    8.58903e+00    1.32386e+01    1.16426e+02    0.00000e+00
        LJ (SR)  Disper. corr.   Coulomb (SR)   Coul. recip.      Potential
    6.91415e+03   -6.48923e+02   -4.96987e+04    6.23197e+02   -4.26450e+04
    Kinetic En.   Total Energy  Conserved En.    Temperature Pres. DC (bar)
    8.17555e+03   -3.44695e+04   -4.37365e+04    3.03626e+02   -3.28234e+02
 Pressure (bar)
    2.36270e+00

           Step           Time
          44000       88.00000

   Energies (kJ/mol)
           Bond          Angle  Improper Dih.          LJ-14     Coulomb-14
    3.73998e+01    5.88441e+00    1.70670e+01    1.13757e+02    0.00000e+00
        LJ (SR)  Disper. corr.   Coulomb (SR)   Coul. recip.      Potential
    7.04200e+03   -6.48923e+02   -5.00227e+04    5.97922e+02   -4.28576e+04
    Kinetic En.   Total Energy  Conserved En.    Temperature Pres. DC (bar)
    8.25822e+03   -3.45994e+04   -4.37394e+04    3.06696e+02   -3.28234e+02
 Pressure (bar)
   -4.66267e+01

           Step           Time
          45000       90.00000

   Energies (kJ/mol)
           Bond          Angle  Improper Dih.          LJ-14     Coulomb-14
    2.26394e+01    7.97672e+00    1.07205e+01    1.28725e+02    0.00000e+00
        LJ (SR)  Disper. corr.   Coulomb (SR)   Coul. recip.      Potential
    6.97835e+03   -6.48923e+02   -4.99869e+04    6.01083e+02   -4.28864e+04
    Kinetic En.   Total Energy  Conserved En.    Temperature Pres. DC (bar)
    7.80336e+03   -3.50830e+04   -4.37419e+04    2.89803e+02   -3.28234e+02
 Pressure (bar)
   -1.31207e+02

           Step           Time
          46000       92.00000

   Energies (kJ/mol)
           Bond          Angle  Improper Dih.          LJ-14     Coulomb-14
    2.19286e+01    1.26886e+01    1.36089e+01    1.26707e+02    0.00000e+00
        LJ (SR)  Disper. corr.   Coulomb (SR)   Coul. recip.      Potential
    6.92230e+03   -6.48923e+02   -4.95566e+04    6.68438e+02   -4.24399e+04
    Kinetic En.   Total Energy  Conserved En.    Temperature Pres. DC (bar)
    8.10344e+03   -3.43364e+04   -4.37416e+04    3.00948e+02   -3.28234e+02
 Pressure (bar)
    2.01697e+02

           Step           Time
          47000       94.00000

   Energies (kJ/mol)
           Bond          Angle  Improper Dih.          LJ-14     Coulomb-14
    1.48528e+01    7.58350e+00    1.52655e+01    1.26468e+02    0.00000e+00
        LJ (SR)  Disper. corr.   Coulomb (SR)   Coul. recip.      Potential
    6.99584e+03   -6.48923e+02   -4.97508e+04    5.94056e+02   -4.26456e+04
    Kinetic En.   Total Energy  Conserved En.    Temperature Pres. DC (bar)
    8.08046e+03   -3.45651e+04   -4.37464e+04    3.00094e+02   -3.28234e+02
 Pressure (bar)
    6.90624e+01

           Step           Time
          48000       96.00000

   Energies (kJ/mol)
           Bond          Angle  Improper Dih.          LJ-14     Coulomb-14
    1.73696e+01    1.30257e+01    1.26705e+01    1.23283e+02    0.00000e+00
        LJ (SR)  Disper. corr.   Coulomb (SR)   Coul. recip.      Potential
    6.91217e+03   -6.48923e+02   -4.96479e+04    6.03347e+02   -4.26150e+04
    Kinetic En.   Total Energy  Conserved En.    Temperature Pres. DC (bar)
    8.00129e+03   -3.46137e+04   -4.37484e+04    2.97154e+02   -3.28234e+02
 Pressure (bar)
    7.12306e+01

           Step           Time
          49000       98.00000

   Energies (kJ/mol)
           Bond          Angle  Improper Dih.          LJ-14     Coulomb-14
    2.77545e+01    9.97212e+00    1.34784e+01    1.18998e+02    0.00000e+00
        LJ (SR)  Disper. corr.   Coulomb (SR)   Coul. recip.      Potential
    7.04799e+03   -6.48923e+02   -4.99338e+04    6.63530e+02   -4.27010e+04
    Kinetic En.   Total Energy  Conserved En.    Temperature Pres. DC (bar)
    8.02378e+03   -3.46772e+04   -4.37502e+04    2.97990e+02   -3.28234e+02
 Pressure (bar)
    1.52970e+02

Writing checkpoint, step 50000 at Mon Jul  1 09:53:41 2024


           Step           Time
          50000      100.00000

   Energies (kJ/mol)
           Bond          Angle  Improper Dih.          LJ-14     Coulomb-14
    3.65184e+01    8.20611e+00    1.54398e+01    1.10983e+02    0.00000e+00
        LJ (SR)  Disper. corr.   Coulomb (SR)   Coul. recip.      Potential
    6.94969e+03   -6.48923e+02   -4.98171e+04    6.09450e+02   -4.27357e+04
    Kinetic En.   Total Energy  Conserved En.    Temperature Pres. DC (bar)
    8.10753e+03   -3.46282e+04   -4.37520e+04    3.01100e+02   -3.28234e+02
 Pressure (bar)
   -2.80393e+02


Energy conservation over simulation part #1 of length 100 ps, time 0 to 100 ps
  Conserved energy drift: -1.49e-04 kJ/mol/ps per atom

	<======  ###############  ==>
	<====  A V E R A G E S  ====>
	<==  ###############  ======>

	Statistics over 50001 steps using 50001 frames

   Energies (kJ/mol)
           Bond          Angle  Improper Dih.          LJ-14     Coulomb-14
    3.13614e+01    1.13200e+01    1.26819e+01    1.20293e+02    0.00000e+00
        LJ (SR)  Disper. corr.   Coulomb (SR)   Coul. recip.      Potential
    6.95637e+03   -6.48923e+02   -4.98135e+04    6.31509e+02   -4.26989e+04
    Kinetic En.   Total Energy  Conserved En.    Temperature Pres. DC (bar)
    8.07366e+03   -3.46252e+04   -4.36965e+04    2.99842e+02   -3.28234e+02
 Pressure (bar)
   -1.78735e+01

   Total Virial (kJ/mol)
    2.68869e+03   -1.99404e+01    3.41432e+00
   -1.99283e+01    2.71099e+03    3.34814e+00
    3.40918e+00    3.33546e+00    2.72710e+03

   Pressure (bar)
    5.16183e+00    2.20273e+01   -2.94463e+00
    2.20151e+01   -2.09348e+01    1.04595e+00
   -2.93943e+00    1.05875e+00   -3.78475e+01


	M E G A - F L O P S   A C C O U N T I N G

 NB=Group-cutoff nonbonded kernels    NxN=N-by-N cluster Verlet kernels
 RF=Reaction-Field  VdW=Van der Waals  QSTab=quadratic-spline table
 W3=SPC/TIP3p  W4=TIP4p (single or pairs)
 V&F=Potential and force  V=Potential only  F=Force only

 Computing:                               M-Number         M-Flops  % Flops
-----------------------------------------------------------------------------
 Pair Search distance check             477.561378        4298.052     0.1
 NxN Ewald Elec. + LJ [V&F]           29762.362288     3839344.735    54.6
 NxN LJ [V&F]                            73.180416        4756.727     0.1
 NxN Ewald Elec. [V&F]                29201.967120     2452965.238    34.9
 1,4 nonbonded interactions               1.050021          94.502     0.0
 Calc Weights                           484.959699       17458.549     0.2
 Spread Q Bspline                     10345.806912       20691.614     0.3
 Gather F Bspline                     10345.806912       62074.841     0.9
 3D-FFT                               72363.847248      578910.778     8.2
 Solve PME                               64.801296        4147.283     0.1
 Reset In Box                             1.619733           4.859     0.0
 CG-CoM                                   1.622966           4.869     0.0
 Bonds                                    0.800016          47.201     0.0
 Angles                                   1.100022         184.804     0.0
 Impropers                                1.100022         228.805     0.0
 Virial                                 163.903278        2950.259     0.0
 Stop-CM                                  1.622966          16.230     0.0
 Calc-Ekin                              161.653233        4364.637     0.1
 Constraint-V                           160.953219        1448.579     0.0
 Constraint-Vir                         160.953219        3862.877     0.1
 Settle                                 107.304292       39702.588     0.6
-----------------------------------------------------------------------------
 Total                                                 7037558.027   100.0
-----------------------------------------------------------------------------


    D O M A I N   D E C O M P O S I T I O N   S T A T I S T I C S

 av. #atoms communicated per step for force:  2 x 0.0


     R E A L   C Y C L E   A N D   T I M E   A C C O U N T I N G

On 1 MPI rank, each using 16 OpenMP threads

 Computing:          Num   Num      Call    Wall time         Giga-Cycles
                     Ranks Threads  Count      (s)         total sum    %
-----------------------------------------------------------------------------
 Domain decomp.         1   16        501       4.790        160.559   0.3
 Neighbor search        1   16        501       5.036        168.817   0.3
 Force                  1   16      50001    1071.934      35932.288  62.6
 PME mesh               1   16      50001     314.244      10533.782  18.3
 NB X/F buffer ops.     1   16      99501      79.111       2651.890   4.6
 Write traj.            1   16         52       0.089          2.982   0.0
 Update                 1   16     100002      54.145       1815.008   3.2
 Constraints            1   16     100004      62.696       2101.634   3.7
 Rest                                         120.516       4039.828   7.0
-----------------------------------------------------------------------------
 Total                                       1712.563      57406.788 100.0
-----------------------------------------------------------------------------
 Breakdown of PME mesh computation
-----------------------------------------------------------------------------
 PME spread             1   16      50001      97.149       3256.534   5.7
 PME gather             1   16      50001     120.582       4042.010   7.0
 PME 3D-FFT             1   16     100002      64.035       2146.519   3.7
 PME solve Elec         1   16      50001      19.530        654.669   1.1
-----------------------------------------------------------------------------

               Core t (s)   Wall t (s)        (%)
       Time:    27400.982     1712.563     1600.0
                 (ns/day)    (hour/ns)
Performance:        5.045        4.757
Finished mdrun on rank 0 Mon Jul  1 09:53:42 2024

