Warning on use of the timeseries module: If the inherent timescales of the system are long compared to those being analyzed, this statistical inefficiency may be an underestimate.  The estimate presumes the use of many statistically independent samples.  Tests should be performed to assess whether this condition is satisfied.   Be cautious in the interpretation of the data.

****** PyMBAR will use 64-bit JAX! *******
* JAX is currently set to 32-bit bitsize *
* which is its default.                  *
*                                        *
* PyMBAR requires 64-bit mode and WILL   *
* enable JAX's 64-bit mode when called.  *
*                                        *
* This MAY cause problems with other     *
* Uses of JAX in the same code.          *
******************************************

2024-09-22 15:52:43.082 | DEBUG    | alchemlyb.preprocessing.subsampling:statistical_inefficiency:520 - Running statistical inefficiency analysis.
2024-09-22 15:52:43.707 | DEBUG    | alchemlyb.preprocessing.subsampling:statistical_inefficiency:522 - Statistical inefficiency: 94.01.
2024-09-22 15:52:43.708 | DEBUG    | alchemlyb.preprocessing.subsampling:statistical_inefficiency:528 - Number of uncorrelated samples: 10522.
2024-09-22 15:52:44.583 | DEBUG    | alchemlyb.preprocessing.subsampling:statistical_inefficiency:520 - Running statistical inefficiency analysis.
2024-09-22 15:52:44.591 | DEBUG    | alchemlyb.preprocessing.subsampling:statistical_inefficiency:522 - Statistical inefficiency: 1.00.
2024-09-22 15:52:44.592 | DEBUG    | alchemlyb.preprocessing.subsampling:statistical_inefficiency:528 - Number of uncorrelated samples: 999501.
/projects/liwh2139/software/anaconda/envs/openff-toolkit/lib/python3.9/site-packages/alchemlyb/estimators/mbar_.py:106: FutureWarning: When grouping with a length-1 list-like, you will need to pass a length-1 tuple to get_group in a future version of pandas. Pass `(name,)` instead of `name` to silence this warning.
  (len(groups.get_group(i)) if i in groups.groups else 0)

******* JAX 64-bit mode is now on! *******
*     JAX is now set to 64-bit mode!     *
*   This MAY cause problems with other   *
*      uses of JAX in the same code.     *
******************************************

/projects/liwh2139/software/anaconda/envs/openff-toolkit/lib/python3.9/site-packages/alchemlyb/estimators/bar_.py:97: FutureWarning: When grouping with a length-1 list-like, you will need to pass a length-1 tuple to get_group in a future version of pandas. Pass `(name,)` instead of `name` to silence this warning.
  (len(groups.get_group(i)) if i in groups.groups else 0)
/projects/liwh2139/software/anaconda/envs/openff-toolkit/lib/python3.9/site-packages/alchemlyb/estimators/bar_.py:106: FutureWarning: When grouping with a length-1 list-like, you will need to pass a length-1 tuple to get_group in a future version of pandas. Pass `(name,)` instead of `name` to silence this warning.
  uk = groups.get_group(self._states_[k])
/projects/liwh2139/software/anaconda/envs/openff-toolkit/lib/python3.9/site-packages/alchemlyb/estimators/bar_.py:111: FutureWarning: When grouping with a length-1 list-like, you will need to pass a length-1 tuple to get_group in a future version of pandas. Pass `(name,)` instead of `name` to silence this warning.
  uk1 = groups.get_group(self._states_[k + 1])
FE differences in units of Kb_T between each lambda window (TI):
            0.00      0.09      0.18  ...      0.86      0.93      1.00
0.000   0.000000  2.165926  4.249781  ...  6.346395  4.245324  3.534859
0.090  -2.165926  0.000000  2.083855  ...  4.180469  2.079398  1.368933
0.180  -4.249781 -2.083855  0.000000  ...  2.096614 -0.004458 -0.714922
0.300  -6.859739 -4.693813 -2.609958  ... -0.513344 -2.614415 -3.324880
0.420  -9.217247 -7.051321 -4.967466  ... -2.870852 -4.971923 -5.682388
0.495 -10.470858 -8.304932 -6.221077  ... -4.124463 -6.225535 -6.936000
0.570 -11.445014 -9.279088 -7.195233  ... -5.098619 -7.199691 -7.910155
0.625 -11.861321 -9.695395 -7.611540  ... -5.514926 -7.615998 -8.326462
0.680 -11.801188 -9.635262 -7.551407  ... -5.454793 -7.555864 -8.266329
0.720 -11.335149 -9.169223 -7.085368  ... -4.988754 -7.089826 -7.800290
0.760 -10.371192 -8.205266 -6.121411  ... -4.024797 -6.125868 -6.836333
0.810  -8.465577 -6.299651 -4.215795  ... -2.119181 -4.220253 -4.930718
0.860  -6.346395 -4.180469 -2.096614  ...  0.000000 -2.101072 -2.811536
0.930  -4.245324 -2.079398  0.004458  ...  2.101072  0.000000 -0.710465
1.000  -3.534859 -1.368933  0.714922  ...  2.811536  0.710465  0.000000

[15 rows x 15 columns]

Endpoint differences (TI)
3.534858841977714

TI error
           0.00      0.09      0.18  ...      0.86      0.93      1.00
0.000  0.000000  0.021203  0.037808  ...  0.131891  0.136414  0.137879
0.090  0.021203  0.000000  0.022244  ...  0.128299  0.132944  0.134446
0.180  0.037808  0.022244  0.000000  ...  0.123666  0.128479  0.130032
0.300  0.055003  0.045724  0.030385  ...  0.115846  0.120970  0.122619
0.420  0.072038  0.065229  0.055564  ...  0.106214  0.111781  0.113563
0.495  0.081960  0.076044  0.067936  ...  0.100242  0.106123  0.107998
0.570  0.090165  0.084824  0.077638  ...  0.092622  0.098956  0.100965
0.625  0.096867  0.091916  0.085329  ...  0.085922  0.092715  0.094856
0.680  0.104028  0.099434  0.093380  ...  0.076515  0.084072  0.086428
0.720  0.110132  0.105803  0.100135  ...  0.067916  0.076329  0.078916
0.760  0.116339  0.112250  0.106923  ...  0.052894  0.063335  0.066430
0.810  0.125449  0.121667  0.116771  ...  0.026581  0.043818  0.048184
0.860  0.131891  0.128299  0.123666  ...  0.000000  0.023814  0.031125
0.930  0.136414  0.132944  0.128479  ...  0.023814  0.000000  0.013133
1.000  0.137879  0.134446  0.130032  ...  0.031125  0.013133  0.000000

[15 rows x 15 columns]

TI error endpoint difference
0.13787854895478627
FE differences in units of Kb_T between each lambda window (MBAR):
            0.00      0.09      0.18  ...      0.86      0.93      1.00
0.000   0.000000  2.185487  4.292878  ...  6.255646  4.139167  3.458351
0.090  -2.185487  0.000000  2.107391  ...  4.070159  1.953680  1.272865
0.180  -4.292878 -2.107391  0.000000  ...  1.962768 -0.153711 -0.834526
0.300  -6.937523 -4.752037 -2.644645  ... -0.681877 -2.798356 -3.479172
0.420  -9.296368 -7.110881 -5.003490  ... -3.040722 -5.157201 -5.838016
0.495 -10.539451 -8.353964 -6.246573  ... -4.283805 -6.400284 -7.081099
0.570 -11.487079 -9.301593 -7.194201  ... -5.231433 -7.347912 -8.028728
0.625 -11.877877 -9.692390 -7.584999  ... -5.622231 -7.738709 -8.419525
0.680 -11.838551 -9.653065 -7.545674  ... -5.582905 -7.699384 -8.380200
0.720 -11.381311 -9.195824 -7.088433  ... -5.125665 -7.242144 -7.922959
0.760 -10.400046 -8.214559 -6.107168  ... -4.144400 -6.260879 -6.941694
0.810  -8.421538 -6.236052 -4.128660  ... -2.165892 -4.282371 -4.963187
0.860  -6.255646 -4.070159 -1.962768  ...  0.000000 -2.116479 -2.797295
0.930  -4.139167 -1.953680  0.153711  ...  2.116479  0.000000 -0.680816
1.000  -3.458351 -1.272865  0.834526  ...  2.797295  0.680816  0.000000

[15 rows x 15 columns]

Endpoint differences (MBAR)
3.4583514998742704

MBAR error
           0.00      0.09      0.18  ...      0.86      0.93      1.00
0.000  0.000000  0.001607  0.003047  ...  0.013013  0.013451  0.013670
0.090  0.001607  0.000000  0.001650  ...  0.012664  0.013114  0.013339
0.180  0.003047  0.001650  0.000000  ...  0.012258  0.012723  0.012954
0.300  0.004843  0.003836  0.002506  ...  0.011560  0.012051  0.012295
0.420  0.006510  0.005780  0.004832  ...  0.010724  0.011252  0.011513
0.495  0.007451  0.006823  0.006035  ...  0.010124  0.010681  0.010956
0.570  0.008366  0.007812  0.007135  ...  0.009392  0.009991  0.010283
0.625  0.009073  0.008564  0.007952  ...  0.008710  0.009352  0.009664
0.680  0.009858  0.009392  0.008838  ...  0.007796  0.008507  0.008849
0.720  0.010510  0.010075  0.009560  ...  0.006818  0.007624  0.008004
0.760  0.011273  0.010868  0.010393  ...  0.005184  0.006203  0.006667
0.810  0.012318  0.011949  0.011518  ...  0.002289  0.003751  0.004447
0.860  0.013013  0.012664  0.012258  ...  0.000000  0.001735  0.002672
0.930  0.013451  0.013114  0.012723  ...  0.001735  0.000000  0.001083
1.000  0.013670  0.013339  0.012954  ...  0.002672  0.001083  0.000000

[15 rows x 15 columns]

MBAR error endpoint difference
0.013670355136083938
FE differences in units of Kb_T between each lambda window (BAR):
            0.00      0.09      0.18  ...      0.86      0.93      1.00
0.000   0.000000  2.183920  4.289085  ...  6.245520  4.129335  3.449328
0.090  -2.183920  0.000000  2.105165  ...  4.061600  1.945415  1.265408
0.180  -4.289085 -2.105165  0.000000  ...  1.956435 -0.159750 -0.839757
0.300  -6.932685 -4.748765 -2.643600  ... -0.687165 -2.803350 -3.483357
0.420  -9.289344 -7.105424 -5.000259  ... -3.043824 -5.160010 -5.840017
0.495 -10.530030 -8.346110 -6.240945  ... -4.284510 -6.400695 -7.080702
0.570 -11.478331 -9.294411 -7.189246  ... -5.232811 -7.348996 -8.029003
0.625 -11.868415 -9.684495 -7.579330  ... -5.622895 -7.739080 -8.419088
0.680 -11.828894 -9.644974 -7.539809  ... -5.583374 -7.699559 -8.379566
0.720 -11.372068 -9.188148 -7.082983  ... -5.126548 -7.242733 -7.922740
0.760 -10.391451 -8.207531 -6.102366  ... -4.145931 -6.262116 -6.942123
0.810  -8.413409 -6.229489 -4.124324  ... -2.167889 -4.284074 -4.964081
0.860  -6.245520 -4.061600 -1.956435  ...  0.000000 -2.116185 -2.796192
0.930  -4.129335 -1.945415  0.159750  ...  2.116185  0.000000 -0.680007
1.000  -3.449328 -1.265408  0.839757  ...  2.796192  0.680007  0.000000

[15 rows x 15 columns]

Endpoint differences (BAR)
3.449327707482264

BAR error
          0.00      0.09      0.18  ...      0.86      0.93     1.00
0.000  0.00000  0.002030       NaN  ...       NaN       NaN      NaN
0.090  0.00203  0.000000  0.002121  ...       NaN       NaN      NaN
0.180      NaN  0.002121  0.000000  ...       NaN       NaN      NaN
0.300      NaN       NaN  0.003074  ...       NaN       NaN      NaN
0.420      NaN       NaN       NaN  ...       NaN       NaN      NaN
0.495      NaN       NaN       NaN  ...       NaN       NaN      NaN
0.570      NaN       NaN       NaN  ...       NaN       NaN      NaN
0.625      NaN       NaN       NaN  ...       NaN       NaN      NaN
0.680      NaN       NaN       NaN  ...       NaN       NaN      NaN
0.720      NaN       NaN       NaN  ...       NaN       NaN      NaN
0.760      NaN       NaN       NaN  ...       NaN       NaN      NaN
0.810      NaN       NaN       NaN  ...  0.002781       NaN      NaN
0.860      NaN       NaN       NaN  ...  0.000000  0.002197      NaN
0.930      NaN       NaN       NaN  ...  0.002197  0.000000  0.00127
1.000      NaN       NaN       NaN  ...       NaN  0.001270  0.00000

[15 rows x 15 columns]

BAR error endpoint difference
nan
