Warning on use of the timeseries module: If the inherent timescales of the system are long compared to those being analyzed, this statistical inefficiency may be an underestimate.  The estimate presumes the use of many statistically independent samples.  Tests should be performed to assess whether this condition is satisfied.   Be cautious in the interpretation of the data.

****** PyMBAR will use 64-bit JAX! *******
* JAX is currently set to 32-bit bitsize *
* which is its default.                  *
*                                        *
* PyMBAR requires 64-bit mode and WILL   *
* enable JAX's 64-bit mode when called.  *
*                                        *
* This MAY cause problems with other     *
* Uses of JAX in the same code.          *
******************************************

2024-09-22 15:53:34.025 | DEBUG    | alchemlyb.preprocessing.subsampling:statistical_inefficiency:520 - Running statistical inefficiency analysis.
2024-09-22 15:53:34.408 | DEBUG    | alchemlyb.preprocessing.subsampling:statistical_inefficiency:522 - Statistical inefficiency: 90.15.
2024-09-22 15:53:34.409 | DEBUG    | alchemlyb.preprocessing.subsampling:statistical_inefficiency:528 - Number of uncorrelated samples: 10984.
2024-09-22 15:53:35.164 | DEBUG    | alchemlyb.preprocessing.subsampling:statistical_inefficiency:520 - Running statistical inefficiency analysis.
2024-09-22 15:53:35.172 | DEBUG    | alchemlyb.preprocessing.subsampling:statistical_inefficiency:522 - Statistical inefficiency: 1.00.
2024-09-22 15:53:35.173 | DEBUG    | alchemlyb.preprocessing.subsampling:statistical_inefficiency:528 - Number of uncorrelated samples: 999501.
/projects/liwh2139/software/anaconda/envs/openff-toolkit/lib/python3.9/site-packages/alchemlyb/estimators/mbar_.py:106: FutureWarning: When grouping with a length-1 list-like, you will need to pass a length-1 tuple to get_group in a future version of pandas. Pass `(name,)` instead of `name` to silence this warning.
  (len(groups.get_group(i)) if i in groups.groups else 0)

******* JAX 64-bit mode is now on! *******
*     JAX is now set to 64-bit mode!     *
*   This MAY cause problems with other   *
*      uses of JAX in the same code.     *
******************************************

/projects/liwh2139/software/anaconda/envs/openff-toolkit/lib/python3.9/site-packages/alchemlyb/estimators/bar_.py:97: FutureWarning: When grouping with a length-1 list-like, you will need to pass a length-1 tuple to get_group in a future version of pandas. Pass `(name,)` instead of `name` to silence this warning.
  (len(groups.get_group(i)) if i in groups.groups else 0)
/projects/liwh2139/software/anaconda/envs/openff-toolkit/lib/python3.9/site-packages/alchemlyb/estimators/bar_.py:106: FutureWarning: When grouping with a length-1 list-like, you will need to pass a length-1 tuple to get_group in a future version of pandas. Pass `(name,)` instead of `name` to silence this warning.
  uk = groups.get_group(self._states_[k])
/projects/liwh2139/software/anaconda/envs/openff-toolkit/lib/python3.9/site-packages/alchemlyb/estimators/bar_.py:111: FutureWarning: When grouping with a length-1 list-like, you will need to pass a length-1 tuple to get_group in a future version of pandas. Pass `(name,)` instead of `name` to silence this warning.
  uk1 = groups.get_group(self._states_[k + 1])
FE differences in units of Kb_T between each lambda window (TI):
            0.00      0.09      0.18  ...      0.86      0.93      1.00
0.000   0.000000  2.199901  4.299141  ...  6.046876  3.994653  3.288712
0.090  -2.199901  0.000000  2.099239  ...  3.846975  1.794751  1.088811
0.180  -4.299141 -2.099239  0.000000  ...  1.747735 -0.304488 -1.010429
0.300  -6.906805 -4.706904 -2.607665  ... -0.859929 -2.912153 -3.618094
0.420  -9.186851 -6.986950 -4.887710  ... -3.139975 -5.192199 -5.898139
0.495 -10.385836 -8.185935 -6.086695  ... -4.338960 -6.391183 -7.097124
0.570 -11.281098 -9.081196 -6.981957  ... -5.234222 -7.286445 -7.992386
0.625 -11.616350 -9.416448 -7.317209  ... -5.569474 -7.621697 -8.327638
0.680 -11.563442 -9.363541 -7.264302  ... -5.516566 -7.568790 -8.274730
0.720 -11.101359 -8.901458 -6.802219  ... -5.054483 -7.106707 -7.812648
0.760 -10.075032 -7.875131 -5.775891  ... -4.028156 -6.080379 -6.786320
0.810  -8.130717 -5.930816 -3.831576  ... -2.083841 -4.136065 -4.842005
0.860  -6.046876 -3.846975 -1.747735  ...  0.000000 -2.052224 -2.758164
0.930  -3.994653 -1.794751  0.304488  ...  2.052224  0.000000 -0.705941
1.000  -3.288712 -1.088811  1.010429  ...  2.758164  0.705941  0.000000

[15 rows x 15 columns]

Endpoint differences (TI)
3.2887118302942335

TI error
           0.00      0.09      0.18  ...      0.86      0.93      1.00
0.000  0.000000  0.020410  0.036695  ...  0.132991  0.137989  0.139314
0.090  0.020410  0.000000  0.021739  ...  0.129663  0.134785  0.136141
0.180  0.036695  0.021739  0.000000  ...  0.125258  0.130552  0.131952
0.300  0.054152  0.045371  0.030586  ...  0.117261  0.122901  0.124387
0.420  0.071536  0.065142  0.055861  ...  0.108260  0.114344  0.115940
0.495  0.081253  0.075684  0.067860  ...  0.101704  0.108157  0.109843
0.570  0.090605  0.085646  0.078818  ...  0.093542  0.100520  0.102332
0.625  0.097756  0.093179  0.086944  ...  0.086164  0.093694  0.095635
0.680  0.105237  0.101000  0.095278  ...  0.077093  0.085426  0.087551
0.720  0.111038  0.107030  0.101649  ...  0.068342  0.077621  0.079953
0.760  0.117281  0.113494  0.108434  ...  0.054243  0.065549  0.068295
0.810  0.126009  0.122492  0.117818  ...  0.027882  0.046170  0.049992
0.860  0.132991  0.129663  0.125258  ...  0.000000  0.024921  0.031442
0.930  0.137989  0.134785  0.130552  ...  0.024921  0.000000  0.012328
1.000  0.139314  0.136141  0.131952  ...  0.031442  0.012328  0.000000

[15 rows x 15 columns]

TI error endpoint difference
0.1393140530728552
FE differences in units of Kb_T between each lambda window (MBAR):
            0.00      0.09      0.18  ...      0.86      0.93      1.00
0.000   0.000000  2.184033  4.288731  ...  6.222174  4.106185  3.422938
0.090  -2.184033  0.000000  2.104698  ...  4.038141  1.922152  1.238905
0.180  -4.288731 -2.104698  0.000000  ...  1.933443 -0.182546 -0.865793
0.300  -6.927309 -4.743276 -2.638578  ... -0.705135 -2.821124 -3.504371
0.420  -9.281100 -7.097067 -4.992369  ... -3.058926 -5.174915 -5.858162
0.495 -10.518968 -8.334935 -6.230237  ... -4.296794 -6.412783 -7.096030
0.570 -11.459578 -9.275545 -7.170847  ... -5.237404 -7.353393 -8.036640
0.625 -11.845456 -9.661423 -7.556725  ... -5.623282 -7.739271 -8.422518
0.680 -11.802205 -9.618172 -7.513473  ... -5.580030 -7.696019 -8.379266
0.720 -11.344056 -9.160023 -7.055325  ... -5.121882 -7.237871 -7.921118
0.760 -10.361543 -8.177510 -6.072812  ... -4.139369 -6.255358 -6.938605
0.810  -8.384320 -6.200287 -4.095589  ... -2.162146 -4.278135 -4.961382
0.860  -6.222174 -4.038141 -1.933443  ...  0.000000 -2.115989 -2.799236
0.930  -4.106185 -1.922152  0.182546  ...  2.115989  0.000000 -0.683247
1.000  -3.422938 -1.238905  0.865793  ...  2.799236  0.683247  0.000000

[15 rows x 15 columns]

Endpoint differences (MBAR)
3.4229381771775724

MBAR error
           0.00      0.09      0.18  ...      0.86      0.93      1.00
0.000  0.000000  0.001625  0.003085  ...  0.013011  0.013444  0.013661
0.090  0.001625  0.000000  0.001673  ...  0.012654  0.013098  0.013321
0.180  0.003085  0.001673  0.000000  ...  0.012237  0.012696  0.012925
0.300  0.004903  0.003885  0.002536  ...  0.011523  0.012009  0.012251
0.420  0.006582  0.005842  0.004880  ...  0.010669  0.011192  0.011451
0.495  0.007531  0.006895  0.006095  ...  0.010053  0.010607  0.010881
0.570  0.008450  0.007888  0.007200  ...  0.009312  0.009907  0.010199
0.625  0.009153  0.008637  0.008014  ...  0.008625  0.009264  0.009576
0.680  0.009928  0.009455  0.008889  ...  0.007714  0.008422  0.008765
0.720  0.010567  0.010124  0.009598  ...  0.006741  0.007543  0.007923
0.760  0.011314  0.010902  0.010415  ...  0.005119  0.006135  0.006600
0.810  0.012333  0.011956  0.011514  ...  0.002265  0.003722  0.004417
0.860  0.013011  0.012654  0.012237  ...  0.000000  0.001728  0.002663
0.930  0.013444  0.013098  0.012696  ...  0.001728  0.000000  0.001080
1.000  0.013661  0.013321  0.012925  ...  0.002663  0.001080  0.000000

[15 rows x 15 columns]

MBAR error endpoint difference
0.013660606577332967
FE differences in units of Kb_T between each lambda window (BAR):
            0.00      0.09      0.18  ...      0.86      0.93      1.00
0.000   0.000000  2.183243  4.287054  ...  6.214458  4.098495  3.416400
0.090  -2.183243  0.000000  2.103811  ...  4.031215  1.915252  1.233157
0.180  -4.287054 -2.103811  0.000000  ...  1.927404 -0.188559 -0.870654
0.300  -6.925897 -4.742654 -2.638843  ... -0.711439 -2.827402 -3.509497
0.420  -9.278225 -7.094981 -4.991171  ... -3.063767 -5.179730 -5.861825
0.495 -10.515809 -8.332566 -6.228756  ... -4.301351 -6.417314 -7.099409
0.570 -11.455811 -9.272567 -7.168757  ... -5.241352 -7.357315 -8.039410
0.625 -11.841361 -9.658117 -7.554307  ... -5.626903 -7.742866 -8.424961
0.680 -11.798609 -9.615365 -7.511555  ... -5.584150 -7.700113 -8.382208
0.720 -11.339306 -9.156062 -7.052252  ... -5.124847 -7.240810 -7.922905
0.760 -10.354883 -8.171640 -6.067829  ... -4.140425 -6.256388 -6.938483
0.810  -8.377645 -6.194401 -4.090591  ... -2.163187 -4.279150 -4.961245
0.860  -6.214458 -4.031215 -1.927404  ...  0.000000 -2.115963 -2.798058
0.930  -4.098495 -1.915252  0.188559  ...  2.115963  0.000000 -0.682095
1.000  -3.416400 -1.233157  0.870654  ...  2.798058  0.682095  0.000000

[15 rows x 15 columns]

Endpoint differences (BAR)
3.4164001581215633

BAR error
           0.00      0.09      0.18  ...      0.86      0.93      1.00
0.000  0.000000  0.002052       NaN  ...       NaN       NaN       NaN
0.090  0.002052  0.000000  0.002149  ...       NaN       NaN       NaN
0.180       NaN  0.002149  0.000000  ...       NaN       NaN       NaN
0.300       NaN       NaN  0.003105  ...       NaN       NaN       NaN
0.420       NaN       NaN       NaN  ...       NaN       NaN       NaN
0.495       NaN       NaN       NaN  ...       NaN       NaN       NaN
0.570       NaN       NaN       NaN  ...       NaN       NaN       NaN
0.625       NaN       NaN       NaN  ...       NaN       NaN       NaN
0.680       NaN       NaN       NaN  ...       NaN       NaN       NaN
0.720       NaN       NaN       NaN  ...       NaN       NaN       NaN
0.760       NaN       NaN       NaN  ...       NaN       NaN       NaN
0.810       NaN       NaN       NaN  ...  0.002758       NaN       NaN
0.860       NaN       NaN       NaN  ...  0.000000  0.002196       NaN
0.930       NaN       NaN       NaN  ...  0.002196  0.000000  0.001266
1.000       NaN       NaN       NaN  ...       NaN  0.001266  0.000000

[15 rows x 15 columns]

BAR error endpoint difference
nan
