Warning on use of the timeseries module: If the inherent timescales of the system are long compared to those being analyzed, this statistical inefficiency may be an underestimate.  The estimate presumes the use of many statistically independent samples.  Tests should be performed to assess whether this condition is satisfied.   Be cautious in the interpretation of the data.

****** PyMBAR will use 64-bit JAX! *******
* JAX is currently set to 32-bit bitsize *
* which is its default.                  *
*                                        *
* PyMBAR requires 64-bit mode and WILL   *
* enable JAX's 64-bit mode when called.  *
*                                        *
* This MAY cause problems with other     *
* Uses of JAX in the same code.          *
******************************************

2024-09-22 15:51:51.020 | DEBUG    | alchemlyb.preprocessing.subsampling:statistical_inefficiency:520 - Running statistical inefficiency analysis.
2024-09-22 15:51:51.650 | DEBUG    | alchemlyb.preprocessing.subsampling:statistical_inefficiency:522 - Statistical inefficiency: 93.44.
2024-09-22 15:51:51.651 | DEBUG    | alchemlyb.preprocessing.subsampling:statistical_inefficiency:528 - Number of uncorrelated samples: 10633.
2024-09-22 15:51:52.439 | DEBUG    | alchemlyb.preprocessing.subsampling:statistical_inefficiency:520 - Running statistical inefficiency analysis.
2024-09-22 15:51:52.449 | DEBUG    | alchemlyb.preprocessing.subsampling:statistical_inefficiency:522 - Statistical inefficiency: 1.00.
2024-09-22 15:51:52.450 | DEBUG    | alchemlyb.preprocessing.subsampling:statistical_inefficiency:528 - Number of uncorrelated samples: 999501.
/projects/liwh2139/software/anaconda/envs/openff-toolkit/lib/python3.9/site-packages/alchemlyb/estimators/mbar_.py:106: FutureWarning: When grouping with a length-1 list-like, you will need to pass a length-1 tuple to get_group in a future version of pandas. Pass `(name,)` instead of `name` to silence this warning.
  (len(groups.get_group(i)) if i in groups.groups else 0)

******* JAX 64-bit mode is now on! *******
*     JAX is now set to 64-bit mode!     *
*   This MAY cause problems with other   *
*      uses of JAX in the same code.     *
******************************************

/projects/liwh2139/software/anaconda/envs/openff-toolkit/lib/python3.9/site-packages/alchemlyb/estimators/bar_.py:97: FutureWarning: When grouping with a length-1 list-like, you will need to pass a length-1 tuple to get_group in a future version of pandas. Pass `(name,)` instead of `name` to silence this warning.
  (len(groups.get_group(i)) if i in groups.groups else 0)
/projects/liwh2139/software/anaconda/envs/openff-toolkit/lib/python3.9/site-packages/alchemlyb/estimators/bar_.py:106: FutureWarning: When grouping with a length-1 list-like, you will need to pass a length-1 tuple to get_group in a future version of pandas. Pass `(name,)` instead of `name` to silence this warning.
  uk = groups.get_group(self._states_[k])
/projects/liwh2139/software/anaconda/envs/openff-toolkit/lib/python3.9/site-packages/alchemlyb/estimators/bar_.py:111: FutureWarning: When grouping with a length-1 list-like, you will need to pass a length-1 tuple to get_group in a future version of pandas. Pass `(name,)` instead of `name` to silence this warning.
  uk1 = groups.get_group(self._states_[k + 1])
FE differences in units of Kb_T between each lambda window (TI):
            0.00      0.09      0.18  ...      0.86      0.93      1.00
0.000   0.000000  2.182605  4.293198  ...  6.323208  4.295894  3.603412
0.090  -2.182605  0.000000  2.110593  ...  4.140603  2.113289  1.420806
0.180  -4.293198 -2.110593  0.000000  ...  2.030010  0.002696 -0.689786
0.300  -6.920504 -4.737899 -2.627306  ... -0.597296 -2.624610 -3.317092
0.420  -9.278419 -7.095814 -4.985221  ... -2.955211 -4.982525 -5.675008
0.495 -10.544477 -8.361871 -6.251279  ... -4.221269 -6.248582 -6.941065
0.570 -11.479775 -9.297170 -7.186577  ... -5.156567 -7.183881 -7.876364
0.625 -11.837842 -9.655237 -7.544644  ... -5.514634 -7.541947 -8.234430
0.680 -11.737633 -9.555027 -7.444435  ... -5.414425 -7.441738 -8.134221
0.720 -11.252399 -9.069793 -6.959201  ... -4.929191 -6.956504 -7.648987
0.760 -10.282664 -8.100058 -5.989466  ... -3.959456 -5.986769 -6.679252
0.810  -8.391827 -6.209221 -4.098629  ... -2.068619 -4.095932 -4.788415
0.860  -6.323208 -4.140603 -2.030010  ...  0.000000 -2.027314 -2.719797
0.930  -4.295894 -2.113289 -0.002696  ...  2.027314  0.000000 -0.692483
1.000  -3.603412 -1.420806  0.689786  ...  2.719797  0.692483  0.000000

[15 rows x 15 columns]

Endpoint differences (TI)
3.60341157472743

TI error
           0.00      0.09      0.18  ...      0.86      0.93      1.00
0.000  0.000000  0.020413  0.035930  ...  0.133363  0.138286  0.139743
0.090  0.020413  0.000000  0.021580  ...  0.130232  0.135270  0.136758
0.180  0.035930  0.021580  0.000000  ...  0.125689  0.130902  0.132439
0.300  0.054731  0.046585  0.031741  ...  0.117066  0.122646  0.124286
0.420  0.072519  0.066586  0.057193  ...  0.108318  0.114326  0.116083
0.495  0.081710  0.076493  0.068473  ...  0.101773  0.108145  0.110001
0.570  0.091193  0.086550  0.079550  ...  0.093368  0.100275  0.102274
0.625  0.098503  0.094220  0.087834  ...  0.085818  0.093286  0.095432
0.680  0.105988  0.102020  0.096153  ...  0.076763  0.085030  0.087379
0.720  0.111746  0.107990  0.102465  ...  0.067752  0.076992  0.079578
0.760  0.118200  0.114656  0.109468  ...  0.052535  0.064011  0.067100
0.810  0.127067  0.123777  0.118987  ...  0.026780  0.045329  0.049595
0.860  0.133363  0.130232  0.125689  ...  0.000000  0.024918  0.032028
0.930  0.138286  0.135270  0.130902  ...  0.024918  0.000000  0.012901
1.000  0.139743  0.136758  0.132439  ...  0.032028  0.012901  0.000000

[15 rows x 15 columns]

TI error endpoint difference
0.1397428387447187
FE differences in units of Kb_T between each lambda window (MBAR):
            0.00      0.09      0.18  ...      0.86      0.93      1.00
0.000   0.000000  2.184766  4.287491  ...  6.232654  4.118041  3.437368
0.090  -2.184766  0.000000  2.102725  ...  4.047887  1.933275  1.252602
0.180  -4.287491 -2.102725  0.000000  ...  1.945162 -0.169451 -0.850123
0.300  -6.925622 -4.740856 -2.638131  ... -0.692968 -2.807581 -3.488254
0.420  -9.284309 -7.099543 -4.996818  ... -3.051655 -5.166268 -5.846941
0.495 -10.525671 -8.340905 -6.238179  ... -4.293017 -6.407630 -7.088303
0.570 -11.470491 -9.285725 -7.183000  ... -5.237838 -7.352451 -8.033123
0.625 -11.858943 -9.674177 -7.571452  ... -5.626290 -7.740903 -8.421575
0.680 -11.816505 -9.631739 -7.529013  ... -5.583851 -7.698464 -8.379137
0.720 -11.358756 -9.173990 -7.071265  ... -5.126102 -7.240715 -7.921388
0.760 -10.377088 -8.192321 -6.089596  ... -4.144434 -6.259047 -6.939720
0.810  -8.397208 -6.212441 -4.109716  ... -2.164554 -4.279167 -4.959840
0.860  -6.232654 -4.047887 -1.945162  ...  0.000000 -2.114613 -2.795286
0.930  -4.118041 -1.933275  0.169451  ...  2.114613  0.000000 -0.680673
1.000  -3.437368 -1.252602  0.850123  ...  2.795286  0.680673  0.000000

[15 rows x 15 columns]

Endpoint differences (MBAR)
3.437367977916507

MBAR error
           0.00      0.09      0.18  ...      0.86      0.93      1.00
0.000  0.000000  0.001617  0.003071  ...  0.013012  0.013448  0.013666
0.090  0.001617  0.000000  0.001665  ...  0.012659  0.013106  0.013330
0.180  0.003071  0.001665  0.000000  ...  0.012248  0.012709  0.012940
0.300  0.004868  0.003853  0.002508  ...  0.011549  0.012037  0.012281
0.420  0.006530  0.005792  0.004833  ...  0.010707  0.011232  0.011493
0.495  0.007476  0.006842  0.006047  ...  0.010099  0.010654  0.010928
0.570  0.008396  0.007837  0.007153  ...  0.009361  0.009957  0.010251
0.625  0.009104  0.008591  0.007973  ...  0.008674  0.009314  0.009627
0.680  0.009888  0.009418  0.008857  ...  0.007762  0.008471  0.008814
0.720  0.010534  0.010094  0.009573  ...  0.006789  0.007592  0.007973
0.760  0.011289  0.010880  0.010398  ...  0.005158  0.006174  0.006640
0.810  0.012325  0.011951  0.011515  ...  0.002276  0.003735  0.004432
0.860  0.013012  0.012659  0.012248  ...  0.000000  0.001731  0.002670
0.930  0.013448  0.013106  0.012709  ...  0.001731  0.000000  0.001084
1.000  0.013666  0.013330  0.012940  ...  0.002670  0.001084  0.000000

[15 rows x 15 columns]

MBAR error endpoint difference
0.013666188138131582
FE differences in units of Kb_T between each lambda window (BAR):
            0.00      0.09      0.18  ...      0.86      0.93      1.00
0.000   0.000000  2.181750  4.284428  ...  6.219471  4.105603  3.425960
0.090  -2.181750  0.000000  2.102678  ...  4.037721  1.923853  1.244210
0.180  -4.284428 -2.102678  0.000000  ...  1.935043 -0.178825 -0.858469
0.300  -6.922077 -4.740327 -2.637649  ... -0.702606 -2.816474 -3.496117
0.420  -9.279002 -7.097252 -4.994573  ... -3.059531 -5.173399 -5.853042
0.495 -10.520131 -8.338381 -6.235703  ... -4.300660 -6.414528 -7.094172
0.570 -11.462926 -9.281176 -7.178497  ... -5.243455 -7.357323 -8.036966
0.625 -11.847883 -9.666133 -7.563455  ... -5.628412 -7.742280 -8.421923
0.680 -11.803899 -9.622149 -7.519470  ... -5.584428 -7.698296 -8.377939
0.720 -11.346028 -9.164278 -7.061600  ... -5.126557 -7.240425 -7.920068
0.760 -10.366354 -8.184604 -6.081925  ... -4.146883 -6.260751 -6.940394
0.810  -8.386420 -6.204670 -4.101991  ... -2.166949 -4.280817 -4.960460
0.860  -6.219471 -4.037721 -1.935043  ...  0.000000 -2.113868 -2.793511
0.930  -4.105603 -1.923853  0.178825  ...  2.113868  0.000000 -0.679643
1.000  -3.425960 -1.244210  0.858469  ...  2.793511  0.679643  0.000000

[15 rows x 15 columns]

Endpoint differences (BAR)
3.4259597355761517

BAR error
           0.00      0.09      0.18  ...      0.86      0.93      1.00
0.000  0.000000  0.002049       NaN  ...       NaN       NaN       NaN
0.090  0.002049  0.000000  0.002140  ...       NaN       NaN       NaN
0.180       NaN  0.002140  0.000000  ...       NaN       NaN       NaN
0.300       NaN       NaN  0.003077  ...       NaN       NaN       NaN
0.420       NaN       NaN       NaN  ...       NaN       NaN       NaN
0.495       NaN       NaN       NaN  ...       NaN       NaN       NaN
0.570       NaN       NaN       NaN  ...       NaN       NaN       NaN
0.625       NaN       NaN       NaN  ...       NaN       NaN       NaN
0.680       NaN       NaN       NaN  ...       NaN       NaN       NaN
0.720       NaN       NaN       NaN  ...       NaN       NaN       NaN
0.760       NaN       NaN       NaN  ...       NaN       NaN       NaN
0.810       NaN       NaN       NaN  ...  0.002768       NaN       NaN
0.860       NaN       NaN       NaN  ...  0.000000  0.002197       NaN
0.930       NaN       NaN       NaN  ...  0.002197  0.000000  0.001268
1.000       NaN       NaN       NaN  ...       NaN  0.001268  0.000000

[15 rows x 15 columns]

BAR error endpoint difference
nan
