                      :-) GROMACS - gmx mdrun, 2022.4 (-:

Copyright 1991-2022 The GROMACS Authors.
GROMACS is free software; you can redistribute it and/or modify it
under the terms of the GNU Lesser General Public License
as published by the Free Software Foundation; either version 2.1
of the License, or (at your option) any later version.

                         Current GROMACS contributors:
       Mark Abraham           Andrey Alekseenko           Cathrine Bergh      
      Christian Blau            Eliane Briand               Kevin Boyd        
     Oliver Fleetwood         Stefan Fleischmann           Vytas Gapsys       
       Gaurav Garg           Gilles Gouaillardet            Alan Gray         
      Victor Holanda           M. Eric Irrgang              Joe Jordan        
    Christoph Junghans        Prashanth Kanduri           Sebastian Kehl      
     Sebastian Keller          Carsten Kutzner           Magnus Lundborg      
       Pascal Merz              Dmitry Morozov             Szilard Pall       
      Roland Schulz             Michael Shirts         David van der Spoel    
     Alessandra Villa      Sebastian Wingbermuehle        Artem Zhmurov       

                         Previous GROMACS contributors:
        Emile Apol             Rossen Apostolov           James Barnett       
  Herman J.C. Berendsen          Par Bjelkmar           Viacheslav Bolnykh    
    Aldert van Buuren          Carlo Camilloni           Rudi van Drunen      
      Anton Feenstra           Gerrit Groenhof            Bert de Groot       
      Anca Hamuraru           Vincent Hindriksen         Aleksei Iupinov      
   Dimitrios Karkoulis           Peter Kasson               Jiri Kraus        
       Per Larsson             Justin A. Lemkul           Viveca Lindahl      
      Erik Marklund           Pieter Meulenhoff           Vedran Miletic      
      Teemu Murtola              Sander Pronk            Alexey Shvetsov      
      Alfons Sijbers            Peter Tieleman             Jon Vincent        
     Teemu Virolainen         Christian Wennberg           Maarten Wolf       

                  Coordinated by the GROMACS project leaders:
                    Paul Bauer, Berk Hess, and Erik Lindahl

GROMACS:      gmx mdrun, version 2022.4
Executable:   /usr/local/bin/gmx
Data prefix:  /usr/local
Working dir:  /home/lindseywhitmore/projects/lennard-jones-miniproject/anthracene/switch_poential-switch/prod/try3
Process ID:   1480250
Command line:
  gmx mdrun -deffnm anthracene_prod

GROMACS version:    2022.4
Precision:          mixed
Memory model:       64 bit
MPI library:        thread_mpi
OpenMP support:     enabled (GMX_OPENMP_MAX_THREADS = 128)
GPU support:        disabled
SIMD instructions:  AVX2_256
CPU FFT library:    fftw-3.3.8-sse2-avx-avx2-avx2_128
GPU FFT library:    none
RDTSCP usage:       enabled
TNG support:        enabled
Hwloc support:      disabled
Tracing support:    disabled
C compiler:         /usr/bin/cc GNU 9.4.0
C compiler flags:   -mavx2 -mfma -Wno-missing-field-initializers -fexcess-precision=fast -funroll-all-loops -O3 -DNDEBUG
C++ compiler:       /usr/bin/c++ GNU 9.4.0
C++ compiler flags: -mavx2 -mfma -Wno-missing-field-initializers -fexcess-precision=fast -funroll-all-loops -fopenmp 


Running on 1 node with total 8 cores, 16 processing units
Hardware detected:
  CPU info:
    Vendor: Intel
    Brand:  Intel(R) Xeon(R) Silver 4110 CPU @ 2.10GHz
    Family: 6   Model: 85   Stepping: 4
    Features: aes apic avx avx2 avx512f avx512cd avx512bw avx512vl clfsh cmov cx8 cx16 f16c fma hle htt intel lahf mmx msr nonstop_tsc pcid pclmuldq pdcm pdpe1gb popcnt pse rdrnd rdtscp rtm sse2 sse3 sse4.1 sse4.2 ssse3 tdt x2apic
    Number of AVX-512 FMA units: 1 (AVX2 is faster w/o 2 AVX-512 FMA units)
  Hardware topology: Basic
    Packages, cores, and logical processors:
    [indices refer to OS logical processors]
      Package  0: [   0   8] [   1   9] [   2  10] [   3  11] [   4  12] [   5  13] [   6  14] [   7  15]
    CPU limit set by OS: -1   Recommended max number of threads: 16


++++ PLEASE READ AND CITE THE FOLLOWING REFERENCE ++++
M. J. Abraham, T. Murtola, R. Schulz, S. Páll, J. C. Smith, B. Hess, E.
Lindahl
GROMACS: High performance molecular simulations through multi-level
parallelism from laptops to supercomputers
SoftwareX 1 (2015) pp. 19-25
-------- -------- --- Thank You --- -------- --------


++++ PLEASE READ AND CITE THE FOLLOWING REFERENCE ++++
S. Páll, M. J. Abraham, C. Kutzner, B. Hess, E. Lindahl
Tackling Exascale Software Challenges in Molecular Dynamics Simulations with
GROMACS
In S. Markidis & E. Laure (Eds.), Solving Software Challenges for Exascale 8759 (2015) pp. 3-27
-------- -------- --- Thank You --- -------- --------


++++ PLEASE READ AND CITE THE FOLLOWING REFERENCE ++++
S. Pronk, S. Páll, R. Schulz, P. Larsson, P. Bjelkmar, R. Apostolov, M. R.
Shirts, J. C. Smith, P. M. Kasson, D. van der Spoel, B. Hess, and E. Lindahl
GROMACS 4.5: a high-throughput and highly parallel open source molecular
simulation toolkit
Bioinformatics 29 (2013) pp. 845-54
-------- -------- --- Thank You --- -------- --------


++++ PLEASE READ AND CITE THE FOLLOWING REFERENCE ++++
B. Hess and C. Kutzner and D. van der Spoel and E. Lindahl
GROMACS 4: Algorithms for highly efficient, load-balanced, and scalable
molecular simulation
J. Chem. Theory Comput. 4 (2008) pp. 435-447
-------- -------- --- Thank You --- -------- --------


++++ PLEASE READ AND CITE THE FOLLOWING REFERENCE ++++
D. van der Spoel, E. Lindahl, B. Hess, G. Groenhof, A. E. Mark and H. J. C.
Berendsen
GROMACS: Fast, Flexible and Free
J. Comp. Chem. 26 (2005) pp. 1701-1719
-------- -------- --- Thank You --- -------- --------


++++ PLEASE READ AND CITE THE FOLLOWING REFERENCE ++++
E. Lindahl and B. Hess and D. van der Spoel
GROMACS 3.0: A package for molecular simulation and trajectory analysis
J. Mol. Mod. 7 (2001) pp. 306-317
-------- -------- --- Thank You --- -------- --------


++++ PLEASE READ AND CITE THE FOLLOWING REFERENCE ++++
H. J. C. Berendsen, D. van der Spoel and R. van Drunen
GROMACS: A message-passing parallel molecular dynamics implementation
Comp. Phys. Comm. 91 (1995) pp. 43-56
-------- -------- --- Thank You --- -------- --------


++++ PLEASE CITE THE DOI FOR THIS VERSION OF GROMACS ++++
https://doi.org/10.5281/zenodo.7323393
-------- -------- --- Thank You --- -------- --------

Input Parameters:
   integrator                     = md-vv
   tinit                          = 0
   dt                             = 0.002
   nsteps                         = 100000000
   init-step                      = 0
   simulation-part                = 1
   mts                            = false
   comm-mode                      = Linear
   nstcomm                        = 1
   bd-fric                        = 0
   ld-seed                        = -8978434
   emtol                          = 10
   emstep                         = 0.01
   niter                          = 20
   fcstep                         = 0
   nstcgsteep                     = 1000
   nbfgscorr                      = 10
   rtpi                           = 0.05
   nstxout                        = 0
   nstvout                        = 0
   nstfout                        = 0
   nstlog                         = 100
   nstcalcenergy                  = 1
   nstenergy                      = 100
   nstxout-compressed             = 1000
   compressed-x-precision         = 1000
   cutoff-scheme                  = Verlet
   nstlist                        = 10
   pbc                            = xyz
   periodic-molecules             = false
   verlet-buffer-tolerance        = 0.005
   rlist                          = 0.9
   coulombtype                    = PME
   coulomb-modifier               = Potential-shift
   rcoulomb-switch                = 0
   rcoulomb                       = 0.9
   epsilon-r                      = 1
   epsilon-rf                     = inf
   vdw-type                       = Cut-off
   vdw-modifier                   = Potential-switch
   rvdw-switch                    = 0.75
   rvdw                           = 0.9
   DispCorr                       = EnerPres
   table-extension                = 1
   fourierspacing                 = 0.1
   fourier-nx                     = 36
   fourier-ny                     = 36
   fourier-nz                     = 36
   pme-order                      = 6
   ewald-rtol                     = 1e-06
   ewald-rtol-lj                  = 0.001
   lj-pme-comb-rule               = Geometric
   ewald-geometry                 = 3d
   epsilon-surface                = 0
   tcoupl                         = V-rescale
   nsttcouple                     = 10
   nh-chain-length                = 0
   print-nose-hoover-chain-variables = false
   pcoupl                         = No
   pcoupltype                     = Isotropic
   nstpcouple                     = -1
   tau-p                          = 1
   compressibility (3x3):
      compressibility[    0]={ 0.00000e+00,  0.00000e+00,  0.00000e+00}
      compressibility[    1]={ 0.00000e+00,  0.00000e+00,  0.00000e+00}
      compressibility[    2]={ 0.00000e+00,  0.00000e+00,  0.00000e+00}
   ref-p (3x3):
      ref-p[    0]={ 0.00000e+00,  0.00000e+00,  0.00000e+00}
      ref-p[    1]={ 0.00000e+00,  0.00000e+00,  0.00000e+00}
      ref-p[    2]={ 0.00000e+00,  0.00000e+00,  0.00000e+00}
   refcoord-scaling               = No
   posres-com (3):
      posres-com[0]= 0.00000e+00
      posres-com[1]= 0.00000e+00
      posres-com[2]= 0.00000e+00
   posres-comB (3):
      posres-comB[0]= 0.00000e+00
      posres-comB[1]= 0.00000e+00
      posres-comB[2]= 0.00000e+00
   QMMM                           = false
qm-opts:
   ngQM                           = 0
   constraint-algorithm           = Lincs
   continuation                   = false
   Shake-SOR                      = false
   shake-tol                      = 0.0001
   lincs-order                    = 4
   lincs-iter                     = 2
   lincs-warnangle                = 30
   nwall                          = 0
   wall-type                      = 9-3
   wall-r-linpot                  = -1
   wall-atomtype[0]               = -1
   wall-atomtype[1]               = -1
   wall-density[0]                = 0
   wall-density[1]                = 0
   wall-ewald-zfac                = 3
   pull                           = false
   awh                            = false
   rotation                       = false
   interactiveMD                  = false
   disre                          = No
   disre-weighting                = Conservative
   disre-mixed                    = false
   dr-fc                          = 1000
   dr-tau                         = 0
   nstdisreout                    = 100
   orire-fc                       = 0
   orire-tau                      = 0
   nstorireout                    = 100
   free-energy                    = expanded
   init-lambda                    = -1
   init-lambda-state              = 0
   delta-lambda                   = 0
   nstdhdl                        = 100
   n-lambdas                      = 8
   separate-dvdl:
       fep-lambdas =   FALSE
      mass-lambdas =   FALSE
      coul-lambdas =   FALSE
       vdw-lambdas =   TRUE
    bonded-lambdas =   FALSE
 restraint-lambdas =   FALSE
temperature-lambdas =   FALSE
all-lambdas:
       fep-lambdas =            0           0           0           0           0           0           0           0
      mass-lambdas =            0           0           0           0           0           0           0           0
      coul-lambdas =            0           0           0           0           0           0           0           0
       vdw-lambdas =            0        0.18        0.42        0.57        0.68        0.76        0.86           1
    bonded-lambdas =            0           0           0           0           0           0           0           0
 restraint-lambdas =            0           0           0           0           0           0           0           0
temperature-lambdas =            0           0           0           0           0           0           0           0
   calc-lambda-neighbors          = -1
   dhdl-print-energy              = total
   sc-alpha                       = 0.5
   sc-power                       = 1
   sc-r-power                     = 6
   sc-sigma                       = 0.3
   sc-sigma-min                   = 0.3
   sc-coul                        = false
   dh-hist-size                   = 0
   dh-hist-spacing                = 0.1
   separate-dhdl-file             = yes
   dhdl-derivatives               = yes
   sc-function                    = beutler
   sc-gapsys-scale-linpoint-lj    = 0.85
   sc-gapsys-scale-linpoint-q     = 0.3
   sc-gapsys-sigma-lj             = 0.3
   nstexpanded                    = 100
   lmc-stats                      = no
   lmc-move                       = metropolized-gibbs
   lmc-weights-equil              = no
   lmc-seed                       = -472979601
   mc-temperature                 = 300
   lmc-repeats                    = 1
   lmc-gibbsdelta                 = -1
   lmc-forced-nstart              = 0
   symmetrized-transition-matrix  = false
   nst-transition-matrix          = 100000
   mininum-var-min                = 100
   weight-c-range                 = 0
   wl-scale                       = 0.8
   wl-ratio                       = 0.8
   init-wl-delta                  = 1
   wl-oneovert                    = false
      init-lambda-weights (8):
      init-lambda-weights[0]= 0.00000e+00
      init-lambda-weights[1]= 4.32298e+00
      init-lambda-weights[2]= 9.25799e+00
      init-lambda-weights[3]= 1.14556e+01
      init-lambda-weights[4]= 1.18864e+01
      init-lambda-weights[5]= 1.04365e+01
      init-lambda-weights[6]= 6.22252e+00
      init-lambda-weights[7]= 3.39715e+00
   init-weights                   = false
   cos-acceleration               = 0
   deform (3x3):
      deform[    0]={ 0.00000e+00,  0.00000e+00,  0.00000e+00}
      deform[    1]={ 0.00000e+00,  0.00000e+00,  0.00000e+00}
      deform[    2]={ 0.00000e+00,  0.00000e+00,  0.00000e+00}
   simulated-tempering            = false
   swapcoords                     = no
   userint1                       = 0
   userint2                       = 0
   userint3                       = 0
   userint4                       = 0
   userreal1                      = 0
   userreal2                      = 0
   userreal3                      = 0
   userreal4                      = 0
   applied-forces:
     electric-field:
       x:
         E0                       = 0
         omega                    = 0
         t0                       = 0
         sigma                    = 0
       y:
         E0                       = 0
         omega                    = 0
         t0                       = 0
         sigma                    = 0
       z:
         E0                       = 0
         omega                    = 0
         t0                       = 0
         sigma                    = 0
     density-guided-simulation:
       active                     = false
       group                      = protein
       similarity-measure         = inner-product
       atom-spreading-weight      = unity
       force-constant             = 1e+09
       gaussian-transform-spreading-width = 0.2
       gaussian-transform-spreading-range-in-multiples-of-width = 4
       reference-density-filename = reference.mrc
       nst                        = 1
       normalize-densities        = true
       adaptive-force-scaling     = false
       adaptive-force-scaling-time-constant = 4
       shift-vector               = 
       transformation-matrix      = 
     qmmm-cp2k:
       active                     = false
       qmgroup                    = System
       qmmethod                   = PBE
       qmfilenames                = 
       qmcharge                   = 0
       qmmultiplicity             = 1
grpopts:
   nrdf:        6477
   ref-t:         300
   tau-t:           2
annealing:          No
annealing-npoints:           0
   acc:	           0           0           0
   nfreeze:           N           N           N
   energygrp-flags[  0]: 0

Changing nstlist from 10 to 100, rlist from 0.9 to 1.004


Initializing Domain Decomposition on 1 ranks
Dynamic load balancing: auto
Using update groups, nr 1087, average size 3.0 atoms, max. radius 0.078 nm
Minimum cell size due to atom displacement: 0.525 nm
Initial maximum distances in bonded interactions:
    two-body bonded interactions: 0.743 nm, LJC Pairs NB, atoms 1 14
  multi-body bonded interactions: 0.290 nm, Improper Dih., atoms 11 14
Minimum cell size due to bonded interactions: 0.319 nm
Using 0 separate PME ranks because: there are too few total ranks for efficient splitting
Optimizing the DD grid for 1 cells with a minimum initial size of 0.525 nm
The maximum allowed number of cells is: X 6 Y 6 Z 6
Domain decomposition grid 1 x 1 x 1, separate PME ranks 0
PME domain decomposition: 1 x 1 x 1

The initial number of communication pulses is:
The initial domain decomposition cell size is:

The maximum allowed distance for atom groups involved in interactions is:
                 non-bonded interactions           1.160 nm
            two-body bonded interactions  (-rdd)   1.160 nm
          multi-body bonded interactions  (-rdd)   1.160 nm

When dynamic load balancing gets turned on, these settings will change to:
The maximum number of communication pulses is:
The minimum size for domain decomposition cells is 1.160 nm
The requested allowed shrink of DD cells (option -dds) is: 0.80
The allowed shrink of domain decomposition cells is:
The maximum allowed distance for atom groups involved in interactions is:
                 non-bonded interactions           1.160 nm
            two-body bonded interactions  (-rdd)   1.160 nm
          multi-body bonded interactions  (-rdd)   1.160 nm

Using 1 MPI thread
Using 16 OpenMP threads 

Pinning threads with an auto-selected logical cpu stride of 1
System total charge, top. A: 0.000 top. B: 0.000
Will do PME sum in reciprocal space for electrostatic interactions.

++++ PLEASE READ AND CITE THE FOLLOWING REFERENCE ++++
U. Essmann, L. Perera, M. L. Berkowitz, T. Darden, H. Lee and L. G. Pedersen 
A smooth particle mesh Ewald method
J. Chem. Phys. 103 (1995) pp. 8577-8592
-------- -------- --- Thank You --- -------- --------

Using a Gaussian width (1/beta) of 0.260197 nm for Ewald
Potential shift: LJ r^-12: 0.000e+00 r^-6: 0.000e+00, Ewald -1.111e-06
Initialized non-bonded Coulomb Ewald tables, spacing: 8.41e-04 size: 2384

Generated table with 1002 data points for 1-4 COUL.
Tabscale = 500 points/nm
Generated table with 1002 data points for 1-4 LJ6.
Tabscale = 500 points/nm
Generated table with 1002 data points for 1-4 LJ12.
Tabscale = 500 points/nm
Long Range LJ corr.: <C6> 2.8384e-04


Using SIMD 4x8 nonbonded short-range kernels

Using a dual 4x8 pair-list setup updated with dynamic pruning:
  outer list: updated every 100 steps, buffer 0.104 nm, rlist 1.004 nm
  inner list: updated every  41 steps, buffer 0.001 nm, rlist 0.901 nm
At tolerance 0.005 kJ/mol/ps per atom, equivalent classical 1x1 list would be:
  outer list: updated every 100 steps, buffer 0.221 nm, rlist 1.121 nm
  inner list: updated every  41 steps, buffer 0.119 nm, rlist 1.019 nm
There are 14 atoms and 0 charges for free energy perturbation
Removing pbc first time

Linking all bonded interactions to atoms


++++ PLEASE READ AND CITE THE FOLLOWING REFERENCE ++++
S. Miyamoto and P. A. Kollman
SETTLE: An Analytical Version of the SHAKE and RATTLE Algorithms for Rigid
Water Models
J. Comp. Chem. 13 (1992) pp. 952-962
-------- -------- --- Thank You --- -------- --------


Using the modular simulator.
Initial vector of lambda components:[     0.0000     0.0000     0.0000     0.0000     0.0000     0.0000     0.0000 ]
There are: 3233 Atoms
Center of mass motion removal mode is Linear
We have the following groups for center of mass motion removal:
  0:  rest

Started mdrun on rank 0 Mon Jul  1 11:30:51 2024


Atom distribution over 1 domains: av 3233 stddev 0 min 3233 max 3233

Constraining the starting coordinates (step 0)
RMS relative constraint deviation after constraining: 0.00e+00
Initial temperature: 302.637 K
             MC-lambda information
  Nvdw-lambdas    Count   G(in kT)  dG(in kT)
  1  0.000        0    0.00000    4.32298 <<
  2  0.180        0    4.32298    4.93501   
  3  0.420        0    9.25799    2.19758   
  4  0.570        0   11.45557    0.43086   
  5  0.680        0   11.88643   -1.44990   
  6  0.760        0   10.43653   -4.21401   
  7  0.860        0    6.22252   -2.82537   
  8  1.000        0    3.39715    0.00000   

           Step           Time
              0        0.00000

   Energies (kJ/mol)
           Bond          Angle  Improper Dih.          LJ-14     Coulomb-14
    2.28046e+01    2.07722e+01    2.44704e+01    1.26135e+02    0.00000e+00
        LJ (SR)  Disper. corr.   Coulomb (SR)   Coul. recip.      Potential
    6.60095e+03   -3.38764e+02   -4.97359e+04    6.10565e+02   -4.26689e+04
    Kinetic En.   Total Energy  Conserved En.    Temperature Pres. DC (bar)
    8.14892e+03   -3.45200e+04   -3.45200e+04    3.02637e+02   -1.70982e+02
 Pressure (bar)       dVvdw/dl
   -8.71515e+01    6.70481e+01

             MC-lambda information
  Nvdw-lambdas    Count   G(in kT)  dG(in kT)
  1  0.000        1    0.00000    4.32298 <<
  2  0.180        0    4.32298    4.93501   
  3  0.420        0    9.25799    2.19758   
  4  0.570        0   11.45557    0.43086   
  5  0.680        0   11.88643   -1.44990   
  6  0.760        0   10.43653   -4.21401   
  7  0.860        0    6.22252   -2.82537   
  8  1.000        0    3.39715    0.00000   

           Step           Time
            100        0.20000

   Energies (kJ/mol)
           Bond          Angle  Improper Dih.          LJ-14     Coulomb-14
    1.93438e+01    1.70440e+01    1.89119e+01    1.36183e+02    0.00000e+00
        LJ (SR)  Disper. corr.   Coulomb (SR)   Coul. recip.      Potential
    6.56156e+03   -3.38764e+02   -4.97462e+04    6.06843e+02   -4.27251e+04
    Kinetic En.   Total Energy  Conserved En.    Temperature Pres. DC (bar)
    8.23711e+03   -3.44880e+04   -3.45195e+04    3.05912e+02   -1.70982e+02
 Pressure (bar)       dVvdw/dl
   -1.02583e+02    7.37688e+01

             MC-lambda information
  Nvdw-lambdas    Count   G(in kT)  dG(in kT)
  1  0.000        2    0.00000    4.32298 <<
  2  0.180        0    4.32298    4.93501   
  3  0.420        0    9.25799    2.19758   
  4  0.570        0   11.45557    0.43086   
  5  0.680        0   11.88643   -1.44990   
  6  0.760        0   10.43653   -4.21401   
  7  0.860        0    6.22252   -2.82537   
  8  1.000        0    3.39715    0.00000   

           Step           Time
            200        0.40000

   Energies (kJ/mol)
           Bond          Angle  Improper Dih.          LJ-14     Coulomb-14
    1.93492e+01    2.01279e+01    2.19084e+01    1.35072e+02    0.00000e+00
        LJ (SR)  Disper. corr.   Coulomb (SR)   Coul. recip.      Potential
    6.61778e+03   -3.38764e+02   -4.98706e+04    6.58817e+02   -4.27363e+04
    Kinetic En.   Total Energy  Conserved En.    Temperature Pres. DC (bar)
    8.18025e+03   -3.45560e+04   -3.45187e+04    3.03800e+02   -1.70982e+02
 Pressure (bar)       dVvdw/dl
    1.49393e+02    4.24175e+01

             MC-lambda information
  Nvdw-lambdas    Count   G(in kT)  dG(in kT)
  1  0.000        2    0.00000    4.32298   
  2  0.180        1    4.32298    4.93501 <<
  3  0.420        0    9.25799    2.19758   
  4  0.570        0   11.45557    0.43086   
  5  0.680        0   11.88643   -1.44990   
  6  0.760        0   10.43653   -4.21401   
  7  0.860        0    6.22252   -2.82537   
  8  1.000        0    3.39715    0.00000   

           Step           Time
            300        0.60000

   Energies (kJ/mol)
           Bond          Angle  Improper Dih.          LJ-14     Coulomb-14
    2.07725e+01    1.27941e+01    3.03585e+01    1.20489e+02    0.00000e+00
        LJ (SR)  Disper. corr.   Coulomb (SR)   Coul. recip.      Potential
    6.87980e+03   -3.36702e+02   -5.00470e+04    6.31499e+02   -4.26880e+04
    Kinetic En.   Total Energy  Conserved En.    Temperature Pres. DC (bar)
    8.08803e+03   -3.46000e+04   -3.45100e+04    3.00375e+02   -1.69942e+02
 Pressure (bar)       dVvdw/dl
    4.21072e+02    2.83703e+01

             MC-lambda information
  Nvdw-lambdas    Count   G(in kT)  dG(in kT)
  1  0.000        2    0.00000    4.32298   
  2  0.180        1    4.32298    4.93501   
  3  0.420        1    9.25799    2.19758 <<
  4  0.570        0   11.45557    0.43086   
  5  0.680        0   11.88643   -1.44990   
  6  0.760        0   10.43653   -4.21401   
  7  0.860        0    6.22252   -2.82537   
  8  1.000        0    3.39715    0.00000   

           Step           Time
            400        0.80000

   Energies (kJ/mol)
           Bond          Angle  Improper Dih.          LJ-14     Coulomb-14
    3.43184e+01    1.56184e+01    2.16097e+01    1.16214e+02    0.00000e+00
        LJ (SR)  Disper. corr.   Coulomb (SR)   Coul. recip.      Potential
    6.83130e+03   -3.33953e+02   -4.98834e+04    6.84597e+02   -4.25137e+04
    Kinetic En.   Total Energy  Conserved En.    Temperature Pres. DC (bar)
    7.98786e+03   -3.45259e+04   -3.44945e+04    2.96655e+02   -1.68554e+02
 Pressure (bar)       dVvdw/dl
    2.15583e+02    6.63993e+01

             MC-lambda information
  Nvdw-lambdas    Count   G(in kT)  dG(in kT)
  1  0.000        2    0.00000    4.32298   
  2  0.180        1    4.32298    4.93501   
  3  0.420        2    9.25799    2.19758 <<
  4  0.570        0   11.45557    0.43086   
  5  0.680        0   11.88643   -1.44990   
  6  0.760        0   10.43653   -4.21401   
  7  0.860        0    6.22252   -2.82537   
  8  1.000        0    3.39715    0.00000   

           Step           Time
            500        1.00000

   Energies (kJ/mol)
           Bond          Angle  Improper Dih.          LJ-14     Coulomb-14
    2.24074e+01    1.29424e+01    2.98545e+01    1.20443e+02    0.00000e+00
        LJ (SR)  Disper. corr.   Coulomb (SR)   Coul. recip.      Potential
    6.92386e+03   -3.33953e+02   -5.00052e+04    6.34153e+02   -4.25955e+04
    Kinetic En.   Total Energy  Conserved En.    Temperature Pres. DC (bar)
    7.95729e+03   -3.46382e+04   -3.44981e+04    2.95520e+02   -1.68554e+02
 Pressure (bar)       dVvdw/dl
    2.40105e+02   -8.53918e+00

             MC-lambda information
  Nvdw-lambdas    Count   G(in kT)  dG(in kT)
  1  0.000        2    0.00000    4.32298   
  2  0.180        1    4.32298    4.93501   
  3  0.420        2    9.25799    2.19758   
  4  0.570        1   11.45557    0.43086 <<
  5  0.680        0   11.88643   -1.44990   
  6  0.760        0   10.43653   -4.21401   
  7  0.860        0    6.22252   -2.82537   
  8  1.000        0    3.39715    0.00000   

           Step           Time
            600        1.20000

   Energies (kJ/mol)
           Bond          Angle  Improper Dih.          LJ-14     Coulomb-14
    1.68843e+01    1.30043e+01    3.72649e+01    1.29220e+02    0.00000e+00
        LJ (SR)  Disper. corr.   Coulomb (SR)   Coul. recip.      Potential
    6.48071e+03   -3.32234e+02   -4.96691e+04    6.26502e+02   -4.26978e+04
    Kinetic En.   Total Energy  Conserved En.    Temperature Pres. DC (bar)
    8.16358e+03   -3.45342e+04   -3.44931e+04    3.03181e+02   -1.67687e+02
 Pressure (bar)       dVvdw/dl
   -1.90714e+02    7.00277e+01

             MC-lambda information
  Nvdw-lambdas    Count   G(in kT)  dG(in kT)
  1  0.000        2    0.00000    4.32298   
  2  0.180        1    4.32298    4.93501   
  3  0.420        3    9.25799    2.19758 <<
  4  0.570        1   11.45557    0.43086   
  5  0.680        0   11.88643   -1.44990   
  6  0.760        0   10.43653   -4.21401   
  7  0.860        0    6.22252   -2.82537   
  8  1.000        0    3.39715    0.00000   

           Step           Time
            700        1.40000

   Energies (kJ/mol)
           Bond          Angle  Improper Dih.          LJ-14     Coulomb-14
    2.33649e+01    2.20368e+01    2.62048e+01    1.32309e+02    0.00000e+00
        LJ (SR)  Disper. corr.   Coulomb (SR)   Coul. recip.      Potential
    6.52090e+03   -3.33953e+02   -4.96425e+04    6.51314e+02   -4.26004e+04
    Kinetic En.   Total Energy  Conserved En.    Temperature Pres. DC (bar)
    8.00405e+03   -3.45963e+04   -3.45020e+04    2.97257e+02   -1.68554e+02
 Pressure (bar)       dVvdw/dl
   -6.55941e+01    3.48053e+01

             MC-lambda information
  Nvdw-lambdas    Count   G(in kT)  dG(in kT)
  1  0.000        2    0.00000    4.32298   
  2  0.180        1    4.32298    4.93501   
  3  0.420        4    9.25799    2.19758 <<
  4  0.570        1   11.45557    0.43086   
  5  0.680        0   11.88643   -1.44990   
  6  0.760        0   10.43653   -4.21401   
  7  0.860        0    6.22252   -2.82537   
  8  1.000        0    3.39715    0.00000   

           Step           Time
            800        1.60000

   Energies (kJ/mol)
           Bond          Angle  Improper Dih.          LJ-14     Coulomb-14
    2.14228e+01    1.38822e+01    1.79364e+01    1.20608e+02    0.00000e+00
        LJ (SR)  Disper. corr.   Coulomb (SR)   Coul. recip.      Potential
    6.79148e+03   -3.33953e+02   -4.99027e+04    6.27607e+02   -4.26437e+04
    Kinetic En.   Total Energy  Conserved En.    Temperature Pres. DC (bar)
    8.05566e+03   -3.45880e+04   -3.45036e+04    2.99174e+02   -1.68554e+02
 Pressure (bar)       dVvdw/dl
    1.35497e+02    6.45253e+01

             MC-lambda information
  Nvdw-lambdas    Count   G(in kT)  dG(in kT)
  1  0.000        2    0.00000    4.32298   
  2  0.180        1    4.32298    4.93501   
  3  0.420        5    9.25799    2.19758 <<
  4  0.570        1   11.45557    0.43086   
  5  0.680        0   11.88643   -1.44990   
  6  0.760        0   10.43653   -4.21401   
  7  0.860        0    6.22252   -2.82537   
  8  1.000        0    3.39715    0.00000   

           Step           Time
            900        1.80000

   Energies (kJ/mol)
           Bond          Angle  Improper Dih.          LJ-14     Coulomb-14
    3.62959e+01    1.53561e+01    1.22860e+01    1.09180e+02    0.00000e+00
        LJ (SR)  Disper. corr.   Coulomb (SR)   Coul. recip.      Potential
    6.82391e+03   -3.33953e+02   -5.00828e+04    6.48024e+02   -4.27717e+04
    Kinetic En.   Total Energy  Conserved En.    Temperature Pres. DC (bar)
    8.08890e+03   -3.46828e+04   -3.45051e+04    3.00408e+02   -1.68554e+02
 Pressure (bar)       dVvdw/dl
   -2.65462e+01   -1.02270e+00

             MC-lambda information
  Nvdw-lambdas    Count   G(in kT)  dG(in kT)
  1  0.000        2    0.00000    4.32298   
  2  0.180        1    4.32298    4.93501   
  3  0.420        5    9.25799    2.19758   
  4  0.570        2   11.45557    0.43086 <<
  5  0.680        0   11.88643   -1.44990   
  6  0.760        0   10.43653   -4.21401   
  7  0.860        0    6.22252   -2.82537   
  8  1.000        0    3.39715    0.00000   

           Step           Time
           1000        2.00000

   Energies (kJ/mol)
           Bond          Angle  Improper Dih.          LJ-14     Coulomb-14
    4.82881e+01    1.60104e+01    1.44670e+01    1.08464e+02    0.00000e+00
        LJ (SR)  Disper. corr.   Coulomb (SR)   Coul. recip.      Potential
    6.89497e+03   -3.32234e+02   -5.01214e+04    6.82629e+02   -4.26888e+04
    Kinetic En.   Total Energy  Conserved En.    Temperature Pres. DC (bar)
    7.96902e+03   -3.47198e+04   -3.45011e+04    2.95956e+02   -1.67687e+02
 Pressure (bar)       dVvdw/dl
   -4.16795e+01    4.96845e+01

             MC-lambda information
  Nvdw-lambdas    Count   G(in kT)  dG(in kT)
  1  0.000        2    0.00000    4.32298   
  2  0.180        1    4.32298    4.93501   
  3  0.420        5    9.25799    2.19758   
  4  0.570        3   11.45557    0.43086 <<
  5  0.680        0   11.88643   -1.44990   
  6  0.760        0   10.43653   -4.21401   
  7  0.860        0    6.22252   -2.82537   
  8  1.000        0    3.39715    0.00000   

           Step           Time
           1100        2.20000

   Energies (kJ/mol)
           Bond          Angle  Improper Dih.          LJ-14     Coulomb-14
    3.81837e+01    7.27738e+00    1.32282e+01    1.19781e+02    0.00000e+00
        LJ (SR)  Disper. corr.   Coulomb (SR)   Coul. recip.      Potential
    6.51930e+03   -3.32234e+02   -4.96322e+04    6.41257e+02   -4.26255e+04
    Kinetic En.   Total Energy  Conserved En.    Temperature Pres. DC (bar)
    7.93365e+03   -3.46918e+04   -3.44995e+04    2.94642e+02   -1.67687e+02
 Pressure (bar)       dVvdw/dl
   -4.20567e+02   -4.05178e+01

             MC-lambda information
  Nvdw-lambdas    Count   G(in kT)  dG(in kT)
  1  0.000        2    0.00000    4.32298   
  2  0.180        1    4.32298    4.93501   
  3  0.420        5    9.25799    2.19758   
  4  0.570        3   11.45557    0.43086   
  5  0.680        1   11.88643   -1.44990 <<
  6  0.760        0   10.43653   -4.21401   
  7  0.860        0    6.22252   -2.82537   
  8  1.000        0    3.39715    0.00000   

           Step           Time
           1200        2.40000

   Energies (kJ/mol)
           Bond          Angle  Improper Dih.          LJ-14     Coulomb-14
    3.58183e+01    1.10556e+01    1.58179e+01    1.32378e+02    0.00000e+00
        LJ (SR)  Disper. corr.   Coulomb (SR)   Coul. recip.      Potential
    6.77435e+03   -3.30974e+02   -4.99310e+04    6.11497e+02   -4.26811e+04
    Kinetic En.   Total Energy  Conserved En.    Temperature Pres. DC (bar)
    8.01738e+03   -3.46637e+04   -3.44999e+04    2.97752e+02   -1.67051e+02
 Pressure (bar)       dVvdw/dl
    9.79972e+01   -1.86482e+01

             MC-lambda information
  Nvdw-lambdas    Count   G(in kT)  dG(in kT)
  1  0.000        2    0.00000    4.32298   
  2  0.180        1    4.32298    4.93501   
  3  0.420        5    9.25799    2.19758   
  4  0.570        4   11.45557    0.43086 <<
  5  0.680        1   11.88643   -1.44990   
  6  0.760        0   10.43653   -4.21401   
  7  0.860        0    6.22252   -2.82537   
  8  1.000        0    3.39715    0.00000   

           Step           Time
           1300        2.60000

   Energies (kJ/mol)
           Bond          Angle  Improper Dih.          LJ-14     Coulomb-14
    4.32385e+01    8.54925e+00    1.64026e+01    1.30845e+02    0.00000e+00
        LJ (SR)  Disper. corr.   Coulomb (SR)   Coul. recip.      Potential
    6.33795e+03   -3.32234e+02   -4.95374e+04    6.39729e+02   -4.26930e+04
    Kinetic En.   Total Energy  Conserved En.    Temperature Pres. DC (bar)
    8.05300e+03   -3.46400e+04   -3.44952e+04    2.99075e+02   -1.67687e+02
 Pressure (bar)       dVvdw/dl
   -5.91102e+02   -1.82066e+00

             MC-lambda information
  Nvdw-lambdas    Count   G(in kT)  dG(in kT)
  1  0.000        2    0.00000    4.32298   
  2  0.180        1    4.32298    4.93501   
  3  0.420        5    9.25799    2.19758   
  4  0.570        4   11.45557    0.43086   
  5  0.680        2   11.88643   -1.44990 <<
  6  0.760        0   10.43653   -4.21401   
  7  0.860        0    6.22252   -2.82537   
  8  1.000        0    3.39715    0.00000   

           Step           Time
           1400        2.80000

   Energies (kJ/mol)
           Bond          Angle  Improper Dih.          LJ-14     Coulomb-14
    4.92326e+01    1.06201e+01    1.81362e+01    1.17859e+02    0.00000e+00
        LJ (SR)  Disper. corr.   Coulomb (SR)   Coul. recip.      Potential
    6.75786e+03   -3.30974e+02   -5.00288e+04    6.28943e+02   -4.27771e+04
    Kinetic En.   Total Energy  Conserved En.    Temperature Pres. DC (bar)
    8.01236e+03   -3.47648e+04   -3.44930e+04    2.97565e+02   -1.67051e+02
 Pressure (bar)       dVvdw/dl
   -1.30024e+02    3.68791e+01

             MC-lambda information
  Nvdw-lambdas    Count   G(in kT)  dG(in kT)
  1  0.000        2    0.00000    4.32298   
  2  0.180        1    4.32298    4.93501   
  3  0.420        5    9.25799    2.19758   
  4  0.570        5   11.45557    0.43086 <<
  5  0.680        2   11.88643   -1.44990   
  6  0.760        0   10.43653   -4.21401   
  7  0.860        0    6.22252   -2.82537   
  8  1.000        0    3.39715    0.00000   

           Step           Time
           1500        3.00000

   Energies (kJ/mol)
           Bond          Angle  Improper Dih.          LJ-14     Coulomb-14
    5.00282e+01    1.37057e+01    2.06247e+01    1.10726e+02    0.00000e+00
        LJ (SR)  Disper. corr.   Coulomb (SR)   Coul. recip.      Potential
    6.49154e+03   -3.32234e+02   -4.98114e+04    6.03446e+02   -4.28535e+04
    Kinetic En.   Total Energy  Conserved En.    Temperature Pres. DC (bar)
    7.98937e+03   -3.48642e+04   -3.44936e+04    2.96711e+02   -1.67687e+02
 Pressure (bar)       dVvdw/dl
   -7.46015e+02   -5.46837e+01

Writing checkpoint, step 1600 at Mon Jul  1 11:47:11 2024


             MC-lambda information
  Nvdw-lambdas    Count   G(in kT)  dG(in kT)
  1  0.000        2    0.00000    4.32298   
  2  0.180        1    4.32298    4.93501   
  3  0.420        5    9.25799    2.19758   
  4  0.570        5   11.45557    0.43086   
  5  0.680        3   11.88643   -1.44990 <<
  6  0.760        0   10.43653   -4.21401   
  7  0.860        0    6.22252   -2.82537   
  8  1.000        0    3.39715    0.00000   

           Step           Time
           1600        3.20000

   Energies (kJ/mol)
           Bond          Angle  Improper Dih.          LJ-14     Coulomb-14
    4.57583e+01    1.52036e+01    2.00327e+01    1.11110e+02    0.00000e+00
        LJ (SR)  Disper. corr.   Coulomb (SR)   Coul. recip.      Potential
    6.67558e+03   -3.30974e+02   -5.00049e+04    6.12701e+02   -4.28555e+04
    Kinetic En.   Total Energy  Conserved En.    Temperature Pres. DC (bar)
    7.94556e+03   -3.49099e+04   -3.44948e+04    2.95085e+02   -1.67051e+02
 Pressure (bar)       dVvdw/dl
   -4.64886e+02   -4.00678e+01

             MC-lambda information
  Nvdw-lambdas    Count   G(in kT)  dG(in kT)
  1  0.000        2    0.00000    4.32298   
  2  0.180        1    4.32298    4.93501   
  3  0.420        5    9.25799    2.19758   
  4  0.570        5   11.45557    0.43086   
  5  0.680        4   11.88643   -1.44990 <<
  6  0.760        0   10.43653   -4.21401   
  7  0.860        0    6.22252   -2.82537   
  8  1.000        0    3.39715    0.00000   

           Step           Time
           1700        3.40000

   Energies (kJ/mol)
           Bond          Angle  Improper Dih.          LJ-14     Coulomb-14
    3.48458e+01    1.27334e+01    2.57195e+01    1.13572e+02    0.00000e+00
        LJ (SR)  Disper. corr.   Coulomb (SR)   Coul. recip.      Potential
    6.51988e+03   -3.30974e+02   -4.96952e+04    6.32440e+02   -4.26870e+04
    Kinetic En.   Total Energy  Conserved En.    Temperature Pres. DC (bar)
    7.84298e+03   -3.48440e+04   -3.44958e+04    2.91275e+02   -1.67051e+02
 Pressure (bar)       dVvdw/dl
   -5.48988e+02   -1.03389e+02

             MC-lambda information
  Nvdw-lambdas    Count   G(in kT)  dG(in kT)
  1  0.000        2    0.00000    4.32298   
  2  0.180        1    4.32298    4.93501   
  3  0.420        5    9.25799    2.19758   
  4  0.570        5   11.45557    0.43086   
  5  0.680        4   11.88643   -1.44990   
  6  0.760        1   10.43653   -4.21401 <<
  7  0.860        0    6.22252   -2.82537   
  8  1.000        0    3.39715    0.00000   

           Step           Time
           1800        3.60000

   Energies (kJ/mol)
           Bond          Angle  Improper Dih.          LJ-14     Coulomb-14
    3.49241e+01    2.18093e+01    2.78741e+01    1.11736e+02    0.00000e+00
        LJ (SR)  Disper. corr.   Coulomb (SR)   Coul. recip.      Potential
    7.17824e+03   -3.30058e+02   -5.04370e+04    6.15600e+02   -4.27769e+04
    Kinetic En.   Total Energy  Conserved En.    Temperature Pres. DC (bar)
    7.94106e+03   -3.48358e+04   -3.45014e+04    2.94917e+02   -1.66588e+02
 Pressure (bar)       dVvdw/dl
    5.45546e+02   -9.03641e+01

             MC-lambda information
  Nvdw-lambdas    Count   G(in kT)  dG(in kT)
  1  0.000        2    0.00000    4.32298   
  2  0.180        1    4.32298    4.93501   
  3  0.420        5    9.25799    2.19758   
  4  0.570        5   11.45557    0.43086   
  5  0.680        4   11.88643   -1.44990   
  6  0.760        2   10.43653   -4.21401 <<
  7  0.860        0    6.22252   -2.82537   
  8  1.000        0    3.39715    0.00000   

           Step           Time
           1900        3.80000

   Energies (kJ/mol)
           Bond          Angle  Improper Dih.          LJ-14     Coulomb-14
    4.84210e+01    1.79776e+01    3.72167e+01    1.04415e+02    0.00000e+00
        LJ (SR)  Disper. corr.   Coulomb (SR)   Coul. recip.      Potential
    6.59174e+03   -3.30058e+02   -5.00343e+04    6.19073e+02   -4.29455e+04
    Kinetic En.   Total Energy  Conserved En.    Temperature Pres. DC (bar)
    8.08482e+03   -3.48607e+04   -3.45036e+04    3.00256e+02   -1.66588e+02
 Pressure (bar)       dVvdw/dl
   -7.44552e+02   -6.11444e+01

             MC-lambda information
  Nvdw-lambdas    Count   G(in kT)  dG(in kT)
  1  0.000        2    0.00000    4.32298   
  2  0.180        1    4.32298    4.93501   
  3  0.420        5    9.25799    2.19758   
  4  0.570        5   11.45557    0.43086   
  5  0.680        4   11.88643   -1.44990   
  6  0.760        3   10.43653   -4.21401 <<
  7  0.860        0    6.22252   -2.82537   
  8  1.000        0    3.39715    0.00000   

           Step           Time
           2000        4.00000

   Energies (kJ/mol)
           Bond          Angle  Improper Dih.          LJ-14     Coulomb-14
    5.00839e+01    1.53400e+01    4.42047e+01    9.83090e+01    0.00000e+00
        LJ (SR)  Disper. corr.   Coulomb (SR)   Coul. recip.      Potential
    6.79538e+03   -3.30058e+02   -5.01430e+04    5.93503e+02   -4.28762e+04
    Kinetic En.   Total Energy  Conserved En.    Temperature Pres. DC (bar)
    8.06609e+03   -3.48102e+04   -3.45026e+04    2.99561e+02   -1.66588e+02
 Pressure (bar)       dVvdw/dl
   -4.10822e+02   -7.39880e+01

             MC-lambda information
  Nvdw-lambdas    Count   G(in kT)  dG(in kT)
  1  0.000        2    0.00000    4.32298   
  2  0.180        1    4.32298    4.93501   
  3  0.420        5    9.25799    2.19758   
  4  0.570        5   11.45557    0.43086   
  5  0.680        4   11.88643   -1.44990   
  6  0.760        4   10.43653   -4.21401 <<
  7  0.860        0    6.22252   -2.82537   
  8  1.000        0    3.39715    0.00000   

           Step           Time
           2100        4.20000

   Energies (kJ/mol)
           Bond          Angle  Improper Dih.          LJ-14     Coulomb-14
    5.91380e+01    1.19537e+01    2.51976e+01    1.03730e+02    0.00000e+00
        LJ (SR)  Disper. corr.   Coulomb (SR)   Coul. recip.      Potential
    6.71492e+03   -3.30058e+02   -5.00847e+04    6.02004e+02   -4.28978e+04
    Kinetic En.   Total Energy  Conserved En.    Temperature Pres. DC (bar)
    8.08619e+03   -3.48116e+04   -3.45025e+04    3.00307e+02   -1.66588e+02
 Pressure (bar)       dVvdw/dl
   -5.32413e+02   -8.01401e+01

             MC-lambda information
  Nvdw-lambdas    Count   G(in kT)  dG(in kT)
  1  0.000        2    0.00000    4.32298   
  2  0.180        1    4.32298    4.93501   
  3  0.420        5    9.25799    2.19758   
  4  0.570        5   11.45557    0.43086   
  5  0.680        4   11.88643   -1.44990   
  6  0.760        5   10.43653   -4.21401 <<
  7  0.860        0    6.22252   -2.82537   
  8  1.000        0    3.39715    0.00000   

           Step           Time
           2200        4.40000

   Energies (kJ/mol)
           Bond          Angle  Improper Dih.          LJ-14     Coulomb-14
    3.97417e+01    7.36052e+00    1.72469e+01    1.18919e+02    0.00000e+00
        LJ (SR)  Disper. corr.   Coulomb (SR)   Coul. recip.      Potential
    7.11963e+03   -3.30058e+02   -5.03788e+04    6.40228e+02   -4.27657e+04
    Kinetic En.   Total Energy  Conserved En.    Temperature Pres. DC (bar)
    8.02315e+03   -3.47426e+04   -3.45030e+04    2.97966e+02   -1.66588e+02
 Pressure (bar)       dVvdw/dl
    4.57094e+02   -9.91818e+01

             MC-lambda information
  Nvdw-lambdas    Count   G(in kT)  dG(in kT)
  1  0.000        2    0.00000    4.32298   
  2  0.180        1    4.32298    4.93501   
  3  0.420        5    9.25799    2.19758   
  4  0.570        5   11.45557    0.43086   
  5  0.680        5   11.88643   -1.44990 <<
  6  0.760        5   10.43653   -4.21401   
  7  0.860        0    6.22252   -2.82537   
  8  1.000        0    3.39715    0.00000   

           Step           Time
           2300        4.60000

   Energies (kJ/mol)
           Bond          Angle  Improper Dih.          LJ-14     Coulomb-14
    4.45439e+01    3.87634e+00    1.36500e+01    1.24977e+02    0.00000e+00
        LJ (SR)  Disper. corr.   Coulomb (SR)   Coul. recip.      Potential
    6.32688e+03   -3.30974e+02   -4.94872e+04    6.29982e+02   -4.26743e+04
    Kinetic En.   Total Energy  Conserved En.    Temperature Pres. DC (bar)
    8.06278e+03   -3.46115e+04   -3.44904e+04    2.99438e+02   -1.67051e+02
 Pressure (bar)       dVvdw/dl
   -7.51470e+02   -2.48743e+02

             MC-lambda information
  Nvdw-lambdas    Count   G(in kT)  dG(in kT)
  1  0.000        2    0.00000    4.32298   
  2  0.180        1    4.32298    4.93501   
  3  0.420        5    9.25799    2.19758   
  4  0.570        5   11.45557    0.43086   
  5  0.680        5   11.88643   -1.44990   
  6  0.760        6   10.43653   -4.21401 <<
  7  0.860        0    6.22252   -2.82537   
  8  1.000        0    3.39715    0.00000   

           Step           Time
           2400        4.80000

   Energies (kJ/mol)
           Bond          Angle  Improper Dih.          LJ-14     Coulomb-14
    3.87360e+01    3.32654e+00    1.22512e+01    1.22054e+02    0.00000e+00
        LJ (SR)  Disper. corr.   Coulomb (SR)   Coul. recip.      Potential
    6.74797e+03   -3.30058e+02   -4.97460e+04    6.19576e+02   -4.25322e+04
    Kinetic En.   Total Energy  Conserved En.    Temperature Pres. DC (bar)
    7.85640e+03   -3.46758e+04   -3.45041e+04    2.91773e+02   -1.66588e+02
 Pressure (bar)       dVvdw/dl
   -9.21820e+01   -1.24304e+02

             MC-lambda information
  Nvdw-lambdas    Count   G(in kT)  dG(in kT)
  1  0.000        2    0.00000    4.32298   
  2  0.180        1    4.32298    4.93501   
  3  0.420        5    9.25799    2.19758   
  4  0.570        5   11.45557    0.43086   
  5  0.680        5   11.88643   -1.44990   
  6  0.760        7   10.43653   -4.21401 <<
  7  0.860        0    6.22252   -2.82537   
  8  1.000        0    3.39715    0.00000   

           Step           Time
           2500        5.00000

   Energies (kJ/mol)
           Bond          Angle  Improper Dih.          LJ-14     Coulomb-14
    5.92033e+01    7.37706e+00    1.23347e+01    1.16973e+02    0.00000e+00
        LJ (SR)  Disper. corr.   Coulomb (SR)   Coul. recip.      Potential
    6.71317e+03   -3.30058e+02   -4.99944e+04    6.33401e+02   -4.27820e+04
    Kinetic En.   Total Energy  Conserved En.    Temperature Pres. DC (bar)
    8.21100e+03   -3.45710e+04   -3.45066e+04    3.04943e+02   -1.66588e+02
 Pressure (bar)       dVvdw/dl
   -2.43577e+02   -5.76677e+01

             MC-lambda information
  Nvdw-lambdas    Count   G(in kT)  dG(in kT)
  1  0.000        2    0.00000    4.32298   
  2  0.180        1    4.32298    4.93501   
  3  0.420        5    9.25799    2.19758   
  4  0.570        5   11.45557    0.43086   
  5  0.680        5   11.88643   -1.44990   
  6  0.760        8   10.43653   -4.21401 <<
  7  0.860        0    6.22252   -2.82537   
  8  1.000        0    3.39715    0.00000   

           Step           Time
           2600        5.20000

   Energies (kJ/mol)
           Bond          Angle  Improper Dih.          LJ-14     Coulomb-14
    3.94479e+01    7.18809e+00    2.25314e+01    1.23468e+02    0.00000e+00
        LJ (SR)  Disper. corr.   Coulomb (SR)   Coul. recip.      Potential
    6.69917e+03   -3.30058e+02   -4.97957e+04    6.47988e+02   -4.25860e+04
    Kinetic En.   Total Energy  Conserved En.    Temperature Pres. DC (bar)
    7.96144e+03   -3.46246e+04   -3.45046e+04    2.95674e+02   -1.66588e+02
 Pressure (bar)       dVvdw/dl
   -5.86835e+01   -3.16181e+00

             MC-lambda information
  Nvdw-lambdas    Count   G(in kT)  dG(in kT)
  1  0.000        2    0.00000    4.32298   
  2  0.180        1    4.32298    4.93501   
  3  0.420        5    9.25799    2.19758   
  4  0.570        5   11.45557    0.43086   
  5  0.680        6   11.88643   -1.44990 <<
  6  0.760        8   10.43653   -4.21401   
  7  0.860        0    6.22252   -2.82537   
  8  1.000        0    3.39715    0.00000   

           Step           Time
           2700        5.40000

   Energies (kJ/mol)
           Bond          Angle  Improper Dih.          LJ-14     Coulomb-14
    3.14116e+01    8.33147e+00    1.06986e+01    1.28029e+02    0.00000e+00
        LJ (SR)  Disper. corr.   Coulomb (SR)   Coul. recip.      Potential
    6.92450e+03   -3.30974e+02   -5.00374e+04    6.28801e+02   -4.26366e+04
    Kinetic En.   Total Energy  Conserved En.    Temperature Pres. DC (bar)
    7.93116e+03   -3.47054e+04   -3.45037e+04    2.94550e+02   -1.67051e+02
 Pressure (bar)       dVvdw/dl
    4.39046e+02   -5.27803e+00

             MC-lambda information
  Nvdw-lambdas    Count   G(in kT)  dG(in kT)
  1  0.000        2    0.00000    4.32298   
  2  0.180        1    4.32298    4.93501   
  3  0.420        5    9.25799    2.19758   
  4  0.570        5   11.45557    0.43086   
  5  0.680        7   11.88643   -1.44990 <<
  6  0.760        8   10.43653   -4.21401   
  7  0.860        0    6.22252   -2.82537   
  8  1.000        0    3.39715    0.00000   

           Step           Time
           2800        5.60000

   Energies (kJ/mol)
           Bond          Angle  Improper Dih.          LJ-14     Coulomb-14
    3.28445e+01    1.66767e+01    1.69667e+01    1.26953e+02    0.00000e+00
        LJ (SR)  Disper. corr.   Coulomb (SR)   Coul. recip.      Potential
    6.99560e+03   -3.30974e+02   -5.01815e+04    6.45296e+02   -4.26781e+04
    Kinetic En.   Total Energy  Conserved En.    Temperature Pres. DC (bar)
    7.93934e+03   -3.47388e+04   -3.45017e+04    2.94854e+02   -1.67051e+02
 Pressure (bar)       dVvdw/dl
    5.62132e+02   -6.34695e+01

             MC-lambda information
  Nvdw-lambdas    Count   G(in kT)  dG(in kT)
  1  0.000        2    0.00000    4.32298   
  2  0.180        1    4.32298    4.93501   
  3  0.420        5    9.25799    2.19758   
  4  0.570        5   11.45557    0.43086   
  5  0.680        8   11.88643   -1.44990 <<
  6  0.760        8   10.43653   -4.21401   
  7  0.860        0    6.22252   -2.82537   
  8  1.000        0    3.39715    0.00000   

           Step           Time
           2900        5.80000

   Energies (kJ/mol)
           Bond          Angle  Improper Dih.          LJ-14     Coulomb-14
    3.59099e+01    1.87602e+01    2.17760e+01    1.15271e+02    0.00000e+00
        LJ (SR)  Disper. corr.   Coulomb (SR)   Coul. recip.      Potential
    7.06858e+03   -3.30974e+02   -5.04989e+04    6.55016e+02   -4.29145e+04
    Kinetic En.   Total Energy  Conserved En.    Temperature Pres. DC (bar)
    8.10794e+03   -3.48066e+04   -3.45036e+04    3.01115e+02   -1.67051e+02
 Pressure (bar)       dVvdw/dl
    2.87546e+02   -7.24684e+01

             MC-lambda information
  Nvdw-lambdas    Count   G(in kT)  dG(in kT)
  1  0.000        2    0.00000    4.32298   
  2  0.180        1    4.32298    4.93501   
  3  0.420        5    9.25799    2.19758   
  4  0.570        5   11.45557    0.43086   
  5  0.680        8   11.88643   -1.44990   
  6  0.760        9   10.43653   -4.21401 <<
  7  0.860        0    6.22252   -2.82537   
  8  1.000        0    3.39715    0.00000   

           Step           Time
           3000        6.00000

   Energies (kJ/mol)
           Bond          Angle  Improper Dih.          LJ-14     Coulomb-14
    5.21339e+01    1.49074e+01    2.18157e+01    1.02093e+02    0.00000e+00
        LJ (SR)  Disper. corr.   Coulomb (SR)   Coul. recip.      Potential
    7.00487e+03   -3.30058e+02   -5.05056e+04    6.33271e+02   -4.30066e+04
    Kinetic En.   Total Energy  Conserved En.    Temperature Pres. DC (bar)
    8.07475e+03   -3.49318e+04   -3.45081e+04    2.99883e+02   -1.66588e+02
 Pressure (bar)       dVvdw/dl
   -3.60852e+00    2.72715e+01

             MC-lambda information
  Nvdw-lambdas    Count   G(in kT)  dG(in kT)
  1  0.000        2    0.00000    4.32298   
  2  0.180        1    4.32298    4.93501   
  3  0.420        5    9.25799    2.19758   
  4  0.570        5   11.45557    0.43086   
  5  0.680        9   11.88643   -1.44990 <<
  6  0.760        9   10.43653   -4.21401   
  7  0.860        0    6.22252   -2.82537   
  8  1.000        0    3.39715    0.00000   

           Step           Time
           3100        6.20000

   Energies (kJ/mol)
           Bond          Angle  Improper Dih.          LJ-14     Coulomb-14
    6.42761e+01    1.38487e+01    1.51449e+01    9.85260e+01    0.00000e+00
        LJ (SR)  Disper. corr.   Coulomb (SR)   Coul. recip.      Potential
    6.69465e+03   -3.30974e+02   -5.00092e+04    6.64257e+02   -4.27895e+04
    Kinetic En.   Total Energy  Conserved En.    Temperature Pres. DC (bar)
    7.76193e+03   -3.50275e+04   -3.45090e+04    2.88265e+02   -1.67051e+02
 Pressure (bar)       dVvdw/dl
   -4.22809e+02    2.68944e+01

             MC-lambda information
  Nvdw-lambdas    Count   G(in kT)  dG(in kT)
  1  0.000        2    0.00000    4.32298   
  2  0.180        1    4.32298    4.93501   
  3  0.420        5    9.25799    2.19758   
  4  0.570        6   11.45557    0.43086 <<
  5  0.680        9   11.88643   -1.44990   
  6  0.760        9   10.43653   -4.21401   
  7  0.860        0    6.22252   -2.82537   
  8  1.000        0    3.39715    0.00000   

           Step           Time
           3200        6.40000

   Energies (kJ/mol)
           Bond          Angle  Improper Dih.          LJ-14     Coulomb-14
    5.82475e+01    5.79142e+00    2.46426e+01    1.04903e+02    0.00000e+00
        LJ (SR)  Disper. corr.   Coulomb (SR)   Coul. recip.      Potential
    6.76106e+03   -3.32234e+02   -5.02505e+04    6.40912e+02   -4.29872e+04
    Kinetic En.   Total Energy  Conserved En.    Temperature Pres. DC (bar)
    7.92020e+03   -3.50670e+04   -3.45090e+04    2.94143e+02   -1.67687e+02
 Pressure (bar)       dVvdw/dl
   -3.82009e+02    1.23190e+01

             MC-lambda information
  Nvdw-lambdas    Count   G(in kT)  dG(in kT)
  1  0.000        2    0.00000    4.32298   
  2  0.180        1    4.32298    4.93501   
  3  0.420        5    9.25799    2.19758   
  4  0.570        6   11.45557    0.43086   
  5  0.680       10   11.88643   -1.44990 <<
  6  0.760        9   10.43653   -4.21401   
  7  0.860        0    6.22252   -2.82537   
  8  1.000        0    3.39715    0.00000   

           Step           Time
           3300        6.60000

   Energies (kJ/mol)
           Bond          Angle  Improper Dih.          LJ-14     Coulomb-14
    5.58028e+01    5.77957e+00    2.08214e+01    1.17277e+02    0.00000e+00
        LJ (SR)  Disper. corr.   Coulomb (SR)   Coul. recip.      Potential
    7.10257e+03   -3.30974e+02   -5.04826e+04    6.24588e+02   -4.28867e+04
    Kinetic En.   Total Energy  Conserved En.    Temperature Pres. DC (bar)
    7.70994e+03   -3.51768e+04   -3.45070e+04    2.86334e+02   -1.67051e+02
 Pressure (bar)       dVvdw/dl
    3.02188e+02    2.07450e+01

             MC-lambda information
  Nvdw-lambdas    Count   G(in kT)  dG(in kT)
  1  0.000        2    0.00000    4.32298   
  2  0.180        1    4.32298    4.93501   
  3  0.420        5    9.25799    2.19758   
  4  0.570        6   11.45557    0.43086   
  5  0.680       11   11.88643   -1.44990 <<
  6  0.760        9   10.43653   -4.21401   
  7  0.860        0    6.22252   -2.82537   
  8  1.000        0    3.39715    0.00000   

           Step           Time
           3400        6.80000

   Energies (kJ/mol)
           Bond          Angle  Improper Dih.          LJ-14     Coulomb-14
    4.95935e+01    1.04273e+01    2.65466e+01    1.16846e+02    0.00000e+00
        LJ (SR)  Disper. corr.   Coulomb (SR)   Coul. recip.      Potential
    6.72186e+03   -3.30974e+02   -5.02156e+04    6.02565e+02   -4.30187e+04
    Kinetic En.   Total Energy  Conserved En.    Temperature Pres. DC (bar)
    7.89077e+03   -3.51279e+04   -3.45068e+04    2.93050e+02   -1.67051e+02
 Pressure (bar)       dVvdw/dl
   -5.33514e+02   -3.65526e+01

             MC-lambda information
  Nvdw-lambdas    Count   G(in kT)  dG(in kT)
  1  0.000        2    0.00000    4.32298   
  2  0.180        1    4.32298    4.93501   
  3  0.420        5    9.25799    2.19758   
  4  0.570        6   11.45557    0.43086   
  5  0.680       12   11.88643   -1.44990 <<
  6  0.760        9   10.43653   -4.21401   
  7  0.860        0    6.22252   -2.82537   
  8  1.000        0    3.39715    0.00000   

           Step           Time
           3500        7.00000

   Energies (kJ/mol)
           Bond          Angle  Improper Dih.          LJ-14     Coulomb-14
    5.20746e+01    1.12282e+01    2.83173e+01    1.10779e+02    0.00000e+00
        LJ (SR)  Disper. corr.   Coulomb (SR)   Coul. recip.      Potential
    6.87230e+03   -3.30974e+02   -5.02996e+04    6.19289e+02   -4.29365e+04
    Kinetic En.   Total Energy  Conserved En.    Temperature Pres. DC (bar)
    7.81869e+03   -3.51179e+04   -3.45054e+04    2.90373e+02   -1.67051e+02
 Pressure (bar)       dVvdw/dl
   -3.40216e+02   -6.87044e+01

             MC-lambda information
  Nvdw-lambdas    Count   G(in kT)  dG(in kT)
  1  0.000        2    0.00000    4.32298   
  2  0.180        1    4.32298    4.93501   
  3  0.420        5    9.25799    2.19758   
  4  0.570        6   11.45557    0.43086   
  5  0.680       12   11.88643   -1.44990   
  6  0.760       10   10.43653   -4.21401 <<
  7  0.860        0    6.22252   -2.82537   
  8  1.000        0    3.39715    0.00000   

           Step           Time
           3600        7.20000

   Energies (kJ/mol)
           Bond          Angle  Improper Dih.          LJ-14     Coulomb-14
    4.46089e+01    1.58238e+01    1.73618e+01    1.13051e+02    0.00000e+00
        LJ (SR)  Disper. corr.   Coulomb (SR)   Coul. recip.      Potential
    6.66119e+03   -3.30058e+02   -5.03085e+04    5.89464e+02   -4.31971e+04
    Kinetic En.   Total Energy  Conserved En.    Temperature Pres. DC (bar)
    7.99645e+03   -3.52006e+04   -3.45108e+04    2.96974e+02   -1.66588e+02
 Pressure (bar)       dVvdw/dl
   -7.16580e+02   -3.52518e+01

             MC-lambda information
  Nvdw-lambdas    Count   G(in kT)  dG(in kT)
  1  0.000        2    0.00000    4.32298   
  2  0.180        1    4.32298    4.93501   
  3  0.420        5    9.25799    2.19758   
  4  0.570        6   11.45557    0.43086   
  5  0.680       12   11.88643   -1.44990   
  6  0.760       11   10.43653   -4.21401 <<
  7  0.860        0    6.22252   -2.82537   
  8  1.000        0    3.39715    0.00000   

           Step           Time
           3700        7.40000

   Energies (kJ/mol)
           Bond          Angle  Improper Dih.          LJ-14     Coulomb-14
    3.35962e+01    1.51596e+01    1.94052e+01    1.23974e+02    0.00000e+00
        LJ (SR)  Disper. corr.   Coulomb (SR)   Coul. recip.      Potential
    7.29011e+03   -3.30058e+02   -5.07267e+04    6.31118e+02   -4.29434e+04
    Kinetic En.   Total Energy  Conserved En.    Temperature Pres. DC (bar)
    7.66864e+03   -3.52748e+04   -3.45098e+04    2.84800e+02   -1.66588e+02
 Pressure (bar)       dVvdw/dl
    7.04785e+02   -1.37146e+01

Writing checkpoint, step 3800 at Mon Jul  1 12:00:55 2024


