Warning on use of the timeseries module: If the inherent timescales of the system are long compared to those being analyzed, this statistical inefficiency may be an underestimate.  The estimate presumes the use of many statistically independent samples.  Tests should be performed to assess whether this condition is satisfied.   Be cautious in the interpretation of the data.

****** PyMBAR will use 64-bit JAX! *******
* JAX is currently set to 32-bit bitsize *
* which is its default.                  *
*                                        *
* PyMBAR requires 64-bit mode and WILL   *
* enable JAX's 64-bit mode when called.  *
*                                        *
* This MAY cause problems with other     *
* Uses of JAX in the same code.          *
******************************************

2024-09-22 15:45:30.128 | DEBUG    | alchemlyb.preprocessing.subsampling:statistical_inefficiency:520 - Running statistical inefficiency analysis.
2024-09-22 15:45:30.559 | DEBUG    | alchemlyb.preprocessing.subsampling:statistical_inefficiency:522 - Statistical inefficiency: 93.51.
2024-09-22 15:45:30.560 | DEBUG    | alchemlyb.preprocessing.subsampling:statistical_inefficiency:528 - Number of uncorrelated samples: 10633.
2024-09-22 15:45:31.327 | DEBUG    | alchemlyb.preprocessing.subsampling:statistical_inefficiency:520 - Running statistical inefficiency analysis.
2024-09-22 15:45:31.337 | DEBUG    | alchemlyb.preprocessing.subsampling:statistical_inefficiency:522 - Statistical inefficiency: 1.00.
2024-09-22 15:45:31.338 | DEBUG    | alchemlyb.preprocessing.subsampling:statistical_inefficiency:528 - Number of uncorrelated samples: 999501.
/projects/liwh2139/software/anaconda/envs/openff-toolkit/lib/python3.9/site-packages/alchemlyb/estimators/mbar_.py:106: FutureWarning: When grouping with a length-1 list-like, you will need to pass a length-1 tuple to get_group in a future version of pandas. Pass `(name,)` instead of `name` to silence this warning.
  (len(groups.get_group(i)) if i in groups.groups else 0)

******* JAX 64-bit mode is now on! *******
*     JAX is now set to 64-bit mode!     *
*   This MAY cause problems with other   *
*      uses of JAX in the same code.     *
******************************************

/projects/liwh2139/software/anaconda/envs/openff-toolkit/lib/python3.9/site-packages/alchemlyb/estimators/bar_.py:97: FutureWarning: When grouping with a length-1 list-like, you will need to pass a length-1 tuple to get_group in a future version of pandas. Pass `(name,)` instead of `name` to silence this warning.
  (len(groups.get_group(i)) if i in groups.groups else 0)
/projects/liwh2139/software/anaconda/envs/openff-toolkit/lib/python3.9/site-packages/alchemlyb/estimators/bar_.py:106: FutureWarning: When grouping with a length-1 list-like, you will need to pass a length-1 tuple to get_group in a future version of pandas. Pass `(name,)` instead of `name` to silence this warning.
  uk = groups.get_group(self._states_[k])
/projects/liwh2139/software/anaconda/envs/openff-toolkit/lib/python3.9/site-packages/alchemlyb/estimators/bar_.py:111: FutureWarning: When grouping with a length-1 list-like, you will need to pass a length-1 tuple to get_group in a future version of pandas. Pass `(name,)` instead of `name` to silence this warning.
  uk1 = groups.get_group(self._states_[k + 1])
FE differences in units of Kb_T between each lambda window (TI):
            0.00      0.09      0.18  ...      0.86      0.93      1.00
0.000   0.000000  2.211687  4.369899  ...  6.568671  4.453057  3.758536
0.090  -2.211687  0.000000  2.158211  ...  4.356983  2.241369  1.546849
0.180  -4.369899 -2.158211  0.000000  ...  2.198772  0.083158 -0.611362
0.300  -7.037953 -4.826266 -2.668054  ... -0.469282 -2.584896 -3.279417
0.420  -9.449991 -7.238303 -5.080092  ... -2.881320 -4.996934 -5.691454
0.495 -10.713967 -8.502280 -6.344069  ... -4.145297 -6.260911 -6.955431
0.570 -11.596402 -9.384715 -7.226504  ... -5.027732 -7.143346 -7.837866
0.625 -11.993882 -9.782195 -7.623984  ... -5.425212 -7.540826 -8.235346
0.680 -12.011352 -9.799664 -7.641453  ... -5.442681 -7.558295 -8.252815
0.720 -11.592503 -9.380815 -7.222604  ... -5.023832 -7.139446 -7.833967
0.760 -10.648677 -8.436990 -6.278779  ... -4.080007 -6.195621 -6.890141
0.810  -8.728958 -6.517271 -4.359060  ... -2.160288 -4.275902 -4.970422
0.860  -6.568671 -4.356983 -2.198772  ...  0.000000 -2.115614 -2.810134
0.930  -4.453057 -2.241369 -0.083158  ...  2.115614  0.000000 -0.694520
1.000  -3.758536 -1.546849  0.611362  ...  2.810134  0.694520  0.000000

[15 rows x 15 columns]

Endpoint differences (TI)
3.758536321518618

TI error
           0.00      0.09      0.18  ...      0.86      0.93      1.00
0.000  0.000000  0.017930  0.031985  ...  0.133581  0.137743  0.139193
0.090  0.017930  0.000000  0.019260  ...  0.131117  0.135355  0.136831
0.180  0.031985  0.019260  0.000000  ...  0.127563  0.131915  0.133429
0.300  0.049572  0.042489  0.029763  ...  0.119775  0.124400  0.126004
0.420  0.067995  0.063018  0.055243  ...  0.111641  0.116589  0.118299
0.495  0.077364  0.073028  0.066435  ...  0.105458  0.110683  0.112483
0.570  0.087641  0.083838  0.078163  ...  0.096424  0.102112  0.104060
0.625  0.095874  0.092411  0.087295  ...  0.089416  0.095522  0.097602
0.680  0.103086  0.099874  0.095159  ...  0.081010  0.087703  0.089964
0.720  0.109014  0.105981  0.101551  ...  0.072318  0.079744  0.082224
0.760  0.116140  0.113298  0.109165  ...  0.055508  0.064887  0.067911
0.810  0.126795  0.124197  0.120439  ...  0.027036  0.043129  0.047558
0.860  0.133581  0.131117  0.127563  ...  0.000000  0.023082  0.030569
0.930  0.137743  0.135355  0.131915  ...  0.023082  0.000000  0.013079
1.000  0.139193  0.136831  0.133429  ...  0.030569  0.013079  0.000000

[15 rows x 15 columns]

TI error endpoint difference
0.1391930201464047
FE differences in units of Kb_T between each lambda window (MBAR):
            0.00      0.09      0.18  ...      0.86      0.93      1.00
0.000   0.000000  2.208250  4.339140  ...  6.414903  4.291033  3.606798
0.090  -2.208250  0.000000  2.130890  ...  4.206653  2.082782  1.398548
0.180  -4.339140 -2.130890  0.000000  ...  2.075762 -0.048108 -0.732343
0.300  -7.013504 -4.805254 -2.674363  ... -0.598601 -2.722471 -3.406706
0.420  -9.399217 -7.190967 -5.060077  ... -2.984314 -5.108184 -5.792419
0.495 -10.654012 -8.445762 -6.314872  ... -4.239109 -6.362980 -7.047214
0.570 -11.610533 -9.402283 -7.271393  ... -5.195630 -7.319501 -8.003735
0.625 -12.012570 -9.804320 -7.673430  ... -5.597667 -7.721538 -8.405772
0.680 -11.989470 -9.781220 -7.650330  ... -5.574567 -7.698438 -8.382672
0.720 -11.544490 -9.336239 -7.205349  ... -5.129587 -7.253457 -7.937692
0.760 -10.571583 -8.363333 -6.232442  ... -4.156680 -6.280550 -6.964785
0.810  -8.590255 -6.382005 -4.251114  ... -2.175352 -4.299222 -4.983457
0.860  -6.414903 -4.206653 -2.075762  ...  0.000000 -2.123870 -2.808105
0.930  -4.291033 -2.082782  0.048108  ...  2.123870  0.000000 -0.684235
1.000  -3.606798 -1.398548  0.732343  ...  2.808105  0.684235  0.000000

[15 rows x 15 columns]

Endpoint differences (MBAR)
3.606797839962459

MBAR error
           0.00      0.09      0.18  ...      0.86      0.93      1.00
0.000  0.000000  0.001533  0.002921  ...  0.013109  0.013557  0.013779
0.090  0.001533  0.000000  0.001590  ...  0.012791  0.013249  0.013477
0.180  0.002921  0.001590  0.000000  ...  0.012414  0.012886  0.013120
0.300  0.004685  0.003731  0.002452  ...  0.011749  0.012247  0.012492
0.420  0.006355  0.005669  0.004763  ...  0.010935  0.011468  0.011730
0.495  0.007316  0.006729  0.005980  ...  0.010337  0.010899  0.011175
0.570  0.008257  0.007742  0.007102  ...  0.009609  0.010211  0.010505
0.625  0.008983  0.008512  0.007934  ...  0.008927  0.009573  0.009885
0.680  0.009795  0.009365  0.008843  ...  0.008006  0.008720  0.009061
0.720  0.010476  0.010075  0.009592  ...  0.007007  0.007815  0.008195
0.760  0.011280  0.010908  0.010464  ...  0.005324  0.006348  0.006812
0.810  0.012385  0.012048  0.011647  ...  0.002335  0.003811  0.004513
0.860  0.013109  0.012791  0.012414  ...  0.000000  0.001755  0.002702
0.930  0.013557  0.013249  0.012886  ...  0.001755  0.000000  0.001095
1.000  0.013779  0.013477  0.013120  ...  0.002702  0.001095  0.000000

[15 rows x 15 columns]

MBAR error endpoint difference
0.013779089924588183
FE differences in units of Kb_T between each lambda window (BAR):
            0.00      0.09      0.18  ...      0.86      0.93      1.00
0.000   0.000000  2.205287  4.334658  ...  6.408544  4.284483  3.600658
0.090  -2.205287  0.000000  2.129371  ...  4.203257  2.079196  1.395371
0.180  -4.334658 -2.129371  0.000000  ...  2.073886 -0.050175 -0.734000
0.300  -7.010070 -4.804783 -2.675412  ... -0.601526 -2.725587 -3.409412
0.420  -9.395946 -7.190659 -5.061288  ... -2.987401 -5.111462 -5.795288
0.495 -10.651968 -8.446681 -6.317310  ... -4.243424 -6.367485 -7.051310
0.570 -11.609354 -9.404067 -7.274696  ... -5.200810 -7.324871 -8.008696
0.625 -12.007717 -9.802429 -7.673058  ... -5.599172 -7.723233 -8.407059
0.680 -11.981795 -9.776508 -7.647137  ... -5.573251 -7.697312 -8.381137
0.720 -11.538331 -9.333044 -7.203673  ... -5.129787 -7.253848 -7.937673
0.760 -10.565158 -8.359871 -6.230500  ... -4.156614 -6.280675 -6.964500
0.810  -8.583701 -6.378414 -4.249043  ... -2.175157 -4.299218 -4.983043
0.860  -6.408544 -4.203257 -2.073886  ...  0.000000 -2.124061 -2.807886
0.930  -4.284483 -2.079196  0.050175  ...  2.124061  0.000000 -0.683825
1.000  -3.600658 -1.395371  0.734000  ...  2.807886  0.683825  0.000000

[15 rows x 15 columns]

Endpoint differences (BAR)
3.6006581224735945

BAR error
           0.00      0.09      0.18  ...      0.86      0.93     1.00
0.000  0.000000  0.001936       NaN  ...       NaN       NaN      NaN
0.090  0.001936  0.000000  0.002042  ...       NaN       NaN      NaN
0.180       NaN  0.002042  0.000000  ...       NaN       NaN      NaN
0.300       NaN       NaN  0.002997  ...       NaN       NaN      NaN
0.420       NaN       NaN       NaN  ...       NaN       NaN      NaN
0.495       NaN       NaN       NaN  ...       NaN       NaN      NaN
0.570       NaN       NaN       NaN  ...       NaN       NaN      NaN
0.625       NaN       NaN       NaN  ...       NaN       NaN      NaN
0.680       NaN       NaN       NaN  ...       NaN       NaN      NaN
0.720       NaN       NaN       NaN  ...       NaN       NaN      NaN
0.760       NaN       NaN       NaN  ...       NaN       NaN      NaN
0.810       NaN       NaN       NaN  ...  0.002839       NaN      NaN
0.860       NaN       NaN       NaN  ...  0.000000  0.002223      NaN
0.930       NaN       NaN       NaN  ...  0.002223  0.000000  0.00128
1.000       NaN       NaN       NaN  ...       NaN  0.001280  0.00000

[15 rows x 15 columns]

BAR error endpoint difference
nan
