Warning on use of the timeseries module: If the inherent timescales of the system are long compared to those being analyzed, this statistical inefficiency may be an underestimate.  The estimate presumes the use of many statistically independent samples.  Tests should be performed to assess whether this condition is satisfied.   Be cautious in the interpretation of the data.

****** PyMBAR will use 64-bit JAX! *******
* JAX is currently set to 32-bit bitsize *
* which is its default.                  *
*                                        *
* PyMBAR requires 64-bit mode and WILL   *
* enable JAX's 64-bit mode when called.  *
*                                        *
* This MAY cause problems with other     *
* Uses of JAX in the same code.          *
******************************************

2024-09-22 14:55:48.831 | DEBUG    | alchemlyb.preprocessing.subsampling:statistical_inefficiency:520 - Running statistical inefficiency analysis.
2024-09-22 14:55:49.310 | DEBUG    | alchemlyb.preprocessing.subsampling:statistical_inefficiency:522 - Statistical inefficiency: 96.35.
2024-09-22 14:55:49.311 | DEBUG    | alchemlyb.preprocessing.subsampling:statistical_inefficiency:528 - Number of uncorrelated samples: 10305.
2024-09-22 14:55:50.215 | DEBUG    | alchemlyb.preprocessing.subsampling:statistical_inefficiency:520 - Running statistical inefficiency analysis.
2024-09-22 14:55:50.224 | DEBUG    | alchemlyb.preprocessing.subsampling:statistical_inefficiency:522 - Statistical inefficiency: 1.00.
2024-09-22 14:55:50.225 | DEBUG    | alchemlyb.preprocessing.subsampling:statistical_inefficiency:528 - Number of uncorrelated samples: 999501.
/projects/liwh2139/software/anaconda/envs/openff-toolkit/lib/python3.9/site-packages/alchemlyb/estimators/mbar_.py:106: FutureWarning: When grouping with a length-1 list-like, you will need to pass a length-1 tuple to get_group in a future version of pandas. Pass `(name,)` instead of `name` to silence this warning.
  (len(groups.get_group(i)) if i in groups.groups else 0)

******* JAX 64-bit mode is now on! *******
*     JAX is now set to 64-bit mode!     *
*   This MAY cause problems with other   *
*      uses of JAX in the same code.     *
******************************************

/projects/liwh2139/software/anaconda/envs/openff-toolkit/lib/python3.9/site-packages/alchemlyb/estimators/bar_.py:97: FutureWarning: When grouping with a length-1 list-like, you will need to pass a length-1 tuple to get_group in a future version of pandas. Pass `(name,)` instead of `name` to silence this warning.
  (len(groups.get_group(i)) if i in groups.groups else 0)
/projects/liwh2139/software/anaconda/envs/openff-toolkit/lib/python3.9/site-packages/alchemlyb/estimators/bar_.py:106: FutureWarning: When grouping with a length-1 list-like, you will need to pass a length-1 tuple to get_group in a future version of pandas. Pass `(name,)` instead of `name` to silence this warning.
  uk = groups.get_group(self._states_[k])
/projects/liwh2139/software/anaconda/envs/openff-toolkit/lib/python3.9/site-packages/alchemlyb/estimators/bar_.py:111: FutureWarning: When grouping with a length-1 list-like, you will need to pass a length-1 tuple to get_group in a future version of pandas. Pass `(name,)` instead of `name` to silence this warning.
  uk1 = groups.get_group(self._states_[k + 1])
FE differences in units of Kb_T between each lambda window (TI):
            0.00      0.09      0.18  ...      0.86      0.93      1.00
0.000   0.000000  2.221649  4.353446  ...  6.567982  4.490122  3.758734
0.090  -2.221649  0.000000  2.131797  ...  4.346333  2.268473  1.537085
0.180  -4.353446 -2.131797  0.000000  ...  2.214535  0.136676 -0.594713
0.300  -7.062537 -4.840888 -2.709091  ... -0.494556 -2.572415 -3.303804
0.420  -9.457058 -7.235409 -5.103612  ... -2.889076 -4.966936 -5.698324
0.495 -10.717000 -8.495351 -6.363553  ... -4.149018 -6.226877 -6.958266
0.570 -11.686491 -9.464843 -7.333045  ... -5.118510 -7.196369 -7.927758
0.625 -12.087158 -9.865509 -7.733712  ... -5.519176 -7.597036 -8.328424
0.680 -12.045160 -9.823511 -7.691714  ... -5.477178 -7.555038 -8.286427
0.720 -11.586310 -9.364661 -7.232863  ... -5.018328 -7.096188 -7.827576
0.760 -10.590677 -8.369028 -6.237231  ... -4.022695 -6.100555 -6.831944
0.810  -8.657752 -6.436103 -4.304306  ... -2.089771 -4.167630 -4.899019
0.860  -6.567982 -4.346333 -2.214535  ...  0.000000 -2.077860 -2.809248
0.930  -4.490122 -2.268473 -0.136676  ...  2.077860  0.000000 -0.731388
1.000  -3.758734 -1.537085  0.594713  ...  2.809248  0.731388  0.000000

[15 rows x 15 columns]

Endpoint differences (TI)
3.7587336374093914

TI error
           0.00      0.09      0.18  ...      0.86      0.93      1.00
0.000  0.000000  0.019135  0.034783  ...  0.136410  0.141023  0.142403
0.090  0.019135  0.000000  0.020428  ...  0.133474  0.138184  0.139593
0.180  0.034783  0.020428  0.000000  ...  0.129821  0.134660  0.136105
0.300  0.050768  0.042247  0.028691  ...  0.122922  0.128022  0.129541
0.420  0.069473  0.063513  0.055428  ...  0.112676  0.118218  0.119861
0.495  0.081376  0.076352  0.069771  ...  0.106036  0.111907  0.113642
0.570  0.091256  0.086805  0.081076  ...  0.097011  0.103397  0.105272
0.625  0.099324  0.095251  0.090061  ...  0.089679  0.096551  0.098556
0.680  0.106906  0.103133  0.098360  ...  0.080200  0.087816  0.090016
0.720  0.113286  0.109732  0.105259  ...  0.070722  0.079254  0.081686
0.760  0.120095  0.116749  0.112555  ...  0.055755  0.066244  0.069134
0.810  0.129303  0.126201  0.122332  ...  0.028166  0.045530  0.049641
0.860  0.136410  0.133474  0.129821  ...  0.000000  0.024321  0.031349
0.930  0.141023  0.138184  0.134660  ...  0.024321  0.000000  0.013103
1.000  0.142403  0.139593  0.136105  ...  0.031349  0.013103  0.000000

[15 rows x 15 columns]

TI error endpoint difference
0.1424032773630943
FE differences in units of Kb_T between each lambda window (MBAR):
            0.00      0.09      0.18  ...      0.86      0.93      1.00
0.000   0.000000  2.213194  4.347955  ...  6.477979  4.358332  3.673491
0.090  -2.213194  0.000000  2.134760  ...  4.264785  2.145138  1.460296
0.180  -4.347955 -2.134760  0.000000  ...  2.130024  0.010378 -0.674464
0.300  -7.029401 -4.816207 -2.681447  ... -0.551422 -2.671069 -3.355911
0.420  -9.424186 -7.210992 -5.076232  ... -2.946207 -5.065854 -5.750696
0.495 -10.686369 -8.473175 -6.338415  ... -4.208390 -6.328037 -7.012879
0.570 -11.651878 -9.438684 -7.303924  ... -5.173899 -7.293546 -7.978388
0.625 -12.055939 -9.842745 -7.707985  ... -5.577960 -7.697607 -8.382449
0.680 -12.026853 -9.813658 -7.678898  ... -5.548874 -7.668520 -8.353362
0.720 -11.579704 -9.366510 -7.231750  ... -5.101726 -7.221372 -7.906214
0.760 -10.612432 -8.399238 -6.264477  ... -4.134453 -6.254099 -6.938941
0.810  -8.643637 -6.430442 -4.295682  ... -2.165658 -4.285304 -4.970146
0.860  -6.477979 -4.264785 -2.130024  ...  0.000000 -2.119646 -2.804488
0.930  -4.358332 -2.145138 -0.010378  ...  2.119646  0.000000 -0.684842
1.000  -3.673491 -1.460296  0.674464  ...  2.804488  0.684842  0.000000

[15 rows x 15 columns]

Endpoint differences (MBAR)
3.6734905415508408

MBAR error
           0.00      0.09      0.18  ...      0.86      0.93      1.00
0.000  0.000000  0.001516  0.002893  ...  0.013103  0.013565  0.013796
0.090  0.001516  0.000000  0.001576  ...  0.012792  0.013265  0.013500
0.180  0.002893  0.001576  0.000000  ...  0.012422  0.012908  0.013150
0.300  0.004640  0.003697  0.002430  ...  0.011768  0.012280  0.012535
0.420  0.006305  0.005628  0.004732  ...  0.010960  0.011509  0.011779
0.495  0.007267  0.006689  0.005949  ...  0.010367  0.010945  0.011229
0.570  0.008211  0.007705  0.007073  ...  0.009638  0.010258  0.010561
0.625  0.008946  0.008483  0.007915  ...  0.008949  0.009613  0.009936
0.680  0.009771  0.009349  0.008836  ...  0.008023  0.008758  0.009111
0.720  0.010453  0.010060  0.009585  ...  0.007035  0.007865  0.008256
0.760  0.011254  0.010889  0.010452  ...  0.005361  0.006408  0.006886
0.810  0.012366  0.012035  0.011641  ...  0.002365  0.003871  0.004588
0.860  0.013103  0.012792  0.012422  ...  0.000000  0.001789  0.002756
0.930  0.013565  0.013265  0.012908  ...  0.001789  0.000000  0.001118
1.000  0.013796  0.013500  0.013150  ...  0.002756  0.001118  0.000000

[15 rows x 15 columns]

MBAR error endpoint difference
0.013795898099499809
FE differences in units of Kb_T between each lambda window (BAR):
            0.00      0.09      0.18  ...      0.86      0.93      1.00
0.000   0.000000  2.212259  4.345505  ...  6.464737  4.345475  3.661613
0.090  -2.212259  0.000000  2.133246  ...  4.252478  2.133216  1.449353
0.180  -4.345505 -2.133246  0.000000  ...  2.119232 -0.000030 -0.683893
0.300  -7.025768 -4.813509 -2.680263  ... -0.561031 -2.680293 -3.364156
0.420  -9.418166 -7.205907 -5.072661  ... -2.953429 -5.072691 -5.756553
0.495 -10.678565 -8.466305 -6.333060  ... -4.213828 -6.333090 -7.016952
0.570 -11.644209 -9.431950 -7.298704  ... -5.179472 -7.298734 -7.982596
0.625 -12.046595 -9.834336 -7.701090  ... -5.581858 -7.701120 -8.384983
0.680 -12.016086 -9.803827 -7.670581  ... -5.551349 -7.670611 -8.354474
0.720 -11.568204 -9.355945 -7.222699  ... -5.103467 -7.222729 -7.906592
0.760 -10.601068 -8.388809 -6.255563  ... -4.136331 -6.255594 -6.939456
0.810  -8.631353 -6.419094 -4.285848  ... -2.166616 -4.285878 -4.969740
0.860  -6.464737 -4.252478 -2.119232  ...  0.000000 -2.119262 -2.803124
0.930  -4.345475 -2.133216  0.000030  ...  2.119262  0.000000 -0.683862
1.000  -3.661613 -1.449353  0.683893  ...  2.803124  0.683862  0.000000

[15 rows x 15 columns]

Endpoint differences (BAR)
3.66161260065506

BAR error
           0.00      0.09      0.18  ...      0.86      0.93      1.00
0.000  0.000000  0.001909       NaN  ...       NaN       NaN       NaN
0.090  0.001909  0.000000  0.002021  ...       NaN       NaN       NaN
0.180       NaN  0.002021  0.000000  ...       NaN       NaN       NaN
0.300       NaN       NaN  0.002965  ...       NaN       NaN       NaN
0.420       NaN       NaN       NaN  ...       NaN       NaN       NaN
0.495       NaN       NaN       NaN  ...       NaN       NaN       NaN
0.570       NaN       NaN       NaN  ...       NaN       NaN       NaN
0.625       NaN       NaN       NaN  ...       NaN       NaN       NaN
0.680       NaN       NaN       NaN  ...       NaN       NaN       NaN
0.720       NaN       NaN       NaN  ...       NaN       NaN       NaN
0.760       NaN       NaN       NaN  ...       NaN       NaN       NaN
0.810       NaN       NaN       NaN  ...  0.002876       NaN       NaN
0.860       NaN       NaN       NaN  ...  0.000000  0.002270       NaN
0.930       NaN       NaN       NaN  ...  0.002270  0.000000  0.001308
1.000       NaN       NaN       NaN  ...       NaN  0.001308  0.000000

[15 rows x 15 columns]

BAR error endpoint difference
nan
