Warning on use of the timeseries module: If the inherent timescales of the system are long compared to those being analyzed, this statistical inefficiency may be an underestimate.  The estimate presumes the use of many statistically independent samples.  Tests should be performed to assess whether this condition is satisfied.   Be cautious in the interpretation of the data.

****** PyMBAR will use 64-bit JAX! *******
* JAX is currently set to 32-bit bitsize *
* which is its default.                  *
*                                        *
* PyMBAR requires 64-bit mode and WILL   *
* enable JAX's 64-bit mode when called.  *
*                                        *
* This MAY cause problems with other     *
* Uses of JAX in the same code.          *
******************************************

2024-09-10 08:23:07.032 | DEBUG    | alchemlyb.preprocessing.subsampling:statistical_inefficiency:520 - Running statistical inefficiency analysis.
2024-09-10 08:23:07.656 | DEBUG    | alchemlyb.preprocessing.subsampling:statistical_inefficiency:522 - Statistical inefficiency: 109.22.
2024-09-10 08:23:07.657 | DEBUG    | alchemlyb.preprocessing.subsampling:statistical_inefficiency:528 - Number of uncorrelated samples: 9087.
2024-09-10 08:23:08.443 | DEBUG    | alchemlyb.preprocessing.subsampling:statistical_inefficiency:520 - Running statistical inefficiency analysis.
2024-09-10 08:23:08.452 | DEBUG    | alchemlyb.preprocessing.subsampling:statistical_inefficiency:522 - Statistical inefficiency: 1.00.
2024-09-10 08:23:08.453 | DEBUG    | alchemlyb.preprocessing.subsampling:statistical_inefficiency:528 - Number of uncorrelated samples: 999501.
/projects/liwh2139/software/anaconda/envs/openff-toolkit/lib/python3.9/site-packages/alchemlyb/estimators/mbar_.py:106: FutureWarning: When grouping with a length-1 list-like, you will need to pass a length-1 tuple to get_group in a future version of pandas. Pass `(name,)` instead of `name` to silence this warning.
  (len(groups.get_group(i)) if i in groups.groups else 0)

******* JAX 64-bit mode is now on! *******
*     JAX is now set to 64-bit mode!     *
*   This MAY cause problems with other   *
*      uses of JAX in the same code.     *
******************************************

/projects/liwh2139/software/anaconda/envs/openff-toolkit/lib/python3.9/site-packages/alchemlyb/estimators/bar_.py:97: FutureWarning: When grouping with a length-1 list-like, you will need to pass a length-1 tuple to get_group in a future version of pandas. Pass `(name,)` instead of `name` to silence this warning.
  (len(groups.get_group(i)) if i in groups.groups else 0)
/projects/liwh2139/software/anaconda/envs/openff-toolkit/lib/python3.9/site-packages/alchemlyb/estimators/bar_.py:106: FutureWarning: When grouping with a length-1 list-like, you will need to pass a length-1 tuple to get_group in a future version of pandas. Pass `(name,)` instead of `name` to silence this warning.
  uk = groups.get_group(self._states_[k])
/projects/liwh2139/software/anaconda/envs/openff-toolkit/lib/python3.9/site-packages/alchemlyb/estimators/bar_.py:111: FutureWarning: When grouping with a length-1 list-like, you will need to pass a length-1 tuple to get_group in a future version of pandas. Pass `(name,)` instead of `name` to silence this warning.
  uk1 = groups.get_group(self._states_[k + 1])
FE differences in units of Kb_T between each lambda window (TI):
            0.00      0.09      0.18  ...      0.86      0.93      1.00
0.000   0.000000  2.210946  4.345570  ...  6.536490  4.429554  3.721459
0.090  -2.210946  0.000000  2.134624  ...  4.325544  2.218608  1.510513
0.180  -4.345570 -2.134624  0.000000  ...  2.190920  0.083984 -0.624111
0.300  -7.034123 -4.823176 -2.688553  ... -0.497632 -2.604569 -3.312663
0.420  -9.405363 -7.194417 -5.059793  ... -2.868873 -4.975809 -5.683904
0.495 -10.667747 -8.456801 -6.322177  ... -4.131257 -6.238194 -6.946288
0.570 -11.619666 -9.408719 -7.274096  ... -5.083175 -7.190112 -7.898206
0.625 -12.004111 -9.793165 -7.658541  ... -5.467621 -7.574557 -8.282652
0.680 -11.964779 -9.753833 -7.619210  ... -5.428289 -7.535226 -8.243320
0.720 -11.508408 -9.297462 -7.162838  ... -4.971918 -7.078854 -7.786949
0.760 -10.484503 -8.273557 -6.138933  ... -3.948013 -6.054949 -6.763044
0.810  -8.588450 -6.377504 -4.242880  ... -2.051960 -4.158896 -4.866991
0.860  -6.536490 -4.325544 -2.190920  ...  0.000000 -2.106936 -2.815031
0.930  -4.429554 -2.218608 -0.083984  ...  2.106936  0.000000 -0.708094
1.000  -3.721459 -1.510513  0.624111  ...  2.815031  0.708094  0.000000

[15 rows x 15 columns]

Endpoint differences (TI)
3.7214592396186745

TI error
           0.00      0.09      0.18  ...      0.86      0.93      1.00
0.000  0.000000  0.019147  0.034824  ...  0.145408  0.150763  0.152434
0.090  0.019147  0.000000  0.020843  ...  0.142707  0.148159  0.149859
0.180  0.034824  0.020843  0.000000  ...  0.139001  0.144593  0.146334
0.300  0.053235  0.045340  0.031806  ...  0.130763  0.136693  0.138534
0.420  0.073858  0.068387  0.060272  ...  0.121168  0.127545  0.129516
0.495  0.084726  0.080001  0.073186  ...  0.114720  0.121436  0.123504
0.570  0.094541  0.090331  0.084354  ...  0.106744  0.113931  0.116133
0.625  0.102301  0.098424  0.092969  ...  0.099195  0.106891  0.109235
0.680  0.111454  0.107906  0.102954  ...  0.087776  0.096387  0.098981
0.720  0.119502  0.116200  0.111617  ...  0.076932  0.086628  0.089505
0.760  0.127331  0.124237  0.119962  ...  0.060333  0.072291  0.075715
0.810  0.137632  0.134775  0.130844  ...  0.030584  0.050213  0.055027
0.860  0.145408  0.142707  0.139001  ...  0.000000  0.027177  0.035288
0.930  0.150763  0.148159  0.144593  ...  0.027177  0.000000  0.014690
1.000  0.152434  0.149859  0.146334  ...  0.035288  0.014690  0.000000

[15 rows x 15 columns]

TI error endpoint difference
0.15243386114566204
FE differences in units of Kb_T between each lambda window (MBAR):
            0.00      0.09      0.18  ...      0.86      0.93      1.00
0.000   0.000000  2.245671  4.410469  ...  6.655705  4.536161  3.849487
0.090  -2.245671  0.000000  2.164798  ...  4.410034  2.290490  1.603816
0.180  -4.410469 -2.164798  0.000000  ...  2.245236  0.125692 -0.560982
0.300  -7.129426 -4.883755 -2.718957  ... -0.473721 -2.593266 -3.279939
0.420  -9.556638 -7.310967 -5.146170  ... -2.900933 -5.020478 -5.707152
0.495 -10.839172 -8.593501 -6.428703  ... -4.183467 -6.303011 -6.989685
0.570 -11.823976 -9.578305 -7.413507  ... -5.168271 -7.287816 -7.974489
0.625 -12.237585 -9.991914 -7.827116  ... -5.581880 -7.701425 -8.388098
0.680 -12.212957 -9.967286 -7.802488  ... -5.557252 -7.676796 -8.363470
0.720 -11.763657 -9.517986 -7.353188  ... -5.107952 -7.227497 -7.914170
0.760 -10.788939 -8.543268 -6.378470  ... -4.133234 -6.252779 -6.939452
0.810  -8.818394 -6.572723 -4.407925  ... -2.162689 -4.282234 -4.968907
0.860  -6.655705 -4.410034 -2.245236  ...  0.000000 -2.119545 -2.806218
0.930  -4.536161 -2.290490 -0.125692  ...  2.119545  0.000000 -0.686674
1.000  -3.849487 -1.603816  0.560982  ...  2.806218  0.686674  0.000000

[15 rows x 15 columns]

Endpoint differences (MBAR)
3.849486943152481

MBAR error
           0.00      0.09      0.18  ...      0.86      0.93      1.00
0.000  0.000000  0.001434  0.002757  ...  0.013265  0.013746  0.013987
0.090  0.001434  0.000000  0.001515  ...  0.012986  0.013478  0.013723
0.180  0.002757  0.001515  0.000000  ...  0.012647  0.013151  0.013402
0.300  0.004472  0.003588  0.002375  ...  0.012027  0.012556  0.012819
0.420  0.006153  0.005526  0.004677  ...  0.011237  0.011802  0.012081
0.495  0.007139  0.006607  0.005910  ...  0.010646  0.011240  0.011533
0.570  0.008123  0.007661  0.007070  ...  0.009901  0.010538  0.010850
0.625  0.008903  0.008483  0.007953  ...  0.009190  0.009872  0.010204
0.680  0.009780  0.009399  0.008923  ...  0.008231  0.008987  0.009350
0.720  0.010503  0.010150  0.009711  ...  0.007204  0.008059  0.008462
0.760  0.011348  0.011021  0.010619  ...  0.005482  0.006562  0.007055
0.810  0.012499  0.012204  0.011842  ...  0.002427  0.003977  0.004715
0.860  0.013265  0.012986  0.012647  ...  0.000000  0.001841  0.002836
0.930  0.013746  0.013478  0.013151  ...  0.001841  0.000000  0.001150
1.000  0.013987  0.013723  0.013402  ...  0.002836  0.001150  0.000000

[15 rows x 15 columns]

MBAR error endpoint difference
0.013986623736374834
FE differences in units of Kb_T between each lambda window (BAR):
            0.00      0.09      0.18  ...      0.86      0.93      1.00
0.000   0.000000  2.244730  4.411303  ...  6.642855  4.525102  3.840296
0.090  -2.244730  0.000000  2.166573  ...  4.398124  2.280372  1.595566
0.180  -4.411303 -2.166573  0.000000  ...  2.231552  0.113799 -0.571007
0.300  -7.128592 -4.883861 -2.717289  ... -0.485737 -2.603489 -3.288296
0.420  -9.555387 -7.310656 -5.144084  ... -2.912532 -5.030284 -5.715091
0.495 -10.836811 -8.592080 -6.425508  ... -4.193956 -6.311709 -6.996515
0.570 -11.815725 -9.570995 -7.404422  ... -5.172871 -7.290623 -7.975429
0.625 -12.227972 -9.983241 -7.816669  ... -5.585117 -7.702870 -8.387676
0.680 -12.206559 -9.961829 -7.795256  ... -5.563704 -7.681457 -8.366263
0.720 -11.757025 -9.512294 -7.345722  ... -5.114170 -7.231923 -7.916729
0.760 -10.780559 -8.535829 -6.369256  ... -4.137705 -6.255457 -6.940263
0.810  -8.808434 -6.563704 -4.397131  ... -2.165580 -4.283332 -4.968138
0.860  -6.642855 -4.398124 -2.231552  ...  0.000000 -2.117753 -2.802559
0.930  -4.525102 -2.280372 -0.113799  ...  2.117753  0.000000 -0.684806
1.000  -3.840296 -1.595566  0.571007  ...  2.802559  0.684806  0.000000

[15 rows x 15 columns]

Endpoint differences (BAR)
3.8402960120500502

BAR error
           0.00      0.09      0.18  ...      0.86      0.93      1.00
0.000  0.000000  0.001794       NaN  ...       NaN       NaN       NaN
0.090  0.001794  0.000000  0.001932  ...       NaN       NaN       NaN
0.180       NaN  0.001932  0.000000  ...       NaN       NaN       NaN
0.300       NaN       NaN  0.002895  ...       NaN       NaN       NaN
0.420       NaN       NaN       NaN  ...       NaN       NaN       NaN
0.495       NaN       NaN       NaN  ...       NaN       NaN       NaN
0.570       NaN       NaN       NaN  ...       NaN       NaN       NaN
0.625       NaN       NaN       NaN  ...       NaN       NaN       NaN
0.680       NaN       NaN       NaN  ...       NaN       NaN       NaN
0.720       NaN       NaN       NaN  ...       NaN       NaN       NaN
0.760       NaN       NaN       NaN  ...       NaN       NaN       NaN
0.810       NaN       NaN       NaN  ...  0.002949       NaN       NaN
0.860       NaN       NaN       NaN  ...  0.000000  0.002336       NaN
0.930       NaN       NaN       NaN  ...  0.002336  0.000000  0.001349
1.000       NaN       NaN       NaN  ...       NaN  0.001349  0.000000

[15 rows x 15 columns]

BAR error endpoint difference
nan
