Warning on use of the timeseries module: If the inherent timescales of the system are long compared to those being analyzed, this statistical inefficiency may be an underestimate.  The estimate presumes the use of many statistically independent samples.  Tests should be performed to assess whether this condition is satisfied.   Be cautious in the interpretation of the data.

****** PyMBAR will use 64-bit JAX! *******
* JAX is currently set to 32-bit bitsize *
* which is its default.                  *
*                                        *
* PyMBAR requires 64-bit mode and WILL   *
* enable JAX's 64-bit mode when called.  *
*                                        *
* This MAY cause problems with other     *
* Uses of JAX in the same code.          *
******************************************

2024-09-22 17:27:23.949 | DEBUG    | alchemlyb.preprocessing.subsampling:statistical_inefficiency:520 - Running statistical inefficiency analysis.
2024-09-22 17:27:24.766 | DEBUG    | alchemlyb.preprocessing.subsampling:statistical_inefficiency:522 - Statistical inefficiency: 93.43.
2024-09-22 17:27:24.767 | DEBUG    | alchemlyb.preprocessing.subsampling:statistical_inefficiency:528 - Number of uncorrelated samples: 10633.
2024-09-22 17:27:28.390 | DEBUG    | alchemlyb.preprocessing.subsampling:statistical_inefficiency:520 - Running statistical inefficiency analysis.
2024-09-22 17:27:28.399 | DEBUG    | alchemlyb.preprocessing.subsampling:statistical_inefficiency:522 - Statistical inefficiency: 1.01.
2024-09-22 17:27:28.400 | DEBUG    | alchemlyb.preprocessing.subsampling:statistical_inefficiency:528 - Number of uncorrelated samples: 499751.
2024-09-22 17:27:30.894 | DEBUG    | alchemlyb.preprocessing.subsampling:statistical_inefficiency:520 - Running statistical inefficiency analysis.
2024-09-22 17:27:31.509 | DEBUG    | alchemlyb.preprocessing.subsampling:statistical_inefficiency:522 - Statistical inefficiency: 96.82.
2024-09-22 17:27:31.511 | DEBUG    | alchemlyb.preprocessing.subsampling:statistical_inefficiency:528 - Number of uncorrelated samples: 10305.
2024-09-22 17:27:35.120 | DEBUG    | alchemlyb.preprocessing.subsampling:statistical_inefficiency:520 - Running statistical inefficiency analysis.
2024-09-22 17:27:35.128 | DEBUG    | alchemlyb.preprocessing.subsampling:statistical_inefficiency:522 - Statistical inefficiency: 1.00.
2024-09-22 17:27:35.129 | DEBUG    | alchemlyb.preprocessing.subsampling:statistical_inefficiency:528 - Number of uncorrelated samples: 999501.
2024-09-22 17:27:37.675 | DEBUG    | alchemlyb.preprocessing.subsampling:statistical_inefficiency:520 - Running statistical inefficiency analysis.
2024-09-22 17:27:38.360 | DEBUG    | alchemlyb.preprocessing.subsampling:statistical_inefficiency:522 - Statistical inefficiency: 91.32.
2024-09-22 17:27:38.361 | DEBUG    | alchemlyb.preprocessing.subsampling:statistical_inefficiency:528 - Number of uncorrelated samples: 10865.
2024-09-22 17:27:42.014 | DEBUG    | alchemlyb.preprocessing.subsampling:statistical_inefficiency:520 - Running statistical inefficiency analysis.
2024-09-22 17:27:42.022 | DEBUG    | alchemlyb.preprocessing.subsampling:statistical_inefficiency:522 - Statistical inefficiency: 1.00.
2024-09-22 17:27:42.023 | DEBUG    | alchemlyb.preprocessing.subsampling:statistical_inefficiency:528 - Number of uncorrelated samples: 999501.
2024-09-22 17:27:44.536 | DEBUG    | alchemlyb.preprocessing.subsampling:statistical_inefficiency:520 - Running statistical inefficiency analysis.
2024-09-22 17:27:44.967 | DEBUG    | alchemlyb.preprocessing.subsampling:statistical_inefficiency:522 - Statistical inefficiency: 90.23.
2024-09-22 17:27:44.968 | DEBUG    | alchemlyb.preprocessing.subsampling:statistical_inefficiency:528 - Number of uncorrelated samples: 10984.
2024-09-22 17:27:48.627 | DEBUG    | alchemlyb.preprocessing.subsampling:statistical_inefficiency:520 - Running statistical inefficiency analysis.
2024-09-22 17:27:48.635 | DEBUG    | alchemlyb.preprocessing.subsampling:statistical_inefficiency:522 - Statistical inefficiency: 1.00.
2024-09-22 17:27:48.639 | DEBUG    | alchemlyb.preprocessing.subsampling:statistical_inefficiency:528 - Number of uncorrelated samples: 999501.
2024-09-22 17:27:51.447 | DEBUG    | alchemlyb.preprocessing.subsampling:statistical_inefficiency:520 - Running statistical inefficiency analysis.
2024-09-22 17:27:52.761 | DEBUG    | alchemlyb.preprocessing.subsampling:statistical_inefficiency:522 - Statistical inefficiency: 100.88.
2024-09-22 17:27:52.762 | DEBUG    | alchemlyb.preprocessing.subsampling:statistical_inefficiency:528 - Number of uncorrelated samples: 9897.
2024-09-22 17:27:56.332 | DEBUG    | alchemlyb.preprocessing.subsampling:statistical_inefficiency:520 - Running statistical inefficiency analysis.
2024-09-22 17:27:56.341 | DEBUG    | alchemlyb.preprocessing.subsampling:statistical_inefficiency:522 - Statistical inefficiency: 1.00.
2024-09-22 17:27:56.342 | DEBUG    | alchemlyb.preprocessing.subsampling:statistical_inefficiency:528 - Number of uncorrelated samples: 999501.
2024-09-22 17:27:58.916 | DEBUG    | alchemlyb.preprocessing.subsampling:statistical_inefficiency:520 - Running statistical inefficiency analysis.
2024-09-22 17:27:59.414 | DEBUG    | alchemlyb.preprocessing.subsampling:statistical_inefficiency:522 - Statistical inefficiency: 94.74.
2024-09-22 17:27:59.415 | DEBUG    | alchemlyb.preprocessing.subsampling:statistical_inefficiency:528 - Number of uncorrelated samples: 10522.
2024-09-22 17:28:03.001 | DEBUG    | alchemlyb.preprocessing.subsampling:statistical_inefficiency:520 - Running statistical inefficiency analysis.
2024-09-22 17:28:03.010 | DEBUG    | alchemlyb.preprocessing.subsampling:statistical_inefficiency:522 - Statistical inefficiency: 1.00.
2024-09-22 17:28:03.011 | DEBUG    | alchemlyb.preprocessing.subsampling:statistical_inefficiency:528 - Number of uncorrelated samples: 499751.
2024-09-22 17:28:06.549 | DEBUG    | alchemlyb.preprocessing.subsampling:statistical_inefficiency:520 - Running statistical inefficiency analysis.
2024-09-22 17:28:07.173 | DEBUG    | alchemlyb.preprocessing.subsampling:statistical_inefficiency:522 - Statistical inefficiency: 95.52.
2024-09-22 17:28:07.174 | DEBUG    | alchemlyb.preprocessing.subsampling:statistical_inefficiency:528 - Number of uncorrelated samples: 10412.
2024-09-22 17:28:10.805 | DEBUG    | alchemlyb.preprocessing.subsampling:statistical_inefficiency:520 - Running statistical inefficiency analysis.
2024-09-22 17:28:10.813 | DEBUG    | alchemlyb.preprocessing.subsampling:statistical_inefficiency:522 - Statistical inefficiency: 1.00.
2024-09-22 17:28:10.814 | DEBUG    | alchemlyb.preprocessing.subsampling:statistical_inefficiency:528 - Number of uncorrelated samples: 999501.
2024-09-22 17:28:14.007 | DEBUG    | alchemlyb.preprocessing.subsampling:statistical_inefficiency:520 - Running statistical inefficiency analysis.
2024-09-22 17:28:14.620 | DEBUG    | alchemlyb.preprocessing.subsampling:statistical_inefficiency:522 - Statistical inefficiency: 93.69.
2024-09-22 17:28:14.621 | DEBUG    | alchemlyb.preprocessing.subsampling:statistical_inefficiency:528 - Number of uncorrelated samples: 10633.
2024-09-22 17:28:18.130 | DEBUG    | alchemlyb.preprocessing.subsampling:statistical_inefficiency:520 - Running statistical inefficiency analysis.
2024-09-22 17:28:18.138 | DEBUG    | alchemlyb.preprocessing.subsampling:statistical_inefficiency:522 - Statistical inefficiency: 1.00.
2024-09-22 17:28:18.139 | DEBUG    | alchemlyb.preprocessing.subsampling:statistical_inefficiency:528 - Number of uncorrelated samples: 999501.
2024-09-22 17:28:21.813 | DEBUG    | alchemlyb.preprocessing.subsampling:statistical_inefficiency:520 - Running statistical inefficiency analysis.
2024-09-22 17:28:22.352 | DEBUG    | alchemlyb.preprocessing.subsampling:statistical_inefficiency:522 - Statistical inefficiency: 96.48.
2024-09-22 17:28:22.353 | DEBUG    | alchemlyb.preprocessing.subsampling:statistical_inefficiency:528 - Number of uncorrelated samples: 10305.
2024-09-22 17:28:25.851 | DEBUG    | alchemlyb.preprocessing.subsampling:statistical_inefficiency:520 - Running statistical inefficiency analysis.
2024-09-22 17:28:25.860 | DEBUG    | alchemlyb.preprocessing.subsampling:statistical_inefficiency:522 - Statistical inefficiency: 1.00.
2024-09-22 17:28:25.861 | DEBUG    | alchemlyb.preprocessing.subsampling:statistical_inefficiency:528 - Number of uncorrelated samples: 999501.
2024-09-22 17:28:29.790 | DEBUG    | alchemlyb.preprocessing.subsampling:statistical_inefficiency:520 - Running statistical inefficiency analysis.
2024-09-22 17:28:30.698 | DEBUG    | alchemlyb.preprocessing.subsampling:statistical_inefficiency:522 - Statistical inefficiency: 96.71.
2024-09-22 17:28:30.701 | DEBUG    | alchemlyb.preprocessing.subsampling:statistical_inefficiency:528 - Number of uncorrelated samples: 10305.
2024-09-22 17:28:34.263 | DEBUG    | alchemlyb.preprocessing.subsampling:statistical_inefficiency:520 - Running statistical inefficiency analysis.
2024-09-22 17:28:34.272 | DEBUG    | alchemlyb.preprocessing.subsampling:statistical_inefficiency:522 - Statistical inefficiency: 1.00.
2024-09-22 17:28:34.273 | DEBUG    | alchemlyb.preprocessing.subsampling:statistical_inefficiency:528 - Number of uncorrelated samples: 999501.
/projects/liwh2139/software/anaconda/envs/openff-toolkit/lib/python3.9/site-packages/alchemlyb/estimators/mbar_.py:106: FutureWarning: When grouping with a length-1 list-like, you will need to pass a length-1 tuple to get_group in a future version of pandas. Pass `(name,)` instead of `name` to silence this warning.
  (len(groups.get_group(i)) if i in groups.groups else 0)

******* JAX 64-bit mode is now on! *******
*     JAX is now set to 64-bit mode!     *
*   This MAY cause problems with other   *
*      uses of JAX in the same code.     *
******************************************

/projects/liwh2139/software/anaconda/envs/openff-toolkit/lib/python3.9/site-packages/alchemlyb/estimators/bar_.py:97: FutureWarning: When grouping with a length-1 list-like, you will need to pass a length-1 tuple to get_group in a future version of pandas. Pass `(name,)` instead of `name` to silence this warning.
  (len(groups.get_group(i)) if i in groups.groups else 0)
/projects/liwh2139/software/anaconda/envs/openff-toolkit/lib/python3.9/site-packages/alchemlyb/estimators/bar_.py:106: FutureWarning: When grouping with a length-1 list-like, you will need to pass a length-1 tuple to get_group in a future version of pandas. Pass `(name,)` instead of `name` to silence this warning.
  uk = groups.get_group(self._states_[k])
/projects/liwh2139/software/anaconda/envs/openff-toolkit/lib/python3.9/site-packages/alchemlyb/estimators/bar_.py:111: FutureWarning: When grouping with a length-1 list-like, you will need to pass a length-1 tuple to get_group in a future version of pandas. Pass `(name,)` instead of `name` to silence this warning.
  uk1 = groups.get_group(self._states_[k + 1])
XVG file paths:
/gpfs/alpine1/scratch/liwh2139/more_lambdas/new_cutoffs/2024.3/75_8/75_8_switch-potential-switch/sim_data/sim_4/75_8_switch-potential-switch.xvg
/gpfs/alpine1/scratch/liwh2139/more_lambdas/new_cutoffs/2024.3/75_8/75_8_switch-potential-switch/sim_data/sim_1/75_8_switch-potential-switch.xvg
/gpfs/alpine1/scratch/liwh2139/more_lambdas/new_cutoffs/2024.3/75_8/75_8_switch-potential-switch/sim_data/sim_6/75_8_switch-potential-switch.xvg
/gpfs/alpine1/scratch/liwh2139/more_lambdas/new_cutoffs/2024.3/75_8/75_8_switch-potential-switch/sim_data/sim_3/75_8_switch-potential-switch.xvg
/gpfs/alpine1/scratch/liwh2139/more_lambdas/new_cutoffs/2024.3/75_8/75_8_switch-potential-switch/sim_data/sim_5/75_8_switch-potential-switch.xvg
/gpfs/alpine1/scratch/liwh2139/more_lambdas/new_cutoffs/2024.3/75_8/75_8_switch-potential-switch/sim_data/sim_7/75_8_switch-potential-switch.xvg
/gpfs/alpine1/scratch/liwh2139/more_lambdas/new_cutoffs/2024.3/75_8/75_8_switch-potential-switch/sim_data/sim_0/75_8_switch-potential-switch.xvg
/gpfs/alpine1/scratch/liwh2139/more_lambdas/new_cutoffs/2024.3/75_8/75_8_switch-potential-switch/sim_data/sim_9/75_8_switch-potential-switch.xvg
/gpfs/alpine1/scratch/liwh2139/more_lambdas/new_cutoffs/2024.3/75_8/75_8_switch-potential-switch/sim_data/sim_2/75_8_switch-potential-switch.xvg
/gpfs/alpine1/scratch/liwh2139/more_lambdas/new_cutoffs/2024.3/75_8/75_8_switch-potential-switch/sim_data/sim_8/75_8_switch-potential-switch.xvg
FE differences in units of Kb_T between each lambda window (TI):
            0.00      0.09      0.18  ...      0.86      0.93      1.00
0.000   0.000000  2.173546  4.279545  ...  6.334300  4.260524  3.572319
0.090  -2.173546  0.000000  2.105999  ...  4.160754  2.086978  1.398773
0.180  -4.279545 -2.105999  0.000000  ...  2.054755 -0.019021 -0.707226
0.300  -6.916048 -4.742501 -2.636503  ... -0.581748 -2.655524 -3.343729
0.420  -9.256582 -7.083036 -4.977037  ... -2.922282 -4.996058 -5.684263
0.495 -10.499821 -8.326275 -6.220276  ... -4.165521 -6.239297 -6.927502
0.570 -11.439241 -9.265695 -7.159696  ... -5.104941 -7.178717 -7.866922
0.625 -11.821879 -9.648332 -7.542333  ... -5.487578 -7.561354 -8.249560
0.680 -11.766220 -9.592674 -7.486675  ... -5.431920 -7.505696 -8.193901
0.720 -11.305292 -9.131746 -7.025747  ... -4.970992 -7.044768 -7.732973
0.760 -10.326464 -8.152917 -6.046919  ... -3.992164 -6.065940 -6.754145
0.810  -8.424854 -6.251308 -4.145309  ... -2.090554 -4.164330 -4.852535
0.860  -6.334300 -4.160754 -2.054755  ...  0.000000 -2.073776 -2.761981
0.930  -4.260524 -2.086978  0.019021  ...  2.073776  0.000000 -0.688205
1.000  -3.572319 -1.398773  0.707226  ...  2.761981  0.688205  0.000000

[15 rows x 15 columns]

Endpoint differences (TI)
3.572319002931419

TI error
           0.00      0.09      0.18  ...      0.86      0.93      1.00
0.000  0.000000  0.006438  0.011375  ...  0.042523  0.043920  0.044358
0.090  0.006438  0.000000  0.006682  ...  0.041515  0.042945  0.043393
0.180  0.011375  0.006682  0.000000  ...  0.040218  0.041693  0.042153
0.300  0.016861  0.014127  0.009673  ...  0.037664  0.039235  0.039725
0.420  0.022690  0.020739  0.018003  ...  0.034679  0.036379  0.036906
0.495  0.025881  0.024189  0.021888  ...  0.032658  0.034458  0.035015
0.570  0.028758  0.027246  0.025225  ...  0.030142  0.032083  0.032680
0.625  0.031009  0.029611  0.027763  ...  0.027860  0.029950  0.030588
0.680  0.033441  0.032150  0.030456  ...  0.024811  0.027137  0.027840
0.720  0.035418  0.034201  0.032614  ...  0.022004  0.024596  0.025370
0.760  0.037439  0.036290  0.034799  ...  0.017303  0.020499  0.021421
0.810  0.040350  0.039286  0.037912  ...  0.008684  0.014008  0.015325
0.860  0.042523  0.041515  0.040218  ...  0.000000  0.007499  0.009741
0.930  0.043920  0.042945  0.041693  ...  0.007499  0.000000  0.004071
1.000  0.044358  0.043393  0.042153  ...  0.009741  0.004071  0.000000

[15 rows x 15 columns]

TI error endpoint difference
0.04435822574039726
FE differences in units of Kb_T between each lambda window (MBAR):
            0.00      0.09      0.18  ...      0.86      0.93      1.00
0.000   0.000000  2.187682  4.295921  ...  6.249421  4.134214  3.453373
0.090  -2.187682  0.000000  2.108239  ...  4.061739  1.946532  1.265690
0.180  -4.295921 -2.108239  0.000000  ...  1.953501 -0.161707 -0.842548
0.300  -6.940419 -4.752737 -2.644498  ... -0.690997 -2.806205 -3.487046
0.420  -9.300700 -7.113018 -5.004780  ... -3.051279 -5.166487 -5.847328
0.495 -10.543305 -8.355623 -6.247384  ... -4.293884 -6.409091 -7.089932
0.570 -11.489154 -9.301472 -7.193233  ... -5.239733 -7.354940 -8.035781
0.625 -11.878340 -9.690658 -7.582419  ... -5.628919 -7.744126 -8.424967
0.680 -11.836166 -9.648484 -7.540245  ... -5.586745 -7.701952 -8.382794
0.720 -11.376888 -9.189206 -7.080967  ... -5.127467 -7.242674 -7.923516
0.760 -10.392922 -8.205240 -6.097001  ... -4.143501 -6.258708 -6.939549
0.810  -8.413520 -6.225838 -4.117599  ... -2.164099 -4.279306 -4.960148
0.860  -6.249421 -4.061739 -1.953501  ...  0.000000 -2.115208 -2.796049
0.930  -4.134214 -1.946532  0.161707  ...  2.115208  0.000000 -0.680841
1.000  -3.453373 -1.265690  0.842548  ...  2.796049  0.680841  0.000000

[15 rows x 15 columns]

Endpoint differences (MBAR)
3.4533725821102266

MBAR error
           0.00      0.09      0.18  ...      0.86      0.93      1.00
0.000  0.000000  0.000537  0.001019  ...  0.004344  0.004488  0.004560
0.090  0.000537  0.000000  0.000553  ...  0.004227  0.004375  0.004449
0.180  0.001019  0.000553  0.000000  ...  0.004091  0.004243  0.004320
0.300  0.001621  0.001285  0.000839  ...  0.003856  0.004018  0.004098
0.420  0.002179  0.001935  0.001618  ...  0.003575  0.003748  0.003834
0.495  0.002496  0.002286  0.002022  ...  0.003371  0.003555  0.003645
0.570  0.002803  0.002618  0.002392  ...  0.003124  0.003321  0.003418
0.625  0.003040  0.002871  0.002666  ...  0.002893  0.003105  0.003209
0.680  0.003303  0.003148  0.002963  ...  0.002587  0.002822  0.002935
0.720  0.003520  0.003375  0.003202  ...  0.002260  0.002527  0.002652
0.760  0.003772  0.003637  0.003478  ...  0.001716  0.002053  0.002207
0.810  0.004116  0.003992  0.003848  ...  0.000757  0.001242  0.001473
0.860  0.004344  0.004227  0.004091  ...  0.000000  0.000575  0.000886
0.930  0.004488  0.004375  0.004243  ...  0.000575  0.000000  0.000359
1.000  0.004560  0.004449  0.004320  ...  0.000886  0.000359  0.000000

[15 rows x 15 columns]

MBAR error endpoint difference
0.004560069430996214
FE differences in units of Kb_T between each lambda window (BAR):
            0.00      0.09      0.18  ...      0.86      0.93      1.00
0.000   0.000000  2.187182  4.294752  ...  6.240713  4.125564  3.445789
0.090  -2.187182  0.000000  2.107570  ...  4.053531  1.938382  1.258607
0.180  -4.294752 -2.107570  0.000000  ...  1.945961 -0.169188 -0.848963
0.300  -6.937631 -4.750449 -2.642878  ... -0.696918 -2.812067 -3.491842
0.420  -9.295967 -7.108785 -5.001215  ... -3.055254 -5.170403 -5.850178
0.495 -10.537626 -8.350444 -6.242874  ... -4.296913 -6.412062 -7.091837
0.570 -11.482749 -9.295567 -7.187997  ... -5.242036 -7.357185 -8.036960
0.625 -11.870978 -9.683796 -7.576225  ... -5.630265 -7.745414 -8.425189
0.680 -11.827817 -9.640635 -7.533064  ... -5.587104 -7.702253 -8.382028
0.720 -11.369657 -9.182476 -7.074905  ... -5.128944 -7.244094 -7.923869
0.760 -10.385937 -8.198756 -6.091185  ... -4.145224 -6.260373 -6.940148
0.810  -8.405726 -6.218545 -4.110974  ... -2.165013 -4.280163 -4.959938
0.860  -6.240713 -4.053531 -1.945961  ...  0.000000 -2.115149 -2.794924
0.930  -4.125564 -1.938382  0.169188  ...  2.115149  0.000000 -0.679775
1.000  -3.445789 -1.258607  0.848963  ...  2.794924  0.679775  0.000000

[15 rows x 15 columns]

Endpoint differences (BAR)
3.4457887860204703

BAR error
           0.00      0.09      0.18  ...      0.86      0.93      1.00
0.000  0.000000  0.000678       NaN  ...       NaN       NaN       NaN
0.090  0.000678  0.000000  0.000709  ...       NaN       NaN       NaN
0.180       NaN  0.000709  0.000000  ...       NaN       NaN       NaN
0.300       NaN       NaN  0.001028  ...       NaN       NaN       NaN
0.420       NaN       NaN       NaN  ...       NaN       NaN       NaN
0.495       NaN       NaN       NaN  ...       NaN       NaN       NaN
0.570       NaN       NaN       NaN  ...       NaN       NaN       NaN
0.625       NaN       NaN       NaN  ...       NaN       NaN       NaN
0.680       NaN       NaN       NaN  ...       NaN       NaN       NaN
0.720       NaN       NaN       NaN  ...       NaN       NaN       NaN
0.760       NaN       NaN       NaN  ...       NaN       NaN       NaN
0.810       NaN       NaN       NaN  ...  0.000922       NaN       NaN
0.860       NaN       NaN       NaN  ...  0.000000  0.000729       NaN
0.930       NaN       NaN       NaN  ...  0.000729  0.000000  0.000421
1.000       NaN       NaN       NaN  ...       NaN  0.000421  0.000000

[15 rows x 15 columns]

BAR error endpoint difference
nan
                          0.00          0.09  ...          0.93          1.00
time  vdw-lambda                              ...                            
100.0 0.625      -13860.785508 -13866.601475  ... -13854.090860 -13851.739389
100.4 0.495      -13804.402106 -13808.628975  ... -13792.773629 -13790.266415
100.8 0.000      -13789.403910 -13786.686462  ... -13753.788446 -13750.852330
101.2 0.090      -13797.131979 -13794.534328  ... -13762.396798 -13759.530836
101.6 0.090      -13756.144781 -13754.285585  ... -13724.615579 -13721.808863

[5 rows x 15 columns]
Index([  0.0,  0.09,  0.18,   0.3,  0.42, 0.495,  0.57, 0.625,  0.68,  0.72,
        0.76,  0.81,  0.86,  0.93,   1.0],
      dtype='object')
