Warning on use of the timeseries module: If the inherent timescales of the system are long compared to those being analyzed, this statistical inefficiency may be an underestimate.  The estimate presumes the use of many statistically independent samples.  Tests should be performed to assess whether this condition is satisfied.   Be cautious in the interpretation of the data.

****** PyMBAR will use 64-bit JAX! *******
* JAX is currently set to 32-bit bitsize *
* which is its default.                  *
*                                        *
* PyMBAR requires 64-bit mode and WILL   *
* enable JAX's 64-bit mode when called.  *
*                                        *
* This MAY cause problems with other     *
* Uses of JAX in the same code.          *
******************************************

2024-09-10 08:34:04.087 | DEBUG    | alchemlyb.preprocessing.subsampling:statistical_inefficiency:520 - Running statistical inefficiency analysis.
2024-09-10 08:34:05.398 | DEBUG    | alchemlyb.preprocessing.subsampling:statistical_inefficiency:522 - Statistical inefficiency: 98.53.
2024-09-10 08:34:05.399 | DEBUG    | alchemlyb.preprocessing.subsampling:statistical_inefficiency:528 - Number of uncorrelated samples: 10096.
2024-09-10 08:34:06.299 | DEBUG    | alchemlyb.preprocessing.subsampling:statistical_inefficiency:520 - Running statistical inefficiency analysis.
2024-09-10 08:34:06.307 | DEBUG    | alchemlyb.preprocessing.subsampling:statistical_inefficiency:522 - Statistical inefficiency: 1.00.
2024-09-10 08:34:06.308 | DEBUG    | alchemlyb.preprocessing.subsampling:statistical_inefficiency:528 - Number of uncorrelated samples: 999501.
/projects/liwh2139/software/anaconda/envs/openff-toolkit/lib/python3.9/site-packages/alchemlyb/estimators/mbar_.py:106: FutureWarning: When grouping with a length-1 list-like, you will need to pass a length-1 tuple to get_group in a future version of pandas. Pass `(name,)` instead of `name` to silence this warning.
  (len(groups.get_group(i)) if i in groups.groups else 0)

******* JAX 64-bit mode is now on! *******
*     JAX is now set to 64-bit mode!     *
*   This MAY cause problems with other   *
*      uses of JAX in the same code.     *
******************************************

/projects/liwh2139/software/anaconda/envs/openff-toolkit/lib/python3.9/site-packages/alchemlyb/estimators/bar_.py:97: FutureWarning: When grouping with a length-1 list-like, you will need to pass a length-1 tuple to get_group in a future version of pandas. Pass `(name,)` instead of `name` to silence this warning.
  (len(groups.get_group(i)) if i in groups.groups else 0)
/projects/liwh2139/software/anaconda/envs/openff-toolkit/lib/python3.9/site-packages/alchemlyb/estimators/bar_.py:106: FutureWarning: When grouping with a length-1 list-like, you will need to pass a length-1 tuple to get_group in a future version of pandas. Pass `(name,)` instead of `name` to silence this warning.
  uk = groups.get_group(self._states_[k])
/projects/liwh2139/software/anaconda/envs/openff-toolkit/lib/python3.9/site-packages/alchemlyb/estimators/bar_.py:111: FutureWarning: When grouping with a length-1 list-like, you will need to pass a length-1 tuple to get_group in a future version of pandas. Pass `(name,)` instead of `name` to silence this warning.
  uk1 = groups.get_group(self._states_[k + 1])
FE differences in units of Kb_T between each lambda window (TI):
            0.00      0.09      0.18  ...      0.86      0.93      1.00
0.000   0.000000  2.158226  4.223426  ...  6.031909  3.940429  3.229850
0.090  -2.158226  0.000000  2.065201  ...  3.873683  1.782204  1.071624
0.180  -4.223426 -2.065201  0.000000  ...  1.808482 -0.282997 -0.993576
0.300  -6.875572 -4.717346 -2.652145  ... -0.843663 -2.935143 -3.645722
0.420  -9.246306 -7.088080 -5.022880  ... -3.214397 -5.305877 -6.016456
0.495 -10.454954 -8.296728 -6.231528  ... -4.423045 -6.514525 -7.225104
0.570 -11.309750 -9.151525 -7.086324  ... -5.277842 -7.369321 -8.079900
0.625 -11.638686 -9.480460 -7.415259  ... -5.606777 -7.698256 -8.408836
0.680 -11.531666 -9.373440 -7.308239  ... -5.499757 -7.591236 -8.301816
0.720 -11.033321 -8.875096 -6.809895  ... -5.001412 -7.092892 -7.803471
0.760 -10.041129 -7.882903 -5.817703  ... -4.009220 -6.100700 -6.811279
0.810  -8.127431 -5.969205 -3.904005  ... -2.095522 -4.187002 -4.897581
0.860  -6.031909 -3.873683 -1.808482  ...  0.000000 -2.091480 -2.802059
0.930  -3.940429 -1.782204  0.282997  ...  2.091480  0.000000 -0.710579
1.000  -3.229850 -1.071624  0.993576  ...  2.802059  0.710579  0.000000

[15 rows x 15 columns]

Endpoint differences (TI)
3.229849976775621

TI error
           0.00      0.09      0.18  ...      0.86      0.93      1.00
0.000  0.000000  0.020087  0.036108  ...  0.139320  0.143815  0.145144
0.090  0.020087  0.000000  0.021908  ...  0.136331  0.140921  0.142278
0.180  0.036108  0.021908  0.000000  ...  0.131859  0.136600  0.137998
0.300  0.054635  0.046488  0.031012  ...  0.124341  0.129358  0.130834
0.420  0.072220  0.066271  0.056502  ...  0.114952  0.120360  0.121946
0.495  0.082832  0.077700  0.069555  ...  0.108773  0.114474  0.116139
0.570  0.092463  0.087895  0.080785  ...  0.099813  0.105997  0.107793
0.625  0.100783  0.096610  0.090189  ...  0.092149  0.098813  0.100738
0.680  0.109078  0.105234  0.099372  ...  0.081493  0.088959  0.091092
0.720  0.116012  0.112405  0.106937  ...  0.072146  0.080484  0.082835
0.760  0.122583  0.119175  0.114032  ...  0.057120  0.067345  0.070139
0.810  0.132013  0.128855  0.124114  ...  0.028694  0.045782  0.049800
0.860  0.139320  0.136331  0.131859  ...  0.000000  0.024293  0.031213
0.930  0.143815  0.140921  0.136600  ...  0.024293  0.000000  0.012618
1.000  0.145144  0.142278  0.137998  ...  0.031213  0.012618  0.000000

[15 rows x 15 columns]

TI error endpoint difference
0.1451439736239001
FE differences in units of Kb_T between each lambda window (MBAR):
            0.00      0.09      0.18  ...      0.86      0.93      1.00
0.000   0.000000  2.186986  4.294845  ...  6.237588  4.118943  3.436391
0.090  -2.186986  0.000000  2.107858  ...  4.050601  1.931957  1.249404
0.180  -4.294845 -2.107858  0.000000  ...  1.942743 -0.175901 -0.858454
0.300  -6.939536 -4.752550 -2.644691  ... -0.701948 -2.820593 -3.503145
0.420  -9.298587 -7.111601 -5.003743  ... -3.061000 -5.179644 -5.862197
0.495 -10.539942 -8.352955 -6.245097  ... -4.302354 -6.420998 -7.103551
0.570 -11.484864 -9.297877 -7.190019  ... -5.247276 -7.365920 -8.048473
0.625 -11.870913 -9.683927 -7.576069  ... -5.633326 -7.751970 -8.434523
0.680 -11.822353 -9.635367 -7.527508  ... -5.584765 -7.703409 -8.385962
0.720 -11.361446 -9.174460 -7.066602  ... -5.123859 -7.242503 -7.925056
0.760 -10.381082 -8.194096 -6.086237  ... -4.143494 -6.262138 -6.944691
0.810  -8.404206 -6.217219 -4.109361  ... -2.166618 -4.285262 -4.967815
0.860  -6.237588 -4.050601 -1.942743  ...  0.000000 -2.118644 -2.801197
0.930  -4.118943 -1.931957  0.175901  ...  2.118644  0.000000 -0.682553
1.000  -3.436391 -1.249404  0.858454  ...  2.801197  0.682553  0.000000

[15 rows x 15 columns]

Endpoint differences (MBAR)
3.4363905250260256

MBAR error
           0.00      0.09      0.18  ...      0.86      0.93      1.00
0.000  0.000000  0.001614  0.003065  ...  0.013045  0.013475  0.013689
0.090  0.001614  0.000000  0.001662  ...  0.012693  0.013135  0.013354
0.180  0.003065  0.001662  0.000000  ...  0.012282  0.012738  0.012964
0.300  0.004876  0.003865  0.002524  ...  0.011574  0.012057  0.012296
0.420  0.006557  0.005825  0.004870  ...  0.010724  0.011243  0.011500
0.495  0.007508  0.006879  0.006085  ...  0.010113  0.010662  0.010932
0.570  0.008431  0.007875  0.007194  ...  0.009371  0.009961  0.010249
0.625  0.009142  0.008633  0.008016  ...  0.008676  0.009311  0.009618
0.680  0.009931  0.009464  0.008905  ...  0.007756  0.008460  0.008797
0.720  0.010577  0.010139  0.009620  ...  0.006783  0.007580  0.007955
0.760  0.011328  0.010921  0.010440  ...  0.005156  0.006164  0.006622
0.810  0.012360  0.011988  0.011552  ...  0.002274  0.003723  0.004411
0.860  0.013045  0.012693  0.012282  ...  0.000000  0.001720  0.002648
0.930  0.013475  0.013135  0.012738  ...  0.001720  0.000000  0.001073
1.000  0.013689  0.013354  0.012964  ...  0.002648  0.001073  0.000000

[15 rows x 15 columns]

MBAR error endpoint difference
0.013689382872967878
FE differences in units of Kb_T between each lambda window (BAR):
            0.00      0.09      0.18  ...      0.86      0.93      1.00
0.000   0.000000  2.186825  4.295120  ...  6.237263  4.119482  3.437610
0.090  -2.186825  0.000000  2.108295  ...  4.050438  1.932657  1.250785
0.180  -4.295120 -2.108295  0.000000  ...  1.942143 -0.175638 -0.857510
0.300  -6.939984 -4.753159 -2.644864  ... -0.702721 -2.820502 -3.502373
0.420  -9.299028 -7.112203 -5.003908  ... -3.061765 -5.179546 -5.861418
0.495 -10.541300 -8.354475 -6.246180  ... -4.304037 -6.421818 -7.103690
0.570 -11.485565 -9.298740 -7.190446  ... -5.248302 -7.366084 -8.047955
0.625 -11.872054 -9.685229 -7.576935  ... -5.634791 -7.752573 -8.434444
0.680 -11.823384 -9.636559 -7.528264  ... -5.586121 -7.703902 -8.385774
0.720 -11.360745 -9.173920 -7.065625  ... -5.123482 -7.241263 -7.923135
0.760 -10.380140 -8.193315 -6.085020  ... -4.142877 -6.260658 -6.942530
0.810  -8.402985 -6.216160 -4.107865  ... -2.165722 -4.283503 -4.965375
0.860  -6.237263 -4.050438 -1.942143  ...  0.000000 -2.117781 -2.799653
0.930  -4.119482 -1.932657  0.175638  ...  2.117781  0.000000 -0.681872
1.000  -3.437610 -1.250785  0.857510  ...  2.799653  0.681872  0.000000

[15 rows x 15 columns]

Endpoint differences (BAR)
3.4376101828267007

BAR error
           0.00      0.09      0.18  ...      0.86      0.93      1.00
0.000  0.000000  0.002035       NaN  ...       NaN       NaN       NaN
0.090  0.002035  0.000000  0.002134  ...       NaN       NaN       NaN
0.180       NaN  0.002134  0.000000  ...       NaN       NaN       NaN
0.300       NaN       NaN  0.003090  ...       NaN       NaN       NaN
0.420       NaN       NaN       NaN  ...       NaN       NaN       NaN
0.495       NaN       NaN       NaN  ...       NaN       NaN       NaN
0.570       NaN       NaN       NaN  ...       NaN       NaN       NaN
0.625       NaN       NaN       NaN  ...       NaN       NaN       NaN
0.680       NaN       NaN       NaN  ...       NaN       NaN       NaN
0.720       NaN       NaN       NaN  ...       NaN       NaN       NaN
0.760       NaN       NaN       NaN  ...       NaN       NaN       NaN
0.810       NaN       NaN       NaN  ...  0.002768       NaN       NaN
0.860       NaN       NaN       NaN  ...  0.000000  0.002179       NaN
0.930       NaN       NaN       NaN  ...  0.002179  0.000000  0.001255
1.000       NaN       NaN       NaN  ...       NaN  0.001255  0.000000

[15 rows x 15 columns]

BAR error endpoint difference
nan
