Warning on use of the timeseries module: If the inherent timescales of the system are long compared to those being analyzed, this statistical inefficiency may be an underestimate.  The estimate presumes the use of many statistically independent samples.  Tests should be performed to assess whether this condition is satisfied.   Be cautious in the interpretation of the data.

****** PyMBAR will use 64-bit JAX! *******
* JAX is currently set to 32-bit bitsize *
* which is its default.                  *
*                                        *
* PyMBAR requires 64-bit mode and WILL   *
* enable JAX's 64-bit mode when called.  *
*                                        *
* This MAY cause problems with other     *
* Uses of JAX in the same code.          *
******************************************

2024-09-10 08:27:35.923 | DEBUG    | alchemlyb.preprocessing.subsampling:statistical_inefficiency:520 - Running statistical inefficiency analysis.
2024-09-10 08:27:36.345 | DEBUG    | alchemlyb.preprocessing.subsampling:statistical_inefficiency:522 - Statistical inefficiency: 90.17.
2024-09-10 08:27:36.346 | DEBUG    | alchemlyb.preprocessing.subsampling:statistical_inefficiency:528 - Number of uncorrelated samples: 10984.
2024-09-10 08:27:37.124 | DEBUG    | alchemlyb.preprocessing.subsampling:statistical_inefficiency:520 - Running statistical inefficiency analysis.
2024-09-10 08:27:37.132 | DEBUG    | alchemlyb.preprocessing.subsampling:statistical_inefficiency:522 - Statistical inefficiency: 1.00.
2024-09-10 08:27:37.133 | DEBUG    | alchemlyb.preprocessing.subsampling:statistical_inefficiency:528 - Number of uncorrelated samples: 999501.
/projects/liwh2139/software/anaconda/envs/openff-toolkit/lib/python3.9/site-packages/alchemlyb/estimators/mbar_.py:106: FutureWarning: When grouping with a length-1 list-like, you will need to pass a length-1 tuple to get_group in a future version of pandas. Pass `(name,)` instead of `name` to silence this warning.
  (len(groups.get_group(i)) if i in groups.groups else 0)

******* JAX 64-bit mode is now on! *******
*     JAX is now set to 64-bit mode!     *
*   This MAY cause problems with other   *
*      uses of JAX in the same code.     *
******************************************

/projects/liwh2139/software/anaconda/envs/openff-toolkit/lib/python3.9/site-packages/alchemlyb/estimators/bar_.py:97: FutureWarning: When grouping with a length-1 list-like, you will need to pass a length-1 tuple to get_group in a future version of pandas. Pass `(name,)` instead of `name` to silence this warning.
  (len(groups.get_group(i)) if i in groups.groups else 0)
/projects/liwh2139/software/anaconda/envs/openff-toolkit/lib/python3.9/site-packages/alchemlyb/estimators/bar_.py:106: FutureWarning: When grouping with a length-1 list-like, you will need to pass a length-1 tuple to get_group in a future version of pandas. Pass `(name,)` instead of `name` to silence this warning.
  uk = groups.get_group(self._states_[k])
/projects/liwh2139/software/anaconda/envs/openff-toolkit/lib/python3.9/site-packages/alchemlyb/estimators/bar_.py:111: FutureWarning: When grouping with a length-1 list-like, you will need to pass a length-1 tuple to get_group in a future version of pandas. Pass `(name,)` instead of `name` to silence this warning.
  uk1 = groups.get_group(self._states_[k + 1])
FE differences in units of Kb_T between each lambda window (TI):
            0.00      0.09      0.18  ...      0.86      0.93      1.00
0.000   0.000000  2.191782  4.299970  ...  6.179339  4.122849  3.431550
0.090  -2.191782  0.000000  2.108188  ...  3.987558  1.931067  1.239769
0.180  -4.299970 -2.108188  0.000000  ...  1.879369 -0.177121 -0.868420
0.300  -6.925637 -4.733856 -2.625667  ... -0.746298 -2.802789 -3.494087
0.420  -9.276498 -7.084716 -4.976528  ... -3.097158 -5.153649 -5.844947
0.495 -10.517525 -8.325743 -6.217555  ... -4.338185 -6.394676 -7.085974
0.570 -11.454105 -9.262324 -7.154136  ... -5.274766 -7.331257 -8.022555
0.625 -11.830342 -9.638561 -7.530373  ... -5.651003 -7.707494 -8.398792
0.680 -11.739319 -9.547537 -7.439349  ... -5.559980 -7.616470 -8.307769
0.720 -11.265560 -9.073779 -6.965590  ... -5.086221 -7.142712 -7.834010
0.760 -10.258989 -8.067208 -5.959019  ... -4.079650 -6.136141 -6.827439
0.810  -8.286973 -6.095192 -3.987004  ... -2.107634 -4.164125 -4.855423
0.860  -6.179339 -3.987558 -1.879369  ...  0.000000 -2.056491 -2.747789
0.930  -4.122849 -1.931067  0.177121  ...  2.056491  0.000000 -0.691298
1.000  -3.431550 -1.239769  0.868420  ...  2.747789  0.691298  0.000000

[15 rows x 15 columns]

Endpoint differences (TI)
3.4315502422374697

TI error
           0.00      0.09      0.18  ...      0.86      0.93      1.00
0.000  0.000000  0.018921  0.033337  ...  0.130808  0.134980  0.136407
0.090  0.018921  0.000000  0.019911  ...  0.128047  0.132306  0.133761
0.180  0.033337  0.019911  0.000000  ...  0.124170  0.128558  0.130055
0.300  0.050889  0.043299  0.029950  ...  0.116199  0.120876  0.122468
0.420  0.069133  0.063753  0.055558  ...  0.107261  0.112311  0.114022
0.495  0.078685  0.074003  0.067073  ...  0.101317  0.106649  0.108449
0.570  0.087516  0.083332  0.077243  ...  0.093481  0.099235  0.101168
0.625  0.094744  0.090893  0.085345  ...  0.086306  0.092507  0.094577
0.680  0.102429  0.098878  0.093804  ...  0.076884  0.083786  0.086066
0.720  0.108522  0.105176  0.100420  ...  0.068514  0.076178  0.078678
0.760  0.114778  0.111620  0.107151  ...  0.053324  0.062868  0.065875
0.810  0.124251  0.121340  0.117242  ...  0.026408  0.042500  0.046835
0.860  0.130808  0.128047  0.124170  ...  0.000000  0.022834  0.030143
0.930  0.134980  0.132306  0.128558  ...  0.022834  0.000000  0.012923
1.000  0.136407  0.133761  0.130055  ...  0.030143  0.012923  0.000000

[15 rows x 15 columns]

TI error endpoint difference
0.13640735239648108
FE differences in units of Kb_T between each lambda window (MBAR):
            0.00      0.09      0.18  ...      0.86      0.93      1.00
0.000   0.000000  2.187012  4.294613  ...  6.247138  4.130290  3.447543
0.090  -2.187012  0.000000  2.107600  ...  4.060125  1.943277  1.260530
0.180  -4.294613 -2.107600  0.000000  ...  1.952525 -0.164323 -0.847070
0.300  -6.936906 -4.749894 -2.642293  ... -0.689769 -2.806617 -3.489364
0.420  -9.293146 -7.106134 -4.998533  ... -3.046009 -5.162857 -5.845604
0.495 -10.531672 -8.344659 -6.237059  ... -4.284534 -6.401382 -7.084129
0.570 -11.476325 -9.289312 -7.181712  ... -5.229187 -7.346035 -8.028782
0.625 -11.868934 -9.681921 -7.574321  ... -5.621796 -7.738644 -8.421391
0.680 -11.832868 -9.645855 -7.538255  ... -5.585730 -7.702578 -8.385325
0.720 -11.379488 -9.192475 -7.084875  ... -5.132350 -7.249198 -7.931945
0.760 -10.398817 -8.211804 -6.104204  ... -4.151679 -6.268527 -6.951274
0.810  -8.414234 -6.227221 -4.119621  ... -2.167096 -4.283944 -4.966691
0.860  -6.247138 -4.060125 -1.952525  ...  0.000000 -2.116848 -2.799595
0.930  -4.130290 -1.943277  0.164323  ...  2.116848  0.000000 -0.682747
1.000  -3.447543 -1.260530  0.847070  ...  2.799595  0.682747  0.000000

[15 rows x 15 columns]

Endpoint differences (MBAR)
3.4475425713406107

MBAR error
           0.00      0.09      0.18  ...      0.86      0.93      1.00
0.000  0.000000  0.001613  0.003061  ...  0.013021  0.013455  0.013673
0.090  0.001613  0.000000  0.001659  ...  0.012670  0.013116  0.013339
0.180  0.003061  0.001659  0.000000  ...  0.012260  0.012720  0.012950
0.300  0.004867  0.003857  0.002519  ...  0.011555  0.012042  0.012285
0.420  0.006542  0.005809  0.004856  ...  0.010708  0.011232  0.011492
0.495  0.007491  0.006862  0.006071  ...  0.010099  0.010653  0.010927
0.570  0.008407  0.007852  0.007171  ...  0.009367  0.009961  0.010254
0.625  0.009110  0.008600  0.007984  ...  0.008683  0.009321  0.009633
0.680  0.009892  0.009424  0.008865  ...  0.007771  0.008477  0.008819
0.720  0.010539  0.010101  0.009582  ...  0.006796  0.007596  0.007976
0.760  0.011298  0.010891  0.010411  ...  0.005153  0.006168  0.006633
0.810  0.012338  0.011966  0.011531  ...  0.002269  0.003729  0.004425
0.860  0.013021  0.012670  0.012260  ...  0.000000  0.001730  0.002667
0.930  0.013455  0.013116  0.012720  ...  0.001730  0.000000  0.001081
1.000  0.013673  0.013339  0.012950  ...  0.002667  0.001081  0.000000

[15 rows x 15 columns]

MBAR error endpoint difference
0.013673260382388409
FE differences in units of Kb_T between each lambda window (BAR):
            0.00      0.09      0.18  ...      0.86      0.93      1.00
0.000   0.000000  2.186249  4.291176  ...  6.240787  4.124088  3.442211
0.090  -2.186249  0.000000  2.104927  ...  4.054538  1.937839  1.255962
0.180  -4.291176 -2.104927  0.000000  ...  1.949611 -0.167088 -0.848965
0.300  -6.934155 -4.747906 -2.642979  ... -0.693368 -2.810067 -3.491944
0.420  -9.294050 -7.107801 -5.002874  ... -3.053263 -5.169962 -5.851839
0.495 -10.531542 -8.345293 -6.240367  ... -4.290756 -6.407454 -7.089332
0.570 -11.472441 -9.286192 -7.181265  ... -5.231655 -7.348353 -8.030231
0.625 -11.863581 -9.677332 -7.572405  ... -5.622794 -7.739493 -8.421370
0.680 -11.828006 -9.641757 -7.536830  ... -5.587219 -7.703918 -8.385795
0.720 -11.372757 -9.186508 -7.081581  ... -5.131970 -7.248669 -7.930546
0.760 -10.392959 -8.206710 -6.101784  ... -4.152173 -6.268871 -6.950749
0.810  -8.409477 -6.223228 -4.118302  ... -2.168691 -4.285389 -4.967267
0.860  -6.240787 -4.054538 -1.949611  ...  0.000000 -2.116699 -2.798576
0.930  -4.124088 -1.937839  0.167088  ...  2.116699  0.000000 -0.681877
1.000  -3.442211 -1.255962  0.848965  ...  2.798576  0.681877  0.000000

[15 rows x 15 columns]

Endpoint differences (BAR)
3.442210668001705

BAR error
           0.00      0.09      0.18  ...      0.86      0.93      1.00
0.000  0.000000  0.002041       NaN  ...       NaN       NaN       NaN
0.090  0.002041  0.000000  0.002133  ...       NaN       NaN       NaN
0.180       NaN  0.002133  0.000000  ...       NaN       NaN       NaN
0.300       NaN       NaN  0.003075  ...       NaN       NaN       NaN
0.420       NaN       NaN       NaN  ...       NaN       NaN       NaN
0.495       NaN       NaN       NaN  ...       NaN       NaN       NaN
0.570       NaN       NaN       NaN  ...       NaN       NaN       NaN
0.625       NaN       NaN       NaN  ...       NaN       NaN       NaN
0.680       NaN       NaN       NaN  ...       NaN       NaN       NaN
0.720       NaN       NaN       NaN  ...       NaN       NaN       NaN
0.760       NaN       NaN       NaN  ...       NaN       NaN       NaN
0.810       NaN       NaN       NaN  ...  0.002761       NaN       NaN
0.860       NaN       NaN       NaN  ...  0.000000  0.002192       NaN
0.930       NaN       NaN       NaN  ...  0.002192  0.000000  0.001265
1.000       NaN       NaN       NaN  ...       NaN  0.001265  0.000000

[15 rows x 15 columns]

BAR error endpoint difference
nan
