Warning on use of the timeseries module: If the inherent timescales of the system are long compared to those being analyzed, this statistical inefficiency may be an underestimate.  The estimate presumes the use of many statistically independent samples.  Tests should be performed to assess whether this condition is satisfied.   Be cautious in the interpretation of the data.

****** PyMBAR will use 64-bit JAX! *******
* JAX is currently set to 32-bit bitsize *
* which is its default.                  *
*                                        *
* PyMBAR requires 64-bit mode and WILL   *
* enable JAX's 64-bit mode when called.  *
*                                        *
* This MAY cause problems with other     *
* Uses of JAX in the same code.          *
******************************************

2024-09-10 08:34:52.206 | DEBUG    | alchemlyb.preprocessing.subsampling:statistical_inefficiency:520 - Running statistical inefficiency analysis.
2024-09-10 08:34:52.986 | DEBUG    | alchemlyb.preprocessing.subsampling:statistical_inefficiency:522 - Statistical inefficiency: 94.14.
2024-09-10 08:34:52.987 | DEBUG    | alchemlyb.preprocessing.subsampling:statistical_inefficiency:528 - Number of uncorrelated samples: 10522.
2024-09-10 08:34:53.867 | DEBUG    | alchemlyb.preprocessing.subsampling:statistical_inefficiency:520 - Running statistical inefficiency analysis.
2024-09-10 08:34:53.875 | DEBUG    | alchemlyb.preprocessing.subsampling:statistical_inefficiency:522 - Statistical inefficiency: 1.00.
2024-09-10 08:34:53.876 | DEBUG    | alchemlyb.preprocessing.subsampling:statistical_inefficiency:528 - Number of uncorrelated samples: 999501.
/projects/liwh2139/software/anaconda/envs/openff-toolkit/lib/python3.9/site-packages/alchemlyb/estimators/mbar_.py:106: FutureWarning: When grouping with a length-1 list-like, you will need to pass a length-1 tuple to get_group in a future version of pandas. Pass `(name,)` instead of `name` to silence this warning.
  (len(groups.get_group(i)) if i in groups.groups else 0)

******* JAX 64-bit mode is now on! *******
*     JAX is now set to 64-bit mode!     *
*   This MAY cause problems with other   *
*      uses of JAX in the same code.     *
******************************************

/projects/liwh2139/software/anaconda/envs/openff-toolkit/lib/python3.9/site-packages/alchemlyb/estimators/bar_.py:97: FutureWarning: When grouping with a length-1 list-like, you will need to pass a length-1 tuple to get_group in a future version of pandas. Pass `(name,)` instead of `name` to silence this warning.
  (len(groups.get_group(i)) if i in groups.groups else 0)
/projects/liwh2139/software/anaconda/envs/openff-toolkit/lib/python3.9/site-packages/alchemlyb/estimators/bar_.py:106: FutureWarning: When grouping with a length-1 list-like, you will need to pass a length-1 tuple to get_group in a future version of pandas. Pass `(name,)` instead of `name` to silence this warning.
  uk = groups.get_group(self._states_[k])
/projects/liwh2139/software/anaconda/envs/openff-toolkit/lib/python3.9/site-packages/alchemlyb/estimators/bar_.py:111: FutureWarning: When grouping with a length-1 list-like, you will need to pass a length-1 tuple to get_group in a future version of pandas. Pass `(name,)` instead of `name` to silence this warning.
  uk1 = groups.get_group(self._states_[k + 1])
FE differences in units of Kb_T between each lambda window (TI):
            0.00      0.09      0.18  ...      0.86      0.93      1.00
0.000   0.000000  2.193407  4.301320  ...  6.372633  4.310254  3.607407
0.090  -2.193407  0.000000  2.107913  ...  4.179226  2.116847  1.414000
0.180  -4.301320 -2.107913  0.000000  ...  2.071313  0.008934 -0.693914
0.300  -6.929000 -4.735593 -2.627679  ... -0.556366 -2.618746 -3.321593
0.420  -9.285930 -7.092523 -4.984609  ... -2.913296 -4.975676 -5.678523
0.495 -10.486433 -8.293026 -6.185113  ... -4.113800 -6.176179 -6.879026
0.570 -11.402793 -9.209386 -7.101473  ... -5.030160 -7.092539 -7.795386
0.625 -11.820986 -9.627579 -7.519665  ... -5.448353 -7.510732 -8.213579
0.680 -11.791757 -9.598350 -7.490437  ... -5.419124 -7.481503 -8.184351
0.720 -11.329519 -9.136112 -7.028199  ... -4.956886 -7.019265 -7.722113
0.760 -10.359154 -8.165747 -6.057833  ... -3.986520 -6.048900 -6.751747
0.810  -8.462106 -6.268699 -4.160786  ... -2.089473 -4.151852 -4.854699
0.860  -6.372633 -4.179226 -2.071313  ...  0.000000 -2.062379 -2.765227
0.930  -4.310254 -2.116847 -0.008934  ...  2.062379  0.000000 -0.702847
1.000  -3.607407 -1.414000  0.693914  ...  2.765227  0.702847  0.000000

[15 rows x 15 columns]

Endpoint differences (TI)
3.607406768137179

TI error
           0.00      0.09      0.18  ...      0.86      0.93      1.00
0.000  0.000000  0.019985  0.034941  ...  0.133549  0.138213  0.139551
0.090  0.019985  0.000000  0.021161  ...  0.130623  0.135388  0.136753
0.180  0.034941  0.021161  0.000000  ...  0.126169  0.131096  0.132506
0.300  0.053740  0.045988  0.031164  ...  0.118037  0.123290  0.124788
0.420  0.071281  0.065634  0.056251  ...  0.109159  0.114818  0.116425
0.495  0.080894  0.075965  0.068023  ...  0.102799  0.108789  0.110484
0.570  0.090156  0.085762  0.078813  ...  0.094743  0.101211  0.103031
0.625  0.097363  0.093308  0.086964  ...  0.087472  0.094440  0.096387
0.680  0.105072  0.101326  0.095516  ...  0.077862  0.085615  0.087759
0.720  0.111319  0.107791  0.102348  ...  0.068836  0.077498  0.079859
0.760  0.117794  0.114466  0.109356  ...  0.053804  0.064517  0.067335
0.810  0.126895  0.123811  0.119103  ...  0.027219  0.044815  0.048785
0.860  0.133549  0.130623  0.126169  ...  0.000000  0.024130  0.030885
0.930  0.138213  0.135388  0.131096  ...  0.024130  0.000000  0.012904
1.000  0.139551  0.136753  0.132506  ...  0.030885  0.012904  0.000000

[15 rows x 15 columns]

TI error endpoint difference
0.13955121562140332
FE differences in units of Kb_T between each lambda window (MBAR):
            0.00      0.09      0.18  ...      0.86      0.93      1.00
0.000   0.000000  2.189678  4.299340  ...  6.314498  4.203013  3.520833
0.090  -2.189678  0.000000  2.109661  ...  4.124820  2.013335  1.331155
0.180  -4.299340 -2.109661  0.000000  ...  2.015159 -0.096327 -0.778506
0.300  -6.947135 -4.757457 -2.647795  ... -0.632636 -2.744122 -3.426301
0.420  -9.313188 -7.123510 -5.013849  ... -2.998690 -5.110176 -5.792355
0.495 -10.557057 -8.367379 -6.257718  ... -4.242559 -6.354045 -7.036224
0.570 -11.499496 -9.309818 -7.200156  ... -5.184997 -7.296483 -7.978662
0.625 -11.886283 -9.696605 -7.586943  ... -5.571785 -7.683270 -8.365450
0.680 -11.844733 -9.655055 -7.545394  ... -5.530235 -7.641721 -8.323900
0.720 -11.389480 -9.199802 -7.090140  ... -5.074981 -7.186467 -7.868646
0.760 -10.419029 -8.229351 -6.119689  ... -4.104530 -6.216016 -6.898195
0.810  -8.465044 -6.275365 -4.165704  ... -2.150545 -4.262031 -4.944210
0.860  -6.314498 -4.124820 -2.015159  ...  0.000000 -2.111486 -2.793665
0.930  -4.203013 -2.013335  0.096327  ...  2.111486  0.000000 -0.682179
1.000  -3.520833 -1.331155  0.778506  ...  2.793665  0.682179  0.000000

[15 rows x 15 columns]

Endpoint differences (MBAR)
3.520833223654405

MBAR error
           0.00      0.09      0.18  ...      0.86      0.93      1.00
0.000  0.000000  0.001595  0.003026  ...  0.012980  0.013435  0.013662
0.090  0.001595  0.000000  0.001641  ...  0.012635  0.013102  0.013335
0.180  0.003026  0.001641  0.000000  ...  0.012233  0.012714  0.012955
0.300  0.004812  0.003813  0.002490  ...  0.011541  0.012050  0.012304
0.420  0.006473  0.005749  0.004806  ...  0.010707  0.011254  0.011525
0.495  0.007421  0.006799  0.006018  ...  0.010101  0.010679  0.010964
0.570  0.008344  0.007797  0.007126  ...  0.009366  0.009987  0.010292
0.625  0.009051  0.008549  0.007942  ...  0.008687  0.009353  0.009677
0.680  0.009831  0.009371  0.008821  ...  0.007783  0.008520  0.008875
0.720  0.010476  0.010045  0.009534  ...  0.006822  0.007655  0.008047
0.760  0.011226  0.010825  0.010353  ...  0.005216  0.006263  0.006740
0.810  0.012268  0.011903  0.011475  ...  0.002327  0.003822  0.004533
0.860  0.012980  0.012635  0.012233  ...  0.000000  0.001773  0.002731
0.930  0.013435  0.013102  0.012714  ...  0.001773  0.000000  0.001107
1.000  0.013662  0.013335  0.012955  ...  0.002731  0.001107  0.000000

[15 rows x 15 columns]

MBAR error endpoint difference
0.013662331666102123
FE differences in units of Kb_T between each lambda window (BAR):
            0.00      0.09      0.18  ...      0.86      0.93      1.00
0.000   0.000000  2.188558  4.295271  ...  6.303723  4.192301  3.510957
0.090  -2.188558  0.000000  2.106713  ...  4.115165  2.003743  1.322399
0.180  -4.295271 -2.106713  0.000000  ...  2.008452 -0.102970 -0.784314
0.300  -6.940046 -4.751489 -2.644775  ... -0.636323 -2.747745 -3.429090
0.420  -9.305965 -7.117407 -5.010694  ... -3.002242 -5.113664 -5.795008
0.495 -10.548794 -8.360236 -6.253522  ... -4.245071 -6.356492 -7.037837
0.570 -11.490063 -9.301505 -7.194792  ... -5.186340 -7.297762 -7.979106
0.625 -11.876266 -9.687708 -7.580995  ... -5.572543 -7.683964 -8.365309
0.680 -11.834841 -9.646283 -7.539570  ... -5.531118 -7.642540 -8.323884
0.720 -11.378842 -9.190284 -7.083571  ... -5.075119 -7.186541 -7.867885
0.760 -10.407360 -8.218802 -6.112089  ... -4.103637 -6.215059 -6.896403
0.810  -8.454845 -6.266287 -4.159574  ... -2.151122 -4.262544 -4.943888
0.860  -6.303723 -4.115165 -2.008452  ...  0.000000 -2.111422 -2.792766
0.930  -4.192301 -2.003743  0.102970  ...  2.111422  0.000000 -0.681344
1.000  -3.510957 -1.322399  0.784314  ...  2.792766  0.681344  0.000000

[15 rows x 15 columns]

Endpoint differences (BAR)
3.5109567992693496

BAR error
           0.00      0.09      0.18  ...      0.86      0.93      1.00
0.000  0.000000  0.002015       NaN  ...       NaN       NaN       NaN
0.090  0.002015  0.000000  0.002109  ...       NaN       NaN       NaN
0.180       NaN  0.002109  0.000000  ...       NaN       NaN       NaN
0.300       NaN       NaN  0.003052  ...       NaN       NaN       NaN
0.420       NaN       NaN       NaN  ...       NaN       NaN       NaN
0.495       NaN       NaN       NaN  ...       NaN       NaN       NaN
0.570       NaN       NaN       NaN  ...       NaN       NaN       NaN
0.625       NaN       NaN       NaN  ...       NaN       NaN       NaN
0.680       NaN       NaN       NaN  ...       NaN       NaN       NaN
0.720       NaN       NaN       NaN  ...       NaN       NaN       NaN
0.760       NaN       NaN       NaN  ...       NaN       NaN       NaN
0.810       NaN       NaN       NaN  ...  0.002832       NaN       NaN
0.860       NaN       NaN       NaN  ...  0.000000  0.002244       NaN
0.930       NaN       NaN       NaN  ...  0.002244  0.000000  0.001297
1.000       NaN       NaN       NaN  ...       NaN  0.001297  0.000000

[15 rows x 15 columns]

BAR error endpoint difference
nan
