Warning on use of the timeseries module: If the inherent timescales of the system are long compared to those being analyzed, this statistical inefficiency may be an underestimate.  The estimate presumes the use of many statistically independent samples.  Tests should be performed to assess whether this condition is satisfied.   Be cautious in the interpretation of the data.

****** PyMBAR will use 64-bit JAX! *******
* JAX is currently set to 32-bit bitsize *
* which is its default.                  *
*                                        *
* PyMBAR requires 64-bit mode and WILL   *
* enable JAX's 64-bit mode when called.  *
*                                        *
* This MAY cause problems with other     *
* Uses of JAX in the same code.          *
******************************************

2024-09-22 14:36:30.075 | DEBUG    | alchemlyb.preprocessing.subsampling:statistical_inefficiency:520 - Running statistical inefficiency analysis.
2024-09-22 14:36:30.620 | DEBUG    | alchemlyb.preprocessing.subsampling:statistical_inefficiency:522 - Statistical inefficiency: 93.49.
2024-09-22 14:36:30.621 | DEBUG    | alchemlyb.preprocessing.subsampling:statistical_inefficiency:528 - Number of uncorrelated samples: 10633.
2024-09-22 14:36:31.502 | DEBUG    | alchemlyb.preprocessing.subsampling:statistical_inefficiency:520 - Running statistical inefficiency analysis.
2024-09-22 14:36:31.511 | DEBUG    | alchemlyb.preprocessing.subsampling:statistical_inefficiency:522 - Statistical inefficiency: 1.00.
2024-09-22 14:36:31.512 | DEBUG    | alchemlyb.preprocessing.subsampling:statistical_inefficiency:528 - Number of uncorrelated samples: 999501.
/projects/liwh2139/software/anaconda/envs/openff-toolkit/lib/python3.9/site-packages/alchemlyb/estimators/mbar_.py:106: FutureWarning: When grouping with a length-1 list-like, you will need to pass a length-1 tuple to get_group in a future version of pandas. Pass `(name,)` instead of `name` to silence this warning.
  (len(groups.get_group(i)) if i in groups.groups else 0)

******* JAX 64-bit mode is now on! *******
*     JAX is now set to 64-bit mode!     *
*   This MAY cause problems with other   *
*      uses of JAX in the same code.     *
******************************************

/projects/liwh2139/software/anaconda/envs/openff-toolkit/lib/python3.9/site-packages/alchemlyb/estimators/bar_.py:97: FutureWarning: When grouping with a length-1 list-like, you will need to pass a length-1 tuple to get_group in a future version of pandas. Pass `(name,)` instead of `name` to silence this warning.
  (len(groups.get_group(i)) if i in groups.groups else 0)
/projects/liwh2139/software/anaconda/envs/openff-toolkit/lib/python3.9/site-packages/alchemlyb/estimators/bar_.py:106: FutureWarning: When grouping with a length-1 list-like, you will need to pass a length-1 tuple to get_group in a future version of pandas. Pass `(name,)` instead of `name` to silence this warning.
  uk = groups.get_group(self._states_[k])
/projects/liwh2139/software/anaconda/envs/openff-toolkit/lib/python3.9/site-packages/alchemlyb/estimators/bar_.py:111: FutureWarning: When grouping with a length-1 list-like, you will need to pass a length-1 tuple to get_group in a future version of pandas. Pass `(name,)` instead of `name` to silence this warning.
  uk1 = groups.get_group(self._states_[k + 1])
FE differences in units of Kb_T between each lambda window (TI):
            0.00      0.09      0.18  ...      0.86      0.93      1.00
0.000   0.000000  2.186013  4.291699  ...  6.205949  4.109190  3.402275
0.090  -2.186013  0.000000  2.105686  ...  4.019936  1.923177  1.216262
0.180  -4.291699 -2.105686  0.000000  ...  1.914250 -0.182509 -0.889425
0.300  -6.947883 -4.761870 -2.656184  ... -0.741934 -2.838693 -3.545608
0.420  -9.360266 -7.174253 -5.068566  ... -3.154317 -5.251076 -5.957991
0.495 -10.616667 -8.430654 -6.324967  ... -4.410718 -6.507477 -7.214392
0.570 -11.562820 -9.376807 -7.271121  ... -5.356871 -7.453630 -8.160545
0.625 -11.942823 -9.756810 -7.651124  ... -5.736874 -7.833633 -8.540549
0.680 -11.806765 -9.620752 -7.515065  ... -5.600816 -7.697575 -8.404490
0.720 -11.284618 -9.098605 -6.992918  ... -5.078669 -7.175428 -7.882343
0.760 -10.278055 -8.092042 -5.986356  ... -4.072106 -6.168865 -6.875780
0.810  -8.338180 -6.152167 -4.046481  ... -2.132231 -4.228990 -4.935906
0.860  -6.205949 -4.019936 -1.914250  ...  0.000000 -2.096759 -2.803674
0.930  -4.109190 -1.923177  0.182509  ...  2.096759  0.000000 -0.706915
1.000  -3.402275 -1.216262  0.889425  ...  2.803674  0.706915  0.000000

[15 rows x 15 columns]

Endpoint differences (TI)
3.402274603823614

TI error
           0.00      0.09      0.18  ...      0.86      0.93      1.00
0.000  0.000000  0.019676  0.034389  ...  0.133020  0.137072  0.138484
0.090  0.019676  0.000000  0.019982  ...  0.130042  0.134185  0.135626
0.180  0.034389  0.019982  0.000000  ...  0.126393  0.130651  0.132131
0.300  0.050549  0.042093  0.028914  ...  0.119090  0.123600  0.125163
0.420  0.068402  0.062414  0.054404  ...  0.110248  0.115105  0.116782
0.495  0.078952  0.073825  0.067189  ...  0.103011  0.108193  0.109976
0.570  0.089079  0.084568  0.078842  ...  0.095564  0.101129  0.103034
0.625  0.095714  0.091530  0.086267  ...  0.088283  0.094278  0.096319
0.680  0.104167  0.100336  0.095559  ...  0.077453  0.084223  0.086501
0.720  0.111249  0.107671  0.103234  ...  0.067603  0.075264  0.077805
0.760  0.117912  0.114542  0.110382  ...  0.052707  0.062230  0.065280
0.810  0.126626  0.123494  0.119645  ...  0.026285  0.042254  0.046630
0.860  0.133020  0.130042  0.126393  ...  0.000000  0.022740  0.030101
0.930  0.137072  0.134185  0.130651  ...  0.022740  0.000000  0.012773
1.000  0.138484  0.135626  0.132131  ...  0.030101  0.012773  0.000000

[15 rows x 15 columns]

TI error endpoint difference
0.13848382968092132
FE differences in units of Kb_T between each lambda window (MBAR):
            0.00      0.09      0.18  ...      0.86      0.93      1.00
0.000   0.000000  2.198302  4.317968  ...  6.356557  4.234317  3.549243
0.090  -2.198302  0.000000  2.119666  ...  4.158255  2.036015  1.350941
0.180  -4.317968 -2.119666  0.000000  ...  2.038589 -0.083650 -0.768725
0.300  -6.978761 -4.780458 -2.660793  ... -0.622204 -2.744443 -3.429518
0.420  -9.358211 -7.159909 -5.040244  ... -3.001654 -5.123894 -5.808968
0.495 -10.612390 -8.414088 -6.294422  ... -4.255833 -6.378073 -7.063147
0.570 -11.567493 -9.369191 -7.249525  ... -5.210936 -7.333176 -8.018250
0.625 -11.961978 -9.763676 -7.644010  ... -5.605421 -7.727661 -8.412735
0.680 -11.928483 -9.730181 -7.610516  ... -5.571926 -7.694166 -8.379240
0.720 -11.478806 -9.280503 -7.160838  ... -5.122249 -7.244488 -7.929563
0.760 -10.503415 -8.305113 -6.185447  ... -4.146858 -6.269097 -6.954172
0.810  -8.526287 -6.327985 -4.208320  ... -2.169730 -4.291970 -4.977044
0.860  -6.356557 -4.158255 -2.038589  ...  0.000000 -2.122240 -2.807314
0.930  -4.234317 -2.036015  0.083650  ...  2.122240  0.000000 -0.685074
1.000  -3.549243 -1.350941  0.768725  ...  2.807314  0.685074  0.000000

[15 rows x 15 columns]

Endpoint differences (MBAR)
3.54924289112223

MBAR error
           0.00      0.09      0.18  ...      0.86      0.93      1.00
0.000  0.000000  0.001558  0.002962  ...  0.013076  0.013523  0.013745
0.090  0.001558  0.000000  0.001609  ...  0.012748  0.013206  0.013434
0.180  0.002962  0.001609  0.000000  ...  0.012362  0.012835  0.013069
0.300  0.004731  0.003759  0.002462  ...  0.011692  0.012190  0.012436
0.420  0.006389  0.005687  0.004766  ...  0.010876  0.011409  0.011672
0.495  0.007343  0.006742  0.005981  ...  0.010276  0.010840  0.011116
0.570  0.008281  0.007754  0.007102  ...  0.009542  0.010146  0.010441
0.625  0.009008  0.008525  0.007937  ...  0.008855  0.009503  0.009817
0.680  0.009814  0.009373  0.008842  ...  0.007938  0.008655  0.008998
0.720  0.010484  0.010072  0.009580  ...  0.006947  0.007758  0.008139
0.760  0.011275  0.010893  0.010439  ...  0.005280  0.006307  0.006773
0.810  0.012359  0.012012  0.011602  ...  0.002327  0.003804  0.004505
0.860  0.013076  0.012748  0.012362  ...  0.000000  0.001754  0.002701
0.930  0.013523  0.013206  0.012835  ...  0.001754  0.000000  0.001093
1.000  0.013745  0.013434  0.013069  ...  0.002701  0.001093  0.000000

[15 rows x 15 columns]

MBAR error endpoint difference
0.013744999886317078
FE differences in units of Kb_T between each lambda window (BAR):
            0.00      0.09      0.18  ...      0.86      0.93      1.00
0.000   0.000000  2.196916  4.317388  ...  6.356410  4.233350  3.548911
0.090  -2.196916  0.000000  2.120473  ...  4.159495  2.036434  1.351995
0.180  -4.317388 -2.120473  0.000000  ...  2.039022 -0.084038 -0.768477
0.300  -6.978312 -4.781397 -2.660924  ... -0.621902 -2.744962 -3.429401
0.420  -9.355777 -7.158861 -5.038389  ... -2.999366 -5.122427 -5.806866
0.495 -10.609688 -8.412773 -6.292300  ... -4.253278 -6.376339 -7.060778
0.570 -11.566166 -9.369250 -7.248777  ... -5.209755 -7.332816 -8.017255
0.625 -11.959681 -9.762765 -7.642293  ... -5.603270 -7.726331 -8.410770
0.680 -11.926587 -9.729671 -7.609198  ... -5.570176 -7.693237 -8.377676
0.720 -11.478935 -9.282019 -7.161546  ... -5.122524 -7.245585 -7.930024
0.760 -10.503900 -8.306985 -6.186512  ... -4.147490 -6.270550 -6.954989
0.810  -8.526987 -6.330071 -4.209599  ... -2.170576 -4.293637 -4.978076
0.860  -6.356410 -4.159495 -2.039022  ...  0.000000 -2.123061 -2.807500
0.930  -4.233350 -2.036434  0.084038  ...  2.123061  0.000000 -0.684439
1.000  -3.548911 -1.351995  0.768477  ...  2.807500  0.684439  0.000000

[15 rows x 15 columns]

Endpoint differences (BAR)
3.5489108503899143

BAR error
           0.00      0.09      0.18  ...      0.86      0.93     1.00
0.000  0.000000  0.001966       NaN  ...       NaN       NaN      NaN
0.090  0.001966  0.000000  0.002064  ...       NaN       NaN      NaN
0.180       NaN  0.002064  0.000000  ...       NaN       NaN      NaN
0.300       NaN       NaN  0.003012  ...       NaN       NaN      NaN
0.420       NaN       NaN       NaN  ...       NaN       NaN      NaN
0.495       NaN       NaN       NaN  ...       NaN       NaN      NaN
0.570       NaN       NaN       NaN  ...       NaN       NaN      NaN
0.625       NaN       NaN       NaN  ...       NaN       NaN      NaN
0.680       NaN       NaN       NaN  ...       NaN       NaN      NaN
0.720       NaN       NaN       NaN  ...       NaN       NaN      NaN
0.760       NaN       NaN       NaN  ...       NaN       NaN      NaN
0.810       NaN       NaN       NaN  ...  0.002825       NaN      NaN
0.860       NaN       NaN       NaN  ...  0.000000  0.002221      NaN
0.930       NaN       NaN       NaN  ...  0.002221  0.000000  0.00128
1.000       NaN       NaN       NaN  ...       NaN  0.001280  0.00000

[15 rows x 15 columns]

BAR error endpoint difference
nan
