Warning on use of the timeseries module: If the inherent timescales of the system are long compared to those being analyzed, this statistical inefficiency may be an underestimate.  The estimate presumes the use of many statistically independent samples.  Tests should be performed to assess whether this condition is satisfied.   Be cautious in the interpretation of the data.

****** PyMBAR will use 64-bit JAX! *******
* JAX is currently set to 32-bit bitsize *
* which is its default.                  *
*                                        *
* PyMBAR requires 64-bit mode and WILL   *
* enable JAX's 64-bit mode when called.  *
*                                        *
* This MAY cause problems with other     *
* Uses of JAX in the same code.          *
******************************************

2024-09-22 13:48:18.339 | DEBUG    | alchemlyb.preprocessing.subsampling:statistical_inefficiency:520 - Running statistical inefficiency analysis.
2024-09-22 13:48:18.763 | DEBUG    | alchemlyb.preprocessing.subsampling:statistical_inefficiency:522 - Statistical inefficiency: 95.53.
2024-09-22 13:48:18.764 | DEBUG    | alchemlyb.preprocessing.subsampling:statistical_inefficiency:528 - Number of uncorrelated samples: 10412.
2024-09-22 13:48:19.518 | DEBUG    | alchemlyb.preprocessing.subsampling:statistical_inefficiency:520 - Running statistical inefficiency analysis.
2024-09-22 13:48:19.526 | DEBUG    | alchemlyb.preprocessing.subsampling:statistical_inefficiency:522 - Statistical inefficiency: 1.00.
2024-09-22 13:48:19.527 | DEBUG    | alchemlyb.preprocessing.subsampling:statistical_inefficiency:528 - Number of uncorrelated samples: 999501.
/projects/liwh2139/software/anaconda/envs/openff-toolkit/lib/python3.9/site-packages/alchemlyb/estimators/mbar_.py:106: FutureWarning: When grouping with a length-1 list-like, you will need to pass a length-1 tuple to get_group in a future version of pandas. Pass `(name,)` instead of `name` to silence this warning.
  (len(groups.get_group(i)) if i in groups.groups else 0)

******* JAX 64-bit mode is now on! *******
*     JAX is now set to 64-bit mode!     *
*   This MAY cause problems with other   *
*      uses of JAX in the same code.     *
******************************************

/projects/liwh2139/software/anaconda/envs/openff-toolkit/lib/python3.9/site-packages/alchemlyb/estimators/bar_.py:97: FutureWarning: When grouping with a length-1 list-like, you will need to pass a length-1 tuple to get_group in a future version of pandas. Pass `(name,)` instead of `name` to silence this warning.
  (len(groups.get_group(i)) if i in groups.groups else 0)
/projects/liwh2139/software/anaconda/envs/openff-toolkit/lib/python3.9/site-packages/alchemlyb/estimators/bar_.py:106: FutureWarning: When grouping with a length-1 list-like, you will need to pass a length-1 tuple to get_group in a future version of pandas. Pass `(name,)` instead of `name` to silence this warning.
  uk = groups.get_group(self._states_[k])
/projects/liwh2139/software/anaconda/envs/openff-toolkit/lib/python3.9/site-packages/alchemlyb/estimators/bar_.py:111: FutureWarning: When grouping with a length-1 list-like, you will need to pass a length-1 tuple to get_group in a future version of pandas. Pass `(name,)` instead of `name` to silence this warning.
  uk1 = groups.get_group(self._states_[k + 1])
FE differences in units of Kb_T between each lambda window (TI):
            0.00      0.09      0.18  ...      0.86      0.93      1.00
0.000   0.000000  2.199669  4.293747  ...  6.214005  4.154991  3.482473
0.090  -2.199669  0.000000  2.094078  ...  4.014336  1.955322  1.282804
0.180  -4.293747 -2.094078  0.000000  ...  1.920257 -0.138756 -0.811274
0.300  -6.920309 -4.720640 -2.626562  ... -0.706304 -2.765318 -3.437836
0.420  -9.250432 -7.050763 -4.956684  ... -3.036427 -5.095441 -5.767958
0.495 -10.454641 -8.254972 -6.160893  ... -4.240636 -6.299649 -6.972167
0.570 -11.398661 -9.198992 -7.104913  ... -5.184656 -7.243669 -7.916187
0.625 -11.795230 -9.595560 -7.501482  ... -5.581225 -7.640238 -8.312756
0.680 -11.676931 -9.477262 -7.383184  ... -5.462926 -7.521940 -8.194458
0.720 -11.189480 -8.989811 -6.895733  ... -4.975475 -7.034489 -7.707007
0.760 -10.219494 -8.019825 -5.925747  ... -4.005489 -6.064503 -6.737021
0.810  -8.307587 -6.107918 -4.013839  ... -2.093582 -4.152596 -4.825114
0.860  -6.214005 -4.014336 -1.920257  ...  0.000000 -2.059014 -2.731531
0.930  -4.154991 -1.955322  0.138756  ...  2.059014  0.000000 -0.672518
1.000  -3.482473 -1.282804  0.811274  ...  2.731531  0.672518  0.000000

[15 rows x 15 columns]

Endpoint differences (TI)
3.4824733052016894

TI error
           0.00      0.09      0.18  ...      0.86      0.93      1.00
0.000  0.000000  0.019319  0.033950  ...  0.136464  0.141427  0.142874
0.090  0.019319  0.000000  0.020296  ...  0.133722  0.138784  0.140258
0.180  0.033950  0.020296  0.000000  ...  0.129851  0.135058  0.136572
0.300  0.051080  0.043226  0.029121  ...  0.122998  0.128483  0.130073
0.420  0.068722  0.063103  0.054421  ...  0.113651  0.119566  0.121274
0.495  0.080084  0.075317  0.068208  ...  0.106808  0.113081  0.114885
0.570  0.089837  0.085615  0.079432  ...  0.099415  0.106126  0.108046
0.625  0.096582  0.092668  0.086989  ...  0.092769  0.099927  0.101964
0.680  0.104559  0.100955  0.095768  ...  0.082810  0.090757  0.092995
0.720  0.111520  0.108148  0.103323  ...  0.073807  0.082625  0.085077
0.760  0.118449  0.115280  0.110765  ...  0.058113  0.068967  0.071887
0.810  0.128814  0.125906  0.121786  ...  0.029208  0.047249  0.051417
0.860  0.136464  0.133722  0.129851  ...  0.000000  0.025246  0.032383
0.930  0.141427  0.138784  0.135058  ...  0.025246  0.000000  0.013241
1.000  0.142874  0.140258  0.136572  ...  0.032383  0.013241  0.000000

[15 rows x 15 columns]

TI error endpoint difference
0.1428740961144679
FE differences in units of Kb_T between each lambda window (MBAR):
            0.00      0.09      0.18  ...      0.86      0.93      1.00
0.000   0.000000  2.212310  4.347265  ...  6.469980  4.357565  3.672935
0.090  -2.212310  0.000000  2.134954  ...  4.257670  2.145255  1.460625
0.180  -4.347265 -2.134954  0.000000  ...  2.122715  0.010301 -0.674329
0.300  -7.027666 -4.815356 -2.680401  ... -0.557686 -2.670101 -3.354731
0.420  -9.419813 -7.207502 -5.072548  ... -2.949833 -5.062247 -5.746877
0.495 -10.680150 -8.467840 -6.332886  ... -4.210170 -6.322585 -7.007215
0.570 -11.642084 -9.429774 -7.294820  ... -5.172104 -7.284519 -7.969149
0.625 -12.044390 -9.832079 -7.697125  ... -5.574410 -7.686824 -8.371454
0.680 -12.014599 -9.802289 -7.667335  ... -5.544619 -7.657034 -8.341664
0.720 -11.560784 -9.348474 -7.213519  ... -5.090804 -7.203218 -7.887848
0.760 -10.583178 -8.370868 -6.235914  ... -4.113198 -6.225613 -6.910243
0.810  -8.621158 -6.408847 -4.273893  ... -2.151178 -4.263592 -4.948222
0.860  -6.469980 -4.257670 -2.122715  ...  0.000000 -2.112415 -2.797045
0.930  -4.357565 -2.145255 -0.010301  ...  2.112415  0.000000 -0.684630
1.000  -3.672935 -1.460625  0.674329  ...  2.797045  0.684630  0.000000

[15 rows x 15 columns]

Endpoint differences (MBAR)
3.672935330494603

MBAR error
           0.00      0.09      0.18  ...      0.86      0.93      1.00
0.000  0.000000  0.001517  0.002894  ...  0.013085  0.013551  0.013784
0.090  0.001517  0.000000  0.001577  ...  0.012773  0.013250  0.013488
0.180  0.002894  0.001577  0.000000  ...  0.012401  0.012891  0.013136
0.300  0.004652  0.003711  0.002444  ...  0.011738  0.012255  0.012513
0.420  0.006326  0.005651  0.004755  ...  0.010924  0.011478  0.011752
0.495  0.007290  0.006713  0.005973  ...  0.010323  0.010908  0.011196
0.570  0.008239  0.007734  0.007102  ...  0.009585  0.010212  0.010519
0.625  0.008976  0.008515  0.007945  ...  0.008892  0.009564  0.009891
0.680  0.009800  0.009379  0.008865  ...  0.007958  0.008702  0.009061
0.720  0.010484  0.010091  0.009616  ...  0.006958  0.007801  0.008199
0.760  0.011277  0.010913  0.010475  ...  0.005300  0.006364  0.006849
0.810  0.012357  0.012026  0.011629  ...  0.002361  0.003881  0.004603
0.860  0.013085  0.012773  0.012401  ...  0.000000  0.001803  0.002775
0.930  0.013551  0.013250  0.012891  ...  0.001803  0.000000  0.001124
1.000  0.013784  0.013488  0.013136  ...  0.002775  0.001124  0.000000

[15 rows x 15 columns]

MBAR error endpoint difference
0.013783963784562316
FE differences in units of Kb_T between each lambda window (BAR):
            0.00      0.09      0.18  ...      0.86      0.93      1.00
0.000   0.000000  2.211552  4.345963  ...  6.466555  4.351646  3.668711
0.090  -2.211552  0.000000  2.134411  ...  4.255003  2.140095  1.457159
0.180  -4.345963 -2.134411  0.000000  ...  2.120592  0.005683 -0.677252
0.300  -7.026301 -4.814750 -2.680338  ... -0.559746 -2.674655 -3.357591
0.420  -9.419894 -7.208342 -5.073931  ... -2.953339 -5.068248 -5.751183
0.495 -10.681120 -8.469568 -6.335157  ... -4.214565 -6.329473 -7.012409
0.570 -11.640881 -9.429329 -7.294918  ... -5.174326 -7.289234 -7.972170
0.625 -12.041685 -9.830133 -7.695722  ... -5.575130 -7.690038 -8.372974
0.680 -12.013132 -9.801580 -7.667169  ... -5.546577 -7.661486 -8.344421
0.720 -11.557803 -9.346251 -7.211840  ... -5.091248 -7.206156 -7.889092
0.760 -10.579159 -8.367607 -6.233196  ... -4.112603 -6.227512 -6.910448
0.810  -8.620278 -6.408726 -4.274315  ... -2.153723 -4.268632 -4.951567
0.860  -6.466555 -4.255003 -2.120592  ...  0.000000 -2.114909 -2.797844
0.930  -4.351646 -2.140095 -0.005683  ...  2.114909  0.000000 -0.682935
1.000  -3.668711 -1.457159  0.677252  ...  2.797844  0.682935  0.000000

[15 rows x 15 columns]

Endpoint differences (BAR)
3.6687109740063026

BAR error
           0.00      0.09      0.18  ...      0.86      0.93      1.00
0.000  0.000000  0.001904       NaN  ...       NaN       NaN       NaN
0.090  0.001904  0.000000  0.002024  ...       NaN       NaN       NaN
0.180       NaN  0.002024  0.000000  ...       NaN       NaN       NaN
0.300       NaN       NaN  0.002984  ...       NaN       NaN       NaN
0.420       NaN       NaN       NaN  ...       NaN       NaN       NaN
0.495       NaN       NaN       NaN  ...       NaN       NaN       NaN
0.570       NaN       NaN       NaN  ...       NaN       NaN       NaN
0.625       NaN       NaN       NaN  ...       NaN       NaN       NaN
0.680       NaN       NaN       NaN  ...       NaN       NaN       NaN
0.720       NaN       NaN       NaN  ...       NaN       NaN       NaN
0.760       NaN       NaN       NaN  ...       NaN       NaN       NaN
0.810       NaN       NaN       NaN  ...  0.002877       NaN       NaN
0.860       NaN       NaN       NaN  ...  0.000000  0.002279       NaN
0.930       NaN       NaN       NaN  ...  0.002279  0.000000  0.001316
1.000       NaN       NaN       NaN  ...       NaN  0.001316  0.000000

[15 rows x 15 columns]

BAR error endpoint difference
nan
