Warning on use of the timeseries module: If the inherent timescales of the system are long compared to those being analyzed, this statistical inefficiency may be an underestimate.  The estimate presumes the use of many statistically independent samples.  Tests should be performed to assess whether this condition is satisfied.   Be cautious in the interpretation of the data.

****** PyMBAR will use 64-bit JAX! *******
* JAX is currently set to 32-bit bitsize *
* which is its default.                  *
*                                        *
* PyMBAR requires 64-bit mode and WILL   *
* enable JAX's 64-bit mode when called.  *
*                                        *
* This MAY cause problems with other     *
* Uses of JAX in the same code.          *
******************************************

2024-09-10 08:14:58.239 | DEBUG    | alchemlyb.preprocessing.subsampling:statistical_inefficiency:520 - Running statistical inefficiency analysis.
2024-09-10 08:14:58.678 | DEBUG    | alchemlyb.preprocessing.subsampling:statistical_inefficiency:522 - Statistical inefficiency: 95.80.
2024-09-10 08:14:58.679 | DEBUG    | alchemlyb.preprocessing.subsampling:statistical_inefficiency:528 - Number of uncorrelated samples: 10412.
2024-09-10 08:14:59.461 | DEBUG    | alchemlyb.preprocessing.subsampling:statistical_inefficiency:520 - Running statistical inefficiency analysis.
2024-09-10 08:14:59.469 | DEBUG    | alchemlyb.preprocessing.subsampling:statistical_inefficiency:522 - Statistical inefficiency: 1.00.
2024-09-10 08:14:59.470 | DEBUG    | alchemlyb.preprocessing.subsampling:statistical_inefficiency:528 - Number of uncorrelated samples: 999501.
/projects/liwh2139/software/anaconda/envs/openff-toolkit/lib/python3.9/site-packages/alchemlyb/estimators/mbar_.py:106: FutureWarning: When grouping with a length-1 list-like, you will need to pass a length-1 tuple to get_group in a future version of pandas. Pass `(name,)` instead of `name` to silence this warning.
  (len(groups.get_group(i)) if i in groups.groups else 0)

******* JAX 64-bit mode is now on! *******
*     JAX is now set to 64-bit mode!     *
*   This MAY cause problems with other   *
*      uses of JAX in the same code.     *
******************************************

/projects/liwh2139/software/anaconda/envs/openff-toolkit/lib/python3.9/site-packages/alchemlyb/estimators/bar_.py:97: FutureWarning: When grouping with a length-1 list-like, you will need to pass a length-1 tuple to get_group in a future version of pandas. Pass `(name,)` instead of `name` to silence this warning.
  (len(groups.get_group(i)) if i in groups.groups else 0)
/projects/liwh2139/software/anaconda/envs/openff-toolkit/lib/python3.9/site-packages/alchemlyb/estimators/bar_.py:106: FutureWarning: When grouping with a length-1 list-like, you will need to pass a length-1 tuple to get_group in a future version of pandas. Pass `(name,)` instead of `name` to silence this warning.
  uk = groups.get_group(self._states_[k])
/projects/liwh2139/software/anaconda/envs/openff-toolkit/lib/python3.9/site-packages/alchemlyb/estimators/bar_.py:111: FutureWarning: When grouping with a length-1 list-like, you will need to pass a length-1 tuple to get_group in a future version of pandas. Pass `(name,)` instead of `name` to silence this warning.
  uk1 = groups.get_group(self._states_[k + 1])
FE differences in units of Kb_T between each lambda window (TI):
            0.00      0.09      0.18  ...      0.86      0.93      1.00
0.000   0.000000  2.218523  4.379467  ...  6.799462  4.731404  4.037207
0.090  -2.218523  0.000000  2.160944  ...  4.580939  2.512881  1.818683
0.180  -4.379467 -2.160944  0.000000  ...  2.419995  0.351936 -0.342261
0.300  -7.092031 -4.873508 -2.712564  ... -0.292569 -2.360628 -3.054825
0.420  -9.508130 -7.289607 -5.128662  ... -2.708668 -4.776726 -5.470923
0.495 -10.801954 -8.583431 -6.422487  ... -4.002492 -6.070551 -6.764748
0.570 -11.737604 -9.519081 -7.358136  ... -4.938141 -7.006200 -7.700397
0.625 -12.108458 -9.889935 -7.728991  ... -5.308996 -7.377055 -8.071252
0.680 -12.105830 -9.887307 -7.726362  ... -5.306368 -7.374426 -8.068623
0.720 -11.681612 -9.463088 -7.302144  ... -4.882149 -6.950208 -7.644405
0.760 -10.742026 -8.523503 -6.362558  ... -3.942564 -6.010622 -6.704819
0.810  -8.879927 -6.661404 -4.500459  ... -2.080465 -4.148523 -4.842720
0.860  -6.799462 -4.580939 -2.419995  ...  0.000000 -2.068059 -2.762256
0.930  -4.731404 -2.512881 -0.351936  ...  2.068059  0.000000 -0.694197
1.000  -4.037207 -1.818683  0.342261  ...  2.762256  0.694197  0.000000

[15 rows x 15 columns]

Endpoint differences (TI)
4.037206550285194

TI error
           0.00      0.09      0.18  ...      0.86      0.93      1.00
0.000  0.000000  0.018523  0.033703  ...  0.137005  0.142249  0.143916
0.090  0.018523  0.000000  0.020110  ...  0.134309  0.139654  0.141352
0.180  0.033703  0.020110  0.000000  ...  0.130666  0.136155  0.137896
0.300  0.050359  0.042480  0.028973  ...  0.123705  0.129489  0.131318
0.420  0.068250  0.062662  0.054419  ...  0.114917  0.121121  0.123075
0.495  0.078638  0.073841  0.066987  ...  0.109151  0.115665  0.117709
0.570  0.088204  0.083955  0.077995  ...  0.100643  0.107673  0.109866
0.625  0.096723  0.092865  0.087514  ...  0.092837  0.100415  0.102763
0.680  0.105360  0.101829  0.096975  ...  0.082874  0.091283  0.093860
0.720  0.112144  0.108834  0.104305  ...  0.073681  0.083026  0.085851
0.760  0.119109  0.115998  0.111760  ...  0.058534  0.069934  0.073265
0.810  0.129125  0.126261  0.122379  ...  0.029749  0.048471  0.053164
0.860  0.137005  0.134309  0.130666  ...  0.000000  0.026141  0.034064
0.930  0.142249  0.139654  0.136155  ...  0.026141  0.000000  0.014278
1.000  0.143916  0.141352  0.137896  ...  0.034064  0.014278  0.000000

[15 rows x 15 columns]

TI error endpoint difference
0.14391580788453548
FE differences in units of Kb_T between each lambda window (MBAR):
            0.00      0.09      0.18  ...      0.86      0.93      1.00
0.000   0.000000  2.242588  4.403515  ...  6.752937  4.647437  3.971380
0.090  -2.242588  0.000000  2.160927  ...  4.510349  2.404849  1.728792
0.180  -4.403515 -2.160927  0.000000  ...  2.349422  0.243922 -0.432135
0.300  -7.116866 -4.874278 -2.713351  ... -0.363930 -2.469430 -3.145486
0.420  -9.545696 -7.303108 -5.142181  ... -2.792759 -4.898259 -5.574316
0.495 -10.830699 -8.588110 -6.427184  ... -4.077762 -6.183262 -6.859319
0.570 -11.817044 -9.574456 -7.413529  ... -5.064107 -7.169607 -7.845664
0.625 -12.234006 -9.991418 -7.830491  ... -5.481069 -7.586569 -8.262626
0.680 -12.220235 -9.977647 -7.816720  ... -5.467299 -7.572799 -8.248855
0.720 -11.787295 -9.544707 -7.383780  ... -5.034359 -7.139859 -7.815915
0.760 -10.839882 -8.597293 -6.436367  ... -4.086945 -6.192445 -6.868502
0.810  -8.900054 -6.657466 -4.496540  ... -2.147118 -4.252618 -4.928675
0.860  -6.752937 -4.510349 -2.349422  ...  0.000000 -2.105500 -2.781557
0.930  -4.647437 -2.404849 -0.243922  ...  2.105500  0.000000 -0.676057
1.000  -3.971380 -1.728792  0.432135  ...  2.781557  0.676057  0.000000

[15 rows x 15 columns]

Endpoint differences (MBAR)
3.9713799456840846

MBAR error
           0.00      0.09      0.18  ...      0.86      0.93      1.00
0.000  0.000000  0.001418  0.002724  ...  0.013184  0.013699  0.013958
0.090  0.001418  0.000000  0.001495  ...  0.012910  0.013436  0.013700
0.180  0.002724  0.001495  0.000000  ...  0.012577  0.013116  0.013387
0.300  0.004413  0.003538  0.002339  ...  0.011974  0.012540  0.012822
0.420  0.006055  0.005434  0.004591  ...  0.011212  0.011813  0.012113
0.495  0.007023  0.006496  0.005805  ...  0.010638  0.011271  0.011584
0.570  0.007992  0.007532  0.006946  ...  0.009923  0.010598  0.010931
0.625  0.008753  0.008336  0.007810  ...  0.009242  0.009963  0.010316
0.680  0.009609  0.009231  0.008759  ...  0.008322  0.009116  0.009501
0.720  0.010323  0.009972  0.009536  ...  0.007327  0.008221  0.008645
0.760  0.011169  0.010845  0.010447  ...  0.005622  0.006743  0.007258
0.810  0.012370  0.012078  0.011721  ...  0.002502  0.004107  0.004875
0.860  0.013184  0.012910  0.012577  ...  0.000000  0.001905  0.002940
0.930  0.013699  0.013436  0.013116  ...  0.001905  0.000000  0.001194
1.000  0.013958  0.013700  0.013387  ...  0.002940  0.001194  0.000000

[15 rows x 15 columns]

MBAR error endpoint difference
0.013957921726215145
FE differences in units of Kb_T between each lambda window (BAR):
            0.00      0.09      0.18  ...      0.86      0.93      1.00
0.000   0.000000  2.240306  4.402221  ...  6.749300  4.643950  3.968186
0.090  -2.240306  0.000000  2.161915  ...  4.508995  2.403644  1.727881
0.180  -4.402221 -2.161915  0.000000  ...  2.347080  0.241729 -0.434034
0.300  -7.115868 -4.875562 -2.713647  ... -0.366567 -2.471918 -3.147681
0.420  -9.542946 -7.302641 -5.140726  ... -2.793646 -4.898996 -5.574760
0.495 -10.828112 -8.587806 -6.425891  ... -4.078812 -6.184162 -6.859925
0.570 -11.814181 -9.573875 -7.411960  ... -5.064880 -7.170231 -7.845994
0.625 -12.231363 -9.991057 -7.829142  ... -5.482063 -7.587413 -8.263176
0.680 -12.214738 -9.974433 -7.812518  ... -5.465438 -7.570789 -8.246552
0.720 -11.780287 -9.539981 -7.378066  ... -5.030986 -7.136337 -7.812100
0.760 -10.833190 -8.592885 -6.430970  ... -4.083890 -6.189241 -6.865004
0.810  -8.894667 -6.654361 -4.492446  ... -2.145366 -4.250717 -4.926480
0.860  -6.749300 -4.508995 -2.347080  ...  0.000000 -2.105351 -2.781114
0.930  -4.643950 -2.403644 -0.241729  ...  2.105351  0.000000 -0.675763
1.000  -3.968186 -1.727881  0.434034  ...  2.781114  0.675763  0.000000

[15 rows x 15 columns]

Endpoint differences (BAR)
3.9681864798907625

BAR error
           0.00      0.09      0.18  ...      0.86      0.93      1.00
0.000  0.000000  0.001777       NaN  ...       NaN       NaN       NaN
0.090  0.001777  0.000000  0.001906  ...       NaN       NaN       NaN
0.180       NaN  0.001906  0.000000  ...       NaN       NaN       NaN
0.300       NaN       NaN  0.002853  ...       NaN       NaN       NaN
0.420       NaN       NaN       NaN  ...       NaN       NaN       NaN
0.495       NaN       NaN       NaN  ...       NaN       NaN       NaN
0.570       NaN       NaN       NaN  ...       NaN       NaN       NaN
0.625       NaN       NaN       NaN  ...       NaN       NaN       NaN
0.680       NaN       NaN       NaN  ...       NaN       NaN       NaN
0.720       NaN       NaN       NaN  ...       NaN       NaN       NaN
0.760       NaN       NaN       NaN  ...       NaN       NaN       NaN
0.810       NaN       NaN       NaN  ...  0.003042       NaN       NaN
0.860       NaN       NaN       NaN  ...  0.000000  0.002416       NaN
0.930       NaN       NaN       NaN  ...  0.002416  0.000000  0.001397
1.000       NaN       NaN       NaN  ...       NaN  0.001397  0.000000

[15 rows x 15 columns]

BAR error endpoint difference
nan
