Warning on use of the timeseries module: If the inherent timescales of the system are long compared to those being analyzed, this statistical inefficiency may be an underestimate.  The estimate presumes the use of many statistically independent samples.  Tests should be performed to assess whether this condition is satisfied.   Be cautious in the interpretation of the data.

****** PyMBAR will use 64-bit JAX! *******
* JAX is currently set to 32-bit bitsize *
* which is its default.                  *
*                                        *
* PyMBAR requires 64-bit mode and WILL   *
* enable JAX's 64-bit mode when called.  *
*                                        *
* This MAY cause problems with other     *
* Uses of JAX in the same code.          *
******************************************

2024-09-22 14:48:08.606 | DEBUG    | alchemlyb.preprocessing.subsampling:statistical_inefficiency:520 - Running statistical inefficiency analysis.
2024-09-22 14:48:09.356 | DEBUG    | alchemlyb.preprocessing.subsampling:statistical_inefficiency:522 - Statistical inefficiency: 96.91.
2024-09-22 14:48:09.357 | DEBUG    | alchemlyb.preprocessing.subsampling:statistical_inefficiency:528 - Number of uncorrelated samples: 10305.
2024-09-22 14:48:10.261 | DEBUG    | alchemlyb.preprocessing.subsampling:statistical_inefficiency:520 - Running statistical inefficiency analysis.
2024-09-22 14:48:10.270 | DEBUG    | alchemlyb.preprocessing.subsampling:statistical_inefficiency:522 - Statistical inefficiency: 1.00.
2024-09-22 14:48:10.271 | DEBUG    | alchemlyb.preprocessing.subsampling:statistical_inefficiency:528 - Number of uncorrelated samples: 999501.
/projects/liwh2139/software/anaconda/envs/openff-toolkit/lib/python3.9/site-packages/alchemlyb/estimators/mbar_.py:106: FutureWarning: When grouping with a length-1 list-like, you will need to pass a length-1 tuple to get_group in a future version of pandas. Pass `(name,)` instead of `name` to silence this warning.
  (len(groups.get_group(i)) if i in groups.groups else 0)

******* JAX 64-bit mode is now on! *******
*     JAX is now set to 64-bit mode!     *
*   This MAY cause problems with other   *
*      uses of JAX in the same code.     *
******************************************

/projects/liwh2139/software/anaconda/envs/openff-toolkit/lib/python3.9/site-packages/alchemlyb/estimators/bar_.py:97: FutureWarning: When grouping with a length-1 list-like, you will need to pass a length-1 tuple to get_group in a future version of pandas. Pass `(name,)` instead of `name` to silence this warning.
  (len(groups.get_group(i)) if i in groups.groups else 0)
/projects/liwh2139/software/anaconda/envs/openff-toolkit/lib/python3.9/site-packages/alchemlyb/estimators/bar_.py:106: FutureWarning: When grouping with a length-1 list-like, you will need to pass a length-1 tuple to get_group in a future version of pandas. Pass `(name,)` instead of `name` to silence this warning.
  uk = groups.get_group(self._states_[k])
/projects/liwh2139/software/anaconda/envs/openff-toolkit/lib/python3.9/site-packages/alchemlyb/estimators/bar_.py:111: FutureWarning: When grouping with a length-1 list-like, you will need to pass a length-1 tuple to get_group in a future version of pandas. Pass `(name,)` instead of `name` to silence this warning.
  uk1 = groups.get_group(self._states_[k + 1])
FE differences in units of Kb_T between each lambda window (TI):
            0.00      0.09      0.18  ...      0.86      0.93      1.00
0.000   0.000000  2.179274  4.278463  ...  6.201482  4.094621  3.393199
0.090  -2.179274  0.000000  2.099189  ...  4.022208  1.915347  1.213925
0.180  -4.278463 -2.099189  0.000000  ...  1.923019 -0.183842 -0.885264
0.300  -6.881865 -4.702591 -2.603402  ... -0.680383 -2.787244 -3.488666
0.420  -9.269956 -7.090682 -4.991493  ... -3.068474 -5.175335 -5.876757
0.495 -10.524690 -8.345416 -6.246227  ... -4.323208 -6.430069 -7.131491
0.570 -11.431276 -9.252001 -7.152812  ... -5.229793 -7.336655 -8.038076
0.625 -11.754079 -9.574805 -7.475616  ... -5.552597 -7.659458 -8.360880
0.680 -11.617187 -9.437913 -7.338724  ... -5.415705 -7.522566 -8.223987
0.720 -11.147495 -8.968221 -6.869032  ... -4.946013 -7.052874 -7.754296
0.760 -10.182300 -8.003026 -5.903837  ... -3.980818 -6.087679 -6.789101
0.810  -8.293171 -6.113897 -4.014708  ... -2.091689 -4.198550 -4.899972
0.860  -6.201482 -4.022208 -1.923019  ...  0.000000 -2.106861 -2.808283
0.930  -4.094621 -1.915347  0.183842  ...  2.106861  0.000000 -0.701422
1.000  -3.393199 -1.213925  0.885264  ...  2.808283  0.701422  0.000000

[15 rows x 15 columns]

Endpoint differences (TI)
3.39319932706565

TI error
           0.00      0.09      0.18  ...      0.86      0.93      1.00
0.000  0.000000  0.021023  0.035874  ...  0.137049  0.141219  0.142516
0.090  0.021023  0.000000  0.021383  ...  0.133988  0.138250  0.139574
0.180  0.035874  0.021383  0.000000  ...  0.129588  0.133991  0.135357
0.300  0.054768  0.046581  0.031784  ...  0.121239  0.125933  0.127386
0.420  0.073647  0.067781  0.058606  ...  0.111178  0.116279  0.117851
0.495  0.084317  0.079244  0.071554  ...  0.104509  0.109920  0.111581
0.570  0.093476  0.088927  0.082149  ...  0.096481  0.102318  0.104100
0.625  0.100538  0.096324  0.090103  ...  0.089141  0.095428  0.097337
0.680  0.108250  0.104348  0.098635  ...  0.079443  0.086438  0.088541
0.720  0.114475  0.110792  0.105429  ...  0.070420  0.078226  0.080543
0.760  0.121019  0.117541  0.112500  ...  0.054593  0.064349  0.067146
0.810  0.130513  0.127295  0.122656  ...  0.027037  0.043490  0.047532
0.860  0.137049  0.133988  0.129588  ...  0.000000  0.023202  0.030103
0.930  0.141219  0.138250  0.133991  ...  0.023202  0.000000  0.012733
1.000  0.142516  0.139574  0.135357  ...  0.030103  0.012733  0.000000

[15 rows x 15 columns]

TI error endpoint difference
0.1425155479302362
FE differences in units of Kb_T between each lambda window (MBAR):
            0.00      0.09      0.18  ...      0.86      0.93      1.00
0.000   0.000000  2.185608  4.291900  ...  6.221338  4.100117  3.415166
0.090  -2.185608  0.000000  2.106292  ...  4.035730  1.914509  1.229558
0.180  -4.291900 -2.106292  0.000000  ...  1.929438 -0.191784 -0.876735
0.300  -6.933865 -4.748257 -2.641964  ... -0.712526 -2.833748 -3.518699
0.420  -9.287898 -7.102290 -4.995998  ... -3.066560 -5.187781 -5.872732
0.495 -10.526302 -8.340693 -6.234401  ... -4.304963 -6.426185 -7.111136
0.570 -11.469089 -9.283481 -7.177189  ... -5.247751 -7.368972 -8.053923
0.625 -11.857878 -9.672269 -7.565977  ... -5.636539 -7.757761 -8.442712
0.680 -11.815808 -9.630199 -7.523907  ... -5.594469 -7.715691 -8.400642
0.720 -11.355484 -9.169876 -7.063584  ... -5.134146 -7.255368 -7.940319
0.760 -10.369992 -8.184384 -6.078092  ... -4.148654 -6.269876 -6.954827
0.810  -8.389530 -6.203922 -4.097629  ... -2.168192 -4.289413 -4.974364
0.860  -6.221338 -4.035730 -1.929438  ...  0.000000 -2.121221 -2.806173
0.930  -4.100117 -1.914509  0.191784  ...  2.121221  0.000000 -0.684951
1.000  -3.415166 -1.229558  0.876735  ...  2.806173  0.684951  0.000000

[15 rows x 15 columns]

Endpoint differences (MBAR)
3.4151657747529978

MBAR error
           0.00      0.09      0.18  ...      0.86      0.93      1.00
0.000  0.000000  0.001635  0.003105  ...  0.013069  0.013487  0.013695
0.090  0.001635  0.000000  0.001683  ...  0.012708  0.013138  0.013351
0.180  0.003105  0.001683  0.000000  ...  0.012289  0.012732  0.012952
0.300  0.004932  0.003906  0.002549  ...  0.011568  0.012038  0.012270
0.420  0.006625  0.005880  0.004914  ...  0.010705  0.011212  0.011461
0.495  0.007579  0.006938  0.006135  ...  0.010085  0.010621  0.010883
0.570  0.008503  0.007938  0.007247  ...  0.009333  0.009910  0.010191
0.625  0.009213  0.008694  0.008068  ...  0.008635  0.009255  0.009555
0.680  0.009999  0.009522  0.008955  ...  0.007708  0.008396  0.008726
0.720  0.010644  0.010198  0.009670  ...  0.006723  0.007505  0.007872
0.760  0.011392  0.010976  0.010487  ...  0.005096  0.006089  0.006539
0.810  0.012402  0.012021  0.011577  ...  0.002246  0.003673  0.004350
0.860  0.013069  0.012708  0.012289  ...  0.000000  0.001695  0.002608
0.930  0.013487  0.013138  0.012732  ...  0.001695  0.000000  0.001056
1.000  0.013695  0.013351  0.012952  ...  0.002608  0.001056  0.000000

[15 rows x 15 columns]

MBAR error endpoint difference
0.013694643543167696
FE differences in units of Kb_T between each lambda window (BAR):
            0.00      0.09      0.18  ...      0.86      0.93      1.00
0.000   0.000000  2.182213  4.287838  ...  6.215493  4.093822  3.409040
0.090  -2.182213  0.000000  2.105625  ...  4.033281  1.911610  1.226828
0.180  -4.287838 -2.105625  0.000000  ...  1.927656 -0.194015 -0.878797
0.300  -6.933567 -4.751355 -2.645729  ... -0.718074 -2.839745 -3.524527
0.420  -9.288654 -7.106442 -5.000816  ... -3.073161 -5.194832 -5.879614
0.495 -10.525617 -8.343405 -6.237779  ... -4.310124 -6.431795 -7.116577
0.570 -11.464400 -9.282187 -7.176562  ... -5.248906 -7.370577 -8.055359
0.625 -11.851551 -9.669339 -7.563714  ... -5.636058 -7.757729 -8.442511
0.680 -11.810088 -9.627876 -7.522251  ... -5.594595 -7.716266 -8.401048
0.720 -11.350785 -9.168573 -7.062948  ... -5.135292 -7.256963 -7.941745
0.760 -10.364599 -8.182387 -6.076761  ... -4.149106 -6.270777 -6.955559
0.810  -8.383713 -6.201500 -4.095875  ... -2.168220 -4.289891 -4.974673
0.860  -6.215493 -4.033281 -1.927656  ...  0.000000 -2.121671 -2.806453
0.930  -4.093822 -1.911610  0.194015  ...  2.121671  0.000000 -0.684782
1.000  -3.409040 -1.226828  0.878797  ...  2.806453  0.684782  0.000000

[15 rows x 15 columns]

Endpoint differences (BAR)
3.4090403720057303

BAR error
           0.00      0.09      0.18  ...      0.86      0.93      1.00
0.000  0.000000  0.002074       NaN  ...       NaN       NaN       NaN
0.090  0.002074  0.000000  0.002160  ...       NaN       NaN       NaN
0.180       NaN  0.002160  0.000000  ...       NaN       NaN       NaN
0.300       NaN       NaN  0.003117  ...       NaN       NaN       NaN
0.420       NaN       NaN       NaN  ...       NaN       NaN       NaN
0.495       NaN       NaN       NaN  ...       NaN       NaN       NaN
0.570       NaN       NaN       NaN  ...       NaN       NaN       NaN
0.625       NaN       NaN       NaN  ...       NaN       NaN       NaN
0.680       NaN       NaN       NaN  ...       NaN       NaN       NaN
0.720       NaN       NaN       NaN  ...       NaN       NaN       NaN
0.760       NaN       NaN       NaN  ...       NaN       NaN       NaN
0.810       NaN       NaN       NaN  ...  0.002727       NaN       NaN
0.860       NaN       NaN       NaN  ...  0.000000  0.002151       NaN
0.930       NaN       NaN       NaN  ...  0.002151  0.000000  0.001234
1.000       NaN       NaN       NaN  ...       NaN  0.001234  0.000000

[15 rows x 15 columns]

BAR error endpoint difference
nan
