Warning on use of the timeseries module: If the inherent timescales of the system are long compared to those being analyzed, this statistical inefficiency may be an underestimate.  The estimate presumes the use of many statistically independent samples.  Tests should be performed to assess whether this condition is satisfied.   Be cautious in the interpretation of the data.

****** PyMBAR will use 64-bit JAX! *******
* JAX is currently set to 32-bit bitsize *
* which is its default.                  *
*                                        *
* PyMBAR requires 64-bit mode and WILL   *
* enable JAX's 64-bit mode when called.  *
*                                        *
* This MAY cause problems with other     *
* Uses of JAX in the same code.          *
******************************************

2024-09-22 18:09:57.536 | DEBUG    | alchemlyb.preprocessing.subsampling:statistical_inefficiency:520 - Running statistical inefficiency analysis.
2024-09-22 18:09:57.814 | DEBUG    | alchemlyb.preprocessing.subsampling:statistical_inefficiency:522 - Statistical inefficiency: 96.67.
2024-09-22 18:09:57.815 | DEBUG    | alchemlyb.preprocessing.subsampling:statistical_inefficiency:528 - Number of uncorrelated samples: 6889.
2024-09-22 18:10:00.236 | DEBUG    | alchemlyb.preprocessing.subsampling:statistical_inefficiency:520 - Running statistical inefficiency analysis.
2024-09-22 18:10:00.242 | DEBUG    | alchemlyb.preprocessing.subsampling:statistical_inefficiency:522 - Statistical inefficiency: 1.00.
2024-09-22 18:10:00.243 | DEBUG    | alchemlyb.preprocessing.subsampling:statistical_inefficiency:528 - Number of uncorrelated samples: 668219.
2024-09-22 18:10:04.064 | DEBUG    | alchemlyb.preprocessing.subsampling:statistical_inefficiency:520 - Running statistical inefficiency analysis.
2024-09-22 18:10:04.979 | DEBUG    | alchemlyb.preprocessing.subsampling:statistical_inefficiency:522 - Statistical inefficiency: 97.77.
2024-09-22 18:10:04.980 | DEBUG    | alchemlyb.preprocessing.subsampling:statistical_inefficiency:528 - Number of uncorrelated samples: 10199.
2024-09-22 18:10:08.837 | DEBUG    | alchemlyb.preprocessing.subsampling:statistical_inefficiency:520 - Running statistical inefficiency analysis.
2024-09-22 18:10:08.846 | DEBUG    | alchemlyb.preprocessing.subsampling:statistical_inefficiency:522 - Statistical inefficiency: 1.00.
2024-09-22 18:10:08.847 | DEBUG    | alchemlyb.preprocessing.subsampling:statistical_inefficiency:528 - Number of uncorrelated samples: 999501.
2024-09-22 18:10:11.540 | DEBUG    | alchemlyb.preprocessing.subsampling:statistical_inefficiency:520 - Running statistical inefficiency analysis.
2024-09-22 18:10:12.385 | DEBUG    | alchemlyb.preprocessing.subsampling:statistical_inefficiency:522 - Statistical inefficiency: 97.90.
2024-09-22 18:10:12.387 | DEBUG    | alchemlyb.preprocessing.subsampling:statistical_inefficiency:528 - Number of uncorrelated samples: 10199.
2024-09-22 18:10:15.994 | DEBUG    | alchemlyb.preprocessing.subsampling:statistical_inefficiency:520 - Running statistical inefficiency analysis.
2024-09-22 18:10:16.003 | DEBUG    | alchemlyb.preprocessing.subsampling:statistical_inefficiency:522 - Statistical inefficiency: 1.00.
2024-09-22 18:10:16.004 | DEBUG    | alchemlyb.preprocessing.subsampling:statistical_inefficiency:528 - Number of uncorrelated samples: 999501.
2024-09-22 18:10:19.882 | DEBUG    | alchemlyb.preprocessing.subsampling:statistical_inefficiency:520 - Running statistical inefficiency analysis.
2024-09-22 18:10:20.459 | DEBUG    | alchemlyb.preprocessing.subsampling:statistical_inefficiency:522 - Statistical inefficiency: 91.07.
2024-09-22 18:10:20.460 | DEBUG    | alchemlyb.preprocessing.subsampling:statistical_inefficiency:528 - Number of uncorrelated samples: 10865.
2024-09-22 18:10:24.878 | DEBUG    | alchemlyb.preprocessing.subsampling:statistical_inefficiency:520 - Running statistical inefficiency analysis.
2024-09-22 18:10:24.887 | DEBUG    | alchemlyb.preprocessing.subsampling:statistical_inefficiency:522 - Statistical inefficiency: 1.00.
2024-09-22 18:10:24.892 | DEBUG    | alchemlyb.preprocessing.subsampling:statistical_inefficiency:528 - Number of uncorrelated samples: 999501.
2024-09-22 18:10:28.833 | DEBUG    | alchemlyb.preprocessing.subsampling:statistical_inefficiency:520 - Running statistical inefficiency analysis.
2024-09-22 18:10:29.380 | DEBUG    | alchemlyb.preprocessing.subsampling:statistical_inefficiency:522 - Statistical inefficiency: 98.81.
2024-09-22 18:10:29.381 | DEBUG    | alchemlyb.preprocessing.subsampling:statistical_inefficiency:528 - Number of uncorrelated samples: 8197.
2024-09-22 18:10:32.424 | DEBUG    | alchemlyb.preprocessing.subsampling:statistical_inefficiency:520 - Running statistical inefficiency analysis.
2024-09-22 18:10:32.430 | DEBUG    | alchemlyb.preprocessing.subsampling:statistical_inefficiency:522 - Statistical inefficiency: 1.00.
2024-09-22 18:10:32.431 | DEBUG    | alchemlyb.preprocessing.subsampling:statistical_inefficiency:528 - Number of uncorrelated samples: 811412.
2024-09-22 18:10:35.310 | DEBUG    | alchemlyb.preprocessing.subsampling:statistical_inefficiency:520 - Running statistical inefficiency analysis.
2024-09-22 18:10:35.812 | DEBUG    | alchemlyb.preprocessing.subsampling:statistical_inefficiency:522 - Statistical inefficiency: 92.59.
2024-09-22 18:10:35.813 | DEBUG    | alchemlyb.preprocessing.subsampling:statistical_inefficiency:528 - Number of uncorrelated samples: 10748.
2024-09-22 18:10:39.290 | DEBUG    | alchemlyb.preprocessing.subsampling:statistical_inefficiency:520 - Running statistical inefficiency analysis.
2024-09-22 18:10:39.299 | DEBUG    | alchemlyb.preprocessing.subsampling:statistical_inefficiency:522 - Statistical inefficiency: 1.00.
2024-09-22 18:10:39.300 | DEBUG    | alchemlyb.preprocessing.subsampling:statistical_inefficiency:528 - Number of uncorrelated samples: 999501.
2024-09-22 18:10:41.085 | DEBUG    | alchemlyb.preprocessing.subsampling:statistical_inefficiency:520 - Running statistical inefficiency analysis.
2024-09-22 18:10:41.172 | DEBUG    | alchemlyb.preprocessing.subsampling:statistical_inefficiency:522 - Statistical inefficiency: 95.06.
2024-09-22 18:10:41.172 | DEBUG    | alchemlyb.preprocessing.subsampling:statistical_inefficiency:528 - Number of uncorrelated samples: 2233.
2024-09-22 18:10:42.018 | DEBUG    | alchemlyb.preprocessing.subsampling:statistical_inefficiency:520 - Running statistical inefficiency analysis.
2024-09-22 18:10:42.020 | DEBUG    | alchemlyb.preprocessing.subsampling:statistical_inefficiency:522 - Statistical inefficiency: 1.00.
2024-09-22 18:10:42.020 | DEBUG    | alchemlyb.preprocessing.subsampling:statistical_inefficiency:528 - Number of uncorrelated samples: 214283.
2024-09-22 18:10:45.445 | DEBUG    | alchemlyb.preprocessing.subsampling:statistical_inefficiency:520 - Running statistical inefficiency analysis.
2024-09-22 18:10:46.157 | DEBUG    | alchemlyb.preprocessing.subsampling:statistical_inefficiency:522 - Statistical inefficiency: 92.01.
2024-09-22 18:10:46.164 | DEBUG    | alchemlyb.preprocessing.subsampling:statistical_inefficiency:528 - Number of uncorrelated samples: 10748.
2024-09-22 18:10:50.159 | DEBUG    | alchemlyb.preprocessing.subsampling:statistical_inefficiency:520 - Running statistical inefficiency analysis.
2024-09-22 18:10:50.175 | DEBUG    | alchemlyb.preprocessing.subsampling:statistical_inefficiency:522 - Statistical inefficiency: 1.00.
2024-09-22 18:10:50.177 | DEBUG    | alchemlyb.preprocessing.subsampling:statistical_inefficiency:528 - Number of uncorrelated samples: 999501.
2024-09-22 18:10:53.982 | DEBUG    | alchemlyb.preprocessing.subsampling:statistical_inefficiency:520 - Running statistical inefficiency analysis.
2024-09-22 18:10:55.032 | DEBUG    | alchemlyb.preprocessing.subsampling:statistical_inefficiency:522 - Statistical inefficiency: 102.67.
2024-09-22 18:10:55.034 | DEBUG    | alchemlyb.preprocessing.subsampling:statistical_inefficiency:528 - Number of uncorrelated samples: 9704.
2024-09-22 18:10:58.895 | DEBUG    | alchemlyb.preprocessing.subsampling:statistical_inefficiency:520 - Running statistical inefficiency analysis.
2024-09-22 18:10:58.915 | DEBUG    | alchemlyb.preprocessing.subsampling:statistical_inefficiency:522 - Statistical inefficiency: 1.00.
2024-09-22 18:10:58.917 | DEBUG    | alchemlyb.preprocessing.subsampling:statistical_inefficiency:528 - Number of uncorrelated samples: 999501.
2024-09-22 18:11:00.516 | DEBUG    | alchemlyb.preprocessing.subsampling:statistical_inefficiency:520 - Running statistical inefficiency analysis.
2024-09-22 18:11:00.619 | DEBUG    | alchemlyb.preprocessing.subsampling:statistical_inefficiency:522 - Statistical inefficiency: 91.79.
2024-09-22 18:11:00.619 | DEBUG    | alchemlyb.preprocessing.subsampling:statistical_inefficiency:528 - Number of uncorrelated samples: 2931.
2024-09-22 18:11:01.626 | DEBUG    | alchemlyb.preprocessing.subsampling:statistical_inefficiency:520 - Running statistical inefficiency analysis.
2024-09-22 18:11:01.628 | DEBUG    | alchemlyb.preprocessing.subsampling:statistical_inefficiency:522 - Statistical inefficiency: 1.00.
2024-09-22 18:11:01.628 | DEBUG    | alchemlyb.preprocessing.subsampling:statistical_inefficiency:528 - Number of uncorrelated samples: 269615.
/projects/liwh2139/software/anaconda/envs/openff-toolkit/lib/python3.9/site-packages/alchemlyb/estimators/mbar_.py:106: FutureWarning: When grouping with a length-1 list-like, you will need to pass a length-1 tuple to get_group in a future version of pandas. Pass `(name,)` instead of `name` to silence this warning.
  (len(groups.get_group(i)) if i in groups.groups else 0)

******* JAX 64-bit mode is now on! *******
*     JAX is now set to 64-bit mode!     *
*   This MAY cause problems with other   *
*      uses of JAX in the same code.     *
******************************************

/projects/liwh2139/software/anaconda/envs/openff-toolkit/lib/python3.9/site-packages/alchemlyb/estimators/bar_.py:97: FutureWarning: When grouping with a length-1 list-like, you will need to pass a length-1 tuple to get_group in a future version of pandas. Pass `(name,)` instead of `name` to silence this warning.
  (len(groups.get_group(i)) if i in groups.groups else 0)
/projects/liwh2139/software/anaconda/envs/openff-toolkit/lib/python3.9/site-packages/alchemlyb/estimators/bar_.py:106: FutureWarning: When grouping with a length-1 list-like, you will need to pass a length-1 tuple to get_group in a future version of pandas. Pass `(name,)` instead of `name` to silence this warning.
  uk = groups.get_group(self._states_[k])
/projects/liwh2139/software/anaconda/envs/openff-toolkit/lib/python3.9/site-packages/alchemlyb/estimators/bar_.py:111: FutureWarning: When grouping with a length-1 list-like, you will need to pass a length-1 tuple to get_group in a future version of pandas. Pass `(name,)` instead of `name` to silence this warning.
  uk1 = groups.get_group(self._states_[k + 1])
XVG file paths:
/gpfs/alpine1/scratch/liwh2139/more_lambdas/new_cutoffs/2024.3/9_1/9_1_force_switch-potential-shift/sim_data/sim_4/9_1_force_switch-potential-shift.xvg
/gpfs/alpine1/scratch/liwh2139/more_lambdas/new_cutoffs/2024.3/9_1/9_1_force_switch-potential-shift/sim_data/sim_1/9_1_force_switch-potential-shift.xvg
/gpfs/alpine1/scratch/liwh2139/more_lambdas/new_cutoffs/2024.3/9_1/9_1_force_switch-potential-shift/sim_data/sim_6/9_1_force_switch-potential-shift.xvg
/gpfs/alpine1/scratch/liwh2139/more_lambdas/new_cutoffs/2024.3/9_1/9_1_force_switch-potential-shift/sim_data/sim_3/9_1_force_switch-potential-shift.xvg
/gpfs/alpine1/scratch/liwh2139/more_lambdas/new_cutoffs/2024.3/9_1/9_1_force_switch-potential-shift/sim_data/sim_5/9_1_force_switch-potential-shift.xvg
/gpfs/alpine1/scratch/liwh2139/more_lambdas/new_cutoffs/2024.3/9_1/9_1_force_switch-potential-shift/sim_data/sim_7/9_1_force_switch-potential-shift.xvg
/gpfs/alpine1/scratch/liwh2139/more_lambdas/new_cutoffs/2024.3/9_1/9_1_force_switch-potential-shift/sim_data/sim_0/9_1_force_switch-potential-shift.xvg
/gpfs/alpine1/scratch/liwh2139/more_lambdas/new_cutoffs/2024.3/9_1/9_1_force_switch-potential-shift/sim_data/sim_9/9_1_force_switch-potential-shift.xvg
/gpfs/alpine1/scratch/liwh2139/more_lambdas/new_cutoffs/2024.3/9_1/9_1_force_switch-potential-shift/sim_data/sim_2/9_1_force_switch-potential-shift.xvg
/gpfs/alpine1/scratch/liwh2139/more_lambdas/new_cutoffs/2024.3/9_1/9_1_force_switch-potential-shift/sim_data/sim_8/9_1_force_switch-potential-shift.xvg
FE differences in units of Kb_T between each lambda window (TI):
            0.00      0.09      0.18  ...      0.86      0.93      1.00
0.000   0.000000  2.204687  4.330001  ...  6.435609  4.366948  3.669028
0.090  -2.204687  0.000000  2.125314  ...  4.230923  2.162262  1.464342
0.180  -4.330001 -2.125314  0.000000  ...  2.105608  0.036947 -0.660973
0.300  -6.995507 -4.790821 -2.665507  ... -0.559898 -2.628559 -3.326479
0.420  -9.357727 -7.153040 -5.027726  ... -2.922117 -4.990779 -5.688698
0.495 -10.612749 -8.408063 -6.282748  ... -4.177140 -6.245801 -6.943721
0.570 -11.561346 -9.356660 -7.231345  ... -5.125737 -7.194398 -7.892318
0.625 -11.943021 -9.738334 -7.613020  ... -5.507411 -7.576073 -8.273992
0.680 -11.879107 -9.674420 -7.549106  ... -5.443497 -7.512159 -8.210078
0.720 -11.408724 -9.204037 -7.078723  ... -4.973115 -7.041776 -7.739696
0.760 -10.419036 -8.214350 -6.089035  ... -3.983427 -6.052088 -6.750008
0.810  -8.514435 -6.309748 -4.184434  ... -2.078825 -4.147487 -4.845406
0.860  -6.435609 -4.230923 -2.105608  ...  0.000000 -2.068661 -2.766581
0.930  -4.366948 -2.162262 -0.036947  ...  2.068661  0.000000 -0.697920
1.000  -3.669028 -1.464342  0.660973  ...  2.766581  0.697920  0.000000

[15 rows x 15 columns]

Endpoint differences (TI)
3.6690282728392227

TI error
           0.00      0.09      0.18  ...      0.86      0.93      1.00
0.000  0.000000  0.006789  0.012050  ...  0.047913  0.049604  0.050127
0.090  0.006789  0.000000  0.007149  ...  0.046921  0.048646  0.049179
0.180  0.012050  0.007149  0.000000  ...  0.045587  0.047361  0.047909
0.300  0.018152  0.015342  0.010584  ...  0.042877  0.044758  0.045338
0.420  0.024793  0.022817  0.019931  ...  0.039546  0.041579  0.042202
0.495  0.028531  0.026832  0.024425  ...  0.037285  0.039434  0.040090
0.570  0.031819  0.030305  0.028196  ...  0.034545  0.036854  0.037555
0.625  0.034362  0.032964  0.031037  ...  0.032000  0.034480  0.035229
0.680  0.037219  0.035933  0.034173  ...  0.028482  0.031243  0.032067
0.720  0.039556  0.038348  0.036705  ...  0.025346  0.028414  0.029317
0.760  0.041898  0.040759  0.039217  ...  0.019884  0.023670  0.024747
0.810  0.045378  0.044329  0.042915  ...  0.009991  0.016270  0.017801
0.860  0.047913  0.046921  0.045587  ...  0.000000  0.008760  0.011354
0.930  0.049604  0.048646  0.047361  ...  0.008760  0.000000  0.004704
1.000  0.050127  0.049179  0.047909  ...  0.011354  0.004704  0.000000

[15 rows x 15 columns]

TI error endpoint difference
0.050126969402814914
FE differences in units of Kb_T between each lambda window (MBAR):
            0.00      0.09      0.18  ...      0.86      0.93      1.00
0.000   0.000000  2.200322  4.321386  ...  6.380456  4.266929  3.585295
0.090  -2.200322  0.000000  2.121064  ...  4.180134  2.066608  1.384974
0.180  -4.321386 -2.121064  0.000000  ...  2.059070 -0.054457 -0.736090
0.300  -6.983164 -4.782843 -2.661778  ... -0.602708 -2.716235 -3.397869
0.420  -9.361005 -7.160683 -5.039619  ... -2.980549 -5.094076 -5.775709
0.495 -10.614121 -8.413799 -6.292735  ... -4.233665 -6.347191 -7.028825
0.570 -11.569296 -9.368974 -7.247910  ... -5.188840 -7.302367 -7.984000
0.625 -11.964987 -9.764665 -7.643601  ... -5.584531 -7.698058 -8.379692
0.680 -11.930111 -9.729789 -7.608725  ... -5.549655 -7.663182 -8.344815
0.720 -11.479346 -9.279025 -7.157960  ... -5.098891 -7.212417 -7.894051
0.760 -10.506633 -8.306311 -6.185247  ... -4.126177 -6.239704 -6.921337
0.810  -8.538823 -6.338502 -4.217437  ... -2.158367 -4.271894 -4.953528
0.860  -6.380456 -4.180134 -2.059070  ...  0.000000 -2.113527 -2.795160
0.930  -4.266929 -2.066608  0.054457  ...  2.113527  0.000000 -0.681634
1.000  -3.585295 -1.384974  0.736090  ...  2.795160  0.681634  0.000000

[15 rows x 15 columns]

Endpoint differences (MBAR)
3.585295338294671

MBAR error
           0.00      0.09      0.18  ...      0.86      0.93      1.00
0.000  0.000000  0.000551  0.001048  ...  0.004617  0.004779  0.004861
0.090  0.000551  0.000000  0.000570  ...  0.004501  0.004667  0.004750
0.180  0.001048  0.000570  0.000000  ...  0.004364  0.004536  0.004621
0.300  0.001675  0.001331  0.000872  ...  0.004126  0.004306  0.004396
0.420  0.002263  0.002015  0.001689  ...  0.003836  0.004029  0.004125
0.495  0.002600  0.002388  0.002118  ...  0.003623  0.003828  0.003929
0.570  0.002931  0.002745  0.002514  ...  0.003364  0.003583  0.003691
0.625  0.003187  0.003016  0.002808  ...  0.003121  0.003356  0.003471
0.680  0.003471  0.003315  0.003127  ...  0.002797  0.003057  0.003183
0.720  0.003706  0.003560  0.003386  ...  0.002451  0.002745  0.002884
0.760  0.003982  0.003847  0.003686  ...  0.001867  0.002238  0.002407
0.810  0.004363  0.004240  0.004094  ...  0.000828  0.001359  0.001613
0.860  0.004617  0.004501  0.004364  ...  0.000000  0.000630  0.000971
0.930  0.004779  0.004667  0.004536  ...  0.000630  0.000000  0.000394
1.000  0.004861  0.004750  0.004621  ...  0.000971  0.000394  0.000000

[15 rows x 15 columns]

MBAR error endpoint difference
0.004860672213902315
FE differences in units of Kb_T between each lambda window (BAR):
            0.00      0.09      0.18  ...      0.86      0.93      1.00
0.000   0.000000  2.199042  4.319830  ...  6.373548  4.259643  3.578476
0.090  -2.199042  0.000000  2.120788  ...  4.174506  2.060601  1.379434
0.180  -4.319830 -2.120788  0.000000  ...  2.053718 -0.060187 -0.741354
0.300  -6.981623 -4.782581 -2.661793  ... -0.608075 -2.721980 -3.403147
0.420  -9.358617 -7.159576 -5.038788  ... -2.985070 -5.098974 -5.780142
0.495 -10.610742 -8.411700 -6.290912  ... -4.237194 -6.351099 -7.032266
0.570 -11.564616 -9.365574 -7.244786  ... -5.191068 -7.304973 -7.986140
0.625 -11.958287 -9.759245 -7.638457  ... -5.584739 -7.698644 -8.379811
0.680 -11.922255 -9.723214 -7.602425  ... -5.548707 -7.662612 -8.343779
0.720 -11.471892 -9.272851 -7.152063  ... -5.098345 -7.212249 -7.893417
0.760 -10.499898 -8.300856 -6.180068  ... -4.126350 -6.240255 -6.921422
0.810  -8.532565 -6.333524 -4.212735  ... -2.159017 -4.272922 -4.954089
0.860  -6.373548 -4.174506 -2.053718  ...  0.000000 -2.113905 -2.795072
0.930  -4.259643 -2.060601  0.060187  ...  2.113905  0.000000 -0.681167
1.000  -3.578476 -1.379434  0.741354  ...  2.795072  0.681167  0.000000

[15 rows x 15 columns]

Endpoint differences (BAR)
3.5784757898408612

BAR error
           0.00      0.09      0.18  ...      0.86      0.93      1.00
0.000  0.000000  0.000694       NaN  ...       NaN       NaN       NaN
0.090  0.000694  0.000000  0.000730  ...       NaN       NaN       NaN
0.180       NaN  0.000730  0.000000  ...       NaN       NaN       NaN
0.300       NaN       NaN  0.001066  ...       NaN       NaN       NaN
0.420       NaN       NaN       NaN  ...       NaN       NaN       NaN
0.495       NaN       NaN       NaN  ...       NaN       NaN       NaN
0.570       NaN       NaN       NaN  ...       NaN       NaN       NaN
0.625       NaN       NaN       NaN  ...       NaN       NaN       NaN
0.680       NaN       NaN       NaN  ...       NaN       NaN       NaN
0.720       NaN       NaN       NaN  ...       NaN       NaN       NaN
0.760       NaN       NaN       NaN  ...       NaN       NaN       NaN
0.810       NaN       NaN       NaN  ...  0.001006       NaN       NaN
0.860       NaN       NaN       NaN  ...  0.000000  0.000799       NaN
0.930       NaN       NaN       NaN  ...  0.000799  0.000000  0.000461
1.000       NaN       NaN       NaN  ...       NaN  0.000461  0.000000

[15 rows x 15 columns]

BAR error endpoint difference
nan
                          0.00          0.09  ...          0.93          1.00
time  vdw-lambda                              ...                            
100.0 0.300      -13919.039988 -13921.291672  ... -13900.045962 -13897.370415
100.2 0.495      -13816.246905 -13835.737634  ... -13837.797312 -13835.073218
100.4 0.495      -13788.088515 -13820.657585  ... -13834.157269 -13831.358379
100.6 0.495      -13830.827600 -13832.457715  ... -13809.237948 -13806.265234
100.8 0.300      -13859.712471 -13859.230830  ... -13832.062846 -13829.198961

[5 rows x 15 columns]
Index([  0.0,  0.09,  0.18,   0.3,  0.42, 0.495,  0.57, 0.625,  0.68,  0.72,
        0.76,  0.81,  0.86,  0.93,   1.0],
      dtype='object')
